<?xml version="1.0" encoding="UTF-8" ?>
<testsuite errors="0" failures="1" hostname="DESKTOP-KATE" name="com.iucosoft.internshipappfx.dao.impl.CompanyDAOImplTest" skipped="0" tests="8" time="3.782" timestamp="2023-10-17T19:32:34">
  <properties>
    <property name="libs.jsp-compiler.javadoc" value="" />
    <property name="netbeans.autoupdate.country" value="US" />
    <property name="javafx.binarycss" value="false" />
    <property name="javac.test.classpath" value="C:\Program Files\Java\jdk1.8.0_202\jre/lib/javaws.jar:C:\Program Files\Java\jdk1.8.0_202\jre/lib/deploy.jar:C:\Program Files\Java\jdk1.8.0_202\jre/lib/plugin.jar:C:\Users\munka\Downloads\mysql-connector-j-8.1.0\mysql-connector-j-8.1.0\mysql-connector-j-8.1.0.jar:C:\Users\munka\Downloads\mybatis-3.4.5.jar:build/classes:C:\Program Files\NetBeans 8.2\platform\modules\ext\junit-4.12.jar:C:\Program Files\NetBeans 8.2\platform\modules\ext\hamcrest-core-1.3.jar" />
    <property name="libs.jsf20.maven-pom" value="" />
    <property name="libs.DataBindingME.src" value="C:\Program Files\NetBeans 8.2\mobility\sources\netbeans_databindingme-src.zip" />
    <property name="manifest.custom.codebase" value="*" />
    <property name="libs.spring-webmvc4.0.src" value="" />
    <property name="javac.includes" value="com/iucosoft/internshipappfx/dao/impl/CompanyDAOImplTest.java" />
    <property name="ant.core.lib" value="C:\Program Files\NetBeans 8.2\extide\ant\lib\ant.jar" />
    <property name="javadoc.windowtitle" value="" />
    <property name="libs.jsp-compilation.javadoc" value="" />
    <property name="javafx.preloader.enabled" value="false" />
    <property name="user.dir" value="C:\Users\munka\OneDrive\Documents\git-projects\practica-2023-faf\project-desktop\InternshipAppFX" />
    <property name="libs.javaee-api-7.0.src" value="" />
    <property name="java.vm.version" value="25.202-b08" />
    <property name="libs.MyLibrary.src" value="" />
    <property name="libs.DataBindingME.classpath" value="C:\Program Files\NetBeans 8.2\mobility\modules\ext\netbeans_databindingme.jar" />
    <property name="libs.j2me_common_ant.src" value="" />
    <property name="libs.MySQLDriver.classpath" value="C:\Program Files\NetBeans 8.2\ide\modules\ext\mysql-connector-java-5.1.23-bin.jar" />
    <property name="libs.Mysql8.javadoc" value="" />
    <property name="libs.eclipselinkmodelgen.src" value="" />
    <property name="javadoc.notree" value="false" />
    <property name="netbeans.autoupdate.version" value="1.23" />
    <property name="libs.javaee-web-api-6.0.classpath" value="C:\Program Files\NetBeans 8.2\enterprise\modules\ext\javaee-web-api-6.0.jar" />
    <property name="libs.DataBindingME-PIM.maven-pom" value="" />
    <property name="javac.profile.cmd.line.arg" value="" />
    <property name="jdk.home" value="C:\Program Files\Java\jdk1.8.0_202" />
    <property name="libs.javac-api.src" value="" />
    <property name="javafx.enabled" value="true" />
    <property name="javadoc.noindex" value="false" />
    <property name="libs.jpa2-persistence.classpath" value="C:\Program Files\NetBeans 8.2\java\modules\ext\hibernate4\hibernate-jpa-2.1-api-1.0.0.Final.jar" />
    <property name="sun.os.patch.level" value="" />
    <property name="auxiliary.org-netbeans-modules-projectapi.issue214819_5f_fx_5f_enabled" value="true" />
    <property name="java.vm.specification.name" value="Java Virtual Machine Specification" />
    <property name="nb.show.statistics.ui" value="usageStatisticsEnabled" />
    <property name="netbeans.autoupdate.variant" value="" />
    <property name="have.tests" value="true" />
    <property name="org.xml.sax.driver" value="com.sun.org.apache.xerces.internal.jaxp.SAXParserImpl$JAXPSAXParser" />
    <property name="libs.hamcrest.classpath" value="C:\Program Files\NetBeans 8.2\platform\modules\ext\hamcrest-core-1.3.jar" />
    <property name="libs.javac-api.javadoc" value="" />
    <property name="os.name" value="Windows 10" />
    <property name="test.class" value="com.iucosoft.internshipappfx.dao.impl.CompanyDAOImplTest" />
    <property name="libs.beans-binding.classpath" value="C:\Program Files\NetBeans 8.2\java\modules\ext\beansbinding-1.2.1.jar" />
    <property name="libs.javaee-endorsed-api-7.0.maven-pom" value="" />
    <property name="ap.proc.none.internal" value="" />
    <property name="libs.DataBindingME-SVG.javadoc" value="C:\Program Files\NetBeans 8.2\mobility\modules\docs\netbeans_databindingme_svg-api.zip" />
    <property name="libs.restapi.javadoc" value="" />
    <property name="libs.JWSAntTasks.maven-pom" value="" />
    <property name="libs.jstl.classpath" value="C:\Program Files\NetBeans 8.2\enterprise\modules\ext\jstl-impl.jar;C:\Program Files\NetBeans 8.2\enterprise\modules\ext\jstl-api.jar" />
    <property name="libs.testng.src" value="" />
    <property name="javafx.preloader.project.path" value="" />
    <property name="libs.spring-webmvc3.0.src" value="" />
    <property name="libs.restapi.classpath" value="C:\Program Files\NetBeans 8.2\enterprise\modules\ext\jaxrs-2.0\javax.ws.rs-api-2.0.jar" />
    <property name="java.vendor.url.bug" value="http://bugreport.sun.com/bugreport/" />
    <property name="javafx.preloader.type" value="none" />
    <property name="libs.jaxb.maven-pom" value="" />
    <property name="os.arch" value="amd64" />
    <property name="libs.eclipselink.src" value="" />
    <property name="user.name" value="munka" />
    <property name="libs.jsf12.javadoc" value="C:\Program Files\NetBeans 8.2\enterprise\docs\javaee-doc-api.jar" />
    <property name="copylibs.rebase" value="true" />
    <property name="libs.j2me_common_ant.maven-pom" value="" />
    <property name="libs.spring-webmvc3.0.maven-pom" value="" />
    <property name="libs.swing-layout.maven-pom" value="" />
    <property name="sun.java.command" value="org.apache.tools.ant.taskdefs.optional.junit.JUnitTestRunner com.iucosoft.internshipappfx.dao.impl.CompanyDAOImplTest skipNonTests=false filtertrace=true haltOnError=false haltOnFailure=false showoutput=true outputtoformatters=true logfailedtests=true threadid=0 logtestlistenerevents=true formatter=org.apache.tools.ant.taskdefs.optional.junit.BriefJUnitResultFormatter formatter=org.apache.tools.ant.taskdefs.optional.junit.XMLJUnitResultFormatter,C:\Users\munka\OneDrive\Documents\git-projects\practica-2023-faf\project-desktop\InternshipAppFX\build\test\results\TEST-com.iucosoft.internshipappfx.dao.impl.CompanyDAOImplTest.xml crashfile=C:\Users\munka\OneDrive\Documents\git-projects\practica-2023-faf\project-desktop\InternshipAppFX\build\junitvmwatcher8894382456048906136.properties propsfile=C:\Users\munka\OneDrive\Documents\git-projects\practica-2023-faf\project-desktop\InternshipAppFX\build\junit3628074358910144817.properties" />
    <property name="build.classes.dir" value="build/classes" />
    <property name="netbeans.accept_license_class" value="org.netbeans.license.AcceptLicense" />
    <property name="build.sysclasspath" value="ignore" />
    <property name="manifest.encoding" value="UTF-8" />
    <property name="ap.supported.internal" value="true" />
    <property name="java.failonerror" value="true" />
    <property name="libs.javaee-endorsed-api-7.0.javadoc" value="C:\Program Files\NetBeans 8.2\enterprise\docs\javaee-doc-api.jar" />
    <property name="libs.jaxws21.javadoc" value="C:\Program Files\NetBeans 8.2\java\docs\jaxws-api-doc.zip" />
    <property name="libs.spring-webmvc4.0.javadoc" value="" />
    <property name="javafx.run.width" value="800" />
    <property name="includes" value="**" />
    <property name="user.country" value="US" />
    <property name="manifest.file" value="manifest.mf" />
    <property name="javadoc.encoding" value="UTF-8" />
    <property name="javac.classpath" value="C:\Program Files\Java\jdk1.8.0_202\jre/lib/javaws.jar:C:\Program Files\Java\jdk1.8.0_202\jre/lib/deploy.jar:C:\Program Files\Java\jdk1.8.0_202\jre/lib/plugin.jar:C:\Users\munka\Downloads\mysql-connector-j-8.1.0\mysql-connector-j-8.1.0\mysql-connector-j-8.1.0.jar:C:\Users\munka\Downloads\mybatis-3.4.5.jar" />
    <property name="libs.jsp-compilation-syscp.src" value="" />
    <property name="libs.JAVADB_DRIVER_LABEL.src" value="" />
    <property name="libs.spring-framework400.classpath" value="C:\Program Files\NetBeans 8.2\ide\modules\org-apache-commons-logging.jar;C:\Program Files\NetBeans 8.2\java\modules\ext\cglib-2.2.jar;C:\Program Files\NetBeans 8.2\java\modules\ext\spring-4\spring-aop-4.0.1.RELEASE.jar;C:\Program Files\NetBeans 8.2\java\modules\ext\spring-4\spring-aspects-4.0.1.RELEASE.jar;C:\Program Files\NetBeans 8.2\java\modules\ext\spring-4\spring-beans-4.0.1.RELEASE.jar;C:\Program Files\NetBeans 8.2\java\modules\ext\spring-4\spring-build-src-4.0.1.RELEASE.jar;C:\Program Files\NetBeans 8.2\java\modules\ext\spring-4\spring-context-4.0.1.RELEASE.jar;C:\Program Files\NetBeans 8.2\java\modules\ext\spring-4\spring-context-support-4.0.1.RELEASE.jar;C:\Program Files\NetBeans 8.2\java\modules\ext\spring-4\spring-core-4.0.1.RELEASE.jar;C:\Program Files\NetBeans 8.2\java\modules\ext\spring-4\spring-expression-4.0.1.RELEASE.jar;C:\Program Files\NetBeans 8.2\java\modules\ext\spring-4\spring-framework-bom-4.0.1.RELEASE.jar;C:\Program Files\NetBeans 8.2\java\modules\ext\spring-4\spring-instrument-4.0.1.RELEASE.jar;C:\Program Files\NetBeans 8.2\java\modules\ext\spring-4\spring-instrument-tomcat-4.0.1.RELEASE.jar;C:\Program Files\NetBeans 8.2\java\modules\ext\spring-4\spring-jdbc-4.0.1.RELEASE.jar;C:\Program Files\NetBeans 8.2\java\modules\ext\spring-4\spring-jms-4.0.1.RELEASE.jar;C:\Program Files\NetBeans 8.2\java\modules\ext\spring-4\spring-messaging-4.0.1.RELEASE.jar;C:\Program Files\NetBeans 8.2\java\modules\ext\spring-4\spring-orm-4.0.1.RELEASE.jar;C:\Program Files\NetBeans 8.2\java\modules\ext\spring-4\spring-oxm-4.0.1.RELEASE.jar;C:\Program Files\NetBeans 8.2\java\modules\ext\spring-4\spring-test-4.0.1.RELEASE.jar;C:\Program Files\NetBeans 8.2\java\modules\ext\spring-4\spring-tx-4.0.1.RELEASE.jar;C:\Program Files\NetBeans 8.2\java\modules\ext\spring-4\spring-web-4.0.1.RELEASE.jar;C:\Program Files\NetBeans 8.2\java\modules\ext\spring-4\spring-webmvc-4.0.1.RELEASE.jar;C:\Program Files\NetBeans 8.2\java\modules\ext\spring-4\spring-webmvc-portlet-4.0.1.RELEASE.jar;C:\Program Files\NetBeans 8.2\java\modules\ext\spring-4\spring-websocket-4.0.1.RELEASE.jar" />
    <property name="debug-transport" value="dt_shmem" />
    <property name="netbeans.home" value="C:\Program Files\NetBeans 8.2\platform" />
    <property name="build.compiler.emacs" value="true" />
    <property name="libs.javaee-web-api-6.0.src" value="" />
    <property name="libs.jsp-compilation-syscp.classpath" value="C:\Program Files\NetBeans 8.2\extide\ant\lib\ant.jar;C:\Program Files\NetBeans 8.2\enterprise\modules\ext\servlet3.1-jsp2.3-api.jar;C:\Program Files\NetBeans 8.2\enterprise\modules\ext\glassfish-jspparser-4.0.jar;C:\Program Files\NetBeans 8.2\enterprise\modules\ext\jstl-impl.jar;C:\Program Files\NetBeans 8.2\enterprise\modules\ext\jsf-2_2\javax.faces.jar" />
    <property name="javafx.deploy.includeDT" value="true" />
    <property name="java.endorsed.dirs" value="C:\Program Files\Java\jdk1.8.0_202\jre\lib\endorsed" />
    <property name="libs.groovy-all.src" value="" />
    <property name="test.includes" value="com/iucosoft/internshipappfx/dao/impl/CompanyDAOImplTest.java" />
    <property name="netbeans.dynamic.classpath" value="C:\Program Files\NetBeans 8.2\platform\core\asm-all-5.0.1.jar;C:\Program Files\NetBeans 8.2\platform\core\core-base.jar;C:\Program Files\NetBeans 8.2\platform\core\core.jar;C:\Program Files\NetBeans 8.2\platform\core\org-netbeans-libs-asm.jar;C:\Program Files\NetBeans 8.2\platform\core\org-openide-filesystems-compat8.jar;C:\Program Files\NetBeans 8.2\platform\core\org-openide-filesystems.jar;C:\Program Files\NetBeans 8.2\platform\core\locale\core-base_ja.jar;C:\Program Files\NetBeans 8.2\platform\core\locale\core-base_pt_BR.jar;C:\Program Files\NetBeans 8.2\platform\core\locale\core-base_ru.jar;C:\Program Files\NetBeans 8.2\platform\core\locale\core-base_zh_CN.jar;C:\Program Files\NetBeans 8.2\platform\core\locale\core_ja.jar;C:\Program Files\NetBeans 8.2\platform\core\locale\core_pt_BR.jar;C:\Program Files\NetBeans 8.2\platform\core\locale\core_ru.jar;C:\Program Files\NetBeans 8.2\platform\core\locale\core_zh_CN.jar;C:\Program Files\NetBeans 8.2\platform\core\locale\org-netbeans-libs-asm_ja.jar;C:\Program Files\NetBeans 8.2\platform\core\locale\org-netbeans-libs-asm_pt_BR.jar;C:\Program Files\NetBeans 8.2\platform\core\locale\org-netbeans-libs-asm_ru.jar;C:\Program Files\NetBeans 8.2\platform\core\locale\org-netbeans-libs-asm_zh_CN.jar;C:\Program Files\NetBeans 8.2\platform\core\locale\org-openide-filesystems-compat8_ja.jar;C:\Program Files\NetBeans 8.2\platform\core\locale\org-openide-filesystems-compat8_pt_BR.jar;C:\Program Files\NetBeans 8.2\platform\core\locale\org-openide-filesystems-compat8_ru.jar;C:\Program Files\NetBeans 8.2\platform\core\locale\org-openide-filesystems-compat8_zh_CN.jar;C:\Program Files\NetBeans 8.2\platform\core\locale\org-openide-filesystems_ja.jar;C:\Program Files\NetBeans 8.2\platform\core\locale\org-openide-filesystems_pt_BR.jar;C:\Program Files\NetBeans 8.2\platform\core\locale\org-openide-filesystems_ru.jar;C:\Program Files\NetBeans 8.2\platform\core\locale\org-openide-filesystems_zh_CN.jar;C:\Program Files\NetBeans 8.2\nb\core\org-netbeans-upgrader.jar;C:\Program Files\NetBeans 8.2\nb\core\locale\core_nb.jar;C:\Program Files\NetBeans 8.2\nb\core\locale\core_nb_ja.jar;C:\Program Files\NetBeans 8.2\nb\core\locale\core_nb_pt_BR.jar;C:\Program Files\NetBeans 8.2\nb\core\locale\core_nb_ru.jar;C:\Program Files\NetBeans 8.2\nb\core\locale\core_nb_zh_CN.jar;C:\Program Files\NetBeans 8.2\nb\core\locale\org-netbeans-upgrader_ja.jar;C:\Program Files\NetBeans 8.2\nb\core\locale\org-netbeans-upgrader_pt_BR.jar;C:\Program Files\NetBeans 8.2\nb\core\locale\org-netbeans-upgrader_ru.jar;C:\Program Files\NetBeans 8.2\nb\core\locale\org-netbeans-upgrader_zh_CN.jar" />
    <property name="jnlp.enabled" value="false" />
    <property name="java.vm.specification.version" value="1.8" />
    <property name="libs.hibernate4-support.src" value="" />
    <property name="libs.primefaces.classpath" value="C:\Program Files\NetBeans 8.2\enterprise\modules\ext\primefaces\primefaces-5.0.jar" />
    <property name="libs.javaee-api-6.0.classpath" value="C:\Program Files\NetBeans 8.2\enterprise\modules\ext\javaee-api-6.0.jar" />
    <property name="libs.groovy-all.maven-pom" value="" />
    <property name="netbeans.productversion" value="NetBeans IDE 8.2 (Build 201609300101)" />
    <property name="javafx.preloader.class" value="" />
    <property name="libs.jaxws21.src" value="" />
    <property name="application.title" value="InternshipAppFX" />
    <property name="netbeans.autoupdate.language" value="en" />
    <property name="java.vendor" value="Oracle Corporation" />
    <property name="libs.javaee-api-6.0.javadoc" value="C:\Program Files\NetBeans 8.2\enterprise\docs\javaee-doc-api.jar" />
    <property name="jar.index.metainf" value="false" />
    <property name="javac.debug" value="true" />
    <property name="javadoc.splitindex" value="true" />
    <property name="file.separator" value="\" />
    <property name="javac.includesfile.binary" value="C:\Users\munka\OneDrive\Documents\git-projects\practica-2023-faf\project-desktop\InternshipAppFX\null2096250415" />
    <property name="libs.junit_4.maven-pom" value="" />
    <property name="mkdist.disabled" value="false" />
    <property name="javac.test.processorpath" value="C:\Program Files\Java\jdk1.8.0_202\jre/lib/javaws.jar:C:\Program Files\Java\jdk1.8.0_202\jre/lib/deploy.jar:C:\Program Files\Java\jdk1.8.0_202\jre/lib/plugin.jar:C:\Users\munka\Downloads\mysql-connector-j-8.1.0\mysql-connector-j-8.1.0\mysql-connector-j-8.1.0.jar:C:\Users\munka\Downloads\mybatis-3.4.5.jar:build/classes:C:\Program Files\NetBeans 8.2\platform\modules\ext\junit-4.12.jar:C:\Program Files\NetBeans 8.2\platform\modules\ext\hamcrest-core-1.3.jar" />
    <property name="netbeans.buildnumber" value="201609300101" />
    <property name="libs.JWSAntTasks.javadoc" value="" />
    <property name="build.generated.sources.dir" value="build/generated-sources" />
    <property name="user.variant" value="" />
    <property name="libs.eclipselinkmodelgen.classpath" value="C:\Program Files\NetBeans 8.2\java\modules\ext\eclipselink\org.eclipse.persistence.jpa.modelgen_2.5.2.v20140319-9ad6abd.jar" />
    <property name="libs.javaee-endorsed-api-7.0.src" value="" />
    <property name="sun.java.launcher" value="SUN_STANDARD" />
    <property name="libs.hibernate4-persistencemodelgen.javadoc" value="" />
    <property name="libs.jaxb.javadoc" value="C:\Program Files\NetBeans 8.2\ide\docs\jaxb-api-doc.zip" />
    <property name="libs.struts.classpath" value="C:\Program Files\NetBeans 8.2\enterprise\modules\ext\struts\antlr-2.7.2.jar;C:\Program Files\NetBeans 8.2\enterprise\modules\ext\struts\bsf-2.3.0.jar;C:\Program Files\NetBeans 8.2\enterprise\modules\ext\struts\commons-beanutils-1.8.0.jar;C:\Program Files\NetBeans 8.2\enterprise\modules\ext\struts\commons-chain-1.2.jar;C:\Program Files\NetBeans 8.2\enterprise\modules\ext\struts\commons-digester-1.8.jar;C:\Program Files\NetBeans 8.2\enterprise\modules\ext\struts\commons-fileupload-1.1.1.jar;C:\Program Files\NetBeans 8.2\enterprise\modules\ext\struts\commons-io-1.1.jar;C:\Program Files\NetBeans 8.2\enterprise\modules\ext\struts\commons-logging-1.0.4.jar;C:\Program Files\NetBeans 8.2\enterprise\modules\ext\struts\commons-validator-1.3.1.jar;C:\Program Files\NetBeans 8.2\enterprise\modules\ext\struts\jstl-1.0.2.jar;C:\Program Files\NetBeans 8.2\enterprise\modules\ext\struts\oro-2.0.8.jar;C:\Program Files\NetBeans 8.2\enterprise\modules\ext\struts\standard-1.0.6.jar;C:\Program Files\NetBeans 8.2\enterprise\modules\ext\struts\struts-core-1.3.10.jar;C:\Program Files\NetBeans 8.2\enterprise\modules\ext\struts\struts-el-1.3.10.jar;C:\Program Files\NetBeans 8.2\enterprise\modules\ext\struts\struts-extras-1.3.10.jar;C:\Program Files\NetBeans 8.2\enterprise\modules\ext\struts\struts-faces-1.3.10.jar;C:\Program Files\NetBeans 8.2\enterprise\modules\ext\struts\struts-mailreader-dao-1.3.10.jar;C:\Program Files\NetBeans 8.2\enterprise\modules\ext\struts\struts-scripting-1.3.10.jar;C:\Program Files\NetBeans 8.2\enterprise\modules\ext\struts\struts-taglib-1.3.10.jar;C:\Program Files\NetBeans 8.2\enterprise\modules\ext\struts\struts-tiles-1.3.10.jar" />
    <property name="org.openide.awt.SwingBrowserImpl.do-not-block-awt" value="false" />
    <property name="javac.includes.binary" value="C:\Users\munka\OneDrive\Documents\git-projects\practica-2023-faf\project-desktop\InternshipAppFX\build\test\classes\com\iucosoft\internshipappfx\dao\impl\CompanyDAOImplTest.class" />
    <property name="ant.home" value="C:\Program Files\NetBeans 8.2\extide\ant" />
    <property name="libs.junit_4.src" value="C:\Program Files\NetBeans 8.2\platform\docs\junit-4.12-sources.jar" />
    <property name="javafx.run.height" value="600" />
    <property name="libs.testng.classpath" value="C:\Program Files\NetBeans 8.2\platform\modules\ext\testng-6.8.1-dist.jar" />
    <property name="libs.absolutelayout.maven-pom" value="" />
    <property name="ant.java.version" value="1.8" />
    <property name="java.library.path" value="C:\Program Files\Java\jdk1.8.0_202\jre\bin;C:\WINDOWS\Sun\Java\bin;C:\WINDOWS\system32;C:\WINDOWS;C:\Program Files (x86)\Common Files\Oracle\Java\javapath;C:\WINDOWS\system32;C:\WINDOWS;C:\WINDOWS\System32\Wbem;C:\WINDOWS\System32\WindowsPowerShell\v1.0\;C:\WINDOWS\System32\OpenSSH\;C:\Users\munka\PycharmProjects\;C:\Program Files\NVIDIA Corporation\NVIDIA NvDLISR;C:\Program Files (x86)\Microsoft SQL Server\160\Tools\Binn\;C:\Program Files\Microsoft SQL Server\160\Tools\Binn\;C:\Program Files\Microsoft SQL Server\Client SDK\ODBC\170\Tools\Binn\;C:\Program Files\Microsoft SQL Server\160\DTS\Binn\;C:\Program Files (x86)\Microsoft SQL Server\160\DTS\Binn\;C:\Program Files\Azure Data Studio\bin;C:\Program Files\Git\cmd;C:\Program Files\MySQL\MySQL Shell 8.0\bin\;C:\Users\munka\AppData\Local\Programs\Python\Python310\Scripts\;C:\Users\munka\AppData\Local\Programs\Python\Python310\;C:\Users\munka\AppData\Local\Microsoft\WindowsApps;C:\Users\munka\PycharmProjects\;C:\Program Files\Java\jdk1.8.0_202\bin;;C:\Program Files\Azure Data Studio\bin;C:\Program Files\JetBrains\IntelliJ IDEA 2023.2.2\bin;;." />
    <property name="javadoc.author" value="false" />
    <property name="libs.metro.maven-pom" value="" />
    <property name="java.util.logging.config.class" value="org.netbeans.core.startup.TopLogging" />
    <property name="libs.spring-framework400.src" value="" />
    <property name="libs.PostgreSQLDriver.src" value="" />
    <property name="sun.arch.data.model" value="64" />
    <property name="basedir" value="C:\Users\munka\OneDrive\Documents\git-projects\practica-2023-faf\project-desktop\InternshipAppFX" />
    <property name="libs.jpa20-persistence.maven-pom" value="" />
    <property name="libs.Mysql8.maven-pom" value="" />
    <property name="jar.compress" value="false" />
    <property name="libs.javaee-web-api-7.0.classpath" value="C:\Program Files\NetBeans 8.2\enterprise\modules\ext\javaee-web-api-7.0.jar" />
    <property name="path.separator" value=";" />
    <property name="libs.javaee-web-api-6.0.javadoc" value="C:\Program Files\NetBeans 8.2\enterprise\docs\javaee-doc-api.jar" />
    <property name="ant.junit.enabletestlistenerevents" value="true" />
    <property name="sun.io.unicode.encoding" value="UnicodeLittle" />
    <property name="libs.jaxws21.classpath" value="C:\Program Files\NetBeans 8.2\ide\modules\ext\jaxb\jaxb-impl.jar;C:\Program Files\NetBeans 8.2\ide\modules\ext\jaxb\jaxb-xjc.jar;C:\Program Files\NetBeans 8.2\java\modules\ext\jaxws22\FastInfoset.jar;C:\Program Files\NetBeans 8.2\java\modules\ext\jaxws22\gmbal-api-only.jar;C:\Program Files\NetBeans 8.2\java\modules\ext\jaxws22\ha-api.jar;C:\Program Files\NetBeans 8.2\java\modules\ext\jaxws22\javax.mail_1.4.jar;C:\Program Files\NetBeans 8.2\java\modules\ext\jaxws22\jaxws-rt.jar;C:\Program Files\NetBeans 8.2\java\modules\ext\jaxws22\jaxws-tools.jar;C:\Program Files\NetBeans 8.2\java\modules\ext\jaxws22\management-api.jar;C:\Program Files\NetBeans 8.2\java\modules\ext\jaxws22\mimepull.jar;C:\Program Files\NetBeans 8.2\java\modules\ext\jaxws22\policy.jar;C:\Program Files\NetBeans 8.2\java\modules\ext\jaxws22\saaj-impl.jar;C:\Program Files\NetBeans 8.2\java\modules\ext\jaxws22\stax-ex.jar;C:\Program Files\NetBeans 8.2\java\modules\ext\jaxws22\stax2-api.jar;C:\Program Files\NetBeans 8.2\java\modules\ext\jaxws22\streambuffer.jar;C:\Program Files\NetBeans 8.2\java\modules\ext\jaxws22\woodstox-core-asl.jar;C:\Program Files\NetBeans 8.2\java\modules\ext\jaxws22\api\jaxws-api.jar;C:\Program Files\NetBeans 8.2\java\modules\ext\jaxws22\api\jsr181-api.jar;C:\Program Files\NetBeans 8.2\java\modules\ext\jaxws22\api\javax.annotation.jar;C:\Program Files\NetBeans 8.2\java\modules\ext\jaxws22\api\saaj-api.jar;C:\Program Files\NetBeans 8.2\ide\modules\ext\jaxb\activation.jar;C:\Program Files\NetBeans 8.2\ide\modules\ext\jaxb\api\jaxb-api.jar;C:\Program Files\NetBeans 8.2\ide\modules\ext\jaxb\api\jsr173_1.0_api.jar" />
    <property name="libs.struts.src" value="" />
    <property name="compile.on.save" value="true" />
    <property name="apple.awt.graphics.UseQuartz" value="true" />
    <property name="user.language" value="en" />
    <property name="testng.mode" value="testng" />
    <property name="libs.JAXB-ENDORSED.maven-pom" value="" />
    <property name="libs.eclipselink.maven-pom" value="" />
    <property name="application.vendor" value="munka" />
    <property name="test.binaryincludes" value="&lt;nothing&gt;" />
    <property name="manifest.available" value="true" />
    <property name="libs.primefaces.javadoc" value="" />
    <property name="libs.spring-framework300.maven-pom" value="" />
    <property name="run.test.classpath" value="C:\Program Files\Java\jdk1.8.0_202\jre/lib/javaws.jar:C:\Program Files\Java\jdk1.8.0_202\jre/lib/deploy.jar:C:\Program Files\Java\jdk1.8.0_202\jre/lib/plugin.jar:C:\Users\munka\Downloads\mysql-connector-j-8.1.0\mysql-connector-j-8.1.0\mysql-connector-j-8.1.0.jar:C:\Users\munka\Downloads\mybatis-3.4.5.jar:build/classes:C:\Program Files\NetBeans 8.2\platform\modules\ext\junit-4.12.jar:C:\Program Files\NetBeans 8.2\platform\modules\ext\hamcrest-core-1.3.jar:build/test/classes" />
    <property name="ant.project.invoked-targets" value="test-single" />
    <property name="test.binaryexcludes" value="" />
    <property name="libs.swing-layout.javadoc" value="C:\Program Files\NetBeans 8.2\platform\docs\swing-layout-1.0.4-doc.zip" />
    <property name="sun.java2d.dpiaware" value="true" />
    <property name="libs.hibernate4-persistence.maven-pom" value="" />
    <property name="libs.DataBindingME-SVG.classpath" value="C:\Program Files\NetBeans 8.2\mobility\modules\ext\netbeans_databindingme_svg.jar" />
    <property name="https.nonProxyHosts" value="localhost|127.0.0.1|DESKTOP-KATE" />
    <property name="libs.PostgreSQLDriver.maven-pom" value="" />
    <property name="java.class.version" value="52.0" />
    <property name="libs.JAVADB_DRIVER_LABEL.classpath" value="" />
    <property name="libs.hibernate4-persistencemodelgen.maven-pom" value="" />
    <property name="libs.javaee-endorsed-api-6.0.src" value="" />
    <property name="libs.MyJavaDBLibrary.classpath" value="C:\Users\munka\OneDrive\Documents\NetBeansProjects\db-derby-10.14.2.0-bin\lib\derby.jar;C:\Users\munka\OneDrive\Documents\NetBeansProjects\db-derby-10.14.2.0-bin\lib\derbyclient.jar" />
    <property name="libs.eclipselink.javadoc" value="C:\Program Files\NetBeans 8.2\java\modules\ext\docs\javax.persistence-2.1.0-doc.zip" />
    <property name="libs.jsp-compilation.maven-pom" value="" />
    <property name="user.properties.file" value="C:\Users\munka\AppData\Roaming\NetBeans\8.2\build.properties" />
    <property name="runtime.encoding" value="UTF-8" />
    <property name="javafx.rebase.libs" value="false" />
    <property name="libs.javac-api.maven-pom" value="" />
    <property name="file.encoding.pkg" value="sun.io" />
    <property name="sun.cpu.endian" value="little" />
    <property name="libs.JAXB-ENDORSED.javadoc" value="" />
    <property name="libs.JWSAntTasks.classpath" value="C:\Program Files\NetBeans 8.2\java\ant\extra\org-netbeans-modules-javawebstart-anttasks.jar" />
    <property name="libs.spring-webmvc4.0.maven-pom" value="" />
    <property name="libs.spring-framework300.src" value="" />
    <property name="libs.jstl.src" value="" />
    <property name="empty.dir" value="C:\Users\munka\OneDrive\Documents\git-projects\practica-2023-faf\project-desktop\InternshipAppFX\build\empty" />
    <property name="javafx.deploy.backgroundupdate" value="false" />
    <property name="javafx.disable.concurrent.runs" value="false" />
    <property name="version-output" value="java version &quot;1.8" />
    <property name="test.binarytestincludes" value="" />
    <property name="libs.hibernate4-persistencemodelgen.src" value="" />
    <property name="javafx.preloader.jar.path" value="" />
    <property name="javadoc.preview" value="true" />
    <property name="libs.jpa20-persistence.javadoc" value="C:\Program Files\NetBeans 8.2\java\modules\ext\docs\javax.persistence-2.1.0-doc.zip" />
    <property name="java.home" value="C:\Program Files\Java\jdk1.8.0_202\jre" />
    <property name="libs.jsp-compilation.src" value="" />
    <property name="debug.test.classpath" value="C:\Program Files\Java\jdk1.8.0_202\jre/lib/javaws.jar:C:\Program Files\Java\jdk1.8.0_202\jre/lib/deploy.jar:C:\Program Files\Java\jdk1.8.0_202\jre/lib/plugin.jar:C:\Users\munka\Downloads\mysql-connector-j-8.1.0\mysql-connector-j-8.1.0\mysql-connector-j-8.1.0.jar:C:\Users\munka\Downloads\mybatis-3.4.5.jar:build/classes:C:\Program Files\NetBeans 8.2\platform\modules\ext\junit-4.12.jar:C:\Program Files\NetBeans 8.2\platform\modules\ext\hamcrest-core-1.3.jar:build/test/classes" />
    <property name="libs.javaee-endorsed-api-6.0.classpath" value="C:\Program Files\NetBeans 8.2\enterprise\modules\ext\javaee6-endorsed\javax.annotation.jar;C:\Program Files\NetBeans 8.2\enterprise\modules\ext\javaee6-endorsed\jaxb-api-osgi.jar;C:\Program Files\NetBeans 8.2\enterprise\modules\ext\javaee6-endorsed\webservices-api-osgi.jar" />
    <property name="libs.javaee-api-6.0.src" value="" />
    <property name="netbeans.importclass" value="org.netbeans.upgrade.AutoUpgrade" />
    <property name="ant.project.default-target" value="default" />
    <property name="annotation.processing.run.all.processors" value="true" />
    <property name="ant.file.InternshipAppFX-impl" value="C:\Users\munka\OneDrive\Documents\git-projects\practica-2023-faf\project-desktop\InternshipAppFX\nbproject\build-impl.xml" />
    <property name="libs.MyLibrary.classpath" value="C:\Users\munka\OneDrive\Documents\NetBeansProjects\Prj20PreJavaFX\mylib\poi-3.14-20160307.jar;C:\Users\munka\OneDrive\Documents\NetBeansProjects\Prj20PreJavaFX\mylib\poi-ooxml-3.14-20160307.jar;C:\Users\munka\OneDrive\Documents\NetBeansProjects\Prj20PreJavaFX\mylib\poi-ooxml-schemas-3.14-20160307.jar;C:\Users\munka\OneDrive\Documents\NetBeansProjects\Prj20PreJavaFX\mylib\xmlbeans-2.3.0.jar" />
    <property name="jar.archive.disabled" value="true" />
    <property name="libs.DataBindingME.maven-pom" value="" />
    <property name="libs.PostgreSQLDriver.javadoc" value="" />
    <property name="libs.restlib.classpath" value="C:\Program Files\NetBeans 8.2\enterprise\modules\ext\jersey2\ext\asm-all-repackaged-2.2.0-b21.jar;C:\Program Files\NetBeans 8.2\enterprise\modules\ext\jersey2\ext\cglib-2.2.0-b21.jar;C:\Program Files\NetBeans 8.2\enterprise\modules\ext\jersey2\ext\guava-14.0.1.jar;C:\Program Files\NetBeans 8.2\enterprise\modules\ext\jersey2\ext\hk2-api-2.2.0-b21.jar;C:\Program Files\NetBeans 8.2\enterprise\modules\ext\jersey2\ext\hk2-locator-2.2.0-b21.jar;C:\Program Files\NetBeans 8.2\enterprise\modules\ext\jersey2\ext\hk2-utils-2.2.0-b21.jar;C:\Program Files\NetBeans 8.2\enterprise\modules\ext\jersey2\ext\javax.annotation-api-1.2.jar;C:\Program Files\NetBeans 8.2\enterprise\modules\ext\jersey2\ext\javax.inject-2.2.0-b21.jar;C:\Program Files\NetBeans 8.2\enterprise\modules\ext\jersey2\ext\javax.servlet-api-3.0.1.jar;C:\Program Files\NetBeans 8.2\enterprise\modules\ext\jersey2\ext\jaxb-api-2.2.7.jar;C:\Program Files\NetBeans 8.2\enterprise\modules\ext\jersey2\ext\jersey-entity-filtering-2.5.1.jar;C:\Program Files\NetBeans 8.2\enterprise\modules\ext\jersey2\ext\jersey-media-moxy-2.5.1.jar;C:\Program Files\NetBeans 8.2\enterprise\modules\ext\jersey2\ext\org.osgi.core-4.2.0.jar;C:\Program Files\NetBeans 8.2\enterprise\modules\ext\jersey2\ext\osgi-resource-locator-1.0.1.jar;C:\Program Files\NetBeans 8.2\enterprise\modules\ext\jersey2\ext\persistence-api-1.0.jar;C:\Program Files\NetBeans 8.2\enterprise\modules\ext\jersey2\ext\validation-api-1.1.0.Final.jar;C:\Program Files\NetBeans 8.2\enterprise\modules\ext\jersey2\jersey-client.jar;C:\Program Files\NetBeans 8.2\enterprise\modules\ext\jersey2\jersey-common.jar;C:\Program Files\NetBeans 8.2\enterprise\modules\ext\jersey2\jersey-container-servlet.jar;C:\Program Files\NetBeans 8.2\enterprise\modules\ext\jersey2\jersey-container-servlet-core.jar;C:\Program Files\NetBeans 8.2\enterprise\modules\ext\jersey2\jersey-server.jar;C:\Program Files\NetBeans 8.2\java\modules\ext\eclipselink\eclipselink.jar" />
    <property name="javafx.main.class" value="com.iucosoft.internshipappfx.InternshipAppFX" />
    <property name="libs.MySQLDriver.maven-pom" value="" />
    <property name="libs.hibernate4-persistence.javadoc" value="C:\Program Files\NetBeans 8.2\java\modules\ext\docs\javax.persistence-2.1.0-doc.zip" />
    <property name="javafx.application.implementation.version" value="1.0" />
    <property name="http.nonProxyHosts" value="localhost|127.0.0.1|DESKTOP-KATE" />
    <property name="libs.junit_4.javadoc" value="C:\Program Files\NetBeans 8.2\platform\docs\junit-4.12-javadoc.jar" />
    <property name="libs.javaee-web-api-6.0.maven-pom" value="" />
    <property name="run.classpath" value="dist/InternshipAppFX.jar:C:\Program Files\Java\jdk1.8.0_202\jre/lib/javaws.jar:C:\Program Files\Java\jdk1.8.0_202\jre/lib/deploy.jar:C:\Program Files\Java\jdk1.8.0_202\jre/lib/plugin.jar:C:\Users\munka\Downloads\mysql-connector-j-8.1.0\mysql-connector-j-8.1.0\mysql-connector-j-8.1.0.jar:C:\Users\munka\Downloads\mybatis-3.4.5.jar:build/classes" />
    <property name="endorsed.javafx.ant.classpath" value="." />
    <property name="jna.boot.library.name" value="jnidispatch-422" />
    <property name="libs.javaee-endorsed-api-6.0.javadoc" value="C:\Program Files\NetBeans 8.2\enterprise\docs\javaee-doc-api.jar" />
    <property name="libs.javaee-api-7.0.classpath" value="C:\Program Files\NetBeans 8.2\enterprise\modules\ext\javaee-api-7.0.jar" />
    <property name="sun.awt.datatransfer.timeout" value="1000" />
    <property name="libs.spring-webmvc3.0.javadoc" value="" />
    <property name="libs.jpa2-persistence.maven-pom" value="" />
    <property name="annotation.processing.enabled.in.editor" value="false" />
    <property name="libs.hibernate4-support.classpath" value="C:\Program Files\NetBeans 8.2\java\modules\ext\hibernate4\antlr-2.7.7.jar;C:\Program Files\NetBeans 8.2\java\modules\ext\hibernate4\c3p0-0.9.2.1.jar;C:\Program Files\NetBeans 8.2\java\modules\ext\hibernate4\hibernate-c3p0-4.3.1.Final.jar;C:\Program Files\NetBeans 8.2\java\modules\ext\hibernate4\mchange-commons-java-0.2.3.4.jar;C:\Program Files\NetBeans 8.2\java\modules\ext\hibernate4\dom4j-1.6.1.jar;C:\Program Files\NetBeans 8.2\java\modules\ext\hibernate4\ehcache-core-2.4.3.jar;C:\Program Files\NetBeans 8.2\java\modules\ext\hibernate4\hibernate-ehcache-4.3.1.Final.jar;C:\Program Files\NetBeans 8.2\java\modules\ext\hibernate4\hibernate-core-4.3.1.Final.jar;C:\Program Files\NetBeans 8.2\java\modules\ext\hibernate4\jboss-logging-3.1.3.GA.jar;C:\Program Files\NetBeans 8.2\java\modules\ext\hibernate4\hibernate-commons-annotations-4.0.4.Final.jar;C:\Program Files\NetBeans 8.2\java\modules\ext\hibernate4\hibernate-entitymanager-4.3.1.Final.jar;C:\Program Files\NetBeans 8.2\java\modules\ext\hibernate4\javassist-3.18.1-GA.jar;C:\Program Files\NetBeans 8.2\java\modules\ext\hibernate4\jboss-transaction-api_1.2_spec-1.0.0.Final.jar;C:\Program Files\NetBeans 8.2\java\modules\ext\hibernate4\slf4j-api-1.6.1.jar;C:\Program Files\NetBeans 8.2\java\modules\ext\hibernate4\slf4j-simple-1.6.1.jar" />
    <property name="nb.native.filechooser" value="false" />
    <property name="libs.restapi.src" value="" />
    <property name="sun.management.compiler" value="HotSpot 64-Bit Tiered Compilers" />
    <property name="libs.j2me_common_ant.javadoc" value="" />
    <property name="javac.deprecation" value="false" />
    <property name="javadoc.use" value="true" />
    <property name="sun.java2d.noddraw" value="true" />
    <property name="libs.jsp-compiler.classpath" value="C:\Program Files\NetBeans 8.2\enterprise\ant\extra\jspcompile.jar" />
    <property name="javac.processorpath" value="C:\Program Files\Java\jdk1.8.0_202\jre/lib/javaws.jar:C:\Program Files\Java\jdk1.8.0_202\jre/lib/deploy.jar:C:\Program Files\Java\jdk1.8.0_202\jre/lib/plugin.jar:C:\Users\munka\Downloads\mysql-connector-j-8.1.0\mysql-connector-j-8.1.0\mysql-connector-j-8.1.0.jar:C:\Users\munka\Downloads\mybatis-3.4.5.jar" />
    <property name="libs.hamcrest.maven-pom" value="" />
    <property name="javac.compilerargs" value="" />
    <property name="ant.file" value="C:\Users\munka\OneDrive\Documents\git-projects\practica-2023-faf\project-desktop\InternshipAppFX\build.xml" />
    <property name="libs.beans-binding.maven-pom" value="" />
    <property name="libs.hibernate4-support.javadoc" value="C:\Program Files\NetBeans 8.2\java\modules\ext\docs\javax.persistence-2.1.0-doc.zip" />
    <property name="libs.jsf12.classpath" value="C:\Program Files\NetBeans 8.2\enterprise\modules\ext\jsf-1_2\commons-beanutils.jar;C:\Program Files\NetBeans 8.2\enterprise\modules\ext\jsf-1_2\commons-collections.jar;C:\Program Files\NetBeans 8.2\enterprise\modules\ext\jsf-1_2\commons-digester.jar;C:\Program Files\NetBeans 8.2\enterprise\modules\ext\jsf-1_2\commons-logging.jar;C:\Program Files\NetBeans 8.2\enterprise\modules\ext\jsf-1_2\jsf-api.jar;C:\Program Files\NetBeans 8.2\enterprise\modules\ext\jsf-1_2\jsf-impl.jar" />
    <property name="libs.jstl.maven-pom" value="" />
    <property name="libs.restapi.maven-pom" value="" />
    <property name="libs.beans-binding.src" value="" />
    <property name="java.vm.specification.vendor" value="Oracle Corporation" />
    <property name="libs.DataBindingME-PIM.javadoc" value="C:\Program Files\NetBeans 8.2\mobility\modules\docs\netbeans_databindingme_pim-api.zip" />
    <property name="libs.swing-layout.src" value="C:\Program Files\NetBeans 8.2\platform\docs\swing-layout-1.0.4-src.zip" />
    <property name="org.openide.major.version" value="IDE/1" />
    <property name="java.vm.name" value="Java HotSpot(TM) 64-Bit Server VM" />
    <property name="javafx.preloader.jar.filename" value="" />
    <property name="netbeans.user" value="C:\Users\munka\AppData\Roaming\NetBeans\8.2" />
    <property name="javadoc.additionalparam" value="" />
    <property name="java.io.tmpdir" value="C:\Users\munka\AppData\Local\Temp\" />
    <property name="javafx.run.inbrowser.path" value="C:\Program Files\Internet Explorer\iexplore.exe" />
    <property name="java.vendor.url" value="http://java.oracle.com/" />
    <property name="endorsed.classpath.cmd.line.arg" value="" />
    <property name="jna.loaded" value="true" />
    <property name="junit.available" value="true" />
    <property name="libs.jsp-compiler.src" value="" />
    <property name="sun.boot.library.path" value="C:\Program Files\Java\jdk1.8.0_202\jre\bin" />
    <property name="have.sources" value="true" />
    <property name="libs.hamcrest.javadoc" value="" />
    <property name="debug.classpath" value="dist/InternshipAppFX.jar:C:\Program Files\Java\jdk1.8.0_202\jre/lib/javaws.jar:C:\Program Files\Java\jdk1.8.0_202\jre/lib/deploy.jar:C:\Program Files\Java\jdk1.8.0_202\jre/lib/plugin.jar:C:\Users\munka\Downloads\mysql-connector-j-8.1.0\mysql-connector-j-8.1.0\mysql-connector-j-8.1.0.jar:C:\Users\munka\Downloads\mybatis-3.4.5.jar:build/classes" />
    <property name="javac.external.vm" value="false" />
    <property name="javadoc.private" value="false" />
    <property name="test.src.dir" value="test" />
    <property name="libs.MyLibrary.javadoc" value="" />
    <property name="libs.jsf20.classpath" value="C:\Program Files\NetBeans 8.2\enterprise\modules\ext\jsf-2_2\javax.faces.jar" />
    <property name="ap.processors.internal" value="" />
    <property name="meta.inf.dir" value="src/META-INF" />
    <property name="javadoc.encoding.used" value="UTF-8" />
    <property name="libs.DataBindingME-SVG.src" value="C:\Program Files\NetBeans 8.2\mobility\sources\netbeans_databindingme_svg-src.zip" />
    <property name="dist.jar" value="dist/InternshipAppFX.jar" />
    <property name="libs.spring-framework400.maven-pom" value="" />
    <property name="java.runtime.name" value="Java(TM) SE Runtime Environment" />
    <property name="ant.project.name" value="InternshipAppFX" />
    <property name="netbeans.hash.code" value="unique=NB_CND_EXTIDE_GROOVY_JAVA_JC_MOB_PHP_WEBCOMMON_WEBEE0c7e8e11c-b63a-4818-801c-e06045186c63_664899bd-04b7-4ebf-a838-443c99d4d764" />
    <property name="netbeans.default_userdir_root" value="C:\Users\munka\AppData\Roaming\NetBeans" />
    <property name="libs.jsp-compilation-syscp.maven-pom" value="" />
    <property name="sun.cpu.isalist" value="amd64" />
    <property name="libs.spring-framework400.javadoc" value="" />
    <property name="libs.CopyLibs.javadoc" value="" />
    <property name="org.openide.specification.version" value="6.2" />
    <property name="javafx.classpath.extension" value="C:\Program Files\Java\jdk1.8.0_202\jre/lib/javaws.jar:C:\Program Files\Java\jdk1.8.0_202\jre/lib/deploy.jar:C:\Program Files\Java\jdk1.8.0_202\jre/lib/plugin.jar" />
    <property name="libs.DataBindingME-PIM.classpath" value="C:\Program Files\NetBeans 8.2\mobility\modules\ext\netbeans_databindingme_pim.jar" />
    <property name="user.home" value="C:\Users\munka" />
    <property name="annotation.processing.processors.list" value="" />
    <property name="debug-args-line" value="-Xdebug" />
    <property name="libs.primefaces.maven-pom" value="" />
    <property name="libs.javaee-api-6.0.maven-pom" value="" />
    <property name="libs.JWSAntTasks.src" value="" />
    <property name="jar.index" value="false" />
    <property name="libs.CopyLibs.maven-pom" value="" />
    <property name="libs.absolutelayout.javadoc" value="" />
    <property name="libs.spring-framework300.javadoc" value="" />
    <property name="java.specification.name" value="Java Platform API Specification" />
    <property name="java.specification.vendor" value="Oracle Corporation" />
    <property name="libs.javac-api.classpath" value="C:\Program Files\NetBeans 8.2\java\modules\ext\nb-javac-api.jar" />
    <property name="java.version" value="1.8.0_202" />
    <property name="run.jvmargs.ide" value="" />
    <property name="javadoc.version" value="false" />
    <property name="libs.MySQLDriver.javadoc" value="" />
    <property name="org.openide.version" value="deprecated" />
    <property name="libs.MyJavaDBLibrary.src" value="" />
    <property name="source.encoding" value="UTF-8" />
    <property name="platform.java" value="C:\Program Files\Java\jdk1.8.0_202\jre/bin/java" />
    <property name="ap.cmd.line.internal" value="" />
    <property name="libs.eclipselinkmodelgen.maven-pom" value="" />
    <property name="libs.Mysql8.src" value="" />
    <property name="libs.jsp-compilation-syscp.javadoc" value="" />
    <property name="ant.file.type.jfx-impl" value="file" />
    <property name="libs.javaee-endorsed-api-7.0.classpath" value="C:\Program Files\NetBeans 8.2\enterprise\modules\ext\javaee7-endorsed\javax.annotation-api.jar;C:\Program Files\NetBeans 8.2\enterprise\modules\ext\javaee7-endorsed\javax.xml.soap-api.jar;C:\Program Files\NetBeans 8.2\enterprise\modules\ext\javaee7-endorsed\jaxb-api-osgi.jar;C:\Program Files\NetBeans 8.2\enterprise\modules\ext\javaee7-endorsed\jaxws-api.jar;C:\Program Files\NetBeans 8.2\enterprise\modules\ext\javaee7-endorsed\jsr181-api.jar" />
    <property name="libs.eclipselinkmodelgen.javadoc" value="" />
    <property name="libs.metro.javadoc" value="C:\Program Files\NetBeans 8.2\enterprise\docs\metro-1.4-doc.zip" />
    <property name="libs.struts.maven-pom" value="" />
    <property name="ant.file.jfx-impl" value="C:\Users\munka\OneDrive\Documents\git-projects\practica-2023-faf\project-desktop\InternshipAppFX\nbproject\jfx-impl.xml" />
    <property name="netbeans.home+have.tests" value="true" />
    <property name="annotation.processing.processor.options" value="" />
    <property name="libs.testng.maven-pom" value="" />
    <property name="libs.jaxb.src" value="" />
    <property name="jdk.launcher.addexports.5" value="java.management/sun.management=ALL-UNNAMED" />
    <property name="jdk.launcher.addexports.4" value="java.desktop/com.sun.java.swing.plaf.windows=ALL-UNNAMED" />
    <property name="work.dir" value="C:\Users\munka\OneDrive\Documents\git-projects\practica-2023-faf\project-desktop\InternshipAppFX" />
    <property name="jdk.launcher.addexports.3" value="java.desktop/sun.awt.im=ALL-UNNAMED" />
    <property name="jdk.launcher.addexports.2" value="java.desktop/java.awt.peer=ALL-UNNAMED" />
    <property name="libs.jaxb.classpath" value="C:\Program Files\NetBeans 8.2\ide\modules\ext\jaxb\jaxb-impl.jar;C:\Program Files\NetBeans 8.2\ide\modules\ext\jaxb\jaxb-xjc.jar;C:\Program Files\NetBeans 8.2\ide\modules\ext\jaxb\jaxb1-impl.jar;C:\Program Files\NetBeans 8.2\ide\modules\ext\jaxb\activation.jar;C:\Program Files\NetBeans 8.2\ide\modules\ext\jaxb\api\jaxb-api.jar;C:\Program Files\NetBeans 8.2\ide\modules\ext\jaxb\api\jsr173_1.0_api.jar" />
    <property name="compile.on.save.unsupported.javafx" value="true" />
    <property name="jdk.launcher.addexports.1" value="java.base/jdk.internal.jrtfs=ALL-UNNAMED" />
    <property name="jdk.launcher.addexports.0" value="java.desktop/sun.awt=ALL-UNNAMED" />
    <property name="do.depend" value="false" />
    <property name="dist.javadoc.dir" value="dist/javadoc" />
    <property name="libs.j2me_common_ant.classpath" value="C:\Program Files\NetBeans 8.2\mobility\modules\org-netbeans-modules-j2me-common-ant.jar;C:\Program Files\NetBeans 8.2\java\modules\org-netbeans-modules-classfile.jar" />
    <property name="libs.spring-webmvc3.0.classpath" value="C:\Program Files\NetBeans 8.2\java\modules\ext\spring-3.0\spring-webmvc-3.2.7.RELEASE.jar" />
    <property name="file.reference.mybatis-3.4.5.jar" value="C:\Users\munka\Downloads\mybatis-3.4.5.jar" />
    <property name="libs.swing-layout.classpath" value="C:\Program Files\NetBeans 8.2\platform\modules\ext\swing-layout-1.0.4.jar" />
    <property name="libs.javaee-web-api-7.0.maven-pom" value="" />
    <property name="libs.restlib.src" value="" />
    <property name="javac.source" value="1.8" />
    <property name="build.generated.dir" value="build/generated" />
    <property name="javafx.fallback.class" value="com.javafx.main.NoJavaFXFallback" />
    <property name="line.separator" value="&#xd;&#xa;" />
    <property name="java.specification.version" value="1.8" />
    <property name="java.vm.info" value="mixed mode" />
    <property name="libs.jaxws21.maven-pom" value="" />
    <property name="nb.junit.batch" value="true" />
    <property name="junit.forkmode" value="perTest" />
    <property name="sun.boot.class.path" value="C:\Program Files\Java\jdk1.8.0_202\jre\lib\resources.jar;C:\Program Files\Java\jdk1.8.0_202\jre\lib\rt.jar;C:\Program Files\Java\jdk1.8.0_202\jre\lib\sunrsasign.jar;C:\Program Files\Java\jdk1.8.0_202\jre\lib\jsse.jar;C:\Program Files\Java\jdk1.8.0_202\jre\lib\jce.jar;C:\Program Files\Java\jdk1.8.0_202\jre\lib\charsets.jar;C:\Program Files\Java\jdk1.8.0_202\jre\lib\jfr.jar;C:\Program Files\Java\jdk1.8.0_202\jre\classes" />
    <property name="javac.target" value="1.8" />
    <property name="built-jar.properties" value="C:\Users\munka\OneDrive\Documents\git-projects\practica-2023-faf\project-desktop\InternshipAppFX\build\built-jar.properties" />
    <property name="build.test.classes.dir" value="build/test/classes" />
    <property name="src.dir" value="src" />
    <property name="sun.awt.keepWorkingSetOnMinimize" value="true" />
    <property name="libs.jpa2-persistence.src" value="" />
    <property name="annotation.processing.enabled" value="true" />
    <property name="libs.jsf20.src" value="" />
    <property name="libs.jpa20-persistence.src" value="" />
    <property name="file.reference.mysql-connector-j-8.1.0.jar" value="C:\Users\munka\Downloads\mysql-connector-j-8.1.0\mysql-connector-j-8.1.0\mysql-connector-j-8.1.0.jar" />
    <property name="libs.jsf12.src" value="" />
    <property name="libs.DataBindingME-SVG.maven-pom" value="" />
    <property name="libs.JAVADB_DRIVER_LABEL.maven-pom" value="" />
    <property name="libs.struts.javadoc" value="C:\Program Files\NetBeans 8.2\enterprise\docs\struts-1.3.10-javadoc.zip" />
    <property name="javafx.enable.concurrent.external.runs" value="false" />
    <property name="libs.javaee-web-api-7.0.src" value="" />
    <property name="libs.primefaces.src" value="" />
    <property name="libs.MyJavaDBLibrary.maven-pom" value="" />
    <property name="javafx.deploy.embedJNLP" value="true" />
    <property name="dist.dir" value="dist" />
    <property name="libs.groovy-all.javadoc" value="" />
    <property name="testng.debug.mode" value="" />
    <property name="javac.fork" value="false" />
    <property name="libs.groovy-all.classpath" value="C:\Program Files\NetBeans 8.2\groovy\modules\ext\groovy-all.jar" />
    <property name="java.awt.printerjob" value="sun.awt.windows.WPrinterJob" />
    <property name="default.javac.source" value="1.8" />
    <property name="debug-transport-by-os" value="dt_shmem" />
    <property name="libs.MySQLDriver.src" value="" />
    <property name="sun.jnu.encoding" value="Cp1252" />
    <property name="build.test.results.dir" value="build/test/results" />
    <property name="java.runtime.version" value="1.8.0_202-b08" />
    <property name="javafx.run.inbrowser" value="&lt;Default System Browser&gt;" />
    <property name="default.javac.target" value="1.8" />
    <property name="libs.junit_4.classpath" value="C:\Program Files\NetBeans 8.2\platform\modules\ext\junit-4.12.jar" />
    <property name="user.timezone" value="" />
    <property name="nb.junit.single" value="false" />
    <property name="ant.file.type.InternshipAppFX-impl" value="file" />
    <property name="do.jar" value="true" />
    <property name="libs.JAVADB_DRIVER_LABEL.javadoc" value="" />
    <property name="libs.javaee-endorsed-api-6.0.maven-pom" value="" />
    <property name="ant.file.InternshipAppFX" value="C:\Users\munka\OneDrive\Documents\git-projects\practica-2023-faf\project-desktop\InternshipAppFX\build.xml" />
    <property name="netbeans.dirs" value="C:\Program Files\NetBeans 8.2\nb;C:\Program Files\NetBeans 8.2\ergonomics;C:\Program Files\NetBeans 8.2\ide;C:\Program Files\NetBeans 8.2\extide;C:\Program Files\NetBeans 8.2\java;C:\Program Files\NetBeans 8.2\apisupport;C:\Program Files\NetBeans 8.2\webcommon;C:\Program Files\NetBeans 8.2\websvccommon;C:\Program Files\NetBeans 8.2\enterprise;C:\Program Files\NetBeans 8.2\mobility;C:\Program Files\NetBeans 8.2\profiler;C:\Program Files\NetBeans 8.2\python;C:\Program Files\NetBeans 8.2\php;C:\Program Files\NetBeans 8.2\identity;C:\Program Files\NetBeans 8.2\harness;C:\Program Files\NetBeans 8.2\cnd;C:\Program Files\NetBeans 8.2\cndext;C:\Program Files\NetBeans 8.2\dlight;C:\Program Files\NetBeans 8.2\groovy;C:\Program Files\NetBeans 8.2\extra;C:\Program Files\NetBeans 8.2\javacard;C:\Program Files\NetBeans 8.2\javafx" />
    <property name="libs.jsf20.javadoc" value="C:\Program Files\NetBeans 8.2\enterprise\docs\javaee-doc-api.jar" />
    <property name="libs.jstl.javadoc" value="C:\Program Files\NetBeans 8.2\enterprise\docs\javaee-doc-api.jar" />
    <property name="java.ext.dirs" value="C:\Program Files\Java\jdk1.8.0_202\jre\lib\ext;C:\WINDOWS\Sun\Java\lib\ext" />
    <property name="libs.MyLibrary.maven-pom" value="" />
    <property name="libs.metro.src" value="" />
    <property name="endorsed.classpath" value="" />
    <property name="libs.absolutelayout.classpath" value="C:\Program Files\NetBeans 8.2\java\modules\ext\AbsoluteLayout.jar" />
    <property name="excludes" value="" />
    <property name="libs.metro.classpath" value="C:\Program Files\NetBeans 8.2\ide\modules\ext\jaxb\activation.jar;C:\Program Files\NetBeans 8.2\enterprise\modules\ext\metro\webservices-api.jar;C:\Program Files\NetBeans 8.2\enterprise\modules\ext\metro\webservices-extra-api.jar;C:\Program Files\NetBeans 8.2\enterprise\modules\ext\metro\webservices-extra.jar;C:\Program Files\NetBeans 8.2\enterprise\modules\ext\metro\webservices-rt.jar;C:\Program Files\NetBeans 8.2\enterprise\modules\ext\metro\webservices-tools.jar" />
    <property name="libs.restlib.maven-pom" value="" />
    <property name="libs.jpa2-persistence.javadoc" value="C:\Program Files\NetBeans 8.2\java\modules\ext\docs\javax.persistence-2.1.0-doc.zip" />
    <property name="libs.DataBindingME.javadoc" value="C:\Program Files\NetBeans 8.2\mobility\modules\docs\netbeans_databindingme-api.zip" />
    <property name="apple.laf.useScreenMenuBar" value="true" />
    <property name="java.class.path" value="C:\Program Files\Java\jdk1.8.0_202\jre\lib\javaws.jar;C:\Program Files\Java\jdk1.8.0_202\jre\lib\deploy.jar;C:\Program Files\Java\jdk1.8.0_202\jre\lib\plugin.jar;C:\Users\munka\Downloads\mysql-connector-j-8.1.0\mysql-connector-j-8.1.0\mysql-connector-j-8.1.0.jar;C:\Users\munka\Downloads\mybatis-3.4.5.jar;C:\Users\munka\OneDrive\Documents\git-projects\practica-2023-faf\project-desktop\InternshipAppFX\build\classes;C:\Program Files\NetBeans 8.2\platform\modules\ext\junit-4.12.jar;C:\Program Files\NetBeans 8.2\platform\modules\ext\hamcrest-core-1.3.jar;C:\Users\munka\OneDrive\Documents\git-projects\practica-2023-faf\project-desktop\InternshipAppFX\build\test\classes;C:\Program Files\NetBeans 8.2\extide\ant\lib\ant-launcher.jar;C:\Program Files\NetBeans 8.2\extide\ant\lib\ant.jar;C:\Program Files\NetBeans 8.2\extide\ant\lib\ant-junit.jar;C:\Program Files\NetBeans 8.2\extide\ant\lib\ant-junit4.jar" />
    <property name="libs.absolutelayout.src" value="" />
    <property name="libs.jpa20-persistence.classpath" value="C:\Program Files\NetBeans 8.2\java\modules\ext\eclipselink\javax.persistence_2.1.0.v201304241213.jar" />
    <property name="libs.Mysql8.classpath" value="C:\Users\munka\Downloads\mysql-connector-j-8.1.0\mysql-connector-j-8.1.0\mysql-connector-j-8.1.0.jar" />
    <property name="os.version" value="10.0" />
    <property name="application.args" value="" />
    <property name="manifest.custom.permissions" value="" />
    <property name="libs.javaee-api-7.0.maven-pom" value="" />
    <property name="main.class.available" value="true" />
    <property name="sun.awt.enableExtraMouseButtons" value="true" />
    <property name="sun.desktop" value="windows" />
    <property name="libs.hibernate4-persistence.src" value="" />
    <property name="libs.hibernate4-support.maven-pom" value="" />
    <property name="javafx.deploy.allowoffline" value="true" />
    <property name="libs.restlib.javadoc" value="" />
    <property name="libs.JAXB-ENDORSED.classpath" value="C:\Program Files\NetBeans 8.2\ide\modules\ext\jaxb\api\jaxb-api.jar" />
    <property name="nb.internal.action.name" value="run.single" />
    <property name="libs.eclipselink.classpath" value="C:\Program Files\NetBeans 8.2\java\modules\ext\eclipselink\eclipselink.jar;C:\Program Files\NetBeans 8.2\java\modules\ext\eclipselink\javax.persistence_2.1.0.v201304241213.jar;C:\Program Files\NetBeans 8.2\java\modules\ext\eclipselink\org.eclipse.persistence.jpa.jpql_2.5.2.v20140319-9ad6abd.jar" />
    <property name="libs.javaee-api-7.0.javadoc" value="C:\Program Files\NetBeans 8.2\enterprise\docs\javaee-doc-api.jar" />
    <property name="libs.MyJavaDBLibrary.javadoc" value="" />
    <property name="java.awt.graphicsenv" value="sun.awt.Win32GraphicsEnvironment" />
    <property name="libs.beans-binding.javadoc" value="C:\Program Files\NetBeans 8.2\java\docs\beansbinding-1.2.1-doc.zip" />
    <property name="java.vm.vendor" value="Oracle Corporation" />
    <property name="libs.CopyLibs.classpath" value="C:\Program Files\NetBeans 8.2\java\ant\extra\org-netbeans-modules-java-j2seproject-copylibstask.jar" />
    <property name="libs.spring-framework300.classpath" value="C:\Program Files\NetBeans 8.2\ide\modules\org-apache-commons-logging.jar;C:\Program Files\NetBeans 8.2\java\modules\ext\cglib-2.2.jar;C:\Program Files\NetBeans 8.2\java\modules\ext\spring-3.0\spring-aop-3.2.7.RELEASE.jar;C:\Program Files\NetBeans 8.2\java\modules\ext\spring-3.0\spring-aspects-3.2.7.RELEASE.jar;C:\Program Files\NetBeans 8.2\java\modules\ext\spring-3.0\spring-beans-3.2.7.RELEASE.jar;C:\Program Files\NetBeans 8.2\java\modules\ext\spring-3.0\spring-build-src-3.2.7.RELEASE.jar;C:\Program Files\NetBeans 8.2\java\modules\ext\spring-3.0\spring-context-3.2.7.RELEASE.jar;C:\Program Files\NetBeans 8.2\java\modules\ext\spring-3.0\spring-context-support-3.2.7.RELEASE.jar;C:\Program Files\NetBeans 8.2\java\modules\ext\spring-3.0\spring-core-3.2.7.RELEASE.jar;C:\Program Files\NetBeans 8.2\java\modules\ext\spring-3.0\spring-expression-3.2.7.RELEASE.jar;C:\Program Files\NetBeans 8.2\java\modules\ext\spring-3.0\spring-framework-bom-3.2.7.RELEASE.jar;C:\Program Files\NetBeans 8.2\java\modules\ext\spring-3.0\spring-instrument-3.2.7.RELEASE.jar;C:\Program Files\NetBeans 8.2\java\modules\ext\spring-3.0\spring-instrument-tomcat-3.2.7.RELEASE.jar;C:\Program Files\NetBeans 8.2\java\modules\ext\spring-3.0\spring-jdbc-3.2.7.RELEASE.jar;C:\Program Files\NetBeans 8.2\java\modules\ext\spring-3.0\spring-jms-3.2.7.RELEASE.jar;C:\Program Files\NetBeans 8.2\java\modules\ext\spring-3.0\spring-orm-3.2.7.RELEASE.jar;C:\Program Files\NetBeans 8.2\java\modules\ext\spring-3.0\spring-oxm-3.2.7.RELEASE.jar;C:\Program Files\NetBeans 8.2\java\modules\ext\spring-3.0\spring-struts-3.2.7.RELEASE.jar;C:\Program Files\NetBeans 8.2\java\modules\ext\spring-3.0\spring-test-3.2.7.RELEASE.jar;C:\Program Files\NetBeans 8.2\java\modules\ext\spring-3.0\spring-tx-3.2.7.RELEASE.jar;C:\Program Files\NetBeans 8.2\java\modules\ext\spring-3.0\spring-web-3.2.7.RELEASE.jar;C:\Program Files\NetBeans 8.2\java\modules\ext\spring-3.0\spring-webmvc-3.2.7.RELEASE.jar;C:\Program Files\NetBeans 8.2\java\modules\ext\spring-3.0\spring-webmvc-portlet-3.2.7.RELEASE.jar" />
    <property name="libs.jsp-compiler.maven-pom" value="" />
    <property name="libs.hamcrest.src" value="" />
    <property name="run.jvmargs" value="" />
    <property name="libs.hibernate4-persistence.classpath" value="C:\Program Files\NetBeans 8.2\java\modules\ext\hibernate4\antlr-2.7.7.jar;C:\Program Files\NetBeans 8.2\java\modules\ext\hibernate4\c3p0-0.9.2.1.jar;C:\Program Files\NetBeans 8.2\java\modules\ext\hibernate4\hibernate-c3p0-4.3.1.Final.jar;C:\Program Files\NetBeans 8.2\java\modules\ext\hibernate4\mchange-commons-java-0.2.3.4.jar;C:\Program Files\NetBeans 8.2\java\modules\ext\hibernate4\dom4j-1.6.1.jar;C:\Program Files\NetBeans 8.2\java\modules\ext\hibernate4\ehcache-core-2.4.3.jar;C:\Program Files\NetBeans 8.2\java\modules\ext\hibernate4\hibernate-ehcache-4.3.1.Final.jar;C:\Program Files\NetBeans 8.2\java\modules\ext\hibernate4\hibernate-core-4.3.1.Final.jar;C:\Program Files\NetBeans 8.2\java\modules\ext\hibernate4\jboss-logging-3.1.3.GA.jar;C:\Program Files\NetBeans 8.2\java\modules\ext\hibernate4\hibernate-commons-annotations-4.0.4.Final.jar;C:\Program Files\NetBeans 8.2\java\modules\ext\hibernate4\hibernate-entitymanager-4.3.1.Final.jar;C:\Program Files\NetBeans 8.2\java\modules\ext\hibernate4\javassist-3.18.1-GA.jar;C:\Program Files\NetBeans 8.2\java\modules\ext\hibernate4\jboss-transaction-api_1.2_spec-1.0.0.Final.jar;C:\Program Files\NetBeans 8.2\java\modules\ext\hibernate4\slf4j-api-1.6.1.jar;C:\Program Files\NetBeans 8.2\java\modules\ext\hibernate4\slf4j-simple-1.6.1.jar;C:\Program Files\NetBeans 8.2\java\modules\ext\hibernate4\hibernate-jpa-2.1-api-1.0.0.Final.jar" />
    <property name="libs.JAXB-ENDORSED.src" value="" />
    <property name="libs.testng.javadoc" value="C:\Program Files\NetBeans 8.2\platform\docs\testng-6.8.1-javadoc.zip" />
    <property name="libs.DataBindingME-PIM.src" value="C:\Program Files\NetBeans 8.2\mobility\sources\netbeans_databindingme_pim-src.zip" />
    <property name="user.script" value="" />
    <property name="libs.PostgreSQLDriver.classpath" value="C:\Program Files\NetBeans 8.2\ide\modules\ext\postgresql-9.4.1209.jar" />
    <property name="libs.jsf12.maven-pom" value="" />
    <property name="libs.hibernate4-persistencemodelgen.classpath" value="C:\Program Files\NetBeans 8.2\java\modules\ext\hibernate4\hibernate-jpamodelgen-4.3.1.Final.jar" />
    <property name="annotation.processing.source.output" value="build/generated-sources/ap-source-output" />
    <property name="main.class" value="com.javafx.main.Main" />
    <property name="libs.CopyLibs.src" value="" />
    <property name="build.dir" value="build" />
    <property name="libs.jsp-compilation.classpath" value="C:\Program Files\NetBeans 8.2\extide\ant\lib\ant.jar;C:\Program Files\NetBeans 8.2\enterprise\modules\ext\servlet3.1-jsp2.3-api.jar;C:\Program Files\NetBeans 8.2\enterprise\modules\ext\glassfish-jspparser-4.0.jar;C:\Program Files\NetBeans 8.2\enterprise\modules\ext\jsf-2_2\javax.faces.jar;C:\Program Files\NetBeans 8.2\enterprise\modules\ext\jstl-api.jar;C:\Program Files\NetBeans 8.2\extide\ant\lib\ant-launcher.jar" />
    <property name="ant.version" value="Apache Ant(TM) version 1.9.7 compiled on April 9 2016" />
    <property name="ant.file.type.InternshipAppFX" value="file" />
    <property name="file.encoding" value="Cp1252" />
    <property name="build.classes.excludes" value="**/*.java,**/*.form" />
    <property name="jdkBug6558476" value="false" />
    <property name="javadoc.nonavbar" value="false" />
    <property name="libs.spring-webmvc4.0.classpath" value="C:\Program Files\NetBeans 8.2\java\modules\ext\spring-4\spring-webmvc-4.0.1.RELEASE.jar" />
    <property name="platform.active" value="default_platform" />
    <property name="awt.toolkit" value="sun.awt.windows.WToolkit" />
    <property name="libs.javaee-web-api-7.0.javadoc" value="C:\Program Files\NetBeans 8.2\enterprise\docs\javaee-doc-api.jar" />
  </properties>
  <testcase classname="com.iucosoft.internshipappfx.dao.impl.CompanyDAOImplTest" name="testGetCompanyImage" time="0.56">
    <failure message="expected:&lt;img[2].png&gt; but was:&lt;img[1].png&gt;" type="junit.framework.AssertionFailedError">junit.framework.AssertionFailedError: expected:&lt;img[2].png&gt; but was:&lt;img[1].png&gt;
	at com.iucosoft.internshipappfx.dao.impl.CompanyDAOImplTest.testGetCompanyImage(CompanyDAOImplTest.java:140)
</failure>
  </testcase>
  <testcase classname="com.iucosoft.internshipappfx.dao.impl.CompanyDAOImplTest" name="testUpdateCompanyImage" time="0.46" />
  <testcase classname="com.iucosoft.internshipappfx.dao.impl.CompanyDAOImplTest" name="testFindAll" time="0.323" />
  <testcase classname="com.iucosoft.internshipappfx.dao.impl.CompanyDAOImplTest" name="testSave" time="0.329" />
  <testcase classname="com.iucosoft.internshipappfx.dao.impl.CompanyDAOImplTest" name="testFindByName" time="0.326" />
  <testcase classname="com.iucosoft.internshipappfx.dao.impl.CompanyDAOImplTest" name="testFindById" time="0.324" />
  <testcase classname="com.iucosoft.internshipappfx.dao.impl.CompanyDAOImplTest" name="testDelete" time="0.353" />
  <testcase classname="com.iucosoft.internshipappfx.dao.impl.CompanyDAOImplTest" name="testUpdate" time="0.404" />
  <system-out><![CDATA[CREATE DATABASE  IF NOT EXISTS `practicatest` /*!40100 DEFAULT CHARACTER SET utf8mb3 */ /*!80016 DEFAULT ENCRYPTION='N' */

USE `practicatest`

-- MySQL dump 10.13  Distrib 8.0.34, for Win64 (x86_64)
--
-- Host: localhost    Database: practica
-- ------------------------------------------------------
-- Server version	8.0.34
/*!40101 SET @OLD_CHARACTER_SET_CLIENT=@@CHARACTER_SET_CLIENT */

/*!40101 SET @OLD_CHARACTER_SET_RESULTS=@@CHARACTER_SET_RESULTS */

/*!40101 SET @OLD_COLLATION_CONNECTION=@@COLLATION_CONNECTION */

/*!50503 SET NAMES utf8 */

/*!40103 SET @OLD_TIME_ZONE=@@TIME_ZONE */

/*!40103 SET TIME_ZONE='+00:00' */

/*!40014 SET @OLD_UNIQUE_CHECKS=@@UNIQUE_CHECKS, UNIQUE_CHECKS=0 */

/*!40014 SET @OLD_FOREIGN_KEY_CHECKS=@@FOREIGN_KEY_CHECKS, FOREIGN_KEY_CHECKS=0 */

/*!40101 SET @OLD_SQL_MODE=@@SQL_MODE, SQL_MODE='NO_AUTO_VALUE_ON_ZERO' */

/*!40111 SET @OLD_SQL_NOTES=@@SQL_NOTES, SQL_NOTES=0 */

--
-- Table structure for table `applicants`
--
DROP TABLE IF EXISTS `applicants`

/*!40101 SET @saved_cs_client     = @@character_set_client */

/*!50503 SET character_set_client = utf8mb4 */

CREATE TABLE `applicants` (
  `id` int NOT NULL AUTO_INCREMENT,
  `name` varchar(45) NOT NULL,
  `surname` varchar(45) NOT NULL,
  `age` int NOT NULL,
  `a_status` varchar(45) NOT NULL,
  `domain` varchar(45) NOT NULL,
  `cv` varchar(45) NOT NULL,
  `user_id` int NOT NULL,
  `email` varchar(45) NOT NULL,
  `phone_number` varchar(45) NOT NULL,
  PRIMARY KEY (`id`),
  KEY `fk_applicant_user_idx` (`user_id`),
  CONSTRAINT `fk_applicant_user` FOREIGN KEY (`user_id`) REFERENCES `users` (`id`)
) ENGINE=InnoDB AUTO_INCREMENT=6 DEFAULT CHARSET=utf8mb4 COLLATE=utf8mb4_0900_ai_ci

/*!40101 SET character_set_client = @saved_cs_client */

--
-- Table structure for table `applications`
--
DROP TABLE IF EXISTS `applications`

/*!40101 SET @saved_cs_client     = @@character_set_client */

/*!50503 SET character_set_client = utf8mb4 */

CREATE TABLE `applications` (
  `id` int NOT NULL AUTO_INCREMENT,
  `applicant_id` int NOT NULL,
  `programme_id` int NOT NULL,
  `application_date` date NOT NULL,
  `cv` varchar(45) NOT NULL,
  `phone_number` varchar(45) NOT NULL,
  `email` varchar(45) NOT NULL,
  `institution` varchar(45) DEFAULT NULL,
  PRIMARY KEY (`id`),
  KEY `fk_application_applicant_idx` (`applicant_id`),
  KEY `fk_application_programme_idx` (`programme_id`),
  CONSTRAINT `fk_application_applicant` FOREIGN KEY (`applicant_id`) REFERENCES `applicants` (`id`),
  CONSTRAINT `fk_application_programme` FOREIGN KEY (`programme_id`) REFERENCES `programmes` (`id`)
) ENGINE=InnoDB DEFAULT CHARSET=utf8mb4 COLLATE=utf8mb4_0900_ai_ci

/*!40101 SET character_set_client = @saved_cs_client */

--
-- Table structure for table `companies`
--
DROP TABLE IF EXISTS `companies`

/*!40101 SET @saved_cs_client     = @@character_set_client */

/*!50503 SET character_set_client = utf8mb4 */

CREATE TABLE `companies` (
  `id` int NOT NULL AUTO_INCREMENT,
  `title` varchar(45) NOT NULL,
  `domain` varchar(45) NOT NULL,
  `about` mediumtext NOT NULL,
  `phone_number` varchar(45) NOT NULL,
  `email` varchar(45) NOT NULL,
  `img_path` varchar(80) DEFAULT NULL,
  `img_data` mediumblob DEFAULT NULL,
  PRIMARY KEY (`id`),
  UNIQUE KEY `title_UNIQUE` (`title`)
) ENGINE=InnoDB AUTO_INCREMENT=20 DEFAULT CHARSET=utf8mb4 COLLATE=utf8mb4_0900_ai_ci

/*!40101 SET character_set_client = @saved_cs_client */

--
-- Table structure for table `programmes`
--
DROP TABLE IF EXISTS `programmes`

/*!40101 SET @saved_cs_client     = @@character_set_client */

/*!50503 SET character_set_client = utf8mb4 */

CREATE TABLE `programmes` (
  `id` int NOT NULL AUTO_INCREMENT,
  `title` varchar(45) NOT NULL,
  `domain` varchar(45) NOT NULL,
  `start_data` date NOT NULL,
  `duration` varchar(45) NOT NULL,
  `company_id` int NOT NULL,
  `duties` mediumtext NOT NULL,
  `qualifications` mediumtext NOT NULL,
  `benefits` mediumtext NOT NULL,
  `location` varchar(80) NOT NULL,
  `paid` tinyint NOT NULL,
  PRIMARY KEY (`id`),
  KEY `fk_programme_company_idx` (`company_id`),
  CONSTRAINT `fk_programme_company` FOREIGN KEY (`company_id`) REFERENCES `companies` (`id`)
) ENGINE=InnoDB DEFAULT CHARSET=utf8mb4 COLLATE=utf8mb4_0900_ai_ci

/*!40101 SET character_set_client = @saved_cs_client */

--
-- Table structure for table `recruiters`
--
DROP TABLE IF EXISTS `recruiters`

/*!40101 SET @saved_cs_client     = @@character_set_client */

/*!50503 SET character_set_client = utf8mb4 */

CREATE TABLE `recruiters` (
  `id` int NOT NULL AUTO_INCREMENT,
  `name` varchar(45) NOT NULL,
  `surname` varchar(45) NOT NULL,
  `user_id` int NOT NULL,
  `company_id` int NOT NULL,
  `email` varchar(45) NOT NULL,
  PRIMARY KEY (`id`),
  KEY `fk_recruiter_user_idx` (`user_id`),
  KEY `fk_recruiter_company_idx` (`company_id`),
  CONSTRAINT `fk_recruiter_company` FOREIGN KEY (`company_id`) REFERENCES `companies` (`id`),
  CONSTRAINT `fk_recruiter_user` FOREIGN KEY (`user_id`) REFERENCES `users` (`id`)
) ENGINE=InnoDB AUTO_INCREMENT=16 DEFAULT CHARSET=utf8mb4 COLLATE=utf8mb4_0900_ai_ci

/*!40101 SET character_set_client = @saved_cs_client */

--
-- Table structure for table `users`
--
DROP TABLE IF EXISTS `users`

/*!40101 SET @saved_cs_client     = @@character_set_client */

/*!50503 SET character_set_client = utf8mb4 */

CREATE TABLE `users` (
  `id` int NOT NULL AUTO_INCREMENT,
  `username` varchar(45) NOT NULL,
  `password` varchar(45) NOT NULL,
  `register_date` date NOT NULL,
  `role` varchar(45) NOT NULL,
  PRIMARY KEY (`id`),
  UNIQUE KEY `username_UNIQUE` (`username`)
) ENGINE=InnoDB AUTO_INCREMENT=23 DEFAULT CHARSET=utf8mb4 COLLATE=utf8mb4_0900_ai_ci

/*!40101 SET character_set_client = @saved_cs_client */

/*!40103 SET TIME_ZONE=@OLD_TIME_ZONE */

/*!40101 SET SQL_MODE=@OLD_SQL_MODE */

/*!40014 SET FOREIGN_KEY_CHECKS=@OLD_FOREIGN_KEY_CHECKS */

/*!40014 SET UNIQUE_CHECKS=@OLD_UNIQUE_CHECKS */

/*!40101 SET CHARACTER_SET_CLIENT=@OLD_CHARACTER_SET_CLIENT */

/*!40101 SET CHARACTER_SET_RESULTS=@OLD_CHARACTER_SET_RESULTS */

/*!40101 SET COLLATION_CONNECTION=@OLD_COLLATION_CONNECTION */

/*!40111 SET SQL_NOTES=@OLD_SQL_NOTES */

-- Dump completed on 2023-10-13 16:24:46
INSERT INTO practicatest.`users` (id, username, password, register_date, role) VALUES ('1', 'munkatea', 'pass1', '2008-7-04', 'ADMIN')

INSERT INTO practicatest.`users` (id, username, password, register_date, role) VALUES ('2', 'bradpitt', 'pass2', '2020-4-14', 'RECRUITER')

INSERT INTO practicatest.`users` (id, username, password, register_date, role) VALUES ('3', 'qtarantino', 'pass3', '2018-7-03', 'RECRUITER')

INSERT INTO practicatest.`users` (id, username, password, register_date, role) VALUES ('4', 'enidelcu', 'pass4', '2021-12-02', 'APPLICANT')

INSERT INTO practicatest.`users` (id, username, password, register_date, role) VALUES ('5', 'ludmila', 'pass5', '2010-1-31', 'APPLICANT')

INSERT INTO practicatest.`users` (id, username, password, register_date, role) VALUES ('6', 'gnelli', 'pass6', '2017-10-15', 'APPLICANT')

INSERT INTO practicatest.`users` (id, username, password, register_date, role) VALUES ('7', 'iuco', 'pass7', '2023-1-01', 'RECRUITER')

INSERT INTO practicatest.`users` (id, username, password, register_date, role) VALUES ('8', 'vbostan', 'pass8', '2019-4-13', 'RECRUITER')

INSERT INTO practicatest.`users` (id, username, password, register_date, role) VALUES ('9', 'hlanda', 'pass9', '2020-3-11', 'RECRUITER')

INSERT INTO practicatest.`users` (id, username, password, register_date, role) VALUES ('10', 'oppenheimer', 'pass10', '2013-3-27', 'APPLICANT')

INSERT INTO practicatest.`users` (id, username, password, register_date, role) VALUES ('11', 'holmes', 'pass11', '2009-5-31', 'APPLICANT')

INSERT INTO practicatest.`users` (id, username, password, register_date, role) VALUES ('12', 'rotaru', 'pass12', '2009-3-31', 'APPLICANT')

INSERT INTO practicatest.`users` (id, username, password, register_date, role) VALUES ('13', 'clima', 'pass13', '2009-7-31', 'RECRUITER')

INSERT INTO practicatest.`companies` (id, title, domain, about, phone_number, email, img_path) VALUES ('1', 'IUCOSOFT', 'IT', 'We work in JAVA', '060111111', 'email@iucosoft.com', 'img1.png')

INSERT INTO practicatest.`companies` (id, title, domain, about, phone_number, email, img_path) VALUES ('2', 'ORATORICA', 'EDUCATION', 'Courses for learning new languages', '060222222', 'oratorica@gmail.com', 'img2.jpg')

INSERT INTO practicatest.`companies` (id, title, domain, about, phone_number, email, img_path) VALUES ('3', 'DECOR', 'DESIGN', 'Design for posters and wallpapers', '060333333', 'mail@decor.md', 'img3.jpg')

INSERT INTO practicatest.`companies` (id, title, domain, about, phone_number, email, img_path) VALUES ('4', 'TKD', 'SPORT_BEAUTY_WELLNESS', 'Taekwondo sport club', '060444444', 'sport@tkd.com', 'img4.jpg')

INSERT INTO practicatest.`companies` (id, title, domain, about, phone_number, email, img_path) VALUES ('5', 'Andy\'s Pizza', 'FOOD', 'Y\'all know what does our company =-)', '060555555', 'andys.pizza@gmail.com', 'img5.jpg')

INSERT INTO practicatest.`companies` (id, title, domain, about, phone_number, email, img_path) VALUES ('6', 'Climatehnic', 'ENGINEERING', 'Good company', '079783222', 'climatehnic@gmail.com', 'img6.jpg')

INSERT INTO practicatest.`applicants` (id, name, surname, age, a_status, domain, cv, user_id, email, phone_number) VALUES ('1', 'Elena', 'Nidelcu', '19', 'STUDENT', 'IT', 'cv1.pdf', '4', 'elena.nidelcu@isa.utm.md', '060123456')

INSERT INTO practicatest.`applicants` (id, name, surname, age, a_status, domain, cv, user_id, email, phone_number) VALUES ('2', 'Ludmila', 'Friptu', '20', 'WORKING', 'EDUCATION', 'cv2.pdf', '5', 'friptu@gmail.com', '060234567')

INSERT INTO practicatest.`applicants` (id, name, surname, age, a_status, domain, cv, user_id, email, phone_number) VALUES ('3', 'Nelli', 'Garbuz', '18', 'STUDENT', 'DESIGN', 'cv3.pdf', '6', 'nelly@dip.utm.md', '060345678')

INSERT INTO practicatest.`applicants` (id, name, surname, age, a_status, domain, cv, user_id, email, phone_number) VALUES ('4', 'Robert', 'Oppenheimer', '40', 'WORKING', 'SPORT_BEAUTY_WELLNESS', 'cv4.pdf', '10', 'r.oppy@bomb.com', '060456789')

INSERT INTO practicatest.`applicants` (id, name, surname, age, a_status, domain, cv, user_id, email, phone_number) VALUES ('5', 'Sherlock', 'Holmes', '30', 'UNEMPLOYED', 'FOOD', 'cv5.pdf', '11', 'holmes@gmail.com', '060567890')

INSERT INTO practicatest.`applicants` (id, name, surname, age, a_status, domain, cv, user_id, email, phone_number) VALUES ('6', 'Rotaru', 'Dimitrie', '50', 'UNEMPLOYED', 'FOOD', 'cv6.pdf', '12', 'rotaru@gmail.com', '060567870')

INSERT INTO practicatest.`recruiters` (id, name, surname, user_id, company_id, email) VALUES ('1', 'Brad', 'Pitt', '2', '4', 'brad.pitt@tkd.md')

INSERT INTO practicatest.`recruiters` (id, name, surname, user_id, company_id, email) VALUES ('2', 'Quentin', 'Tarantino', '3', '5', 'quentin.tarantino@andis.md')

INSERT INTO practicatest.`recruiters` (id, name, surname, user_id, company_id, email) VALUES ('3', 'Iurie', 'Coropceanu', '7', '1', 'iurie.coropceanu@iucosoft.com')

INSERT INTO practicatest.`recruiters` (id, name, surname, user_id, company_id, email) VALUES ('4', 'Viorel', 'Bostan', '8', '2', 'viorel.bostan@oratorica.com')

INSERT INTO practicatest.`recruiters` (id, name, surname, user_id, company_id, email) VALUES ('5', 'Hans', 'Landa', '9', '3', 'hans.landa@decor.md')

INSERT INTO practicatest.`programmes` (id, title, domain, start_data, duration, company_id, duties, qualifications, benefits, location, paid) VALUES ('1', 'JAVA Developer', 'IT', '2020-3-05', '3 months', '1', 'Develop desktop apps', 'Know JAVA well', 'Work remotely', 'ONLINE', '0')

INSERT INTO practicatest.`programmes` (id, title, domain, start_data, duration, company_id, duties, qualifications, benefits, location, paid) VALUES ('2', 'English teacher', 'EDUCATION', '2016-7-09', '2 months', '2', 'Teach children', 'C1 in English', 'Hiring after internship', 'Chisinau', '0')

INSERT INTO practicatest.`programmes` (id, title, domain, start_data, duration, company_id, duties, qualifications, benefits, location, paid) VALUES ('3', 'Designer', 'DESIGN', '2023-5-25', '6 months', '3', 'Design personalised posters', 'Studii la UTM', 'Working with us', 'Chisinau', '1')

INSERT INTO practicatest.`programmes` (id, title, domain, start_data, duration, company_id, duties, qualifications, benefits, location, paid) VALUES ('4', 'Coach', 'SPORT_BEAUTY_WELLNESS', '2022-8-27', '4 months', '4', 'Coach people', 'Maestru al Sportului', 'No benefits', 'Balti', '1')

INSERT INTO practicatest.`programmes` (id, title, domain, start_data, duration, company_id, duties, qualifications, benefits, location, paid) VALUES ('5', 'Cook', 'FOOD', '2021-2-14', '5 weeks', '5', 'Boil eggs', 'No qualifications', 'Eat eggs', 'Cantemir', '0')

INSERT INTO practicatest.`programmes` (id, title, domain, start_data, duration, company_id, duties, qualifications, benefits, location, paid) VALUES ('6', 'Crazy', 'DESIGN', '2021-2-14', '3 weeks', '5', 'Do crazy stuff', 'No qualifications', 'Do crazy stuff', 'Causeni', '0')

INSERT INTO practicatest.`applications` (id, applicant_id, programme_id, application_date, cv, phone_number, email) VALUES ('1', '1', '1', '2023-10-10', 'cv1.pdf', '060123456', 'elena.nidelcu@isa.utm.md')

INSERT INTO practicatest.`applications` (id, applicant_id, programme_id, application_date, cv, phone_number, email) VALUES ('2', '2', '2', '2023-10-11', 'cv2.pdf', '060234567', 'friptu@gmail.com')

INSERT INTO practicatest.`applications` (id, applicant_id, programme_id, application_date, cv, phone_number, email) VALUES ('3', '3', '3', '2023-10-12', 'cv3.pdf', '060345678', 'nelly@dip.utm.md')

INSERT INTO practicatest.`applications` (id, applicant_id, programme_id, application_date, cv, phone_number, email) VALUES ('4', '4', '4', '2023-10-13', 'cv4.pdf', '060456789', 'r.oppy@bomb.com')

INSERT INTO practicatest.`applications` (id, applicant_id, programme_id, application_date, cv, phone_number, email) VALUES ('5', '5', '5', '2023-10-14', 'cv5.pdf', '060567890', 'holmes@gmail.com')

Tabelul s-a creat!
getCompanyImage
????????????‰PNG

IHDRr¾(y„rbKGDÿÿÿ ½§“	pHYs.#.#x¥?vtIMEâ
08Tv# IDATxÚ¬½wœguÿÿ~ži·lÑ®´+­z³dÉ’{î6¶ÁƒCè%@!$BH õ—o’/IHI 	„f¸Æ€à
¶p·eËê]«mÚ½}fžç÷Ç”;3wîî:ùîËeË½sgžòyÎùœÏ9GŒŽMiÍì_"þ¸-Ã4PJ!„¤à8‹6–itøB4:~[ûwñ·Ï×ÔêMjõzø9CJLËÂs]<ß?¯ ¥ŽãP("qu!rî\Gÿ€îGk?Ÿ8ú¾ý;Mð¿àµdÞW,0-Â÷{žG£Ñ@iM±XÀ±m„ÑŸƒë&î#ü.þor„EÇ€§¾é:R„h?O³ÙâäôLú€B¡ˆm[H)1­|ªÕÍV‹9¿´F?iY8ŽƒmÛH);î…Ì|ŒQ¥R¡Õr1Ã4ƒyÓ¥5¾ï)z{JØ¶…ç)?&?f“R©V¼ª4ñ¦FPã!¥DþKðÿœ1Ïb­5ž§â¹‹Æ5˜WÎ}ô^?¢ð™Ó~Öh¥ÛkTë.ë5xÂèÞƒÏ›ßzÐ9?® ¢{?×IìÎöƒ¤V©N.áö>Éì‘ì8£®³Û1gý'?6ýúäÍåÝYòeÉkdçAwA¹à×ºÛT€ÈoòwyÓ)DzÌ²¢ûÄoÔÉëf†@›ÒóØÉøž??)d¼©”¯°,‹BÁ¡T°ƒ›žóöàRZS¯·¨Öj1ìK!0ÃÍ.„@)E«ÕŠ¯$¥Ä¶m,Ëêr‘32:; 	``°(s=|?R
Ç¶±§cF\Ï£Q¯ãû>¶ãP*0M³â:>?«65ó¢ËBÈL‘Þßh¶<ffªx¾—ZpŽãà8NˆRJ)‘?&Õjø¾×,¢û6;Ë²æ8wD8šV«ÉôtCJ”ÀÍ4
…–ebY&JiZ-—jµJ±TÄ²ìŽµm¾ô0êpCëFÊÈÉ‚¹ÈÅóhv<O¡TÄSÆBÂÈ‚Lˆ‹Œñ@W££}I!EÀˆü}®/A{¿F÷!è0±È€¹îfåy(#d‹Ö~?'¦";?y/H^KÌzdÏËYÁšÙ?:2ÒÏ—y®Žëˆøâ5Àÿð+ç`?ÖbòžD§Ež°J3,2ÙñYÊ÷‘†Ä±mÊ¥¦!™ÏùSozTª5”RñC›¦™†Ø5àº.Jù 	,;ÃÀ´,ÃHzõ²‘è$-ó$È€iHJ¥"¾J_Ï÷}<Ïc¦R‰­cË¶)
8Ž?;?ÙE¥g±ÌE‡ñ(@è“xàz>Õj?F³™º¢iš‹Åˆ‹ð:)‚Ÿ]ÏGI½^§^¯wµ^’»Ã¶,lÇÁqì(rMŒ„á«´bfº‚ïûX¶E±PÀ0­Ðâ?¬aŸjµŠ4Êår|H%ÿ«³ë41?@€.Ã/xÖÔá(4B‹„©ñ•ÆWªÃ?¦Vûó¡õ™hYñ©®ç„`™¸~Þáð²@<ù¸B†V¾J§˜Üò½É<àK{¾]a3€?ËLÏ?esyÞpu·ÆuºÙ×äy|ñˆÌÛºo/Ë
ŸÅÓÉÎY<"£ã'urSx¾Ÿ8?BK1ÊÄ÷Y'šxÛ²(lŠ;K:e>6[?kïºnl?¦/ä<ÑW
×m?˜›&¦Pb.‹'ÔStK|x…€®èë)"¥ÀW„¥4®XŽé‰Õ†IÁ±KÓ4Æ‡Î±~f[Âí%ùT"ç}_S­7¨Õj©wRR,•ÂÃŽØBM¾Yù>J4™”åûTªU<Ï?. ¥?íØmi>FxhJi¤6½i–z-8Ø{ûúR?zÂM)[?¸LÒ³"c¹D *eÛBŠv}d{+¥ðý€î9ž}ž÷¤Cz(?R‘IJ£ËÕDfgÈ`’Ð¡a“àuþ×@­$!eLkÍ
ä9‡e7k<?ÂìÂræXÜz>dz6­Ö/‡Ryù@½f¶{Îû[Dñ¥<ì9è–Y?\d=0uhI)P*°výÌEþ%ù;?æf«…ïû¸®GO¹ˆ!EÇâyšz½IËuãëJ	³¸9RJ§@«Õ
¬x¥P®‹R
Ë¶Àšm¦,&Ýaåéh„"+]@¹XœXÜ¦Àu}<? T:'Nà{5ßÇó}
‡‚ãälö¤—>Åã±×É¿é\Ï\)M³Õ¢V«µç%ü,Ûqb?%¿ä=øJáz^À™‡@júû©V«Ô?Y÷—ç{¨º?R>¾ïãØN¾³D|?$->"
-XŽãkNçÌf†	ÆHh??ÁXi¡Ñº=!Ì#­5J	¤×rÄƒgOÄN²Ž]ÖÔQ8y?o?DþŒfÜe‘:t®g=0ÏÚ\B£•BJ?DäS
ÙÙ:eÇK3¤Ó‡s\=˜B1;HÏðÈ?O¼Û7\%³ßKô7!Ä,`.r«hZÛ†ÄÿŒiO&úÖŒ­7ÃÄqL|Ï£¥V*a6dh–¤¨Òwåù>ª¡ð}E±àP(´­5¥¡ÞhÒl5 X×³UI€rl¥ZÃuÝàºÍ&–ebšVhéNŽ9‡¡{?oñh­±-Ë2#“/¶þZ­VˆÍ;04Ðl4ñ=Ïó)Ì( œòUtÇÝÅc+ÈØž?nUËõ¨ÖêÁ"LŒ›eYí!?°ˆ,ñV«?»NpÃ §·Çq¨T+x^>w®µÆ)ð<ßoq‚Ð:×s¸‚:CÍy®‹ï‰ÛrQ¾?S(`ÛvçhéàÐqB§€§½6E›B'Pé`»&×¯ï«ü?)r ³D‚?Õ³Yf‰ˆÈ!
"K9? )æàìŠö‰“P«ÈC‘¨Õ":`(\s2<xU~¨Qÿ-j=°mÓbž;ßàDä’˜Ýî¼+P'ãÜák:_Ûìu–ÄŸËI®qf÷ÜÅèØ”6LË²0MtÄõz¥TÌ_'‰ÿ¶‹N?ôQJç.6Ã4±-‹žrC
ª?ÕJ;¸)’ÁÍY¢çIÚD„Ü9BÐl4ð</pCb&¹ónSÏàÑO*Ð”Švxá¤k?çû4Mf*•®üeÞÂpl;¤œœ6]ÒxËD€„˜uúš-ŸJ¥JËõR¯1ƒrOOŠR	e”
T£ÙÌ¡ÊÒT–eÖüÌL%P%^«Cõ?NðÒJiLÓÄ2M§@›:Ù]Ýq­ñ<?f£‘ÏóRÆ¿Ç]D§µœ
(é?Ji¤JXE ã@/š€÷UnpS“+òÈLObÝj?ž‡qœßÈÐkmóîs“'b®”Ès-:ùøÈnÊRJ9R‘@Ü ôÜî’×³@}Ý’ÙZëîwTKW`ÎÜ×lÀ›f t‡!›=t²Ëc4„˜ecšò²»Œ€Ö Æ'g´iY!˜¶WƒRŠf³cªEtz$•R*uX˜¡œÐ4±l‹f£‰çû±uhšf(KÐ
)·;'Âžs!%žëÒh6cÅ‹aš˜¡ÔMæÓ?Ò–ÌµFiEÑ1c)¡ïK)M³Ùbzfæ~Æ2ù^©è‡f˜wŽ¹N5¸ž¦R­uÐRJÊå2–efTmc ^oâû™JÇ®iÙžaHC†‡W5?j?%¢I¯-ö
„À4lÇi¯+?gU„ Þl†ƒHñÚÅ'¤¤YçB0‹H&R?¡‘¤š/ U¸E.ÍAB‚˜îéTiÝð]Œ	?äÅSÖøü€¼C™¨»¸@9×Œ^.RÇ(>”=i:B›J%è?r¥‡sòÔ³HÓVüÜ žg?·=+å‘Ç?DZ1Ñp©ØB§š%	ä³
$z?Öygb6_$6ò§fêº-åÓ©çÖ:¡•V
åûiéRÈE(7ò•ŸP¡$¹¶ðôõ´‘µnHòª‰S,¥D Ä3`)2êõ:žça…¹iš¡vÙHƒ¢ÃJÑñ (åÇ|}¬tÐ…¦Õt™©TBíóÿì+’O›RÑÎ<ßü\.OiªÕÕLpSA±XÄqœ¶O´?‚f«E³é…n'¥#2O4o¦(­™™©R©V)—JÁ8ˆü'Ð	°w!:•L¾ïÓj6CÙ#‰$1>ºRX¶E¡PÀ0Ì¹iÑ•¹ŠïÏóý®Š‚iaÜ»©I"Tz o+]„”)y¢˜·ë=‡U>ÇDŽuž
ü‹n?ø¶ešç…wJ“9Yûivpþ_ˆöºpØiŒËå¼s¬î¤çª•ÆW~›Z‰ ™ùŸ%Èš¤e:¼bÝ-Ó¤{\B¢RwµLI
;“”R4êu<ß?8º‚9„
?³¸Óšo)e¨o;§i9`Ž›‘Ç7†V¹aH¤4›-?Fœ|b2õk.³aTèQã‘ÞÉ‘^|^	4óø²-Û¶2rM1'ˆ+µF‹™™JÇ¦±m;N ‰ôÈÁ©8ù¹3ÁéA\û7ËÎî¸n
Ä¥U,"ÅOKX²Í¦K5’?vÓ$‹6XI)q
LÃ@·>ò4?¿t×ós7kÓõøÃ·\…c[±g |…çyHÃ à8Xëüå(94ßósùÊnq¾\Ìt‹@1«¦ŠÖx´ï”Òi¯EÌïiþ_¹Î€yò¾»ƒ8)ëôåXãI§ãeQ./ÄóBÉz~´KbOE]4_¾¯Rù-óUÄhÝ	ðù`®s=œîŸÑ6ÐLÙ¡A†26×uC7ØGùªC”Ý aH)ñ</';?4/žä7ãÓ*ZÑeÅ€ÈB
ˆ_´!qÓ2©×ê´šM”ea„?aAð2²øtÛ;P:¸†Œ-Õö®ò}·Õúâ-×Å÷}|_…ÉTV7-ÉeÝlyÔª?jÃ0(?«L;:{JÇžC”°¼z‡’T¹EsbÈÐÓÒ­4Žmbš=ÔjÍVŠÆH®^‘8 ëõ:¦iò¥<Âc/‰Î/”‹8¶Zƒ4lÃAõ:–çsmšñChÄ<ŽBPapSÈù?xÒùó86b%XRGž’ê€§‡€’lSDNHXÌI?ÏzïÝ‚ùycy	9üïìÃv2Vþé×¾[1/Küû5K"U"Ï@ëùI“ª9¥Tœ9¬çy³"'ñ)âNdw-ï·Ñ˜›ó!v(ñkÔëø¢muG7óÃGrl²†Ï×¼ÿµ›Ùsx’ž=†ïë”µ±zIË†zØ°bÇ2˜®4øá£û9Yi¦Æ|x ÈªÅ}lZ9€mÊø/“ÓMzî(;NQkzô-NY¾€‹¶,eñ`===4?àà1ŒÐKˆ”RÊH|R*™É¨«cjõúüÝÝyL²@ 44š­@“îzq@¸Û”º®¢V«§27£…R*1¤AŠÏ["ÉÃµ™QIÄ´L"‚cµÖ˜†¤¯·Œm[T*µÙWnxà¾pðÛwÄ0mZÍÒÁ¾”">^kè-:]!Ó´,¥be•m:ve{¦”>?tqÀ?â1;žrosâ(` çó6`$×ƒ
e¬kDÌO“’¢èù¢È¼À¡­Ë)agþCz}‡ð¬uŽc/º‚P®PãeØá³V:H©VôüÀ\ç+WbÏJ$Ôu/ó>èˆšh’I}ÑšÌóó
$Å}ZkL1?“:kù•Ëeš­V çöý ÝZkNœ¬s|²žºXÓƒ£ã5²tÚ±‰`óo\1ÈÛ¯>_iŽ?W™¬¤3?ŽWyj×{?.âõ­EØ{dš›~º‹¦Û¦o*u—'^:ÁsûÆyçU›X5ÒG¡¤Ë7Be‹õÒßjšVâªkF˜çy\ô¬ãcš!ñ}/¥øÉ[aÑiêz-|åã«@¦Xp¬ŽmëùšzX$kùœ?7m´evõz3’O¼ˆzñvßƒ’&ríåÈ3ßð×£/âî{i±·¼Qè	Þê5i={;ª6‰µfÅ‘­X¦Aåñïáí}jˆ¾%èÍoDoNèòá/4Ëpý›é-bP¯ÔyfßQ¤€u#;†ë‰Ý‡˜©7Ño¶<Ë`q¾çÅ?UÚbCÈ€ˆÖÁaóÿY_¿äÅ¼xÂ;é
æ:ïI?•V1å•—ŒgÞDÑ¼´äó°Yó?I…À%E`ptdÐæföHèf}Ïàœ/uÏ4çSk"AÇ¬Aô·Å”J6LÝ1ÅÔ=Ûœ„šoNz,ñ³ãH“XùÎŠ¡[kÐ¨7ðCk·Ã³Š’6ÂY–RpÆºE8>Ãøt ¶xñà3µ@»œtu×ŒôÓ_¶yr×	žÙ3Îõ®E
xfïxâ‹ú\{þ*¾wÿnjM?–«øÙŽc,îA+?4Š¥"µZ½­¾ÑÝßWqI€¼`œë{ÔÃ@ï¼@<Q.À0L¤Tøž—›0"R‰2¨1ZçÍV`?›†¥aÐhº?"¥TJy‘:DÆãD–4MZ-·c-øÿùü??‚B?˜E¨?@?úï¸w–ž?=Ž*ßù&}ï½góu?Äpú(•[>†?u˜ü®×bòŸ®í!Šƒ?Âgêâá/"¯ùsô9¿cÔŽC£,è¥\pR›caO‘Ÿ¿x€=ÇÆ¹ó±ø³_y5Žeâ+ŸïÜÿ?~z7BÀ¥[ÖrùÖõì>2ÆÄLƒ•CƒAšR¡vÞI«ÎÎ?ï…ÁM‘¦@èšFÖÞà©?•ò8æ(†q®B´•
ÉÔ9#´ùFû\þÞ|2IçÅÃŠv©Â}0W®OWot6þWt)œ5o•JgÐ¾ã^:J$øêŒG‘~*?0ôdh?wÖÔI¿§˜ÏÇ3Ê>‡îãiû?!d—ŽîÈ*ƒa9µ3LÓ¢T6b™b–¡ÔJ§fÝ?‚³ObóêA¾u÷‹ñï§*ú{ìÔ»×.íç²3WÄ@šÃcU––âC §h³z¤Ÿ‘…ev9	Àñ‰jêäŒ-î0páù>FdiÃéâû>n³'ÍG?’’†¿³m<Ï‹©éÓ¶£^],÷ô•¢\t°-“FÓ¥V«a˜A€´·§*t|Š¥PcIÁó|ªµ:ÛÂKP:B¬«ÿó•Ÿ?â Â0?)šßxþ‰?´ü<…«ÿcéV¼ÃOãî}gÓµAØtê(xM{ãÕh·Æ‚Ý?ìY„tÊø¾Oå¥‡qo|+ú¡¿ƒ³„`ºÞàd5Hs}Ÿ§÷IB©`ó¡ë¶ñWßý	ãÓU¾tç#üæë.áË?øOî9‚iJnØ¶…WŸ{*ë—Å#X,p]7ô£ŒÖ$&¨¨ŠfÂªî&î³SY!Y_½ëÛ”ïÇuŠ:A\ÌËÎÎ•‡ÏÃV]GÏÃT?è'A[?Ÿ‡¬ó
ÐÍÒóñÙ,ñ$Å“¬B:m’T’ä—?l@I*¹-ÙÌÏaÌOê¼ßÙê¶ô,ÔXÚ27³“›=Ëu&ÚQBÊ ¼«iv|¨ÎáÍ\OQ0eEN?„Î“ÏóUEN?’ÌVíÅåû~(›–bö•Š)!Ã4‰b‚¯rÝÖ¬)êY;
€$-–è,ÓBivBæ[J"É?kÜV‹¥0M×õPJã·Zø¾G±PÀ¯\ê¨Í?Òšj­†eÙ)½xLém YVô!—œŽb'ÌŒçÂ?àÝôÜ]?E5¦?Åüñ]øõIÌg‚”§kå9ñ“Ê£oó++-D¸µ˜“?4~2Ì3€§öá©=G:îû¿|97¼b_¿g;;?òÉ¯ÞÁtþW?y
¯:çTÈ	hjÀ²l´V´\—z½ŽešØ¡3Êq0¤äöÛne|l!%–iqÙåW°lùòŽÔùƒûösß?ïçT022ÂÕ×¼ª{xÆLy
‰˜ø™ª»[nº{<vVuÊlNºFÏÊÓ´õåó°+u~ª{W9¡þßˆ»{y ®g	‡ÇÀ›ƒYy}ÛšOì¡ÐÓVJÏ3#UÏZM¤|ÎÎ©ÈŒ©ÀÌ;ˆÚ*’îÉ…©…*D ÝÎ*`t~@E!s¨†ôÓŸ¨r×£ûâŸmS²aåB·ã>¤aàØfÛ
dn:Ô¾ë”õ•Ðë†¸_«…¥YíÀbw]jµú¼RÖÏñ®ù‹[îâçŸÁÆ‘aî}v'xÓ?Ô›.g­^Æ®ÜÆ¶õ«AÈ„Z'¨Ù’¬{# é™lÛ¢P(v½§F£?Û²B¥ÍH©¤??‡÷Ò½¨/¢[MÔÁÇhŸÛçœwPûþoà}
U9?púð=žOñü÷µW?òi>{î?íø'@«õiKç*­Ù{l_i)X=<6“Ifðàs{y÷•ç²ëÈ?}f7'+u)yÝ¶Ó¸î¼Í]ËÉuT­óHä8Nà‘IÉáC‡xÛ[Þ”ºÆgÿèOøä§>Ýa¤\yå¥=Ò>l^qáE\óªWwß?b–¤ùð ?Š°‰T¼TÌ¡Yè®T™¢ç{:dw1ÑãÂdá>ÒÝ?.Öz×ûÒ/?O—˜+®?Îÿq¶úâsÐÒÙÊ?Q,J‡RÒH,aíò×Ý’r²äD'?—•æ»1:°ÈE\a/‰ù:eÌv°ÄÊãŽr4•¿Sªã¤|nßxü}Ùá†KNÁ2$MÙYÁÝ÷5×n[K³å…E?‚‡ó}¿=ø‘è‚ ¸R’þQ¾gÚ¶E½QSbž nÄ^Kœû*Ò‹ïí?Ëï|ófnûÄ¹æŒMœ»f9SµO8Ì'¾};—oZÏŸ¿ù5t?]ÁØ‹Õ?F#Nþ‰?!(G[Ã÷UXkE"Ã-EP‹¼õðiÜöÛiam¼
s`MÃBÅë°ŠX›^Cë™[h>ñŸ”®ø$­?wƒiàœû®€?¬Œ2ñ?— Ævc®ÄZs	8å°?ô÷•™ž©rlr­5½%>ñ†ËhùmwªJ¡„£S1?Ø[,pÝy›S ?bÔqfiTnÂm”T¡XDÁ=÷ÞÝ1‡êÐüÉ}&âçœsî<Û¬W©ÂÃY´iË8áFä&ÝyqÑiæªÂçJÝ]q³‹00»_cÌ©KÔSˆü©~9‹ÄÆ×s‡ru"x)˜ÕÏ¥DÂ÷KdW?$º¾l7bˆ(RÊ˜Ž‰dÕ©ùÎ6®è`!’j ˜g0ÔŒO¹°’\ºÚš&U½[Ó?
±%FÇ)¢2õ?ë±‰[4SWè‚}'¦êœ¬6ùÚŸåSïÜ†itêÜµôâMâû>®ç†Ô	q	?týÂ&	½ý%Ì0Hí¯‚e261…)º,µ@Ždfê¡‹ÔÏ"Ô7¯[2Ä…§¬á+÷=Ì¯]u1}=eŠ‡•‹¹öôMÜðwÿÎ{þé›|íÃïJÌs–.
ÁØ0ð\ß‚©…b1æ„[­¾ÈòÌ02È†ÕQê·sÑz~ü'P¤¨o¾o|WÆ*­go¡ù‹)n{?þè‹Ø§\?,ôšÊmŸ@?î¤táè{Ë—¢Ó‘æ‹w?[¡Ñt™ªÖ›Êý®Y<”Ý4ŒŽú-×ãŸøûF'?R`›“•_½ûQ~õšæf“›Uˆ R¦Ò*ö@îúÑ?:æðÈ‘ÃT«UÊå2ØùÒNþñ>ß1Ïl{EÇ{wìxžãÇŽáy===lØx*ƒƒƒÁ½ù-øñGÑ[?ˆXrv;“3< ”Öpâ	„Y†Á?1°OMM±ãùç˜ž™fáàBÎ;ïü…¬™œš¤:Saé²e¦ÁžÝ»Ù·o/¦i²eËV.\ÈÃ?Doo/J),`ÕªU]Üî´åœw`h²õB²É4i	çœ­_|gh™œ ê\*‘ä½çJs¬àˆféVº6²ÆUôü¡Çå+…a±Þ<ÒžëTŽí¬X?ÏL$kùd©äAeÊÍI4W %àj«!DlŠ9ËB”JåP–	ŒääŸz®›®ó7?ðÛo9?õ²Ÿ=wÓ?¢ËàîÇöñÕ<ËWð,·>´;(­ãÁŒjŽD­…ž¢Vo†’´v}Ã4ZHO¹”³å©T¢¤™¸€’h'Ö?Js|ê†køÖCÛQJqdjšßøÊM8Ž?c[üà÷~?žR?ßýÖ-?æ>SË&›¨EÐ›­ÕJ…f³‰çù¸n+¨Úhš!?jN#·Í°ñ_º\kÙ«MÏh·šæá˜+·!{á?x‘ÊmGkŸâ¶÷¯oVð§¢Ø®LºXèV4ê¦kMÆ¦ƒŸO]>œJqos€š¹óžÚ{)o»ü,Þtñ™X¦ä‘ûøñÓ/%ÐZÌº“ÖRœð¦áÞ{îêxÍèè(Õj5ÞÀõþ?9õk.8ÿ‚øç;n¿•ëWsÉ…pýk^Ín¸žë^}5›6¬å/ÿâÏƒk?½„>´?Ö?ÿå{ª/µýw½ýì×Ðaà?þì²uó^sí5¼å?oàš«®`ýÚ•<õÔ“ñXMÏL³aÝj6o:…¿ûÛÏñ®w¼?sÎÚÊn¸ž×½öZÎ>s;v<ÏÝwýˆ]»vñ‰?ÿîgÞ&¯hÓŽ:QÒ9t³JVòäiÖ6†¦3ép6Ž|¶£È‰ãu€¼n×\É?$R¤SL£$3Û#k¼ó@I\»«‡?nRrå¼ç3;RCu:?­³æN: ×?q	j¨©ÔI‹\wdmö”‹”JiÕŠë«.<VN7)8|¢ÂžPµ²°/°ÎEØÒ,²ÚEÆ‹~43ÕŽcR.ÃºÕÁýõ„‘>R IDATõ–q›É©éÔDE52+8Í‹§­Ì47¥?ÓVŒ°ãÐq6-_Â§éU8¶?ãØ4þïÛ_Ïû¾t#?xúy^wÎÖÄÂÒ‰$QiKÅò|¿ZÅ
»öX¶'	¿’œ
¡}¬çÅ³žú>öÏþsñ&ª}‰ÆÓ7·W8G²<ˆ¹ê¸ÏßNó7boÀ\q^õNFï¤•;>?ì]Œ®gú{C×¦=)ðµ ÞtN[µ¤#È«µàÿÜtûŽ?cHÁ{®>ŸmW†?ÑÃ<½ï(ÿýèólX:Äò¡?ÔAÓ­gÖlß`•°“Ók^{=O<ñ8Gftô8µj<üÈÃÜ~Û­¼ûÝïåþûÊÞ½{X°`Ë–/­ùüçÿ–?øýßà’K/ã¢‹.æèÑ#|ï»7Q©TøÂ?þ=o}Û;XáW9ùb	ÙskfÑ?ßÒÌwÿ÷ç_Ãè¥xö…œ<9ÍÛÞúF¸ÿ~–ŒŒ°ù´-(¥xêÉ'8rä¿tÃõ<ôð£Œ,á±G7ùìgþ€ÕkÖpÆ™gñÒÎ™œœdtt”/|áøã?ùs,ËâÒË.gpp ÃçØÝ"¯V†÷ïÛ?ÅtH˜Sègá’‰c?‡ì¾C‡8vl”SÖ­epÁ‚Ôô<õì­&çžqzœöä³Ïa™&›6¬Ç0Z-—gvì V¥ÀBÐ[.±aýZzÊåxŽOŒ?óÒÞ}iµ?Öœ¹e3åR‰J¥Êö'ŸF…À[p–/]Ìª+ÒAÅøèN|×¥Ô³?¾?e	…ŠâÄ±?B2´dSªD?RŠÇ_D éX?SìCA­2ÉÉÉƒ$ËWG|¼VšE#‘ÒbüØhüØâÒZÑÓ·„rßât[GÒ??b O¢Z”å¨“¨žQT$#´è„û!ÀÏd{åÅa
¶ÍèÉF'÷¥Ó»Pv‰fa03{a•‘9F³H4ˆ~P$2uB5›ž[¡\Û¢…úí‚m3¼h?©é?fÌÕubdŠ]MZåyÀ"€×Ÿs:?Ýñ›–/fÃÈ0Í–‹m[”J%LÓä?ßxïýÒ?\¾i=}¥à^LÃ Ùj%tÏiéRtfX¿ÅŒ«I†Ù„ÍJx˜|­¹äTŠ¯þ#?ûW¦¿÷Ð
sãµôÜðyêþ²oIû¶í2öi×£Æv¡ÎzrpU|À¯ú~eoÿÏ˜üâUÐ3ŒsÖ[?
ôÎáØc35†ôâX&ý¥Bê0v}Å-?<‡ë»¬àŠÓ×qÁÆ•±Õþ?ë^Áço¹ŸéZ“G^ØÏ//\Ìo‡¼ª»TKkÍC>ÿ|Å¯dÑ¢!¾ö_áð¡CÌTf@þâÏÿ”jµÊÖ­§óé?ü_;å«\uõ5 ®Ûâ'÷ÝËÅ—\ÊåW\Á'>ùûAV¥Ø½{7>p\C]5ziŽ–qwŒãì?Nñô!´ÖLþÇÐxè^„'1×]„±åµ\¿ížxâq.ºø¾ü¯_aõš5ào>÷×|ö3ÀØ‰ÜÿÓŸð–·½?»ïj{¿÷ûÀï~ü“ôôôpçßÁßðz¦Oždhh(cÍ&šZÏÍ|„T«FsäØ(ÿå¯sý…°ÍNõÆÙ—¼Ÿby0î?›=žxú9î½ÿAÞÿ®·'€<øÛwÝÃØä$gmÙŒ”6 ¹ãG÷Pî)³~íj¤”ÔêunÿÑ½LLNašF?àû˜–Á¯¾õÍlÙHRwíÛÏ7¿s3VXÞA¾ç±jùrJÅ"S“üç-·a[6†P-×ãâÎåM¯{-¦i |?}/ÞO£:I©w!›Ï~#…Ò‚ C™ç±wÇ½˜–Ã¢%§¦F¯Ù˜áÅ§î@)?Õ.aåú‹ÑJS?>ÎžçsîJ{a„ô®OÿÂØv™½/Þ‡×ªÇ4¨¯\V­¿„rßâL­–|bÑÌNvº#Hã€RggÉÉ™:<uˆ£c•¶ÊÄêL°ñ|Å#Ïçød:S2Ûˆàù}c8>?~¿Ò†d°¯@¤^›˜®sß/öq$ñÙK–âz/Ùåêû*MSDàf°U*u'H,‰2Ü¤.è£Öh23]Á0­ O¥H‡£ÒÕóÝÅ³Ö,çO>—p“Ífß4°-›ó6®áú³Oã·¿q3_ýÐ;)8A×Ó2ƒ¤¦Ð"IO’
$âÑ-´ž¬LÙ3„Ñ·”_õYJ—~¼&Ú°NH1;@sÎûì3ß\ÃrâE¤˜#[éßmèæLPO8´Œ­™iìË>…i[\xÚZ¶?º:h "DÐ4:CJ®?3¯;S(	LÒŽiñÛ7\–
©"R+‘¡œ²µŸ#0ùÙ#Þ4Y»n]LMi­;q‚;ï¼ƒÿø>¾þÍÙ¾ý±øW_óêp?ÚÜrÛãû>µz?‰‰	vïz‰o~ãk<øÀýôöô²tÙ2¼Q‡“Ïúhß ÿaŠ§o¡òðcŒþÛw1l³„‘·ÿ)ßøú×yòÉ'fûöÇØ¾ý1,Ëä…vÄÙÅ“S“€àî»ž¿··—?úã??„Å‹Ç÷»eëV:Êãu€÷lõHÚ í{_þú?¸Êdç!—ÓVÛ©RÁîçïfó9oD
#.÷Ú¡,K=:e°ÉT„MÄÅÞ²òÇåK—ðÉßü/îÚÍç¿ôï<ðóGÙ°~¶m™ä­&þÕwqÊº5AM{…‚“"··?{&oû¥893Íwn½ƒ»ú—]ô
–.NÄ÷LjÓ£Ù·?5›^™â°%²ƒÞ=ül°‹}ŒÙÁ’gcZ†×qÞ¿Z01º“g·ßÄ¹—¾ŸRÏp?Zo9hå?V-ÝÌÚMW%˜†Ž|ÍÄÖ9ÔŠÎïP?âwbÏ«­p‰œ÷ZÃå©]£x	:dýòþÈ×^80‘qÓdxA1•ä¤€9úÚº6°2N_7Ì3»OÐt}¦*MîÙ¾?q=ƒKN_lÔÉ$„;ÝD…üK*cÌ5šnØÝ¨€íƒ¬T(`[µz¢~¶èÎ¿u(x€Þb‘¡þ^ž;t”Ó–?ÄAVÏóð•Â±mþò]¿ÄÂ÷~’ç?Œræªeh†!éíí	j­¸í~šZhL3àÄÛY‹¡²Ei¼}QùïOƒ0(l}ÆÀŠà~$ˆò@§­Øß†?ˆÀ='-]XE°Jh­Pž¢Q­`Ê8Å"RHS¢M×
nÕñ•B
(D²2ÁÏ ¥Ø–Ù®?O;G@f@<¦sŠ´=óÌSí¶hË–-cp°]àÛ7~‹ýðN>üá?°aã©üÃßÿ]È_À±cGùÜ_ÿ?ýÉ?yþùç‚ƒÆqˆ_{îyçkxn¥…`êá'(m;?]¿ó8Ž…wb†á?ÿ.ô÷së-7Çûìæï?›¿ÿ½Üõ³lÙr´Ö¼°c×½æúÔ¡õØ£?oßÃ9çÑ­­L~ 2íQ/ÓpŒo¿ë^&OžDÁóZ¬YbQ*¤?õ“û?ö"C#›æÇ£w¥Â‰9s¼}ãºuHi$ªömÛ(KÛî®3GÓß×ÇÙglåÁŸ=TŽoÉ´Šôô/åÀî‡Y¸äTú–Ñ­Ö¸ï¶˜Ûƒe—XµþRžÝþ_ÔfNÐ7¸"ÌðûÒú#XVÛ)¶3ÆÃ}+¥?ifú
AG²“ÖIje–Æ 	aKŠ7‹T¥¶e°fi?õ¦‡†J¼ê‚µ€¦\´X3²¥u¢ Tp­Á¾g?²?f«…!4«–ô± ×é eÛàôõÃ¬\Ü¼ïµ§óÈsG8>tÈ±Mƒ¡E.Þ²„=…ŽQa?t£Kë3­ÛEk„¼‡Z½?íØQ?-†4è-i¶\šqê{ÐENõÈä@:–É9kVðÀŽÝl^6Î¡Žuï?FÓ4ùó·¾–¿¾å.nü­÷šr_¡”¦X(à[&µz#ÈœUWÙrÝXëk›F0Ö~“Ú½‰@S¾áo)]ò‘|9#tË£S5éXJÖÕSZá+öA´†ÓpQq²ÞžÍVÐDëOÍM" •z?èÎŠ¶è7þóþýûä¬‹±tÙrúûûã÷Þø­o°bÅJ~õý@÷Þ{K–,aÑ¢Eœ<y’÷üÊ;xàþû)‹üÃ?þo{Ç;±m››¿ÿ=Þó+ïh›+¯ŠïÊºôr¦Ÿxÿð4¿ó·øýC´ìgÑ+/¥ÿµWS«Õ˜˜˜?{wÝýc–¯X?¯ü ¼DTF•à°¾/¼'€‹/¹$E?Þwß½ÁAµp!KFFº«SæRŽˆ6ÿ}èÈQ{âé˜“õ|Í#/4¸ò;n)Zö½øc†Ö`˜Ý?èðÑc‹Å ·#´Æ­V‡~:/ýHAÓu£R¯qïý±p Ÿ+.½Û²Ú4£”9v< IÂ`íºÕ«R1ÀfÓ¥R­25=ÃÝ?¾ŸeËFX³rEâ³‚x+×_ÌôÄAžü»œù‡Ù±VjÕT¦³fÓ+Y°p…R?÷üŒÍËÛ?w4mÅA"û4h*¼Ûª2=q(Œ)J½CX	1‚I0Oƒ»ÙæÎ:»iˆLýƒT›‡Då¸ÁÞoºâÔø?Q[.­5Ë‡zxûÕ§Rt¬”tÖSšz½?Ö:PZ˜¯yÅ¬œQ#'ósùpoê¥Zoâ¶Ü€#6DgRRønËKdoŠœôW‘nÕ¶|k6šXaïÎdyÇº*ÕÍÐtòÑ¥µ`A¹˜?‹?¾Ô!ýãóîË¶ñO?z€ñJ?E}=1H»ž‡iôõõR©Th6}Š¶öïl¡”?R¶e`Yzßù-„SFV¾)$òd™¶_9Uí³½RPk”GrH!ÒQ’C¡œ`\kµFœõ)D~Q T¡#ÄìfÆÒÛ¿o??ŒŒ° äi‡/fôøñøuïz÷{Ø¸ñT*Õ*ö^ÞE_À“O<Î÷ôÉ;åÝ¼ïýè>Ïãkÿñ•ø—_~Eüù‹ßýËzôsÔê6êèqL­éÙ²•ö‰àPw‚Ê?‘l´ÑhYÆ˜:x€þ§/²k×K¼ï}ïçšW_S?›7Ÿ–zÖÇ±€U«V³hÑPWKVtîäŽn\QYè'žy–‰©©°ô3?6=ç²aÍ² ”5Q§!Øµk'O=½«¬ð–;ïŠ›‘Dª½b¡m9ÇÖ³nƒ]R•tblœ¿þÂ?S©VQZ³zÅ
ú{{S²mY|ûæ[ƒÜ!q[._ùÇÏ¥žùéçŸç¥½{±L‹U+–ñÞW¾Ç	ïÁ÷¨ïÑ7°œ?¡õLßÉÎgîäÔ3_a¹ë¤ôrâÄ4‚¡‘-i08´žÑCÏÐjV°?žxÈ0	Î?»R•0•”H!ÝÅØ±?Aæ¹ßdëï`áâ¹ž}’
Opä¢3ï(jZ*4ÊUhAÂ¢ÖéM.
<)M«¥P¾Æ0ÛõŠŽÈÃ·»-Eu¦RÇZlå{xè¸ÃOö5®çcZ2¦E"îÐ”a…u‚“¢‰àf£ÙD Q>fûY•§ŠA¤ƒ«Éò*´vUX”©]¿< 	JÅ®ëÅ?˜;»¥#‚™z?õK†â eÖU³¬tÏZ½œí»÷síY§'¼FT+¦§§‡‚ã…í×À2-|ßê°+e™ØÅþ¹{‹&Á¶£xDt¨ë8¡AG\[¢.M£ÙÄó¼Ø­•)ÅdØè:ó±Jkª·§D£ÙJx8™Zd,óùO¼fïž=œ<(šÎKÈÏ:ël~ôÃÄøûŸþCî¹»P¼ä’Ë€ ûTôuï=wó­o~ƒF½Î¿ýë—xúé€¶)
?º%¼‡Þ36R=í<FN³`x†Ëœó™7ã,ZdJƒ×^ÿ:îÿéO8~ü8¯»þZÎ?ÕZ•í?=ÊØØg?u6—_y%Zk~ZÝ+V®d(k/ìØ+YV­^:Ó9'ÞuÜ•N—¶Rpöé§óÐ£¿³œƒÆ
ëV¯àÂ‹®íòéJ•/~ñ¯ù?÷–Ø°~]®ùÿ±þ*›6œ’’Øýåß‘ã³L¥ŽËI/á“ù Ï½¸“ùê7ùö÷oáƒïbIš Bèg÷£¬-ìv	Ú¶vlÑÂ…ÔëlËâ=a¦o¤JdÉ¥‚ý¼î´«™šØÇÔ‰=Œ)ŽDáûŠã‡žbÑ’?(åª•K;ö‡÷þŒµ›®n')?À•PoVcUÚgdåY¬?íÕ:höÿè@1Sò#Ý™1 œ8Zêj¨ ™§P6ípAÒ¬z´ZšE#´§ØýìvÁdùº2'×\TäØ‰iJý†Ð(J»ŒoÑ·ÐD
hÖaáp‰jÅ£Vm²pÄajÔ¥°Hß€Ãäh?É±¥›‹&Ç,v8z°B¡€¡¯Ç¢P6¨LûôZ¸ME­€}­ª($nK3´Âæä˜´mj)”?,XdR¯úÛ‰ h»1@Ä¯›–Ù¶Ã.–´”s=/Â¼Êð”¢ÒlQrœ„«Ôæv­ÐM”BrÝÙ[øÉs;¹æÌÍAÃàPF©Ã ¬vƒ–m–e}ŠA­¥¾2qì ¥Þì…“EÞ‘?ˆ·R~vž§|jÕ
ãØ…ýýýíy±u/âÕIÓy?š‚ca[f ëOôíš‰7[¦^ÂzW¾âðáC”J%Çá²ÈbÖpáEsß½÷`ÿuS››þÅöÇ(•Jh­9Û6N;ml{O<þöìÞÍ~í½‹EÎ>ç\–¯XÁÄø8[¶žž>?‹6§ø:žºõI„Rl|ÃÙô._ç4hà#¿ùQöïÛË?ßú&ÇŽã{ß»	Ó4éïïç}¿ö¾ðÅÜ÷Z?™™úúúØ²e+ÃKÇc´{÷nÇaÁ‚œ}ö9©Ú:?ÎT§n8©ëWº]ÒyùÈb¶?s÷=ðp°ï›w½émº-¢-µæÖÿþ!hÅwn½ƒßùÐ)•
YÑx°?ÈÆéuê îæ•êÙvî´?Ø´q=û¢Õr)ØNüX®ë¥’n"à•¡1´~íjÖ®\É¿~ãÛ|ùëßâ½ïxfl8jdBãmÙ=lØzÏ=ö_Ùÿ8¾ïbvì•N?ï¥^? Õ¨Ö4 u ?qäVm¸!Ìxlƒ?ìg‘VÛ¡;ëÍU@1¢½LR9‰ÉM+R¾š—R?É±ý¯ê¥6Õ`xES'xÂ g??m€a·é‰&ZH&Æ›´ê>CËŽ¬Q©ù,\,´fEá{
»dspO…r?I¡`13æ2=Ö¢6­(÷™¸Ÿ‹
HS0v¨J«¥˜643b¡‰r5vQ25æbÏhPŠ5?45Ê×L>¾§q[ŠzEá5Ã2†­º¢>£N÷?L.ªÌM³?(êî¥”8¶…çüf;Ó0±aD8Wh+€ž˜bé@èº&Êd
8kíJ¾qÿÏ©5šô•Šqª7‰f¹~Øí¦è8¸®GËó@˜|¥p[?7áØ¡W”ÁÜÎ’‰h?ÛW>hP=vâ8{öí¥¦=Êýýø•1víÛÉ’…‹X·f=–mg¸÷„ÒXd“»5†!èí)Ro´h¹^ÚOèæ“^Lûwùs&ÉûßÿëÜðK¿Œ”‚SOÝ_ïƒ¿þa®¾úzûúX½zMüžßøÈGyó[ÞŠS(°jÕjÐ?üý[nçÙgž¦R­P,Y¹rkÖ®åð¡CŒOŒ³há¢´C `ñ¦ÎèaÙ©Ãq.	~ÿ÷o>ÏGë·Ù³g?F?r¹‡uëÖ³tÙÒ‹¥"7}ïfÍ&CCCô÷õÇãzée—sçï4+W­êàÇ;’ïE¡¶/Ké”?®{?>ñ$ÓÓ.¿øB–,J\8X‡{ö`ûSÏê?±	~òðÃ\wÕ•]ùîn…›ÚíåtªBh˜;1Æ³;v²ù”õ-"ÒÉayï‰j¬û¾Ï9gleÏþÜsÿƒ¬üé2®¹âÒ°ŽÎt?Ò,Z²‘‘Uçrôà“a9Žr|Íƒ/=@oÿR6žñzl§®9›?Ïü7“£»;òCË¶Ä?dyªø~ôìÑßYó_“ôNG[¡Ó©àµ^«VqC Ôf|Š%I³©âÖ æs æ°L‹‰“J}aó_S¯¹ø^hå*XÄ>´ê>†%pŠ‚ÑCu†—•pJ
iè \«òiÎ(¤?ž¯‹. Dáûòƒf-†ŒÝ­À)J¦Ç<J}µ™ÀÃ0M?ÛRXŽì¨4–%§¼°‘†iqŠ® ]€Þ4´:ëÔ¤Px¡âå¥#ÇùèW¿Ã?ŸþHøþtÿÓ5CƒOî?Ìe›OI"á-Ïàù>†iP2e ºQA	‚ Xà}X–‰m™Hµâó–K*9¤àÍf“™Ê'&Æ86~e[ô,¤ß±ƒ,e­)2:=Ã¡Ç¥ß)²lñúûû)Ë¡4¯r:^*ØØ–A½áâ‡uxÚ‡XÞã–Äeò¬ôEÃC‡ Ò>|Ëå2[O?£ãõCÃÃ' ¸‡pñ%—v*J–/?+(¦€C)&g*ˆ²Œƒ¼"“Ü¥í¯\¹Š+W¦I¥„AhÁ†ÓtA8?½½½l>í4f¯g"Òe9;A¥Ê¹ª„÷ökïx+_ÿÎ÷¹üâ‹:êö+ß½í\·Ò¡šŸ>ô3ÎÜº…‘p}åÛTÝ[é­–Z«a™‰¦‹k¹ñ¡­tÐ¯õÀáÃüÑ_ý-žïqâÄ8Ö¯åµ¯zeXN PH)øâW¿S¥žçó‰?|?e#KÐJÍ¾½ wÂ¯¿Žcã|çÖ;XÀùgŸî¥žç¦“ë/fbl/?ê¾
p°2}”©ÉƒŒ¬8›rßPê0ZµþBŽ|’Ñ£Ï³pdRac7'…U€Ò;ô4cG_@?ž}ÙÚW°bÝ…ó«kÞòt:~­“Ý	ƒßÙW¡g??Ûô©Î¸89Ö`xy‰±cu”‚þ…6†Ô;XÃ)˜,)qâXƒBÉ(/P?xž¤§WP™ö)ö˜!w|¢aüùÀ"‡“ã.…’Ä°}šEmZ18\Âs}¦'šô,L?×@iKÐ¨)J½&õŠ?SV L|Ê}S'\,[`$ÕiŸ¾A‹zÕÇ.HEmÆ£oÈ¦oÀÌ=EŽ 3’üùa½s!wÉã¾Ò©´ß`Q+¾rßCœ¿~57=ü8ß~h;·~òœ2²8nL‘­¯Ü÷07ÿüInûÔ‡S¸R’±8è´ak6½ÀªM”æ•a«*Ç±0egÚ¾¬AÐhÖÙ¹ë%&DÉAšfÁ	<ˆ®‹L \¿YÇo4°<Íª‘å,]¶¬Ãº'§ª[´‰ë7|Ñ)QìP±ÌÒÝ¾ÃÃ`îØAvˆ¤?#»ÛR¹ý!]L„tGšÎ$êÜ3/*>×n–s@ætìÉ­œ*ˆ'A&*£Šìßó4?é=iÆ÷jHÁÞC“ü×]Ïã„y#:âë®¹’ë¯yeh¥?319Å²‘Åô”Ëñ¤µfï?C´ZMÖ¯Yç}ìÙwÓ4X±lR5ú÷8D½ÞÀS>ÇfÉâÅN*P:=SáØñÑ”(AkÅšU+)Ø?f“ý‡Ñß×ËÈâÅ ¡Z«qððË`ÝªUh­™™:ŒV>ýW%X	M­2A«1?4Lú–Ó¬Ÿ¤^›¤X^˜j¶½ÂÉ±½HiRî[‚”n«Jåä1­jËupPMO-õ¶&°TÄ.ô·ço–šê¢å)Ý‘&§“aÒ½ë"K(aëD±ª ‹?q	&Ìõ|f*Õ€ro)#ŽØëD]‡d?žHöç…å\ÛTR[á d§lÎó¼°¬®Ñ¥Ì§že³vZˆi—%½WSbfX¢TÇ`.eÐÀ8œ´»ƒ¡57=üö–øÂïg°\`Û†µ¼çŠ;@œ0ýþÃÿöm}i{í+yß•åÜo¦þC¸É”Ö4Cë¼Ý»P#¥?m™ØqQ3?yî¶Š©Õr¹íîx¡RfÙªaV[”L…)TªŠdrP‚àøJ2]ó?YÁç’SWqÊºuí±Œª[G?ë«ÄsˆpMÑ,b>ÝçEºËŠ˜?˜ÇFr¦¯èæëYÖT
ðEŒÇ*yÍ.]–#±‘&Ë+‹ O—?Õ‰¼‘ jŸŸ×+ÓÚ­Õ¨òôÏ¿I½6Ó…
?!$÷=Õàè¸‡?Áëûzzø½ßü½½=ãSçRy§ÈÌk²ofà	«Ü÷´{`æ¥’"ÓL9£¤êr)ŒšãÞ»½¾?äÓlÄ:Þ„t2º&‡˜}ÈtJ^_Š®%4óÁLd'±N;ø°RÑŽ[š@ÂW­Öãˆm¤?µ£,‰k$ŽV*î¬cFhý&C¶“ãå{¦“«â¬,!?QiÑ¼ãÂ`‘Ä-Yüª]ä)úWùAÃ)%†4â@¤R_ãj)	ƒ€‚m×ðÍãÅ££¼þÜ3Ø}ì3õf{!F÷!À6M¾ü?wòÀŸ}œ»ŸÚÁ~ûÖ¶Ž4YDKFŸ<Ÿå’ƒc›q‰L!ÂÔä–K½éâ…P¼Ñ’ò/`|bœç_Å4×P¯/fçÑ"/7yé¸Ët]#¥H„0hy‚£S-?{´ZËqÍÙ[Y3²˜={¤ÑÅLM”+³ƒr)è–ÔNË`ãú@Z·ã³€xRÂ¨g§!óÅ0‰~Ÿ]o¿Ã"×Ý±œáë!R= lN* IDAToœÕBê°;­’Í?j?DT™o6^Vk°œ2+Öm«}J?)”†­k,;,‹!%W_vqÄuwã){øfJí&<Ú·Ý¨†dSÙQîšðk7€ÈvJ—³U9ÒØ®‰FZwý[ª^Ž,™°È[²6zêðHöËL©ìf¥ên•ÉrÖa´J'æ¦"?y­ÖÀõ¼6?a!-cF²+·HÙbA‹¬ hÀ»wLP"‰Á÷}¤a}8#à?<)ÂTïàd”É
ƒI@_—ª@—ê©ê†hh¸cî<s_)<Oáû:qX¹h!¯>s3§¯áÚ³·pêòž=p¸}?$Àèò”Kü×ï¼Ï÷ù­¯üW;`–à‹Ã“™`Ÿ½@[®?e‹V\39âö=Ï£Ñtq=Ÿ§:>„ƒ¯jµN³QeòèA¦?MS9*©Oà[kØ3ÙÇÏ_¬sì¤ÀSW°÷h?Ç›¬_º”«ÏØÀi+†é³-Ž8Â¾½û0òºnäþV^×íMVtÌÀPíjùq?ÌDoÉö?0¿0R¥?»6zHYâ³Â}ÊÄŽöHd¨è¹h"M¼Nu’ÊK5Cèóh=«n­Æ@Øð²3(÷.NØøÁÿ‡úV/Räqé…¯˜Û»‰,ÚD¤}`‰TW¢Ls<¤¯×¦•ÒéLç°ST·• ¥ìjYg5sµpËSßÌê1FÙ´JÇ†jžÕ?=´D’Rt=¥uÇ±•Q+$i”ØmPh,ß÷pl+°üîêL¥F£ÙŠ]ß÷q
… 1G§ir>/’ø´]![ÁQbARÆ¤Ãþ›QÚnl=uð«‰?žWSw.Þ87C.ØTÒ?q¦™ï«´ëO;[¯ÕrC?<?›ÞÎ›/:/“R™,óÚNxì¥}ÜøàcüÝ{ßÜaq%·~Ô2ÕW>°LI£pç"ãÒ™†?e…)Ï‰‡;zô(ÿzã™`-}(:}˜f¤I±¯@yÐ³Ê`©É¢¢dÅ`ƒ½%šMŸJµNez†‰©Iª•ícÝâ\}å•€¦Z«óÄ3{0É¢…ýô”,^o¾ƒ‡Géë)ñÔs{h¹>+–±nÍÒ ?ˆNY·ü«¼?ÓMj®çÀ[)ó­ÂÜæ-³•lÈ§ÐÓÖ—È¸ü¢SWŸº@‚×n:G‘j •ŸV$f*¡æ•‡mÔ§Øþ“‰ƒvÑs¸®æÎÇê|ìÃ¿É²‘Å]-×HZ›­ñÝÑ· ºIÍ*l"CM)ÕÙ„YŠÖtÎ§ˆi˜èûÈ¢Ÿ?:™­!{ÖŠŽ(×(±QçHî"Òó40L?S0gV‡1â²Ã?äû¦i$@<¸§z½I³ÙŠOß÷±l;®O®;ø²L_IÒõ{£Ó›0`'¥Ä‹:Ôk?¯|
…R[ù‘ñtŠw‚%ÍÉ<ÌëÝÒùOþŠ(9V£|EK…Ð4CùŸ¹¯žr1Þ€AâOpÍ·^|>Ïí?Ìi«–åê9jÍ&Ÿ¿ã^¾óðãLTkœ³v%£SÓ,^ÐK§?~\¦HøJÑp}ÛÄ2%õ¦‹ÛÚW¸aÐÅ4ÍyäšÒ*Å¹~?lÔª?PØF‘VEÑ˜®S(xÅyC¬†©ŠËÔd…JµÊLe†z½AÓuñµ,Sñ=ž›àO?÷M,[rÁØvÞiXŽÅñãã¬Yµ”?}êüÊ[_Å×¾óÖ¬ZÎÓÏ¿ÈÍ_û+^Üµ?Õ«–2Ð×ÃŽ?ûèí-ÓS.Q«·˜©TX±l1'ON395ÃšUËbk?¹¬çÙj†Þ[v£æ#»€x×¦Ç9»÷¡dýv³Ô‚5%Co+ZoiàÐ±f\i•²Ì“5µEÆO>Z¡¸€³/y?n³’*¡€Öœ{Y‘ÞþE.O–ïŽJ¸&_ËKCy`W>aÔEõŽVùuÉU÷ ¶”‚$ÕYñB0«5œlœ5¡)áùënGº`NÚF$
Š©Ì!cvRyM´rŒÐ0¸iÅ‚?RQ4[.µz#þø ä¤‰f_µ-ðü U’MNp4‘Jë°øŒ€‹ëR(CµˆH]SÄòBæ~Öf¯"7Ð­Oaô»ÄE\é@é WèÌL5è×ÞK¹T@wð‰áæ9mÕÒÀÍKMxðé'¦+üËÝòoz'ç¬YÁp_æ\ÑÊD¨'V‰RÐlùHCP*Ú´Z-7ðl¢ÃF+?2?¸ƒ?”†)Q? à¬¤‹ïx†?m1Lßu?©Y< p[.'§§i44[.žëáz®×Bh?i˜ñ³)tx/}<6Æ¦™~ùŸaéŠûûŸ©óÈã;Qž`°¿_ÜøÝ{¹ý¾í´*~ëCoâï¾t3B{¼ç­×ð¥¯ß…ðÑ¼†/|ùvJ½%Þý¦+¹öªWäZ½Ùò Ý”§mëNÎ#C£‹zu^áöNºPëlç?^˜9Æ?Ò{2é.èD12•éÔõEØ¦Näú£Åò ÅÒ@L+ê.à{L)k:ÿuQw²HÆ›´xã{S:–ƒJ!c>¹[ 2~oÎ˜ÌÜÎ>aÒJïf?w£Xº°³L|'gžô˜Û2æ ö&ˆè´ö8É¶¥*2?;Z¥$­þ7ÓÄÛŒ¡çûT«µD)L…4‚¶[Ib1Ùý"eE'Ý,‘Nøˆ\¨h0EˆÂ¶ì€›Nðáxt×>þýž‡¨4[í gt:†™U“Õ*_¾ûAžÚ{0^¼"Ã›·?¸Îà(Z£¼:ªv¿z÷äAdc”Êø^tõh¨`‘íÿÿ¤}w˜Uýþ{¦Þ²}7»›lz#!	)„ÞÁ€JQPŠ( â—^A¥¨ ‚€(RC/	„Ð’!?„”MÙM¶Ý2íœßçÌ™3sçn¢¿}ž<Ùr÷îÜ¹3Ÿó9ïç-%”ú:A¼pû:·?z0È›Âïï„_Ø*‹äH#šðíý÷Ä¯žxµÙ¬"Ä¬ÌMd	?…v‚¦iÐtAÀàº²¶U±€zžÏõàºü€ÂÌX\mJPêÃ|Ôõ}¾Âô?É¨AÀ‹¶ï’mD
&„R¦i)­h>Fw´£s[?6mÙ?PŒÑŠ‘Ã[ZÆALB©ìcÁ¢•Øæ$`t{Ê®ÓÔ°×Ô1ÕÑµ}FkÆø1­ð}–©aÖ´1èÚ"«bÅ0xOââÕiõz˜Sg¼q|>?·H$DÞ+©ºûÕ0|Ï)£Ò;%‚ÜXÕƒŠ%'»ù
,I´0
§Dþ$ñ$žäÖ3ì¬UÌ:¥ *æaA´ˆÊ¯Z|ÕÁhò@ˆÒ™Wž#U-š„„pV9«·úˆEç‰ú¯?MÓÄB‡ß÷a†ÜÊ©—[<ÒHò?dŒZ&cÅð[Ot¡±©+eÈf²2aºb­RW*·Uß ’â½A¸
!€i™ñœ<üæBüðÏ?!ð}Üüä‹XuçÏeL\øzúŠ%Ìºü—èêíÑu<vÉYøê¬i±Õ‘ }›ÌÀÀ¼2¶Ì¿ÝÝƒ ¼CÌŽ£ æû˜tÁFF±þ?¡wÕðË…ØE¯Û6jG‚1_ºn`ùCsxeÌ¼h¢ˆ-ÓÐñËï|—?ðoL¸à:¼òÓ±[Gkœ‹†4ÇçÄ®JÁCŠNœâ…È˜+ JÐ@z]ÐÀ%:ß‡¯¹|QÔ•<TÂñxÏóáû>ïÆi/ðàùTH¡£] ïyØcêp¼ÿñg šFtŒÑ‚=¦MÄ‹¯¼æ3Øpè>“ð¯çÞÂ—?ØšnàÔC©èbÙê-`Ä‡Ft†Æº:\pî·ñÛ?ü_:xO¨[ž™¨¤Ùò®ââl+?`“q-Fz÷]5Ð(Äç*¸ô•Ù~›\”…A\³´F‘lr×§ÐE˜Z¤)’‰`Œ¥'Á³Áöv”ƒ|«21Êªú74±ÚEQÍÅ¬ø¹ÐxpQ"•D–9©Â>¡@/d´$óJ“Å¼Úñi2˜™%KÜ ;4R1³c,¾¸?„–Àè( —ÍÀ¶-‘Š“„PÔÿ©€Tr›ƒ÷Š    ”xü&ñ}¹\ºiDÌÄj©ZW"ñBã+bÜÔÉ€1Ø™¬\½ÕÕoñçë5¹6÷öãÑyñ?C÷?M¸ï}y>º
hi¨CWßÞ_ýŽV
9KÑ­DkAió‡èþè#‹ÑÇßÍª?N(JeW«#S?ž?îÆŽeOÁª†±ÇÞ3W?À÷¡‚íËžÄ–ïCç¼_`Ä7sº¢U»‘Ãófé:n?ãDüðË‡àg?=‹»¾ÿ-4Ôäªà«¨ª•ÓÆàS¦pmyº?a(—Kü”2¸?ßó ë”ú Ì¥h ƒMC˜l±?æïyø?R*;ò€r'—Ï!?3POÃ´É£Q*ø.$ð°mûÞœ¿®ça{_:·ö‚hÜ¿^×?<ñŽ>j_Ô7fàyEŸ×d°vý&<öø˜8i>^º³¦OJà¬¡×	K~V²U…µ•B>7a•¬–ÔgŸOveÉŽ0qCW†	³
à>."‘-YQl•¹”`a‚tb€*2R¤4üž-f5Ë»~¥`'ž?Ã'¼Q¨Æ6Qñt]×ÀhÄ/WÐ¤øNŒ©88÷Õ¸á	¥U¨­lQÆCû¥JªÞ.`í\Í«É]†zã&ÿE&cË®ú„•?¤¬Ù–)¬j£ƒ+Ëb˜%øÜA;cÃÉÕV?)­V’/I»pÂ ¾rûž‡ŒˆBS›šØÞRÆŽßØk:|ë=<ñÞ|÷°ýb?ÃSï/!ÇÍž†¿¾úŽ<®²ç?Q†ŒeD&âøÏ‡ãûÈglP§Ì/£y?ï¢nâ±°‚þ?"2âÐ5¦e¢¸åcPÏÇ¸¯ý	?¾;5{¢wí(núP|IN?“¹Ã»u´á¶ï?¥ë;±ÿäq	6Q”¨ÇXŒ%¤b?šÀÃ¥Èd2pžç!´P¶L”ºQGN=h?0Ã×Mé†È@!¤â‹°Œ4`<âŠ!æŸËf°ïŒ17v8fÍ‡ö?Šî-=Xµv.>÷ë˜‹žØcêX8Ã?/8#Gvà–»ÃÑGîƒÃ™?M›ûÐÜX‡ŽŽÌ,?†išØsÆd¬ß´›6ïÀáÍŠÝØÑö~çÕsð›%R…mÄªí’*”?ÞÙÒ,Æ°!±{µ‚†#›:Tì®ÒÈÆpHrÀ˜ìàÕ bNÅK£òišƒpä€Se?hš€94h?Ò0ª-<‰A@%m?ÿM•Å¢2Y49£ÓîÓŽ1^ÌµA¹ðêëT»tnÉ?ÞL¯+»€¹ Ô×¨b4	­ð¼Mnõêyr¹,LÃ7%?—Â>Õ4t‘™á8ÅbŽëD+—`?Øv&õúTW9$˜ŒÆéâgÁó=I3T»MîXäŒÃöÅCo½‡Ï6tbíÖ.ŒnåSõV¯ÅÚ®í¨±Mœ°ß,üõÕw@¸¾?sïyï®\ƒ¥¿½.v”®ïãº>ƒÌÿ¯^ZõÐ»Ø?©á«ÍÄvJ‡ep·*Å
hàIÙó`?ar’9´±ÍµùÿfI—?H’ájYJ#°»¨\.C×4Ôå`˜ÛA>ÑA4¦#<0pÊ¸ƒ<šðý^àÂñ|Ø¦†|>'Ñû¶Öfüâú?2à÷7_B€é»?ƒ0Œ1®çŠ¸®L“'	ýåöËdsñ‹kÏŒ+?ÅçWï6¦¡CÓÏ£ð|ŠD^ÅN‹y¼›"ƒß‰'*ûExA>ã
ÍBÆÈÂÐ¬A†¤$ÑUWçN3–è$«R‰4j
¹ã1¨€)ƒ{R©®eÉI
4Rí¼H_ µ«fÑÀP#DZÆª‹B¨	ÎTãö²aÃÃXª†éõR$•µ„x;/‚T6‡GÔ ˆ?‰€’d‹AgâdWË·Be$‘g;QdÝ†ºõ(‡G²Ù,l‹‹oŸJ8E#¶eÆŠRÙqQ©0*†mg3J¨@äo®†TZî*[ž
Ó	‘R"¼Ác‰öê` 4•ÛµÖ†:»×T<ûÁR,Z·cÚx!wÕZlï/âÜ9 ÆcÌx·¶¾k¶öõ§vD[vôakï÷GÏ¶€YìXúOd‡íƒ@Ëó c;?\ëd”i#ˆ¦§òœSßU’äÃ([SF’-˜†g¬õÆ#‰ Ü¸x+†¿JE¾€Ïh?hÈår(—ËØkÚnð½Åø´s;Š´ÌE:â*Bß÷àù<?@ÙsQö]”Jhn	“G?À°¡ÃRê—ÀÃí?cp=®ËAÃ4x?ÝH,æ3“Lºàöœk™<1Éõ¨²ýW·ßü$cûÈ®¶KÊûöéÖ·±dóëØV\?>§e¿J˜º…œY?ÆlFÔí†}†?æ\GŒLÀ»Eƒ+ìÒÉ¦±d2m‰?Å¼°!HšrÍ1pü“’VÐ"[æxl\¬ãejqÕ¸õ«²&ªŒŒp‡¯ëº0æâ|rîÃwšüq,*átC+¼”BÎïÒy(0c»,Ò‘‚ü—ÛIïVqºI|šb$;e.f‰º®#ð<=”ËÉ•Òx®‡?bYqB¸D>—¯Q¶ÐD†Tco¥‚ý$?¨é:ˆÏorÓ4¡Y–¼ ¥¼ž00˜ÄÇåÇ|	ÿY°¯²ÇÌšÇ÷ñÂâ¥ Œá¢cÇšÍ]q¿Y	2’oj¸@PF‘¶†õ;l{÷·ØôÒ¥`Œ[¯R·bØhÚ÷jŒ<øÊÁƒlHlrQ…½?ÆHIÒQG&
zµPA/$Š±)!)
B£Ìd2è1_m¬Ç´u«ñÑÒÏ±¶}~àæAH„Š'p]®SF©Ç+ƒ”]×ˆûï‹ö¡í	VSLÚÂÌý¤]×ðWê†Tºj*Ì¸yX$(s=~@`™:2¶!šêr©ÖÀ4–Jõ"N°±o%þ¶è'è)oM}Xà{(ûl/mÂêíáõµ?bÏaGáÄ)—A#|±Ÿ·îq8êøõvWp|¦Ò@â”°ÛM?
4Q Ô­?ITž
–!XÙýž[õÌs&µìW•¥¢ÆõUÏh„€g?i:("®|bÀjV"ÿ¤t?YdªCÐ?4@YPyîIÅÈ“,›¨˜k1¨2­¾îÌóGæ"Øi"ß õRbäávÃ÷²¶†lÖŽ[~ 8Ð<,´Xrá8ŽP?Å?Z|ÏG6—“	7qØ$­í<#ide†Üö»®Æ2¶ÍÍô•ÇÝŒûî6#[›ñôŸà†oƒBÙÅ[KWcúÈvŒi‚å›¶Ê­J¸#H—6G[Tž–ÄÐ:ýÛ°G-Òn4Ž»6bÕ ïÃ»Ð?ó\fÿ!ëw‹eU¦aƒÓ+ÂØ§¤^hÌ£¹¢t¢iÂ˜¬Òþ5d"ç´®¾	ã&æ0|ä8lÝÒ‰ek¾Àª­]è*öÂñëá³xTÇ¦®ÍèíÚ†ZÛÄ„ö¡?f4š[š?0a=5¤"nkêù¾À<	,ÛAà@ˆåÇvlÒä½j°p0”‚¦a cÜÒ$‚ÁªÐÖv¥Kò|sWß‡·ÖýÿíÇ›æâ³mïàÔé?Aoy>Ýö&ù?Xl`º›w%ÌAâ	UøÛ4Œ&ÓH¢ö‰b4‰–xf–Z _YûºJðÈÒŸãg?—~ç†Z?dçÆ7$3‡l]áDÓð+¹ëÐuAàÇžžÈ?õ@6¦a1ECÕ “Oî,’¿ý¬zg¦‘ø¬dgÍ€l×HjîGÕÇ3e—dð÷‘J?“¾?üÀGM>B¸0D¾$¥²Çqå
Ïî)óe[;9äôÏI5jV•3–Ífá{\ÏC©\–¸nˆbPñzÂ“ÿ?CöÁ/+6mÅGŸ¯G¡XÆæ,6*?ÑÐ*aÉ¯)ÜTÆ.…B‘{k/Œº×h€Ý:å?óáy|×?a•;–?·#šv;Dt‘€G‹¡âk<ª¸{T™5DRF™ô»	_ 6¼ÉmnØ‰€2Â^¡ÃÊ`hÇ(ìÙ»ËW,Ç§áÓ¥«Ñ¹ÖCÆ	°÷n1qâDØ¶­£äv? ;à|Pê¹ÜÖÁ2­˜ï¸øÜê7I¢fé	ÊçÆÈØ&2ïÎý 8wõæ{hÉÏ°¬ë]ü¯E¯Zx)Nœv!NšzÞÝð,öqlœÉU¥ W‹r;Jƒ
ƒŠÙ,S1ô¤…Eåß<däÉxqÍ_qðÈ£+’¥SòÂg“pXBTn±(ås]4`ÉÁkh¡º¬òbDtEòðA)U
4Méà#÷ÇcO2½RÇÎ¬’é"u.Š=B|ÿ«4.©;Ê]‹%·ôLtäaÞd¸µ,—=¸®?Úšœb5éÿ;P(qüR)”š¦!“Íb°ùt¼h?ŒŒ*¢…ðâÑ]‡ëò]ãÅ\ÕˆkKpÔŒÉøí³¯â/¯¼?…«Ö¡&ŸÁA“ÇÇ²¤|?PÂî &ÃãB×xÐ‚ëúR`dš:Ü²Ÿ0oD×A)Þ/n±[â kç^??ónÅîßyÔw¤?¸_ê?fd”b‡Xßl¥9Y¾s¡
'¶e§cx„Hâ¤2c<OÕ4L”ËeÔ76aŸ}öÇÔÝ{Ñ×³†i£©y4Ó„ë3hzË4*œcÿñí+¥žÇ‹8?ašÐÖ©åÀ¤³eŒ¾Q%Â,.h²…’Ó0?Í˜0ÇÐV§¨LJ+âÿüô–ÿ¯"Aó8úkÐˆŽ÷Ö¿ZQÄcÅœU¿’¨¹êW¤¢oòñ”U@$e˜ª~1©y_ìÖ¼OêNZU‰ÇºÙ˜
‹ºã$tSkPù€Ðà.Œ‹ŸK×uYÌÓäýIŒ\-ô’?ÂT–
?‰wi©ò¼+qF‹ñà,(†]ïâÕÃ1h?¢PCÀ€ž¾ò9ÙLFlÓøÉ¨¯Í¡T6P,•…J€l¾Fq&L?|­^ÔÙÎü'Ò{ÓðÃ²,¾Çu¹»¢a$¸§c[[0ihžÿŠ¥æÌ˜‚áÍ?±0d,ÓGu`ÁŠÏqü-ÄáSwãñi„'Å¶a³¸	(
?K°ã“å…
ž^Ô¿¥Í‘i›ÎýÙ‡ˆâÊÇ±æ© ¸y	ÌL=ìºá(o_…%œ?ÀwÐ2ýtÝ@íÈ°}é¿ðéýG"ß>]!?_FË§¡Ðùì†ñ°ê‡!ß6µÊYá¿ç¸Ž0Ý9‘rO¥}ÄLR%ÂáÅ¼õ&Œƒ‰½µÙl®ëÂó=äjë?«­ƒjŽîy‚ €g™ÈX&ÂF'\œ˜©0¡(åPYh<£¿*—x@ƒ?qð¡Q:ÛÃu=~€lÖBÆ6àz¼˜Ë@:RIkQŸÿ?õOáýM/üÏEÜÊ¨·[pÒ´‹0kØár?oÌµ¢ßéA?]Ÿèé?æR|¶íl-¬?†–üpLhžK·å«~oã³°õ¦9º¦£»Ô‰¥Ûæ£àö Î‚‰Í{¡97,¶ûÝØ·«¶„m‡¡ÖnÁ¦þ•Xµý#¯Ûcö@¯³K¶¾Ž=ZE?Ý‚wo}£ê¦aXÍxÔÇòíÐ]ÚKÏbTí´ÕŒ‘ÊbI‘¥ÛË?X±}!úÜ.d?Lhš?öü8€1|Üý:<ßÅ”æƒaê64á)‚2™HŠ‚HtY‡!îá°TÓXLå©R¦SÀŽ*8?
;E¦]1eo¢ŠûN³xžRôþÛÎÜ Ê €¤,Ç…¢Gtç†T€™ŒÓ4ÐÛ7 ·fŒéN–¾²ïr';«ë±J4† 9¹®ß?·-Ž2Î^9ù Ù¸âÁ'¹2ðÀ½P›Í Œ’ÊÚ‚¸ñäcÑV_‹ûßX€%ë6!P†ºúÀÍ V¡ÿ³ˆôle»¦[¨ûU4ìóc¢!7ákhØ€¾?ÿ‚Móo!:ˆaÁÌ·ÂíïD¾c´ï	 éuÔm0r­Ø±ì	;?ˆ)])P?öÍB¹{Ê;Ö(…<ùÖx>—ÛKS/Èç²<ŽŽ)Ózø`¬2¨aÉR`ê4 ¹)VT,;¢)R¦8N^)¥(—¡=°$}?©{EÜ±nbÀZ±]`QÔ	cäMŠªVDlÐ~* …¢Ë4?±Mð%âŽ¤/Îv¼ù?`â!?ÙÔ,6öD7ùèÄˆýlXíht—6¢Æ®Og©`ëÀ¸óÝóQöÏ¿ç°£pÒ”+ðîú§ñÄ²ÛA@pÖ¬_aÙ¶w1oýã??xÔI8jÜYœ	B}ÜóáÅð©‡®âz¸AŸl{S>öºƒžÁVÞ?•ÛßÃüÿÂû>‚—ÖÜ‡E[_†¥gqÒä«ñÄòÛPðzcc÷æqÂ¤+AD·ë>ž]}7>Ü__ûâ!ì=ô8Œ®ŸŠ'–ÿPc5bbÓÞRÌ”œ„æ`ªõk„.p.·ïbXÄ²ªcæDBÍ•¾/ÚÆJºaZg5®kqa‘GþA+ÈÆÍÝ,2–JW+ð5ùW€&????JN¦iq\”>a?½¬Ú€“ì”†…Pð¡‡?8TD
Û²¢ø4??”@Ö¶ÓÎdå"„ˆÛK)Ãwî¼ÿœÿæßp!&´·rHÅàðN„#*'h„ðÁÐ(«çÕsÐ»âiŒ>ún™u–ÂôMÍ IDATBTä?I6Aê4þ'JQ,–Å°‹€h@.cÃ4?!ÊõPC*õð¯»æ×?…>{v4ž1^°ƒ8®Rë4†a “6ÃbA÷žëÁs„š|žC*‚9%Y¬2&:”[«…>ä—«TËhÑPž‡U²r†¡Á(Z}SýÁ¦ñÏOoöøùð5vÚkF!gÖÁÒmØFY#?»Ãë'bbóLXz&õù×ìøe×ÅØ¦©ñtE·?ýDÌCc¶£¦Â§¶¬ÅÖÂ:À)Ó®Ew©sWýÐ”Ší¥NÔX?hÍ?‚8Xß÷™|Î)CÄ)Ó~Š>§·½ó]øÔ?{}íùq8gÖíøó¢K±±Ÿ§Å_Ð³xì³›±´kžÔÁ0$7E¿îvùû‡?<‡Œ:”Q<½ò÷øhËKòg5»!cä°½Ü‰åÍhÍ?ÂÖ"-_›xfµÉ?N+h‘üÖ0Si°*V»qaÑ«º,†»5L"*ú	‡5Åµ1¤¦Ùÿ"•ÉÂÒ¦ìñçOe°¥CCõ'‰¸kQ»¤z7Š%ø~€\.?hÂ8¨­ÍÂ²Lô
(|d26ÃÜE2ÍÿVÄ¡H^J£­8Ô1Mƒãº0ƒ³hD]ÌÚvÌ,½ÃWè†ÊH®³gê²6m"Úêëdn§ïsƒ)•>?ª¹t¨(€ºý	-?;V½ˆÚqG"S?"rjŒ?’(ã)›/¥~–Ë®´KÐ4"wPÑS…¦B‰?*¯†`ë×ƒõTn–n{&“?ïû’Ñ”T4†;¥@ÅMÓäL)Ïç	K¢7C¬›ZD?Tƒ¬Õ?2î HHeš„¬•RÉ)0P*óîÜ2 é„wç‰ŸzX³cQj·ôN?~%¦´îÛÈ@#†ˆþÓ§"2>Ë9ô–z"GŠÄq~ºu>æÁÔl|sòÅß´'(|êbSÿjt—:±GÛ¡xõó¿ËßÙ^êÄ#¿?£Æ?	Æ4Pæc{qî_|úÝíøtÛ<¼³þIÌh;B9&þúÆ7ÎÂ±þ9³žâæØk’‰“v¿µf3(ðÚÇÂÎg0¬Úñöþu|Ñû™,â:1ð½i¿B{Í¢ÁñŠxkÃcX°éÉŠ¿¡kš(Ðñ3¢…©\”r!¢&èª¢S?•´«âëÉ†UíÀU*c¤r­ìÄ¥ßØ ~õLõoR?¤ç“£%/o#tT_ˆ4b¨È›r=~_ù|62Ûb€eh¶êÑ×_@±X‚eÝùN¥e×%åÁáÊG®"•ÃM%Œ‚c¡¼ Ù–Mƒ´š%ƒQUY;"•X[]-n>é9‰çŒÏçC8±Ž‹¥Y%ÜÞQJ?L#ê÷ý¿èÌ,Ê”EÓ*Þt†tïÒøp3\.ÊežÊDÄvÝ¶-Ø¦?4Ãb–†ŒÔcÂBX×AçÍ=õäÈRòõcIeÜËÜÐQ.•¥Nòæ	|å €çy0ƒ{ÎÚ¦m[R8Æ7ˆâüëa„å?‹?P0$¸ð;‘?§‰æC*W¹ì »¹´KÓ£.6¬?sÄ©?‰Cfá‡{ßS·ÿk¸eGq3rV=2F¦f£èõóDxh)‡Í¿çQo}ÙvÔÛ-0õF7LÅ¨ú);â	Í³qìÄóaŽ‰¡µãpüä‹ñÐ’Ÿ!`>>Þú&¦´û½émGà›“.‹An¬
R#u2šíá2±è¨1ßÇâ­¯À	ŠØQÞŒ€x{ã¿åï|{÷Ÿ`dý$î?äûÈy|iôXß·VH¸É÷=h?{ô|_v¬a'ì‹(ŸQEÂ!>?¿ÕD„Óð.]Ð…i ŒÄ"þ–ûŸÀ]?>MÓÐÒP‹oº“ÆÇÍyw>ò¬FªõbHcN;æPœõõ/E¹ž~ã=œuÝÈgùµ1jh+ž¹óZÔ
•s<¡?%ÝB ÜiaQÑ”X3MxÝFß×b†ëP*;‚Ò&7±E¯«­A]m¾ï¡X,Š“Ì?nZ­€F«]8¥N&?Ë˜(Ml¡ä°Nµ,´5ÏG©\æ[ÅÑ‘UY=â¢Žÿ(•YÄ9dÃ'|¯CŒ™p›¥‘ðÜi2”9ˆhšÆ ¦)É…Býýýp=_	lf±Î7?ÀÄ¤2Ïõ¸m¸êÛ¶‰ŒmÄVu9n$ÜãF¢ãÕâæcô­7Ê esÊÉb>Öj†¨‚l6Ïdihz(¦âÝÃiBr¹l\Y)Ž_Ý1ê"äB*çŠ<XŒ1Q5¼Œ©†,Š·S.bB·í­Rt)õc¢Ÿz˜Ö~Îßç¶ÿ©ˆÔÇšž¥ÈY^buÕºòczû¡¨µšïnxw,8zÿ<õÙØ:ðEj#´çÐ#+¶øš¦adãîhÌ¶KdŸÓ%;îœQ‡9cÎ?÷Ü@10$;*ž1Ã0å±RÆ©?ëû–rú°Q‹±õ3‘ÖàÏl;*6Ðäö >J%+²K¦)þ(T6L±°nÂ¿–Ð
WÓtÞÙ+…Òó}”]Å²ƒ?bY\c€ëñã(–ù¯PrP(•±vÓVÜxÏc8û†»by7üñQ>o,ñÇ®Zß‰W~,aXREà¤šë¦Ã31¥mµèhQÎ¥ZÐ5-r‘
¥ØGšÓ{lËBSC=t? X(Âqœt[¥¼¤qÏ“›ip™uÌø‰Q)SOë’6•?ï£T*Áq](Æk‰~‹T”u¾­b(•øAèÈÆŠëúbG Ã¶m)VÒº¡Ç‹zø¹®	Î9/R†iÂÎdüCàz.úúû??3eh$?HÝÂ„L?  (—#oË4`Û¦älÕÉNý„p1÷@Wÿ8?¿	¤®Èçb‹)¥L,ÞÑ¶4´Ð!lËB>—?pJŸïÐ,ËŠY* ¢ˆ+!×€’¥
©¸;x]×¥g{ä—Ÿ\¨áÒH˜¸±XàÆqƒ«òTu`ÞªÃ—'œC3ÿ§áç¿—Þ?±?S ú1PÅG1˜ÓÒm\uÐß1©ehDƒ”±¡o9ÞÙðn{çügÙ?‰#Y³F6'ª€ÙÔ2ò¸æÁ£Žü½¶š1°õ¬ÒîìJjü\r#6k
ÿFÞlà?ãÝ1×€ð-^?Ùã‚‡µ" ?³ÑÅýTÉ:áä@xýÈÂ&aFÕpã„¯9ÛŽ_aùlw_s.þå¥ÓÅÛ½¼`1¶õô?1†÷>]‰u?ÛbÏãz>^^°H6?I¾Õ)r|–î?ŽÐ–XíÆ5"
xÔ…§óˆgéû—¯Ra¹¡So¨«Cmm®ë¢X*VN‰ÕãÄzOƒ¾ÇÍ±(ãFLºˆ”“Ñq¦%%óIw?õtðí7ÿ¾ã8¼;Dàp•>Cµ?uÊ.×“‰9†®ËÐ	pC§?7MŽ‡Ö°ºað¢£ë¢«Ôå×awŸÍd?ÍòÙ£¥R½½½ðü@éÎI•¼&¾h•GÒ@œ«Joce¨ùfJ¾´¦øOüX³hk…6¼CYlIÅ¢ž3¢˜ákš†|>/qoÏóaY²¹,4zÕÛ
ûDyM2TDM®Wº¥³£ÿ4B\ÞÊs”¦^¯7;c§ÒcVB`ë‘uðÐÚ1h¯ó?ÑïûàzŒiœ†&Ñ€ë—|BbX×LÝÆ³nÆ•=Œ“¦^?½:¾Š«ðöú'ñÞ¦dö*EWaCT0H¤Ãè/wKæ‹­g‘5jäq˜š?`ÍTj®Væ9œÅp÷“gWi(¨èÞ)—ßë4?`}ÿg©‹±¬9AÝ0R;L¾”`”Â÷}è:iJN©º8ÆD=Ùé"%Ï‘¡ãÀ“0gßé¸é‚Sc?Ûº?3wî|äYù½cž-)Ú/Ìÿ;ú’—üN×È
Á“Þé•©7*¼}O?W”ìÂ@¨ñ\×“ÒØPäP.Ÿo¬¯ƒNŠÅ"<ÏÛ¥ÕÝq]˜–¥8™qg=€ c›Èf,îA·oU‹‹ø^h¬ž€ÀçP‹æiVáºƒ¾ï£Tväbfš:|_Àš†l–Ï
d·­sv†iZ°,ñÏ4aÑ©óBnðÎB°j@€Œm£¶¶¶mÂ€ª··GªG©d”Dž¡à©$Ü+ÃØ¶\6ÃS“Rn·¤r4VÐCQÔÆ?pn»`€>yŒ¶ÖØ`Gà‡æC¯±‚›ÏçP_WJ)Jå27U³ù.„g¸²*^Äàu(¯¦ˆ'÷5&žßh‹?¥	h†RX–) 6èØÆÐL´ä:ä×9³#÷_ñ‚×?Ûæ?‡)mûbvÇ—b?ëw{?5jò‰AF>PôxhÈ´bÖÐ9øæäKpæ¬_!kðüÖMý«bE÷ÕÏ†”ä½žå%[Þ?0QC¦µfs¬g1qK*¬OZeO?Ã”–ƒåž_ó'¹“
-²ûÜ.,Ùöj*Lœäf@•(ûÑdEuˆ7›qõêªPwåÃó¼óñ
<õúB\ø«¿Äç#ÛñEç6,Zþ9¿N2.þÎ×ÐÒPèé/àå‹+v“iþN©qr,	miñ€‡´AIÁjÔÕ?1Ö¹ôîëáôÂºè&è“¦óØ$Æ?®êkQ*—Q(”¥œŸT9a®ãÈN+1-C@¦Eòr/ z`.xwýê<ìèÞŒC?:g]xtÃPáT™FÁ7·m‹§‘89 >J%Ž‹ë„ÀO¤ÐgËBõV?Ó?ÃÏôA³ep‡˜¤çkò0M…BŒ1KE¸®ƒÚÚ:)jPß×ñà:®HF§¨Ég`YFÅ š¶3¾?ÇEñÚëÁ6nAæÂJÃ³h?œº‡?.…t-ðqéB"1HÙ)C#š™¨ðxJˆC‚L<?ŒˆÔ™$ÌÄb´VëÒÊ*La/hRÁ¼3ý‚¡ÙQ?	+· t?»öáø%,ëZˆ¿/¾GŒýöþåŠÇl-l@£Ý‘Úëz~	¿]ðt7bŸáÇbïŽ¯ o5B#º
_ `žä^«;‹‚×ƒ[ß>ÇO¾MÙ¡ Œâ“­oHf‹F48â„”@t~ÍÓ0/€TRõªµ?€¡±žÚ§y">Øò<|êâýÎçàùf·]3ÐSÞ‚×þý
m‘¤0„ÃA&¥¦iÀ :|Ï]:?ÑUØ",ü¾B;LòÄcV¸;[?KeœsÃÝß¿ðÔcaê^[¸›»zãFÅ„íøîq‡ã–ûŸüîïOãÔ£I¥›³]ð¦Ww$FÅ›¡Ò—‘TW³”]Þä¯¿)ñNÁ½þ§]ëØS8á‚‡Y#›ÉÀ4Še”–iòB«\8Žã€R#W±î+Ö?>eÐ5ËÐàù%ÇÁ_î¸ÝÛ6ò.äù¿áÀ/?„É{ì‘ìÅ@otÃ@¾¶A@4>J¥¦iÂ²LŽÃ‹¼\vø6NŠx°4¥Tô$nKâlH8 N|bJ0@Ü?•É¡]è¿mŠÅ"‡/8==;?ÉfEt^4}/—Ë²(emËJPQIjqLe2 på5^} €}îY0&LÝB2:îÍá}1'#P P,EôIÂÍ°Iq$1¢¤B)1‰¨‘j$Î¿d¨L¸‚¸†žáŽÒÆ\ƒè-v††ñÍ31ÿ‹'àEô”·¡ÏéF?Ý\½s£.Þúü	¼½þt7á³oÂî­ûT>.p°¨óMœ>ý†T®±®YQ7	ÝÅ?xwÃÓxoãs¨…¼ßÙ?€yÈyì7â8,Xÿù{“ZöÃ²®wð·Å??¥gàS/†ó?é2Œ¬Ÿ‚~§;6œÖÅ¹¢~ a-š ]F_Ç9ü!.GP&üœê²M8aÒxléM  X¼í,ÙötÍüu‚±3°¦gŠšµñÅCÐ¹Ââëy>ß[–à?ûHÚ„tDJ)tá¦éû¾¢îäç¢ä¸0t-ò Rô
»b>uüH\úÝ¯ãÈýf Pvñâ‚Å²Ði¬Çç·`Æn·vÓV¼½è3ì?câ>7d0D'¶–nEÈ½˜4r
·1,Ñ?°ÎÐº]q8Âðv€0?=U¤?>4Ý@]mÇA±ä@§”ÛÑjžëònÝÎÄB?UxWÝÌQÊáDÓÐaÔä?ËÅßôšº&éµMÀðé¢·ðóËŽCSË0ÜýÈ§²ãçÝy¤@ÔŽÃ­–iÀ²Lº†¾ÎÂÉØd„ß:?â?NXD™K„b?§â"E9à¡ü¢ ”ÓùjkkaY
J¥\ÇE>Ÿ‡®i(–Jr·dè@.—‰ÿ}²^§Ê øüsÏ¹þ²e#0?>™«.ESVÏ'EÑÆXlñeàêNu‰ž¥0-“ÏTszéâ¨,à,ŠþŽ¹ö2…]OªìÅS”v|·H‘±íª;CõåÑ òà×8u°fÇblè[‰%›çá€‘Ç‚óAiÇ/aé¶wñÎÏbÙ¶÷`éÌz®>ø>èš‘úgîXp	öî8¦n¥Ïš¦ãä=®Áþ#¿ŽçWÜƒ}+PôúäÇ5ÎÀiÓ&†›Ñ/Ïvs*ùøFô9Ý<Ä—èhÎvà[»_…Öü(0µVšrè*®GGíØF.î`tý4t¬ÂÄ¦½ÀÃ?ìH¬ ï¢Þ‚æl‡Äœù 2À„Æ½Ð]ÚˆŽÚÝ`ëPÆ0¹eœ·ç]xrùo±¹ð¹<ÎÆÌPœ8ùJ<¿êOrP[—iŽaØ÷;:A¾çÁì/5ý)”è«*ÎP8dˆb½qKŽ¿ø—øbó6x~€Çn¹ï9eÇ‹à3AßMÞGµy,xè×h¬«‰¸ä¢À®ßÜ…WÞ]Á[—àÕ…K*Þóß<øö›>©j^kuÌ<žÐdhDK¬6L1Ða)Niÿ˜-|˜¸è%·B»ó?m?±Áè÷À@/¬S$o`O¿Z¶ÝÐQ,9p]šÆ±-Ë²ÏTêªªl¡¯¸þ¯xô?[ÐÛÓ?©³Åð‘c«Ü;¯?!.†t‡µ0š,/Št>ŸAàS©Z¤ŒÁ2-ärY9LÒ“Ý ©JfŒ—¶[<˜–)Í'ešd†„BM×Q(à{|ÈÚ××'yµš¦Á²LÔÖÔÄ„>;?†?0à½ñŠ?¼(ðÔî¯ÌAîö[£"'®RÉ®'ª|HåÜ‡&MükÇu%…TíÒÃa±b¡4>ÓQ®¦*Œ",á	H’Ã"¢tò¢ôË… :ûaŠp±AÚ „oTÉ{<a÷Ëð›wÎ<ºäV¬ëY†:»	›ú×`Sßj|Ñ³y«ã›gâk“ÏÅíbXÝ¸Ôó¿¾wþõÉï‘5ê0»ã¨?’DF5LÁ¹{Ý'(¡·´”QÔgZ$;%ÙÉûÔÃˆºÝpùþÃöb'ÊAY£õvKlÏühö°­°­5#å="}ø)ÃœÑgbvûWÐ’J:òLr0šr0;Œq£”bÎè31«íË¨³šaê6úÜmxzåhÉŽÀWÇŸKË?Ò†ÆE„ooø76ô/«™ˆF»¦iÀ÷ü( &Ø‰tœaÊ¼X"`?ðãY¤4?sÀ¶æ¬þIpÙm÷á˜CöÂ¿^z[~oHS=šêkS‹iï@?u5·Žfˆÿ˜;¯jÆ§úñþ§«°zýfŒÑ^!JB)DñŠBe'‰H%ˆ±<HÿÛoA^üÈÈ	ÀU¿»þ/`·^òù²ØøO>ºv%²×þŽ]!Ëv=?0!o÷á”ËÈ„AÊL©Û1‰wårç@@Á0züT\}ãðýE8®/ïëeŸ¾ƒ—Ÿ¹Ož©Ð91Û£ýÅ
ñC¸Xär9èš–ïH¢ñeƒé’T†LÜk'
… Œ?0À4LÔÖÔ¢ì”QfežØ†ŽºÚé)-'–A¥§9íÜŒâ7Á{æyù£Ìe!sÎ÷Al1!¾¸>S´ˆ ¾T°=¸×KÙqRMŸÂih(—¦	Ë49ì!ß¢d&v^ÄÓ]Òà-5—ûSÂ]1”îW^o”MOä°†8}sn~0û7øÇ'7áœ½nÆÖâÜùÎÅÈ™u˜>ô œ6ã*Œkš!üäGŸ³K·.Àü/žÆúžZ;çìuC¼ˆWMà÷¢­g£‚[12NùŠ4æ†*¬.U¼í^ZrÃ%ìñ±50ÆEf-ùŽ˜V£9ÛP€j|ÆúØ‡u¥9;Lvõ]¥?XÝóV÷|„÷6?C¨_9Ò‡O]Ù?iÔwa’,|Ÿ³TBJrðâtCŸ5…>Ã‚¸p.BIc¡o¹®ë¸þ¼“qý|±¹wÿãy•Ÿ?cÞMõµ©Ù›•¸5‡þ <ÇW˜…_\pŠbgºnÓ6œz5÷’)–]<þòÛ¸âŒã+jDdÏþd•‰¼?CQ:†_Gé-Dñ±` žöÀmÀËB¡õÅJàú³¡ýì^à1¹ýÏƒ`ÿücT,½?ÒÍÃ;óJ¸†0ª¢LÜ¸¼7-º¡Ç:ïm[ÖcÝçK±vå”Šý0-£ÆNáJXø(ÅÔ™aÕ²ñÞÛÏI¸ÄsyÜ÷Q(ðçß]ŠOEæ?Û»6áê
§TÀ¹—ß…	“f§ÒÒäw(E.Ÿ‡aè²ó$a\zþ¬VeØJvBà""½EF0JÁ¿1¸ý,A¹Tæv¯†?úÚ|"ŒUâIU9+à¿÷
ç]ºe«üÛ¹î…uØ!UˆeJ¤X_?ÜGìŒo?Xz¬? ”¢X,Å|ë“ÝEX$c1ù>gÛ?D¼GgíÄÀ“‘?d©)DLªP¡pÕeÊNìèx'îøTXRpe©®ófcTýî8{Ï[?³rha¼@ÖÚ?ølëB¼óÅs|Öaä`ê!ô!(ûèwzæmÀÐ,Œiœ†3fþÑÓ«wÂˆÅÊÃ¥LHñâÉ¦:1b¼ìJ*HeQRC—CXBš5MvµÉƒããdgBV©ëÆÖÏÀqã/Ââ­/cGy3Ê~^Pæ®¥š?:«Cr#qä¨ï£I,ê2âŽ³˜»aÈ˜£Â
Â
u®[j£ú©0Æpþ·¿ŠÚ|·?ø4ÖoéR˜'Cqå™Çã˜ƒ÷’Ç?ËØÈÚlËD}M®= „àÉ×€	è¥P*ã¼o}­Ñ¥µ©ÍÚ‹—¯!ÀGËÖ o ˆºš\Uè„GâxÂ¼“°TžJœ¸·^ºðµŠçÒ/¿ÚÌäoù§ì[)¤9Î•¿Õt9ètºaÀþØ!óãÉGnÇ¿þö+ôõvït{òûâ¹'îÁOþ9öýÛîyÅâ~rÑ±ƒþþ•¿x3öþRÅÍbUAà#“É"—ÏCÝ¼?×™¥ì‹X%³ŸìÿŠA\€qûVF9Û&ìL2™jrY¥d9 ©‘y+áÞ{J·ÞY{+ò·ÜóÐCªr„ƒU«à¿û>¼gžr9d.½úäÉŠÚ’ÎW(ãb?Ä¡D4Be7"¨ ¦iˆ¹‰‘%Uþ¸r‰&ípcT¥{•ÃMJa
ÑVª"š©?<E@YE§*Ã?ãqÿG×
–¤¬,Ÿ?Ž{s
l#[‹¤eB±A"dc›úV@#:Úò£¡iFb(?„ÕAüy3~â3¦tëª[ ·†Õ…ñY(“±ê?ÈC¿Û'(€2D×`&É ÆlJÌÃ”¶LØ$‡*ÜJ‰±‹]Oø
´'M¶|_ž+"´ªªSO™›ÅŠ74£KÞòÉ ‰Ø{†êŒ”x#†ªAÐáëTswe!¯?F«8c¸Úz>œëÎ]±$õÖö<Ö¿‘†wÇOAçUú5³º&8?ýì–6¸(dìTäÂyÏâÆ+¾!gÄèÉ˜¹÷—°mëz|¸àE8å"tÝÀÞ?Ñã§â§\ˆ?þÜ×µxóåÇäïÝú§×0aòL|¾òcüõîk±äƒ7ø?¢©ç_ùGð`Ìøé¨©kŒððŽ¤”ÂÔMäkóÜ5MÙ~GùŽ)”¹Ó'á`ößsN¶?/=?ÃP!7^7x0q>[©ŽDJ1§]ÝøÎ™ Ÿ,?2Û† þ…§¡57UlÍ	Ù
”®ý)ü%Ë ·5#{×ï¡OÛ]êb¢IÁÑwSé?ª˜':N"ñÐnT×u!®2bðI,
¬b’ynâ*à¨c4-³òmQî2þzxaòƒê8§¦aÁŸâƒMs1wå_QðzàS¯ÊAƒ¡[U¿;¾5õJ4d[ã?‰B]áùX…Ÿ&2?ó¿cƒ^¥Ð#ÁèI*‹=b4Û?sÒÃŽUu)»e*”›^ÌÁ0zU¦iÂó=?uëð</ö8Cä„>(¦aHXN×4x¾—ØQ¦iÁ÷ÃÂÏ¢•Šú;®ˆ‰[:,âDÍBE"¨Â’(v/†	LQ`I-ÔÕŠxÅ÷•N]À¾$ÖaB‘B‡ø ÛÖ	çš3ªq ¼…à?@ëï?ÿ"ìn„vÌi•Û·öMçÃ_³LXÏFj*þÿ«Ïý-š¸ïÿUÜõðbœ{éíøÉ¯ÿ?3ôK1}öÑ6l¾÷ÃQß0#Æã”³®©(„ù|¦Î8mí£¢Ã´0eæÁØ}Æ?˜:ëPäëb3U•L@?Ée"ÎWýÄ IDATlWf©8F°f( =—JËpwþÌV¼žç£¿P?Þ7PERÊëò^{G|ô“eò˜Ì£ç aÁ›‰"ÎÓÁŠUè;ù;è?òhø‹?…ý­ãQûÖ«0ö˜ŠJ$Yh<Žã
#5K\Ü•ÔÕ˜d‘u.@d×å:Žˆ¤Q¡†ªrÝ™*7NC;¸Ô ÅDp<ÜóçˆSÊ¤u¯Ffw…«~gïy+Ž?t>õMÌh?ÓÚÆžÃŽÂcOÃ·§]…Kö¿?ØëVQÄQµˆË/Xœ”tMvÕ² ¨®‘ˆ'ø *ü®ú$¸I„H~Èü B`í‚yïÝwñêË/ã½…ø>Ö­[—Z tÃ€ëyØ²e+|??KMÓ°eóftuuI}DxLa¡7MSú¦Ä»qî¬ÙÛÛ‹c¾r–,^Ä§ÄÂ›f_>Ç~ûì‰¡­M8ô ýÑÕÝ•z~Âëñíùoá’‹/Œ¥]pþyèëëU||BˆJKãJ1>ÃªU+1zÄP<ûÌ°uëV´µ4 ­¥¸ûN|ÿÌïâùçž?ºpå0bØ£J—ƒÞ(]wØÖ?;©9pÊ(¼;
¶m´SÎ‡3dÐ½Æ›Oƒôp˜„lß
ãæÿƒþ³{¡?{
ÏuÐß	ÆŒŸ“pOž%w/]²Åâr¹ACr«Â¦'VÎ€
¼¯º—(²ùÃŒ˜,bS$;99ŒUV1xŠß­d:÷š/Û²?Édd(£¥²Ó °mSÀÙÀ•n»ÎïïŽ¶í„ ó½Ó?¹îî.¨¾îž”®ºÞÜWßÙmò·ýÆôiçµ…Ä8Ú~ X*`°,™Œ0ÅR©¢ªÄËYÌuS#á7-fI–jfÅ”ÝKà-©0K	OîC‰°o¥ð|Ä-‰¡?~&}º¦clÓÓ´‡Xà©,¼ª›!‹]IJªÌ["_"ŽS‚•Dx FŽËÑ«ëô	÷)Q¶õ”RÜùÂÓ ?¿»iãF|éËGáé'žDCCvlßŽÍ›7cæ¬YØ¸ar¹–/[Ó41fÜX<ñÏbê{`ân»áíyóÐØÔ„ÚÚZÔ74 ­­iN•œ#®G¾óˆ,ŽãÀ);0LË–}†þï|ø¾?)S¦¢µ­«W­Â>ûì‹^xŸ¾O?óÆO˜J)<è`d3Yüö¶[ðÒ‹/`Äˆ‘;n<>üð|ó„ñ?GFMm-®ýÉu`4À	Ç[¶lÆ©§?Žùóæáéÿ<…uk?ÇC>€‹/¹Oü›zÌš=}½}èêÚ†c?û:–.ý/Î}ííCq÷ïÁðá#ñæë¯¡¹¹·ÿö7xü‰§0dÈŒ=Ý]]1+Ý?¤"_wÄpP¥ÚQq)]ÎÎ‹x²7#þ#w£üæóö?zÌipÎÿ9XM]ô8Ï?öãÓÁúâi"¦e£©e¨üzÑ{¯bíêOàúzºñä£¿“?«­kPÔeÕb™*&ASSW?Ví¶˜¶%»Þ´Õ!fÔ%¨?ªs"“ãJ’púÈƒ¥?0eÝf"˜8?iß¦eñ„{]‡eÛò<ø??RÙå^2``å
çþÎïîŽÑú2?<Ù~
’ð9	–¯@ß³á=;$ ï5õ/?¯ñðõåè¸C¡PäÔEaIA5­­É!cÛ1ßu?·€rîBïvÏu#/ÅÁ2¶{J?u˜Ò9«VÕ¼úCöJ –ãº³µ6L
?>¹?Ž’:ÿ-¾CH?N{"‚E2˜H¨±f¬‚öJ’ƒËtªER*âÊ*»Iþ¹ïû A€uk×aÝÚµ(•Ë?Éªå+dâ“ëºX¹|9œr?›6á¥¹sÑÒÒ‚šš,Y´ùÚì»ÿþX²hŽ˜3år½½½’V§r)>OóåÎ/„aÂ¦á+G?®®mxýõ×ø>jkkqìqÇáÑ‡ÿ.ƒ`†?B¡€?7€2
×q°ßþàÁ‡ÅöíÝÒÚ†©{LG¡PÀÌY³pìq_Ãô3±xÑGX²x1Ö®]‹	&bâÄIxëÍ7Ð1|8êëëñÐƒ`ÌØqX³f
…öÝÿôìØ?E}Ë²ðÙgŸâÃ>ÀðŽá˜<yw) ºóŽßcXG–,^„¹/¼€††FüáO÷âŠ«~Œ¾¾¾h?Ø}éâûÿí£âFêëáÊ>Æ`äj+ /IbN?o~çr¼ñ"·~\ùÙû¸üìƒ`grð}};ä¯2ç[ÈØ9ìJ²|òêÕ5õµpýEÂN¾	á>*i]Y5IF_GÙ:ašyõÛŸìä˜y÷Pn—Ü(›ÍÆn<BÏ-¥T>Æq=˜†ÿúá?ÿbôœ¶‰ÌµWÃþîi1n-8û;J×^0~Q™çœ…Ü5W& !¥èŠÂB*…7zFd¼2  ” —åéDÅR™AcÅ4„]” [„Æû$J~C­;?[G0ÉWÏ ôÏHs1Tòì•ªÄ0õ?íâu>¥ç’Ú¨‘?í•–Å˜‚‹#½1WUºq†MBxF?ðdOÁþ??òÔÕŽžˆÅ8HÀ4`|ïBÀà”Ë¨©­ÅÂàz.9ô0”bè°a˜>c:ºººáû>öÙo?ÌŸ7™Œ?ºúzÔÖÕ	‡Ó? 2…ÌÙg.¶nÙÛ¶QßP/C.¥.,ËŠ©uàößß…¶öv>ï¼=íC‡¢£c8^xéUÔÕÕƒRŠ%‹á’Ë.Gkk+h@qÿßÆ?!C@)Åïù^yù%ë†úúxž?öö¡8áÄ“ðƒsÎÃØqãpäQ_FÙ)ã‹uëpøsðùç«Q(ðø“O£·§mmí8ý{g ¾¾åR£ÇŒÅË/ÍÅ”©SÑÑ1sç>?‘#GaØ°ø¾?{ÿúfÎœ‰+–C#þ|ß:tÃÀÏq3ZZ†Dˆ›Ò™×§Œ$ø¶±Î´w;J?9lÓº?^ÍÖ	gAŸóM”Î;°¦Vx§_
VÛë•ƒ¼=7z¼?¹øW S÷‚jËÒÅóqõùG€
%V¸†‰Ææv|õøspò™?ŽÝ‹+—¾??¾w4ìüãk˜¾×¡~yíéxåù‡8ý§}~v(ü€!Ç‰,<}Ÿû6†?l6]7½?IÂ©ŽìTìv˜¢^­–¨ÍÍ¨Ê®'LÉ|nÀeY‰ÁˆWš?1ÐoþG¬²Ù×\	ûì³”-8¿=Ý¹/¡xöùò·Ï8Ùëžp¡Øl*Xvxã8®‡R©$‹¸ÞT	î†iðÔŸBÑ?ï{Hž´¸F@õ®‰¦›á€KÓugÇK\œ?b®ék»‚3Ó@¤¬GEŒ
GO !¼#ÕZúè=Õ¿?\˜b²ëŠV¸òÙXb IR 5ŽOpŒAU‡Tß¤Â*Ÿ??ÁsØa•ÄBh¶lîÄŠå+ÐÜÒ‚|>?aÃ°èÃ?0eÚ4Ø¶?þþ>l\¿vÛÏ=ófÎš…‘#Fà©'Ÿ!‡Ï™ƒ÷Þ}¥R	³fÏÆûbÜ¸q``hhh„ã8 Ö1œÏ9CFªo‰eÙ,ÉzÑI® ‚¶úµ„ŸWbøšN8õ”ÒªL’ðÅR„?ÎdIû½´ŸWðN•ÁwÒFrõ‡DuYK<íéFù¦A×,´–›_û‚9'‚þè¸øEI4Õ\¨¦¸ø×Ð&îQq£rŽt7]u>Zø2&MÝg]x??ÍÕ ­}jë›bŒX³bÎ;e¦ü3¿ùó<L›¹?‚[¯?sŸ¾Oa´¼ŽÉÓÄÚ5Ÿ?1‚ÆævðÀ?w„ÉŽapméÂR°ÕdM"±
Q‹­|,K™IÄ‡‚”ŽÇ?%=Ï…ipïr‹9»qÙ?ƒÿö»ð¾÷=h4ÂLõ¯?ìï~;jBôö¢gú^ !¥lÂ8Ô¾ô,ˆ¦Ç¤DL¹˜ÂëÎó|ŠE€1˜–…l&WNvœºN†é¡ì¸ ŒÆ:Ë
V‹RÔ¹/Š%YLüMÓ0Ô—/…]ÜÂT?ÞR8Œä
‘1?Ò78¸BRo2]Ó ëÑ€²êÕ›¥°œÉb‰E‹ÅE#J1WÅO1…äÀMˆ'
zÈ²?l·Ö4]Ùñ{»»»õõ°IDº2G4±ÓõE1M&Ó4áz®œpë‚NvÜÉ?eh£*²,Kìæ…BªqMˆ¸¦?H-Òº®ÉzÒË<Ää%ÜG*™';£¦2R¹ÌT¦Jìõÿä§×]Ÿ¡«(æ$“ƒ9çxøÌÛ±-½;mi‡öý«Q²ó`Û·B_¿*…Ó W\w/Èè‰üË°¬ýêÚ“ñþÛ\•Éæ±yãtn\ƒÛ7£\*¢¿;jêš éÝ£Ö®ù¯>ÿw,]Ikkj`Ù´?íÝ›ñî[ÏÈŸ½øÌýxøÏ7à¹Çÿ€R©€Yû%9Ðj p…šÀ£:%:¼x05‰gò…otEI¼YD¦‘x¢×…e.SüÆÃÀ
¢EÃDÌ<‚«~lØ=÷Äq°¸?žö->
^¬\#†&ö-7Â?>Æ¦?¸âÑïÃMî*—ÍdäâÏ…"ü„óá2–.:!Z¥˜Ç÷ à¹¬† žéºáÏ#fÐÔc„Ç¾V}Jâp˜FHŠ®‹Ò1©°FÜJ7üGEÔ‰&ìxÃù©hºH´gŽn¿?€„ªDš{º’¸ŠÌ¡¢Ðhr!ˆØGÑÏ’øu.—‹©D¢0áI“E×¡
¦a$<z ·<‚
Õ?7V4¥{‹µø’QCŸ]Ó4øžW‘K)å6¸UëPÇÀ)?LÜkQ_¢iÑý?–ãY­¯VÌ¨Kê'I§-!Š°"v3)Cö—ÀùÃÏá¿úŸÊáô‹PÊÖ‚úØw/ƒ1¿’CŽq»ü¤©­êA—ËtwEž-Ö-Ç†uËS;rÌd\tÍ½˜0yOÜóÛKñá»/Å~þøßƒçž¸ÿ˜Û‰c¾ù|´ð¼ùò?ã€?CxQ CâŠ×¿€]ièeÃ²L>bU0T†Éd%EUVT
£4•
¸®/Ãa3Ù\lEd”\epÛ¸¬³ª“\÷S¸žƒqô0L„æ¾"µî”úðJ? 	Áÿn ¼ÅÃÉÎØ"7•Vâ´ø,EÙa0M5ù,Je®uPLàæDhïy¡Ö`ÊÜÑè†×„l»X,òîÜ4@©`4èú #þº4PÄ‚ÌX%|Nï¬“°…\8Q?ö²U]?à?A„sš X0ŠªA**ÅÞWuŒ
Ÿ‡°ÊŒN¤ƒZ¥F?d4z»O&póŠ e%;ïÐ×D×5ÑÍ	cp›	†a‚P>Ì'„Û^{)´PŠo˜àòÞ0M‹óÌÅâíûÝ€)îÓJMƒ˜“é†,àás«–ÊáBÅdBeÀNèô™fc\Á*©úF’TÊ`Å¼Úã¸²“TRæ"ì5aÃJ)œ¿üþÜÅÿÐ?_?sú%¼;Ù°öçÄÿÒ¤™¼ˆ×ÖWˆCd/+¾^½üC\~öA
ŽZý£±¹?¼Ð‰ÕË>Bw÷¦Š×Îä1mÆ?ÐMÎíïëÁò¥ï£¯·Ím#1¤uˆÆˆ*AWw	‰í‘ešÜôK-±ü½Î‹(ÛR#•CaULCïtÇ‘x_¾&]Ó#%š¸µS,€•J(÷°UkÄIj€õæ«ð„zÍÐu˜–ÅÍö7l@ñ°#?PqGjþúGG.·ö”Å†Â@ŽëŠ9B–i(£	„ZL¡F,K‡ç(•]eûOÏd2ƒú_BšÍ£½ˆŒ¬©„"ÍJK…Ï	?•¢MK"JU°J’ihâœ¥YªOÃÍ%W(%£”©ÖaÃ ÌÀ”ÜTJÁ(‹ù²Ç0y1oa,~}‡ï§ ‹?ê|¨‹H6&]*”žžçW¨¥w¹ø»žôJ‰Š¸®ip„äÞ4-	³˜¦	×q?”H™&g³xž'Š<b˜i‚“Ž¨s??Œ(‚ŠÅ:LR†?/†ä™„‘ãç!¥H§`ã!‘@m
¹&q>­•¨Š:Q@2g_'Wï‰û£ƒ˜÷<Ì]`Í­Ðß|6~0Ó÷~ôs?L¶*s |‘®SÆßïý|ßCkû(\ðã{@4·\Doo7vtuâ?ÅÚÕŸvtoÀ0nÒŒÇLeÇš4´âoN]}3¦Î<…¾]SÜôR:Ÿ‡‚‚r©$:@3~ó±$ÞfPAD‹É² Œñ".|Gü ¾ä¦ðÑˆ°PM#•‘p‹žÍ‚°?°zÃ› iÛ†ëºpÅ…mÛv?,*‚ÆJ7ÝŠšÃ‹uãj‡ø?(<¯4âwGi
Ä¸ÿ$`¥2‡Zjò”JŽtKä°<Gs°"¯ÂÝ4¬*E\ùB°¥T?mE¤„W±Ðÿœ±*¤Å?]M` 
^T] R}b»?
Ž
Kgš©Üq(¯.¼ñ‰&va¦hŒÄ2+¥?KÒ…KüœÒº¦£ZÔu”^ÏÄÿ<W—
|9ªäËõ|¦É“¶\×OøÎq(Í]:c|‡Ì3¸‚3¹!DCÉ`’€3œTÅ¦èÆƒ€ÊApxÌ!ÝUÓˆôoa	—¢(§–Ä¬‘ê3u`©­¨FÚà3mÀé¢ã1Ò®–ðÃ?p èû™SÏ‡6fœß\½‰Ÿ¾WyM~õT?“~¢;EùÖ¯ý+?{ŸóÄë›þkïmGUþÿ¿ö”SnÉ½éB%Bï„^E?•¦bCä#*ØQTTôŠT‚€ézK !!	é=·?23{ÿØ{föÌ™“ð[ëw×Ê"ÜÜ{Îœ)Ï~öûyvÛçð¬+?,[òvRÈ{GŒÉ·–A•ÈJN„×?‹xŸ§uh•?(WÊ¸®^Éã®Ù÷½$‘EµaÆp‹ÒjIfÅ?I««Ô¯!åR™J¥bÝŽéèEKXu[*_ÿ2µ{ÿë×Ãò÷†òï$?µZÔhèê„Í}i½Y´ˆún ô©s2]v|Ã7„ãÐÑÙIµZÉ°?rÈRFÀ‘åkg»Ôz3Äs:;*4‚?z½I”J¥dˆ…„¿ù?ÂŸ_“ýäÛN¤üØ#ºÉ¨T²ÌëØ¯Ætd®ãšê¨ˆpr×žÖkžü1ysdÕ©Ê²ÝÍ^s•/ïÚ7Ú¶ëÝ‚~ KE‰³^Þ§¿¨‹Ïö)Ÿ<ÎPJ¦p’Ë–á\›ãs,ˆÉu]d%]½k¸ÐR¥Â¡H*TàÛ›ÖÖ"H‰—0?J?xõÄ?ÊÙÂÆ³#×u	CÉÚ¾=UŸ’ïRáÁ×—sì.ZLäYî‰±?L.?E;N —6,erAm¯™V¦ŠÈõVª…¥’~æ¸´Š¤˜¿Ÿ¨-þÒ³­6 ¢ÊÑ¤TÆpGsHÕ>‡~ö›¨rµðv”'œ‰8ý«ˆg¥­zŠîž‘ôc –—9ó¸ñ|÷’S¹êò3ùî%æôcÆòÈýJ~ãK—ÿÑRÕ‹Ìƒ•ñÊ6¢ƒƒ™MÜé	ZçOôCJÃ\q•`WWa¨%éÍ 0Üã”é Úü‰dœB¯?†É ¥$‚„+í¹ž)’*ÃN‰ÿÄ?¤°Åê‰‰—Àíè¦rë?úÁoD??ž;\ÏMS?fqî9dw¢ˆæÏE4÷­L× ¥¤n¶°®ãP)—S–‡°°öqæ‘íÕ’)k¼4¢Ö)ûº;/—Ë‰ +fMˆrb«ãøÏØq-kgŒz;Ôk5Íb0,	ddvšÛ/Q°Ï±\.õlD)¸IX¹°ì-=3ôÔ‹ÈûàrQ˜-™ÁÚ-mÂyã—FÒî8:l½]ü`ÑëÇja?¶cüU’LT4µ–4ñk‘”IDÜÄ?eÌ.ÒÐ‹ÆÍãïéBµ?«ý[Â0¢©x}5%_éµ^Y²1aîA``¼R[™¾?[;Nkvg<ðŒëA¬p?ƒë³´ýœ/ŠÍùÞ®²t`«¾L±cêÕ±[YR	‚0bh¨F°×¡4/úÊ/e~/8í|j'|œ¦‰nkXäÿeôØmùÂe×³ÏA'Ð·iÏ=õOž|øNþûäÝômÒRÕ;…«®{œ}:>·uµ¶—Vjz$Cµº5DÑ«´ç{­Ç•ëÆu’M)“(¤”N¹ñ<? …abÅ?8Ùn›8IÃ†1]jH%Â¤`utT³AÃIaL±±´HÚl	¥‹ŽoÆN”¨=®›×\›ì’]UµJ¥\!úä'`t.ª¬€Æ7.Cî­B™>i¨†¾¶s?C1T(˜¬?7.t1›¡(60U+ê‡®V×¸eWG%óÙÛßY|O¤™«æáu„*ÄÅs%³0,2	­éŽ*ž{8Ù…ËÂØÛ»­Qy¼PQÚ.²$K½ÌFè™¦ÊÜc‘¹~ÂÜ×ÒÂe`¢–AŽfåó-õ9ª°x÷™!¥ù·0‰LÇcÒž	.÷<7QÇJÞØ8-Ïñ–Rr÷Ë+ñ\'™#ýö‘·¨”K¸®vÎô<»`«6Õ“ÏC3N<”ÏYÄÿIýš™Ü`ÿ×ç ÛÉ'‹’hmì|ÍvtÄøgò?Å¦ù×ñ´Ïµ“n¦TÁÁd mAEÔëºB v˜Eãû7S¾òsˆ?Í}±ÇÁ”?z½n|¦Ë‰éYþl|pÛÏØ›o^õw„¬_»‚5+Ól6ð}Ÿ‰“v`ÄÈqØZegï(K¶lÝÝÍf@£^O
‡ã¸&¬U%\Ù¢G&x&Ä9Þ&Å7P¹ZÅs]Ê¥2CCCúô<ÓMØçÍJËP©ß{ü>Í i|;B†–¸¶eŠv.-Ç–&=º"s^ü?~¹à‚?ÜDpÇ?”NÿöOxæXkW_…<ÿ"œ?¡ô}õ‚+®¤ü½ïj.{Ú=°”ck>›4NæÑÝ‚tÌl@J¤&M{~|Y+Y*e?P*,«œVd¶€qä9‚z# ’ž«GAa$i6ð|ÏÈºÝÜnLo?…ÊúõçqqGW¤¢¬-pºóÛ’Ú7?G>(™}röwTŽz˜fÖB˜]aÔæÝ?ÌgÍ<#*_LL§m
²ÌóøÞÕ0†f;É À÷ýDyóÊ¥4tEŽËïó×üªûßæ°]&$æYBÀý¯¬à#ûl“tñc»}fnÓËgn|žÏÝ—ñ½ƒÎ	³£.Qk4p,Ö^Úm«ºÑv¸¦	pl»ƒlÀ@â™Ž(äÅâb‘P:ŸŒáÔ–?½(¥púúÌßË[ÞfER4ƒ$ð7~gÄ‚_ÜEãw? v?(YÍ::;(êõ?FÝzxUÁ–†ï‡‘£Ç3cÖ?ì¾÷lfîþ†?‹Ê<øñ .õ7±™Xñ ¥[¿’Ç2<á68”îü¶Iºñ0 \)QòRkÛÎ®®D°³'%³Vªéÿ›lN¥hÓ«HJ:;;(•ÜäeEEl5Vd‰ƒ×£ò­oâì¿ÁÏ®AnØ˜éæãî8ð@ÜÏ}•÷^¹ã¯4-¢Ñ¨ka†ëP.•­ÍKkqK‘a•ÜO‚Ô\)¦pµÜàöµ4ì?¡z€xžÓ&‚ÌK¸ŽÎãl4›¸®—dÆº®‹_ò	Ãˆz­Þb—Ú~Wš.L[ÂDì.Ýþ“€,®ÔfO-ÚS[à?a1"¶roXÂŸxG˜ÁhI—=ÏÉ0$âk%U±i?k:ctk·cÃ6»&ÃDàÍÕÎ$SßivÄB­à?7×0mT—ÅD?Mƒs—õFúù*•J|ëä™ àä_<Í?Ï-%PD’Z½Á3óW)7añ$¾>†Ò˜âðQr,iÈ†(¬ù9C»{)îè‹NQä¥?*oaéX´A††êIØ²hÓh8!Ô?¿IzˆÂqÝ”ËJêùoó*•*•r™ Ù¤–8á‰¶›K¥Z ¿œ|XµpKzh=9?ß3.ìúfK;—vŒˆ8?[XCI4|Ï§R.ã¹ßx	vÞÑÙiD¡™ÜÇ<)æ«ŒŒñ?”’’ïQ­”­áY
?d£ªŠ*?m¢”Â1†Þuç­8{ìFpíµIÚ?~]'¹1Êç÷ä³7˜”·ß™{Kådh&2N?9?9Ç?JßO$‚7?D¶¾Y?˜’ŠZCã ¾áaÝûñw]GÃ9ƒCuÇÍ^[c'êû>hÔë4?›?	ÅùK~æ/²oÈP³*ÉìÀH´ÚÔÚ”*Q”§ÚR!Un†ßyÞ·H
«“Šâr4ÑÂrÜ<öúÑ*Ëx±N‡ˆÙM”ìÇL™Ä'È®!¦+Žÿ”K%–n¬³rc?f³‘Y·¦?ídÎâ?¼³º?yÝQ=?Ü}ñAœuà$n}ö=N¹æÎ¹î¾wÏ\Ê® ì*|ÏÇq\-BŠ#r×3JŠ{Í€…÷'zá´?ClÅ­é¸mA™*†OòÃÍ‚!´&ê×úúŸ‚ÌN3éBCÃø?VÇ*,±I´?WzžGWW“Ý?Ë¶ˆaž?œÙ-*Z
xúp¤ 2Ã9;ü7Þ*%ÕŽƒ«ÿr8œö0vSÆ…®ëR­–3ý§ãJžHX%•j•jµ‚Œ±A)w0A§ IDAT\.„Ê("ŒÒ¤’ŽŽjæ!t„²`¼¿¡«ÎvË‚ê/~ŠÜÔ‡š¿ íöã.Òx–øWý¹Ý¤ì+®YC,uŽw2dÂ?Å
?ÅkN~ÜàýŽ£Ý?ìWaÝñ 4(š‚“RG=W00T³RiŠÙ(1´Ö4ì£À<üEÅ°µP¾´^Î¯²ê<K`ÔÚÅäv‚bØEˆ¶Gœ×8Ø3 ¢;)éŽQ™×ŽyË¨˜3.mwBiðe7¡øµÛiÄ¯"¥¥Zv]7É¤?1íz£ÉŠ¾)æ¯È¼ÒÙOfí@È×n‰Ø³\F=]?|ñ˜?¸ë‹à®/Ä¯?¾ÿ{ÒÎìºm?‚6µ°Ìu‰ÚX-‹ÄÚðËãY?µK²a%SUúda™4ƒS%ƒR{×VT´mh¨e¡_HcbQÒ?0H¹\¢Z)§-É­7,C•¬àñpã?mÜ… ³£“ -ìÜ.íi?Že<õNBesm
ºã‚PÌ	Œ‡+ÉdßIS¯ã¡T<r]×i"@UÀfÛ??Ù cëÑq]?k2®ëÑÙá&ÜíVˆy½šÿªWüžaÝ‰Ë_Â¹É²¶¨ïÛS|Óéì¢ó'?¢~õ/ð/<ÑÑ‘¡zkv”¯ÿ-ÍcNHyÏ»ÌÄu?¬cw?EÚ\»’c_jš•œï RÕ m…0	T•ÇrY‡xµzƒ0”FÕg~j µ~ª¯ùüX¼9ÎºxŽþÐÍ±cgì„wÔ‘xÓ§ãŒW\”u¢¹óÀuÓNµäãL›‚(•³\•+¾ædD¯½žé–…ë!¦MÕŒœLc®P}›‘6ÂºõÈW_CÎ?«õýýúìÊ1u
Î´©ˆÃ‡©S#Gfa¡ZÍÄæx¨?ADOOÎ°3½G´e‚..±YT`íÇÁU‘Á„ÓÂ•e}(©ýþ³ƒÅÖ…#
C"™šW¥jHÍ‰1ò(
‘Rg¸%?^_Ãìc’bxÄ.9d‡<ùÖ*>üëg¸æÌ=˜Ø[E˜Å7¹°¾ã%çåÍe›ÙeÛaH¥pÐ!E¾ùil?LÂ)z¢ÕÌÄ;ÝXÚÛª,E?ãš[Î¢-M»˜õâY±ËI$Q£Þ B:;ªx¾g”†ÍŒC Rš“o?4?ÉiÑ¸§Ñq)-«dˆüƒƒƒ4ê"_ôÌÖB´ò%íbžp•“žå_FaH£ÙÈœ¨xÁHCaœì€ÈünÕ]FY¾Ž¨TŽAŠŠñc?tvÄ?«LœÄ8GQò„Žg‹t’?ïû¹y„IïîîJRqÚs¶Ò…·íˆÓÊ+åº”.þ<Ñ‚ù8Ó¶G”K™Ó'ÈÃ#F 6¬GMœˆúð©”+e?}
~³¸[ ?	S¸3Úwë?Ð–¨y1„²Õ?àûÆ_¥`Ép]\o4M
?B=ó,Ñ?A½û.,_ƒ-¼Ûd¿òÞ2xá%Â?ÝF8vî‡O¡ô…‹’âš¬Ã?ÁS>–<
è¾ÿ¸3g&|~Udß @®[KãCÉ~¿³“ò£"Êe}V›MäÓÿ!ºãÏ°ô=ä²å`<m
¯þÒeD??¿¿	&ŒG|ä¼Ï_˜Þû7¡&Œ‡+´1ZOOË½¡©t*áØÓyF9>uì9”([
ŸJv[as*?«©rŽ?XÉ?±¡oè‰A w¾¾çic-S?'ôV?Aƒ‡ç®ákC’QúJVË>ß<qŸ^ÓÇ[+úøŸkŸåÄ=&ð¹Ã¦2ªÇÁ3pOFl
¸êþ·8çSB#Í ÀóôûÙ;ø¸«Ž"™p¿•Š2Å<•ì“%Xä¥ŠtJRØtbr¥4F'CðZ¦¸E‘ÆÎËå²‘d$Ô8Œ•¤ˆ'ÍB$€¶(fQ	 ««‹f£AÝk4ÇÓËîÈ±ý©Ó¿+QHD×d%êEaN2‰Ž“9ùŽ8r?}7³fÝ2Fo3œ ÷K(1<¹±ª•rf÷`³í3.væ?ç88BFº“éìêÒÛx“¨Œj1VF
›è&Ø*”’Nù§…?”)U°ä#fÎ4ÔR•…I)Q?Êu	þzåŽŽäºdâ"ûÙM—)Eh=´žcc€jK(DÛ…Êu]<×¡Y´L)…ëúúë¸®‡ãh–Jó;ßE-}ÇtN2>×ÉvI2BÈØ_X½ù›ëh¬XIåÇ?@˜®P¢«“Ò™£yË™Ü}îÌ?­ñM›´¢µë[¥ÙS&!F?JºV#üÕµÈ×ß0‚&óø›Ámº„J%"ö·q€•+Q¿¾–hÕjœï}G¢‰ôïO˜°e¾LŽ½¾e!ÓA…ãdñv´÷{¼»ÒÞ;*±Š?‡™žçÖL¶‹Y,ž§w<2I#Òß›Ð[aÔ°2ýõ&—ýånüŒy£ˆíFVùËErþ?/²`u?7>ý.¿ò]v™4‚íGuP)—X¸¦?…«úøñÇf1}lW"6eÜ2½dñˆá:ŠŸËxAÛbÎ¦È#`EÉÚ¶8¨:É[.çü°Re§²7ÂdRGêõzB­q3<Ù´ˆg<G¬UGä{ë¨-bK%†jCÔëu-»õK¦K°ë‹J¶&J¨ŒêÍÆò¥”4?°&>)zðâd¸¢™mÉšWè\ÿ4›7/dÁæ&MK8ì”BÐl6¨”+Z”nˆ[àœçI1MG|WC-a„¹¿î¡¡!‘OÞV´!CTÐêì±~(Äs «äâ»[ëçE!#D·ß‰3†ðçWãvtdR’2Ãpû•ÌÇïo¼¸j?W×ÖX5ÐdÎªAÆvy=©—í8œnßkõý…j[bw¾ç`±K[Ì„k2–¶pÏüÑ»ì;ì€»Ãö¨qcQcÆ@sý%åµkQÏ<Kð÷»3'êîÒ8ìP*'ŸhQ#Þ‘‡Ó¼õŽLDãÖÛ©\ö5'U[faôß9-Ì÷Øc²KqOÎ¬]P¯¿?˜5w§ía§?pÆ?Ç=J\)‘‘B,_FpßýðøSD.?ùvÎ‡°YT!Ýîd<U­ürí@©q1‹tŒT¦Ø¸»É !HC´kØÚl6q‡R©„Œ"­r.kÅîãºÙy|sÞ]ÏœwÖò›GæsÑ‘;™ãÑYâŽàÙ…ëxò­µ¼»¡Áúþ:W÷1¾·Â‰»OäÈ™{2ªÓKæÍ0]À¢(B9¾ç%,7Í¨i½¤ñ¢³5¿•ì³-2|ña(†YÚŠŒHc'…ˆÕë6)r^j‹2ko7m.n^RoÛÂÚ+‰È„@Ýäìa)°2Ë?`‹üL)¥?TšóŸd«M*	V
œÆ ¥Ç‰®baß Kûjºï¶Ô¦ž…êÙE ¢?¢³«+KÊtÍ¹ÂªÀuZŸ)!4ypT;ª©Y?µÖe]õZÑâø?‚(â_‹6ðÏw63¥§Â©;Ž`ÆÈ*m-•«mÒe{PGsæüù¯„ß¸”Èóèìì4»Ëû<ÃèÈâóÒÌzÛì:‚Ëžx?_½¼‚QUŸ{>¼3{Œ©&Ì¸ãŠÿØÅ:~ù’ïãº:Ñ>úã?„?þ	XE@ÌÚ…àO7R­Vov¨M›ÀõP¾‡ô¼d”øu+E¥R¦RöQQDó¦?Q»âYîèQøO?nøöf¾±b9Cÿ26%‹=×ý
÷¨£ÛEnƒ‚Æ×.Eþí™RZ¾çï83wÎüžÜ°	á{P*ƒçjÅ–jÔòÀ‘J!¯ÿò§¿È¾ãÁâþßµàyy·ûÖÄ·v<e•-û¾Ñ„Q¨ƒ˜­@…˜±ãÉ-‡JÍ¯Â(LÜã·ö}?¡öÆä±9Ve4›Mž|k_¸õ?ç—ËNœÁÙO5¢£À2ÚÒWŽ?ƒp?ÄsTâš˜e?ˆRÅÛ|CØŽ?ž7ÆÊ~/7¤j¯–hÛ?iA^Ak1QËvØµ·ñüçW´Z=¥<ØJ¥Bww7žçR¯×Q†É Š¹›±Ê¬Ñl&+†>ÿjbÝªÀ›ÿ2•/ÅY¶„Wç­cÃê!Žš1?`ÌIÔJÓ´çI˜hµloq» æ±é i	0ˆ”#4³ehp€J¥œ-âÖÏI‡XŒJ`(P¼°ªŸk^XÁ>7½Êö¿{•¹ë›üîØ©\vàDvÙafNzœjy¯Ì'
B¢žÂï|›Ð¨ílÖ‹Ø"=#Ý§¸Ž¦c–=WÀU³'qÍ“Y[9à–WùïŠ?ì ²~%ÂÚìø¦ˆÇ]®j¥iwÄ¬½¯3|8¢»Q.f@Ö…±lŠ8fàèžt"îÎ3²/¾~ª¿Ÿ hg<1aî^{¶lwƒëÿØÂåÏœï0D.X?%zÎÌ?[éd#z]]ˆ’Ÿñä0#Y´„À9ãtÔØÑÙ·|õU„)Ré•ÚÚÀÜ‚¬U-ô%‹­!7Ä´Á¸SÏwÚ9¹¶+p=SôÓ¢èáPŒ7„¡öõÑ´.ÒRF¼ÃhÎ=d
?*%?Ëÿú*çÝðóW˜Y[ÜÝ{&`"û5Ôhr÷‹ËjF[è¤?$`ÚqÜìà:) "i@T?¹¨³Ž˜Ôž@Ql£i;Ðn¹[öM‚|œy?{7.Uhð~X¶iYÀ?ÍIGÇ¡³³“ÎŽ¢0¤^¯%<Î„Z˜Û†ÇE\‡DIÇåZ¸x< @)*wÝBé–k¨n®óï¹kpB‡½¶?DÃß–Æøýõ–NjQO©\Î|Î|—¬¬tó0?ÆÇB+ÞònˆŠÁ¡®çãå,
Å¨Ä èºWVrÈíopØs¹ä‰%’§ÎØ™K÷ŸÆ3=¾Ùdâm.,B§ÀöŸ)–ò<Âm¶MÂ 5ßgbUìÒÍþ>??³’W™ã4‹PîµcžññSG°ýð

Ág\˜fbn¡@û¾‹ë¤ÇoÛdŽÛ²R‘“È°"[›EÉ÷¨X,…¢ÙÕãÇµB;ËÞÃq=¢0¢Ùˆ¤Â;ö(¨d#äÂW^C-YÜ¶ˆ©wÃÚu™]?{ÊÉí¡/Q<Ñ6±Ï‡)èå2Îþûg_a`0"ÉA'b+“ŠÔáÏÉ\KãÃÆcÜq?ÛŽ?S«GIZØ×!ã§¢½ñcWÑ0ç¶(Ò¾6¦ÓG~þÓ¹òÃ»1Ôèî(ñØ¼5|ì7Oò™?>Ïë+ÈCæ(Î?Î]ÍY×=Ç˜ž*Ã*N¢ln?xŒo…“ÁjŸµü€Ófõ´ÅºsÅ·pUÅl¿­}ym½xâ–Rˆ6­cÑ‹Þ,ã×,¶Ä®°¾§@YîŠå²,Öê5êõš	Üõ³;€¸pE©á”²„<ñÅL$ÒÍ?êÿ]¯<‡èvùóâel?²‹]ý
ÍšËà~ŸNù±B'ÕÇô§‚Ãµ†?š1E
ßx·ÄÃ ©ÒØýHmÓi2“¡QË3,ŽéåO½ÇUsVX»0ÁÂÍÎù×B>;k,ûOì¢l6B@Åm¶gYïk)¡)SÎþæÁQ°pc?5MÁšZÀ¢?5V…¬’¼º¾f]pÀÄ.n=aÆu–<S Î±¾FV<¶VfþÆ:ë†Bž_ÕÏÞc:3¦MöÑ:ŽƒçÆø«]×
LõËå„›kï T‘pÌ¼¶¦×¦·z£à¹>²%ßÓò…Àõ\”TÍwŸý Úõ¦½5 øç}ø]Pø°ÉEQk¬„-!ñN;­EÀ“wÏ+z‚ÒH»ôþŽ*å-LÛhg“^ -S–˜MCc÷šÈÑSýˆ2¢ Xr¯U‘vÌ_‹¦?‰­ãhR¶Y	<ßOüÄãØÅf³‰ë8|ü Ét•¿~ä–® ÀóVñï7VÒÓÕÁÔ‘†WµVaåæo,ÛÌÈa®<uWöŸ6"QöÆDˆçw]7ÃÖ‰ƒ¡m•j^…jÃ%q1o¼aaÞ-¿MA·=Èóp¦à‘	ZU­ºT¤?ã³òVŸmØëýE?‡‹Å7l
ÇÕÝyÉJ<[ô
šB*AlL%A´1Þ–HŒ×n |Õoà?yD®ä‘µ˜5²‹i~'MÑKý„‹“{=
C\Ï¥³³£åÊ3Çcœ2Œ¤ÁäDÇÖÖ)E³§»‹¡Z?þ½Ó¨”«º«É…Jþ~ù™=iom¨³pS?WÖ²f0`îºŸø×;?Rà¡ØvXE“rû‰”î¢W6¨‡z±©º‚@IfŽ¨Rõ&t–˜ÚSfjo•_±í°±ŒVeBw…Q?¥öÛôc÷Á0bs#~$9Ùº='ßÀ:‘Ì6§…áÄ?g„cOªVË¸n
•iá‰~PEggëÎÀsP®CI­=@á!fŠúûÝi—&ÑcOàúS`ì}“…?‘Ï¿ÖÃ¯:»pvØ¡x[]TË•*|Ö¤”ÏƒÒ–wy‰‘ÚúšW Ó2;ˆd”Fê	‘0=tÑÕ†WÚu2e¶ÙP‡2Üîr¹léCÒE¤dBÆc)¾NðÑß@38iÏ‰ì7m$ÿ~c7?ó.o­ ì{Ôš¯/Â?F£É¶#;øÚq;qÂ˜<¦‡ ºu{¿ˆÔ›=2Þ0ö9Nh—[pŒ;ª—¯ã9èàpÒ	ÇráE_à‘?Ì[oÍ`âÄmøÄÙçðÃï—3Î8‹?Ÿ}§œt“§Låþç®þéU,X´$C7L –\|dú}AšZ›ÈqL¶Š…‹ç+yÆÐÉnw
qÃª´+»J*¶)M<ø¬Õj4³Å‹#A?béæ8Kår²¡p?¬Qþè7µ>/àßÎf&uW˜”j?“ÎAöŒLn\)%eãk]¸Ø¨ìðUû"‹ÔÐ+mwª=´Z³£ZÅ÷}ú¤R)ã{~F< ,ØØs›ÔÃa“zÌv1…Q"¥p¼×ß`ñ¦:‡PE¼º¶Î`3Êtpñ1÷ú»?í"ŒSz+LìÔþä2Ô*ÓJòÙm&‚&EÙ•É?Ýz?kóâ[iéæo¬Ó†\#*%vÓQàá¬¯»çéŽ.’­¯­D1ý0O*Š,„¡,âµ7©ÿ÷YÔ@?èÕ×t¡h4^|±pa’|#9#‰”ºkã¼Ïüýžäbi/÷ÅZl´Û®ÙšØl"Ÿ{ËÎï°C \*jÕ
½X .DmÚŒ|õep<Ø¸ùÖÛ[‰…³·{mü<°í…s¸nNA‹ØƒÈdcàÇqŒ·x˜zŠç…,ž›JK%Ÿ0Ð¡X<×hd¥øQiÜÚ„-G2btw™ÓØŽ3šÂò?5Þ\ÑÇê?ƒ(Ã»ªÌÚv{Ë‰…FŒkÛ¯¹çy„QXˆ$QoB3“Ì×_þ|?ô cÆŽå×¿¹ŽÏœ{6ý}}üáÆ›ykÞ\ýs¹“þóêõ:¢ÍyOv—Ö=žgñ¦ôÃ¼? “­úÊPŒCnmPÒî¹®¼U)¬b®ÿ_Ó×¡³«Sç3I-Ž‡›ñqú¥Râ÷æ8ÎÊõøÇ_‚ØÔ‡¯$ÿèÜÈ¨’Ïn^•fÙ%¼à“DÓf$4£Çy˜åË–qú™Ÿ@Êˆr¥¢±9s¼µÚ·Ü|3Ó§Oãð#?&B=2æY"ÿ9MõÑ³² —žaÃªÕªQ*éÄžÄ?­-ÉZàˆ4³$†¸&÷T˜ÜSIVí#'«TÅÁø&›Å ^¸õŽ’DJÒÑÑauV‡$~©Œ’µz?HÚŽ–¾Üq_úäR†Bm™ú‡c¦d§¸*Å=ÏÕn‰m‚ƒ‹²,…R9K	²|åJä¢î½?ú›óÒ¡=¿¤å+’R*yŽ¦’†gêÄ.3PoÌK_aÓ&¢9Ï#fí’ºÙ	…Z»9÷Íì&bß}Žz‘@@-YBôÀCÈûþ…š÷í“·6Ë¨«
<Ûs$Dòkq!‘ Çƒå–p’ûFI‰"á„AT@7ô’F,Vr:ÒM¤üQÙÞ÷}|Ï7ÖÔú '?êbâðjÒùžçëAj¤sS?¦UÄE®P»Zè(‹ýMbó0;¿4ÿ50?ÚT«ì:kÃº‡4öØcO–,Ös”Ù³?`Ýúu¬[·61ãŠdÄÛo¿¶Ûn;*•j¦O¹1Æ­bÃ¬¸¾:ÂÝ5ÃMK–^\ÏE[p^™Q ìN¶“éûcñÇ…Õ†•üî0—¡Am+„À+•p7ãYà8býfÄ™?@.[?ï8ÜTYÃþ»Ø¾R¡áD4¾sÑû¤éAaÈü7ÿÃï~3÷ß/7ßz'a¨¥’OFsäá¬\þW_uQtD‚©9äç	ÙÅQY”E}Óê©V;@8è¨R.'CÚ­H
;`?ÖIæó¤5W™ÆÐ„Ø6ƒ€jGÕ`?*ÓÆgÄJ®KÅp}¥¬Q*iASá57Âi÷Ìç‰eý8îüàöì9¶3«˜÷Ò?‚fC¡4á×­Fùþ_5ƒ–"c±á/¯EÝô'èh?%
?5
·GûnàúÈUËaó@!ë:>-®#p|— ”xŸþÁ—¿š¾?ò(œýqðýäº„·Ü’­I£Çàî¹[›
ª¦à{ß'úÛ?2Çž|LGÀ˜1ÐÕiŠ‰ƒØ¸6lh¥À©­ÌÚµŠØ±Æ1N?ŽÕ?Ç„‚øL±uc›SMæ»t¥´ç}¬ò¶3{Ÿ~æyn½ã¯¬XµšÉ“¶åüÏ~’·Ÿnfg¥Œ´>ßÄv´žñ6ëÛü—ë¦ýXÀ”ZØ·íMnÃ¥R‰‹¿ô<è`N=ùƒTÌÜ¢··7ñT*—KŒ9’3Î:‹ÃfÁG?r
AGG®ãräìC?~<7Ýr;3fÌ,@¬[-Ó<ÇEæ„ŠÜCî„Èú3k2ºh§	ÑŠ=(»Hg¡•Ÿ¨KR¤rÅ?;Â¡\©à?ñã"îHIôÝ[‰ÞxOxü×ëgbTfZ³Œê¬"¯¸€èà}Z¶N£‡5¸ìü}øÉõs¸âkgàûpï#øØ	3X¾j×,äÎkNàµk-Iq¾#mÛ\Ú˜X¡LbMœ$£ˆ¡Z?’²ÆÂ–º­¡@òç·×ñä²>®9|2]%· §R­,s3{žCÓÐlÃ ÔLŠxB/’0×–¯R¹Œ4±oÊœ‡üô_<´?{n`›®2×>‰c§ôÐŠ¨ÃÐðT(ã¤w•ˆGÚ%kÚœ(».½îºÇR	œ;PþÄ„G?7r$¾éã×üÂWÿñÏ6ý®îŠ"3ð-ùâT;`(õq?æ¼}0rxrcD·Ý™í,'mƒ³óÌ‹$Y_ƒ€ð«_'º÷Ë†@9g‡é¸gŸ?8îXDl°fËç¯ø.òÖ;
·ç­ëEûI«ˆ%«&L
™¹Þ¶Ù•’R†ž,¥$Œ"‚0Àut¾k`œHã`äü"Öl6Y¼ä=JåÇ?ãG?ý%×ßpÓ§MaÌèÑ<3çî}àa~ý³pìQ‡³à?ExžÇôiS‚€ùR)—™4i¤”,\´˜z½Igg•¦OÃu]V­ZÍæþþäƒ;®Ë”É“’Æá÷ü‹+ø3Ž;æp®¼ü’DødJã½¢,lý?yó)—+¸®ËŸ‰JEk&n¸é–äÞ<âÈ£yvÎ‹tth?Æm·ÿYCŠ¾Ï‡N95ñ¹©T;²õ¢hý5"µ8‹Ð^Ê‰L*‰1¤Š,»@+!²n‡ñÖ·¥›³†…ñïe`»x[q§9¨I’6RXÄÍp3øËhüõY|\úœˆ9^?ÊíxvÛ&ó†KüÚr^üÆ×8è ƒ9îƒ)¬V?øÒ™{pÎGvåág–³ûŽÃ©8üøò=tKÂPƒ9‹VÄ’ÈñÛò?MžS,’isÉwQÒOT²RJÆP¬lò5UÛ}¯â¤»Þæ¹ÌUá½¾¦µ¾?h¡óêë¹.ÝÝ?ø¾ÇÀÀ 2ŠðJZ]»¡±±1wC?Å›šì;¾Ê~ã»S?çi£¡¦Ž¹ó}??Z–÷×9ç_‹xzyì>Ž/î5–‰]å\˜Dz¶×IÃ6O7½Ï#Às?gW©”“®”"ü¿ëQwÝ?’¯” ô¥)_üy­H”
ßuÉÛÑ¨¿/Ø"îÎ½žaøGÎ&¸ç¾Ì"Ù¼å6J_¸PéUÏ¾®sèŠ÷UJÝxÑ}`«¤½o~÷ãgµß?*ŠwE[AÍQ°%)JŠgwsvgj‘²g"ÝE¡H:\MD?Ð„|Y´x	Ç?rŸ9ç,?ä ~óíœrâñ\ù­¯Sö}þzÏ½üøê_óÇ›ogŸ½öà¢/_F¹\âþ»ncóæ>Î>ïbÜo/.ûÚÅ\ø¥KY´x	R*Ê¥;n??[þx-?úÙµ<÷Â‹4M¡‹èÞ»Ïâ—WŸ—^y?oÿà'L?¼_ùÂùI¨L‹ŽÅPŒE 6¬BII·”`6PÝúWª1ŠÑ¿O)óoP
:­×+Y>ðbÀ,¨£Æ#J•-pÔž?5è:.ŽÔüIYKÔÎÔ%clÕŽÄPyÁ-d •×ÏÜT±Ù|†©e1jT=`ã¥·à…×ñøv÷®wä’ñë8òÀ9ñ'—qËï®çæ›oæ÷¿ÿ=§?öQ~ú³kp‡ŽÎ^6o®³bm?]¦?`Þ¢Íüø’ƒPÏ¼¼šõ›šqÀ8ªÝø¶¥k†­±5ÄUeNL¹ìãy.µzƒ ŒÂ!
CjÆÆ/•o5û*ïnª3gÕŠ7ÖÕØ÷–×Ùetû?ëbö¤at—ÜÄÝaxÅÇsC?¤„H´—t_#âÕ‡ž¶ð IDATu5$Kú,ÜXcI_ƒ•CÊì¼,(M	ÎÞy?<dªsÈ+ùÚß¦ÙDFÿ~o€³î_Ä?ºYú¹=YñZ˜í›Ñqu¨´I‘)¢ÂBtek¸?*•ˆ¢Ð7Ñ†¨GË2!ÇŽ¦úå/…!A¨!¬âkUœæâd’ÐÓî\ùeÜƒ$øç¿tìQ|ŸÞr+Ñ…çi8á·×gË£¸gž9hÉàD×ý!s®Ä¡á~øC…ÏÝûýzÿ?™?‹k÷Â¸F‘4anV–o¦ûñŽ3?™¿RaË¹÷}ŸF³É9gýŸ8ã4¾ö¿W2¬»‹‹/ú½=Ãh6Lš81É]ôîÖ®_Ç1GN<ÿò«„aÈ„ñã¸êg¿æÍyosñŸa§?và[ß½ŠyoÏgÎ/³zÍ|×çŠ+¿F½Vgáâ%”K%Ö®[Ïeßù!?\yù%Þ“4³QÒV½Gô‹‹¡6Àÿï_aˆwÅŸ`üä-\{óÈ-wBWw´QduçJ!Q9˜Â Ú,?1Ï3T‰X#Æ©”Œ¤Œ•?V”¤+™bºXnb6ßUÁêKo§Vƒ·Â/+ó9oh
?âÓ“öaÒ.C9>ŸýÜ…yäQ¬^³–qcÇR.—Y¼dÏ¼²žaÎ&N?q:OÎYÅ;K6ÑQñX·±ÎÒ•|îc;1oá&jÑ«ÝÍR­
d­)0*)æ®ëÐÕQ¡Ñ©5šæD©¡X¹Ü]Lé­pËqÓ¸ãíõ¼¶v?ÅýM^[[ãõuu~ÿúZËD6O]i¥—çÿ?¾Œ.=UÁ´a¦õ–™Ø]bîú:{?í´vX_\´¹Æ“ï­g}Mòìé;±ã¨®ÔÐvTÙáJ‡øF‘*ÔÁÄû5}?Ï_õ†4ð<ÔÆM¨·ßÉƒÚ¥$ƒµÕj.øÁ> ÖgÉ1Þî(a.wv1q:Æ?†•«Ó‡{ýzä¢EDÕ*rÁÂ,ŸúÈÙ8½½ä” ×®ÓÖöûOßÑÑ™¹ÇÔV‡”ff:¼~e=îâ…eï\´¸Å…[;êÝ]3B¢GxDQØò{ºˆëˆÉR©D³ÙLpi¥$¿½þ&xèQ>õÉÓyæ¿Ï³ëÌë–XN?ÿÒ«4Ã?}÷ÞƒE‹—P«Õ9äàý	Ã?gž}¥S·ÛŽÇžøR*{ú~ìIÖ¯ß IÍ&K–¾Çá‡ÂñÇ‰RŠÃ?ÿ0ë7läß?=ÉÒ¥Ë¸á·¿`—?wj´Ê¨5—T”+à¸P|_µY¸´O»²nê(2þRc¶ÙB7nîïLR³HrÂtE‰+\†Óh×é¼››°:SÏíÊ’LJÃŠHidv1Oæ(ŠR'2?UÄIÍ{_XŒpJ<ï¯dªìa]¬œ±Ý¥ŸB–½äf?2u{¦NÝž9Ï=Ç÷/ÿ"î°”Ý‡7@íJ1vdÏÅ®;gõú:£GT(uøüù¡•úùïkW‘²=âÏ%Ú†BXdoQ)ûxžC­ÞÔÂ$+˜¢T*Y¢(ýz'm?œã§õ2H¡ä??^_?ÈÂMÞÝÜ`Éæ:¡‚·7ÔiYg’ë¡ÇSÃJ“ºËÌSeê°ÛTû?­Pñ]†U«tU¼ŒÕpúÙõëNè,sÆŒÑ¸Æ¾^¯']-L+pBwsíhª[ï>!p</Ž8aˆh6³ð‹TÖ?”ßÉR`­3"
¼ñS› Û,M¥MÈ„‰8Ó§#­B î€px/lÜ˜y1ÿ’¯æ®¿UÞ}·•Ôh@A|l"+ìÊtÉm€!Û”é}uè"5wrŒÃ¡² •ƒE¤’aj‰?Ú?%GÓó=Ç4z×‹|â°ã hòÜó/²ûn3ñ<=#j4›Ôê5­ª?"^{ýMÂ äc>™Ûþüwd$™>Uw¬óÞžO„Œ3šå+VqÜQ³9áØ£©ÕkaÀðÞ‡j¬Z³–öÝK/(N8æH®»áO¼9o>?ºò›ì¿ÿÞž¶6ÓÊÔ<$$Êèì†uïc·£ ÒåRêØòÏÉ†6DÈHh×K‹IV,‘7¸Š/ºcÔ?ŽãèíQ.iœöœJ¢U–Ô˜t‚)N–÷­ÎCSˆ…œãaúó‘Ù¦wNRÜÖÞõ|êB0×ÛÌÛ1
Üƒf ÷˜š¼^£Ñäåžá—×ü”rãVnp8åS?Ì™çò¯Çæ3nt/3§wóÛ;æñ×Pž5“'Ÿ]ÎÛïnâãÃ{ZÄaU¦CÏÓ…ŠÕ{éƒwçõf˜˜w5uËî7…6\G0¬ìBÉet‡Ï»Z´9¡á‡ø\eÎì«§âŽ£s›AÈààQP§)J”Ëåt¸«R'J! ê[,Ç,@õžçk«ÞÜn%>ö(RmÍô;/¥2Z•£–Œç{½Ñ tÞðÞŒ>zâiüz·£š¡¶¦ÃuEðô3D¯¼QLÁ#íl¥¥¼?w$ÞÇN£ùÔ²›œ»îFMÊvSîAàL›–½wj·Bì¹NŽa(ç<?êïGÞÊí4œê¥—‘?>¹ÕâŒR[-â˜Tš&Ã‰½ûUR¸[—fmxåšˆ½ ÙlíÆ???ëºÚ^XÅáÍ.R*–¾·‚•+Vqô‘‡ÑÛÓÃÁîËÓÏÌá¼/|?m&N Ñ˜ÿÎ"ª•
?=ñÕ*Áw¾ÿSF?Éüw1eò$&Œ‹T’¹o¿ÃÈ‘#h6µWÎé§}ˆGŸøa­ÁÁî›„ÉïµÇ,ÂëBŽ=j6Ç{D¶7QuÒRÑÚþ*Êó¡Tm­Øí*¹(¹1–ÈHéŸéÝ
_¼´Gì_a?$ÿãæ®C
cþþ>ð¹¸WÊJ†ÎMÑxä"tŠ;7T²¨ ˆÇ¦îvúuX—l^UçõòºTþP™Ž?îÅ¤?ºY·n-£F?bÙòU\ñ¿rÆoqú!Û?ëbc_ÄšM‚î*L½?ëþ<—;þx§9…Þn?kêL›:œÿýÙ>ú‰oÒl6²;ã_÷¼L^l±–4CE¥\2Øy“Rš®³\.áyþû±aÐÛ4YP•² +#¡Ù	T¤Ïm¹ìãºÝÔë?$Õ©R.ãx®µ“³91f¡·ÍašN9¤\*lÕÌ3?z7`’ƒ”’éýg?eA|EçN­]CœtÕQ­¢ÆŽ&˜´¡UÈÕ¦MDŸù,áO~Œ7ujæuÂçž£ù›ë‰žzU?“Â*všKÈ$ŠÒ	ÇÓ¸äRœ¡zr.äÒ÷`é{™ì}úýª@yž.þK—¥ßžÿÁ—¿Bé?‡žž„=ó_äÿ]‡zî…-RÕû¤&OAÑîÑG¤Q‰É<+æ˜Ç1Ž@ ;})#¥WÏ>ÿ"^Ùg§í§¡\ûósÃÍ·óà¿ãíñ<ŸžžaŒ9’‘#Fò‘SOfÙŠ•,\ø.}l3a<:ñX&o·-W|ón¾õÏÜ÷à¿qpäÜOžAßæ~?â†÷ö&ŒóßYÈ¬]fpô‡j:­õÛLmMe‚ÈõåJzŽïäO!†?)¼—ÊÃª”«úÇE.›Æ¿Oyã½#ÛŠxg`¨©²8¹ÈxåbÁ*Qoó£Œî?ãÍ¨ì•X´2š(0Q?âA+pšàÆ2Œ4×ðÒ…åû‹¯ç[CÇ1æ°)ì{ÏÅ¼ôâ¼»t]îøÍ§Øw†Ë>;Áæ¡2ã‡×‰dÊ?¯”{¼Æö3áÔã·×–©žÃmwÍgò>_aÏ½h“„DKÊ¹??ÙÈÛâK"Ú<T’z½I­$¡qw£»s½¥n’Uƒ£;<:|73 NÅ¶kX-ûiÒ!§Ý?×j5‚0ÔÉ²?êdóØUn^&¥~©„oÒ?\×IØ™Œu\RÉLàvxÃ?¨«®FYƒ5gç?ðïù»á¿+ªåµk¯£ùã«³uËª·ç8»ï†Z¿?è±ÇP›ûSsµÑ#QëÖ[ÊZA÷}ÇÛu—–!CÞ¸ñ³khþêZD›:éì½'¥ëƒÓ;<cm‹|")‰þpÑ?~R@²T8ûí‹˜¹3,_Ž|â)¨×SVRO/@3L‡ª/=‡è¨Zµ»@? ¶ *´þMX5)£l¢‡O×s	‚0ÁÍ¥’Z?Q.'×36¦Šý‘êõ:sßšÏW¿q%Í ÉÕ?ü{î¾kâ­RpQ2»ÃF£5oU«J=š?fâ¢éAH©p=ÏX8‰££²?²)@…p'5‹~÷mÔ³$ëÒwoFLÝ¹°?wwuS)Û)sî£vý—	C‡Ú‰8øƒxŸþVò,ªŠÁÈS¬ÎúkKQNÂrA
cž
•XGÚ¤]ÐeF%UÐ‰[‘@ÊÑ£Ä§:W Œp j†¨Pâu”ðFã‰o±ß;3wî¡ìzù1ì±ç^üêÚß32z?ïœã„ŠÁ†Ë÷qÉe¢fúÀ×Š“®ðÌÿå‡¿ZÃG?8‹»]ÆÌÏc?½ÈÚaëáˆ9ÑI—ÞÊfÉÊ¡¶dy–ôU«<ßcã¦¾¤ÖAÓBK<»²Æ×Ÿ|?××qÿ);rÈ¶Ã’ó®E"»S²%Rž~Ú nâí?MœÐÅÈ?rÉÃó:i4-`
C­|õÜd*mËPéu?qÐfCç¾vwV	%[d¨H¥2ªO6÷µ>XãÆ%’qÏóˆ$”?õ	Ô›óhÞwFx&€èÅ—‰^|9wž%þGN¡ò£ï1xô‰Dï¾›Þ—…m6ÅI(ðÏø‚_]Û¦Š;8'‡èíÍ„¤ØÉ¦*ŽIûÈ©ÈG…ç_Ì`¨çæ ž›“9GûÎg?Mtþ`Á‚¶éYmG5V*A;ð%Vpê"ìQ®©ˆŠPJ‹¦<ŸRIBcçDŒƒf-¹¼üÚ›œý™Ï308Ä'Ïú(ì·wÚÄåŠxI^X¼‘ŽJ™Z=de_ƒ¡Zƒ™‡ÑYq™»¼Ÿ1=ôVVnª±ÿ´‘õ7xèÍ5ì²ípFuz¬ìk°bÃÓÆtÑß”8†ê!‡î4ßHõmMÂ–æ6Ú°Ìòè‰T£†ˆ?»6€
š)ÖQÕJëÅðËÈµï²¾±¾6]½°¬SlË”ø¼tÀ”…WìK?&Ã$á'YÝ’¥T‹å«?l¡rÅ½ÕˆÊ„*³íÊ*§â!vLSJáøøæ}‡—x]-âáu?6pLgzß½ÿàÐmþÉ¿_Œ¸ÿ¹N$«6(F?,3Ð?zv»Á~;;ô-æG×Ì£sül.˜}të3aÃ¾|f?‹BáZ…Jl½†gðL%•É4ì‰8ì+ŠØØ?Ä¯^\ÅkÆËäÄ»æ3cd…™#+ì:ªj<K{?í¦ì9DjaÄü?¬õHòêš‘R¼¼z€¾¦$TÚËedÅåÛLâÜÝÆàºÕŠ†|†jujCCºË.;e÷ô*)®JiW¼JµªM§d{Ž¶-îiÁƒß[¹â!fí‚Œ$å’§Ã'¤¤T­ÂOˆ÷?	¯øb¨Þ
+?ÿ„ã©|û[ˆQ#tÆäa‡¡½«ç@J!‘[„!’5yÄœ=wG½ôj–@ ÆŒÆÿäÇ[»àxhŸ½½”n»…ð?7ýìh4ŠìÍA(œ“OÂ¹ìR6L¿ÖØ1°`!•µÊN
wÇñ®¹Mñ²•’„‘2¡2ÊÀž¦±²D3ñó†agï:âÆÁ3?Ç»î¼#Þs'??UFž8,Æž(ö!õ×œ»GF?kµ:å’Ç#o­e?m{xkeË672bþª>†wúÔƒˆ?5z}ˆvÇ¢5ýš½²n?Ýª¾ËË71cB7ã{µÂYÐÞŽVX&bBœžD"m–X·vÜüá?7 Ÿûw’zVëq‰:œÂ»IÕúA8:ý	£Æg›£Ü—ì$ë?Ê`ä-x¹½õNy´R)¢0"Ã;GÛÜ?KÉ-•ÓEÙ•ÁÅó§é	Îžä—_z?×^{‘/}ñ+FÂ/yü‰§ø×§3qÛiT&žÊ‚ÅøÅÏ~(.úüÙsŸ°~õäàB:X‚,fÜ°vÚÎGJ—Û{?çßù5å²Ïû§³{l3+
Ky~¹M”
ÂP²iÓ&l§‘ØM xtÙ?xi=o®×<2ã?”KõÉ]fvJ¤ŽÈ.P‡o3ŒŸ¾»ŽêÔjÅPêaèÐPÒu{¾—¼pl–§ÆÄ%^ˆ6%Ü^ô¥E[ŒåáëÖ!?w!¼ñfæ—œî¦4m*Âui6C<×Áuõz á«¯Âª5D¯½ž4în»â|0¢ZIæÊÒ58"ŸÖT¼â¨dÍ0L÷`{öË¶î–ë’(ZMüØ«¯#çÍƒ•Ë|g‡épØa	ËÆN®OÑl•HÓ‹<³ò>5¹,ZÇ%§EM¿~œE:ïR§ÝKÛB€ŒÅm,“?"©½È'¡ÆsŽJ¹ŒNùdBf<ÏÅs=ê™äA©ä'Íd†‰L­Ñ³ÕÚ‡Þ,8±å@r¾äC?®ë&Þï¨8·`Éß‰¼ãM7i6ðN;÷Cç‚çÞö¢Ý–œ³j?ƒß±åúÑè—4î—~Ž»ûÁ™Ä³Ì¬Ñ<¤^o)æd)Ï6åKxÚß$?ŒÒR)Ý8yZ¢UÐóÝyÃÓ‚ŸV|;YÃ–¨Æ7wî>û3;¼ôò\þùÇsÙf›)rÚ¯˜>m2àqèöãŒ3Îä‰Çáâ/^DwÏ4ƒ€ÁÁA‚ Á›¯<ËUwÿ‰Y—rìÞuŽÚ·ÄúÍò?/?ÁÕ¿ùKúYÞ§ø"MÒÎÆ¹ÅÞ	­;á”jE’þþ~}NDë`‡oÛÍÞcª,ØÜäŸKyø½~mjXE\%Aõ¨t¹ˆÏ¥ˆwÀž£;9|R7‡o×Ë¶ÝeFT=zË®1?xžƒ®ÛE­^§^¯ã…ž±%•úg,Oø˜—ño*â²«¬­ARÐß]o¾™…¦LÆ™¼~©D½$Y²µºbŽFo·Ý`7?ÌÑé¢–aN‰ÖŽâÿÃR»-ºŽ›ÃúUŽ ÞJTVÞk†EfþÕ™µÎ®33-ìSÀ„åYßbŒ%¶(²øã$»>¸Æ(ªÈ­2.„žë?û?eøBcq?¦ 
Ç¤e‡Ë%ßÇs]ã2)“YJ©T2þáRmµ‘ö—ÝUYþ/q×ôG]˜Cs±§ŠÎ×u’ã??+4÷OÊ^!ó÷ä«g”æ’ËH?g×&<Bgú®°Ïì¤)q»}ü·pØ¾ùT­?aµ8&·ˆ´2š³COA9nskŸ¨
¶vzõ¾x†AH¤dò»	–7Ê*à–gØ9±EfîA¹-ž] ã‡~ôè1Œ5šÍ›7Ð?Ðà¶ë¾Æù'+î˜w"3wžA½®¥õGs<oÍ_ÀÙŸøp _ùêWùÔ¹çi¼+ªräqáƒ§œÅ›sðÛ›®ez÷Ìœ°Š³zžÿ½ø#œ÷å«¨vcÔ¨Q[-çqp¯l¡Ø¥”Kûd¶©!ëûjÕ({‚UƒÃË.½·Å?´»ä°Ï¸.öÓÁ•û?Ás=^Y[cáæ&ýaÄ+‡hªÔ!P
O€À¡âÁÎ£:˜2¬Ì.#;˜:¼’-(9ÿøHiz”ã:”\?ëvÐ"jµCCC”|ŸJ¥‚Ê†¦±c¶çNNCfÚ’Ž'àÚßd]•€ó?C¥\¦„™Æ T*†?^\|ŸRÉÏ…NØ¤©?EZM
ó¸’Ï"Æ:@eMàÓ.†­­üÊrvL‹µ0âú0~&™m¶fÃ%Vk[ùP.F“ŽD2¶²»ù‚Z®é?f¡ÒPI”œ-×u‰’b-’pô8ˆ9kJåê?Hæ:žç'¥RI¿—•ïÚB›‚ c*È¨Mã¨ºØß%C\×xÂDQÒØä†x±Šƒj
á§îÞ4’OTßÆø—qv?g·SÖJW—	]o-äß>1-äè^AÚ¾"îÈ†œínÚ"€8N¿B bå¥½UÍqSíbžÏ·LNTæ^1CC_²AJ‰#ãÝ¢8ð CðJe"J<òÈý4—sÃC?LÚg¡‡0êz3¢«{8ùû=™cÔ.i^’¿ËÌøáU×°jÕæ¾ö÷Þý&÷>Ïü{?ÈSoÀIŸ¾™=÷Ú›¼ÿ6öVÖêP’Ôk²éóÙÑ§àÙå}üã?¬lrÐ(?	?.½%?I]ž#*aò;&™%UÎé³¶Ûè*»?®â8Ÿš™¿ÎÂÙ›Ce<³„jUôJEBSô\cpïv!?Ÿ®UBðÖú;˜Ä–3áa+8§5÷ƒüæ·áÙ9ÙÛr?Y”?:’HåÓ?êkDh«c¿äìS´rùEs\v®™ñ£ÁºõrëÅº-4Óòh©ô³ä I•áÏ¦Šw:ªíC¾¥Ø²vI7¦q×ÖFçá™.7uDšY*c< Ž»Ú¸Ó–2Jî‡0	ÃÐ@,˜b*¥¤R.Rœµ³L¢(2×»„ L"ä<Ï7l™ÂV‘fÑÄªTÅ–“}bÕ{Ë¹è­;òøCnZ‹(U¬àf«w«tdrX“ÜaS“"•Î4t[ˆb±—¡ÃzÙ".ÚG¶ù‹½ÝsWwçqZˆ’¹Ahšž“vv7’f8æïDû¦zô±‡øÛ_ïà´ÓNgöì£S\Sººº“×ûàIâƒ'}H‡0ûž)¤Nbþeð˜F´~ýZ~÷»k™<y*çž{¾EŒÃ¸qâð£?Ä??ÎK/½@÷Ô(YÉÅô.©TVœo‡tä@ôH)î}gç?¼˜õ?é=n=zcK6¾?· 3ªo´)‡AÐ´(a^¢
ÍÂ9©xKÙ¬²93$¦U"—s§“b”æèß©˜tœ8†ìÉå}¼¶¦ÆN£ª9¦„(ý`ýwóf¢ó.„—^É¦aÃð¿õ¼Þ^?Ü“x6+‹Z)ôöÙu	Ã?F½aBIôÖ^%Äz‘±N¦Mù¶Ï¹]„µí?õSkÀê8Y	Yj&ój´fDÂi¿›È†¶Ê!Ï÷xÞ%Û‰âx½HêŸÐt¹:òP'íd	Ó¬ p?ïùDÊ!
5#¦iì©ã çXæïY–¹	-Ñ(3…¡"Çx»4éC¾ïSŠ‡¦ÄiPÙ‹,¥$06»²Í`3nzT;/òŽ®´8».rÙ"šWœÓ²ëÑÃNYuu³äW¨žÿK]ô6¢‚†yvtv';G%Èí¸²?•—©&"ÏW[-àù»]`B‰®LYx†4ìänLEJc,õ““hX?ÿù?™;÷M^ãužŠ™$yë\ëfô“"nö«b1ÃÀÀ =ô/fÍÚƒsÏ½ ðÉ;ô°C9ô°C­?älÏl¯QY4 ¦,%7Gz¼—?ý?aeò—=¨E*ípŠÊŠ)Ô¶o·ŒBFôt³aSa(Q"íhJ¾oscXÃÂGíbh‹GlZ¥È9U’Æ~9ÒA!XÕß`ÁÆ‹ú¬˜Ô]â¢=ÇRH3°‚Êqª_yyÎg`p(‹GOŸŠsé—¨ì¹'a¤ÒÅÉ¢°fJ›ã$±a?fÃØ{–:VdTÄöœË>9ûséÐ?K®).æ¢œlÃçE•?M¡{¥¬Ý¸ÚòòQ¤RÅm¼=ÐsNµÌüžë¹ÖµK¡Ð–ÄB[ZfØ/®ãÐˆ®Ô|ß÷Šª”Úˆ+#3{3?¢ç™Ä ýÜT*Mg?"|¿Ô’@GÉyž—d¶?rX¯?Íi“
0ºaáäÉâ:l8$AÕ‚&ö¾«D®^
&÷Aö8„úâ9#'¤fkõA0‹–’
1lYvDqT?R¦#ÏºMä6|ªæ[Ø²¤]›ã:øÂ'4jkvž?$ïfq¬Î0ÆØcÃ+¯¼È’%‹9ú¨cxò©'xô±‡˜=ûhþö·Ûyúé'ÙkÏ½¹íö›3z—~ã;ÌÜyW–/_Î·¾õuæ¿=—±ãÆsÖYçpâ‰§¢”âgWÿ€¸—žžáœþØuÖx®~Èvõøû]áÈ#?á;ßù!(¸éæßsóMÀ/•¸ä’o2{ö‘…b•åRf &! RÆä+Q*îœ·i=ño¬¯sÂ?—2¢,8l|‡L¨0±Óc—•¬ËÊP•QÄ°î.\Ïeäˆú†¨ÕšÉõ‚W¹¸®—{hÓÁ±]ÐmžsÜ©ÇC´Å›4%ó6òÒêAæo¬óß•t–<NžÖË9»Œfjo…ŠçnqPdýC”‚w„“Oãå-ÈSOÁùòçéÚfa$³Ò+!2‹?(ØzwT;h?[öd‚Õ¶v¢–.Šh¡"a:B*jkÝna5i£øÌÚUdãŠ©
ˆJ-"ïÏ?ÓÉ4=J«/…Ö /fÈ„-¬5cíaÄ6qÜ[t\dµ¡½VD&q(6îÃzâPí:ª‚¦vC½8dX,ÙŽ[)m†ZÌ”y~L7/£©tJP<pMŠ¤JÎø5möŠã¸Pí„ÁÍúE‡úñ¿û'Ý©×‡h\p”kåÔ=É ‡ú ôõ” FŽC8Þ–G5± ¨PëPˆ«­á~*›lŸ`Î®‡2ášbaºñ€&.Ò-ã%=öÎt‡?ÿù?ÙqÇ?¸âÛßãÈcfsÇâðÙGóÎ;óyðÁûhÔ‡¸à¼‹¸ñ¦?rÞùçpûmçÌ3Oe‡ígð«_ÿ?_ýò§\~ù%L?:?ýè
^{íU¾øÅ¯²<6b IDAT`ÁÛ|ù+ò¹Ï}žjG•_xŽm&nËôíwâ?¼ží·ß‰5«Wqëm7ñå‹¿ÊªU+ùâ?ÇOúkŽ:ê¸ZV†+\ø«L²
^<k'¾ýŸå<µr€5CC?üÄ½wœ]U¹>þ¬µv9mjfÒé¤C¨¤ŠÒ‹êÅF+^½VDQ¥(¤*HA@ ¡„ž„ÒH#“©™zÎÙmýþX{¯½v;3¨ßû?‘LæÌ){¯õ®÷}Þç}9‚;6öâŽ}2;lÐ&×i˜Ó”ƒÉf6Èk{·1Ù­Âƒð:¬74X” p®ÇQuƒF5cT?"°]lì©ÀæBg}G;Ää?åzXÙQ?åzØ>`Ë(‘Ó	êt†&CÃÉ3›ñÃC&anK>ÂùåËÅæ=¬ë®âã³›¢}‘ýœƒær0®¼BdR”Áùô'?)S?/æá¸ñò’H&IÒ[•Ì*gp]Oø”ºt_W=èHÂ;6ºè}vU,€ruÂ&+hgš=ÄC"Þ,‘JY9lBÙvU2û5ÿ–è‘ÉS”îrÏg¨<™R×Ÿ;Ùò¸Ï|pá•éÊŒ=Þ8Õ4×q¥8œë:°m'B7¶,G*\AÝñ?“½2ºß€P<*Õ&k Ð9Eˆ§óÈt´Ç=	
@ZÇƒw¾/—|û&?)³€b=ü$?ÁuAêGùÎk‡€cÁsüKÙ0*¡0IR”k¨¥¹Üg†ðT1\ô‘À¥<0Ÿå¹^xãIØT!~g>~âì/äwnÚø.Þ|ëu|ücgbæÌYXºô¬\ù6¶ïØJêëëñ?Ë¿…%ûî‡¥KÁÂÅs±õ½-¸ë®ñÏ>ƒ§žzëÖ¯E>ŸÇK/-Ãª•+qö}Ÿûìp]çœsúñà÷aöœ¹øÊW¿…×_Ë—ý¯½ö
Ö¯_‹††¼»a=†††ày®¹æJsÌGSF‰á?2x¬A?«›Çq°½¯ŠŽŠ‹®²‹÷ú-´ÙxoO—cm?›ïôXXÝ]?raH“$!ÑPc…ÅPÊ³z”DMFFtŒ+êXÔšÃ¬æ<¦Ô™_2?×Æ4Œ)åPô²Â¬…ÈxVu]üòõÝx»}§Ì…³æŒ’Õç<A;âJÐ¼Õ¯ºåJžÇ‘7ußS±J’+°
‰•ËÄç…ËÙ??±ªÕ
,Ûó<‰?KJ¢ÂjQ›½r,ßK¦¼i&º©˜Ä?òT&	çé:=i\|Uá0zuøè±ê¸GRÍ4ø6Áàð’âY”Rß¦?H
õ%¢?äÞ¦”Ár¬ˆÝ›aPß9´`£?“¹Ÿùk¾-¢ç:0M¶mE¦M5MÐ"]×`Ù6t]¥
hÒñÜ]”ûúDŒ²ö•÷ƒG A	½4´¨]Qð¶÷@öšô÷ wÛ2xWÃ]ó*XÏ{ÈÍÝÚÌ% “Ã1~¯¿Ü®Ê×"u?b(-“0RL5’ND‰"áému¹edÖU¦£„‚hp‰ÄÐ	²š” Nˆ2Á(.Ø­·Þ×uñÐÃÅ½÷Ý?\®×µ±bÅK~ð¡RF3ŸËÃó\lyo3.ùÂ¹Økê4|î³çà„ãOÀý¾Õjžà<ûƒVµ*š3à(K¸PkóK?Ëª¢©©“'Oƒç¹?~ŠÅbÏæ)[@ðç'Õ˜Tm†rÎQ©”e!™B~U³¹JàùÎK<"<ð¦Å DµZ…çAŠóÂajóF`(0H„-¡iôÎ94E#?CèÖs.Æ¨_ÜÙ‡_¼Þ†ç¶àâÅcð‡ã¦ÃÔh¤™‰=.|&'ˆ9+U¸Ž‹\Î€a˜þ¤j´ýH¢´peð(:”Ecµ¦iÂu=©ç!X,äÔËèu4÷8j@ IÝog£dDR^€"Ñ ?TNZìPAsÓ?Y¤ä@?Ñtñ6=y}hO%n³›§ºR
£°Ix(Ø¶iš’‰TŽÉ/×uÕªÛ²Á4ºfóÁ?#?˜ýç¶m‘ÙÇ‰ø¥Bh1ÖPœz¨
k‘æVe˜›ÂkÛVjè·-?)³À¦ÌF®®#Åt›WÏ÷Í§I]SªÿCxÂ„MKpYã7Ÿggè$í»Ô†"ÍŽ€«éÅ‚Q´“Uýs`×®?X¶ü9ìµ×4üþww`¨<B€K/=þó=˜;wz{÷à†…³Îü$núýo1uê4twu¢\.ãè£?ÁÑGƒ»îÞyKö=&<„{îýfÏ™‹•+ßÂ-·ü—\ü%‰{q_Éó<466a¿%â‰¿?†Q--°m÷Þw.½ôk²Åc”ËZ˜hœŸtÕ=?§Nnˆj—B×Ø¶Rý?ÕÔÔ€ƒ‰?§éÅã@¹Rõ±M’šÑE?šÄ,¼®?£»-t”¬é*cóž
Vu•±³ß‚åqÌhÈá3s[ñðisÄ¡kŠÅL¸„¨ï–N084$¦5†B>Ë	•I²\¤¦>‰{¨ºðÁÏ<U¾|>Ë²}*œ§è¾Ua?xpÙäÌJ»IØ )[jÄäÉÏi|tÔ9L%V*zµ…nCØ*˜ÜÕ´À@B`Ü¶ŸýªJ ºŸU»þaÐU½ïøT˜`µP?EÃžƒO&3ÂlÆH`†cùæÍ!Ë-ó?sÃCÌÞ©ùY¥á4I*?h€Ñ“Â&Ü{o€÷Ìƒ ¶ïáÀè	@®òà•Aðr?¼ÝïÁyã)Øo=¯}+¨™—ãùhl	+gDZ‰Ðxšm¯ÉOIY?<ìyœºÅ#¥cðOÚ¨±s¸PUæÀÚ5ï ±¡—\ò%L˜8I.ºÎÿ~ó?èìè@¡P€aäqÁEç!gš¸æ§¿ÄG~›6oÂ7^?‡~'?|:Êå2˜ÆðÀOàòË/Ã×¿v)påŠc>|Þ^ùÆ?/˜#9³fÍÆøqãqö§Ï!_ûú¥0çžs!Ž?îäÈgŽCQY×P=º\×zÌ®—ä/Ç²â ÀØ¶…žŠ‹íƒÚm†×ÞÚŠQy:!(è‹Ç‘cŒxhÎ˜Ú((?õ°?ÏÁ¶Xv(3Ð?ƒû±¡§‚!°\ïtV0äºxÀÁúî2Vv”1`ÚÖÌóšóX2®ˆo8K&LF?Ó¨ÌúãÍ<	¥¥XŒ‰‰ájµâSÒ€b1Ë‰^Í?©¢rhãØ’¯ˆT)C(rœ†¡Ãu™_}‰Œ?1*3Õ€?âqun21IÆFQedIšajpM?>R\¹â;[±’H!&ï-LáJÍñ˜¢¥šscP‹È	å?‰ñ»}<qØ¢¡è7š£Sš!œT×?0€l8'R¾Ú²­„Ì¬eUaè(c¨V*5ºr…‰áËŸÓÐÜ=ÀÊe¾‚#WìýkÓ:!ú†	¾§îãwÂ}ä? M­Àè‰¨L·Ò¯}x·hv2bæÅr²9 é€YPb?Ò?c·””-—§gå#i½§±[¢¼p™)ØR°=?Û­EÀOi(\N5{¼úê+ð§?ý}ðI´´´À4twwÁv4Ô7¢·wê@ˆhÄôöõ‚€C×MŒ3ÝÝ?`LCOO7ê i:vîÜŽÆ†F0ÆÐÐØŒë×bÂ¤Iþ(°Žîî446bì˜qRg{8\<q	=B?ºbœsU¢ºiÝÏ–Ëå2JÅ"JÅÊ¶‹µ~?]Ý1„~ÛÁÚÎ
Ê®‹÷z«p\ÿh$÷Pµ"3tJ`RÈƒ4Í¦À§7™e24ç4LoÌanK-y“êMé²j‘§uØÃñÍøÐ—ZÆŠqh×µ1T˜i©?e¼¦:%¼êožì‘ÉL?@+÷.(ý)£þH9‘TÃL
@f!Ë½
	¶IÚì¥ª…f€^ª4´#$Æ°‰onÛ·QéŒ8d ¾_Uæ5^iJž+Õƒ°£ùîMqŸIÆVíyž¢·š¨1	[ÝÐÁˆ`§[ŠJJ à›@^;xŽÈð!ÐuMÂ.ò ’ÃŒ$ACŒÀGJ€—ï{çf¸ßýä°l¥T­¸`W<8ž+BÿÊ¯@g-F ë¤q>ò ß<‘ÁGÇ	'J&Ë¦<ñÚN22x~ÂIH?R^wŸEûÂ¶mÔ7ÔãÝw×bã†u˜1c6nÚ„ýö;ƒƒƒxã?Ø²e3&Ož‚¾Þ>˜ùêŠu8ìCGbÙÏbÒä©È™:V­|…b	ÝÝ?èïïÅ‡?>7Ýs1iòÜù¿·âóŸ;Ï¿ð4¦áŸü,t]—¸îˆƒ¸Øåsy™å•ŠyT«,ÛI] jPÌçs(úAÈëûŽ)aŸ1¥”Q–¨V¸ÊE&,Û?e‰ÒWÅjƒª½y0t#JbUËB?®‰f2;÷àu<ÎQ©Úàž‡\Î€®°\7¥yGFrúG’€ÈxÐü%Ê$«éº&?©Ò„IJfÁGHET{x?äEÕWrŽCôLAµrÙ±í8(ïéAÛú5(¢eê4Œš<š&ôNÂàìE¤SÓX'*Á˜ÿ„
†‰‹à³B,ËcLŽÔ—iB'G”–eA×4¦	J*ÕJ*'/àªÛ¶-gÇ‰ø‡r»<EàÍõ©–Yñ(øœ‰¯–ñ óÐÓ^3–zàÙ®ÃáÚ\Êhh:sÈ¨±Qü¤FE†*ÉFÈjÐ¥Ã	\qyñ70?iS¨Y¸´yãaÇÙâSj‰ŒÔš†!Õ¨:;Úa[¶’ùQ.ùÞ‚Ûê:òù¶oß
ÊF?jA.—Çöí[‘Ï`Û6›P.¡»»S&MEÕ®Â0D–ÐÑÙŽi{MGyh¥RªÕªäÌ¥³^ëK,Z
Ó—	~`L?ô½é:J`4†!Ü’Ù¯PE	|±©*lÛ‰‰-™…ý‘Ã•ÐH3$`xl’F¢’ªvŒ‰uàqB×5©Ø^?þB”±d]”ê…Ší`æÁ1/„ã×ÒGÖ‡›‚j!ª¥Ïc‰}¾þŒØ§ÊÜÉ 
K_[e²P=8¹:9œ¦F›:îD{wªëÖA{ã”6l„ÑÝƒŽ)“ÐýÞV?Ó Ïžƒâ ~t+Z›Z`†|?P<KÉÒ}¯‚ P
Í?°ûSµ\9´¡0’Çö…¹¨t
°Ò#3ß‚Ò¶­Ä5v„DúŠz¾$.ç¶cû¤&é?êùôgÒªuªæÉ‘¬ÜqÄ˜}_ø›ÏÁ[ñ°eMêY9g-Ùÿhû^¬ÑM_Ù’(Íö=ƒ›c˜l€¨&ÁÈÈÄ#A=Ö¬T¸Âñ m®yáÆNÓ¿HqÆ€/LO)•B?ê C<X¤9ŸpžÚÕMù\âÁ¹|Þ¼<Qv]TÊei(Ë4­f¾(¯?ÿQC‡¦±pŠR0JDGÞo·ÀumÔ•ŠÐ5IÆp8†žÎ&VCL°6Ë•**UKNâígM÷Çüc?ƒ?8hÁCÛ7§&>žÏ@ J€ªTÊ(ó°Ýì)æRÅÓw6òá¤e®H,ž8þá
õ3ÔÈ,8xfJžv€ÆaU>5Â‰¨‚†PbäŽñ?J,?;Ž?Õ¯¿
öÊ+ýÒ«(nÛ?1ÀãÐO:Û=Wüd`ÐŸF!À~KÀ—ìƒIG?É“¦Èu=x„d`™ü(hPz¾y¸zµTæŠé?l×u}<<I–ÐuÕj¦i†”/E‚³îÉ}É¹Ïã¡.W?tIdŠcPì«"i’¶‰=æyÀ;¯€¿½Þº×?îv`ÔX?½—€.:tþA‘ÞDD5OulÒ:š´Âã(tX‰)ÊÑ¤Jb$/QD?”Y?æaH¨ß+ƒ$D!ÑÇ3? éAb¬5ž;50À/Êò9ÓïÀ‡ÏÃE¡X„mÛ¨V«p]W6h’Aœ+ãÖâÖØ–-†S?˜?iÐ4UK,jÏÒM‘EFÓ™g×Š®¤ßÄ#@!Ÿƒ®i*KË.â«ÊY9	8Ùi^z„¦•P)?Ì¾™¼aÊb&úÊ ŒùÎë4?5µ?“¨s:?G\+WþˆjÂÓ¯±ZyŽ`ô&ŸŒ^Ãx@"Qš?©l&•‡¢nçûõÈã`•*¼@ÇÜµ?»ð<`Ïði{?¬\á½²´½ì£Ç'¼hƒ=EU²ô?R¬š‚¨<pp@Ó5eÜ?ìap.˜*VµŠ|¡ t‘<7r}ÔçªøÚ9†aJ¶QÀ'Jã58mÇ†Î4aí–%&Å´Ü[&+™ž?«1?P
,8táR°X"š¨\#‰3I]IªBfP)FÖòâsE(_]›\ùŸº“Ã$ÄÕL\êòXÐç)º.1¼9Þ/
>LÐE–r¶‰ ýþ_â€ÐKèiº¦œÜÁP?a T*IñÛqRšW?<i4›t=Õª-¦æ|Z“íS9âàÊåŒX@ˆuD¹Þ$UßœÄ°‰h@#à\XpiCc}9S?¸59ŽƒJ¥"£Zˆ\$8§Ãæ¾B^Tˆ‹@hx˜¦	Ç¶¤=œ”:àq‰àXã.Sù0Mñ`×U“†X
Äò/¬Ù'<-—O¼q‘¬”Fz³’Ó˜œg¶¶ÜÖVØuuà?Yy¥‚ü.LÎ‹/'}rÆ€ÑcÐÐÐˆÇ}]pNhÂL	~}ý/±zÕ*pÎñì3ÿÀ)'‡}ÍÇ‰Ç‹¶¶]¸êÇWbwÛ.É_½j®ÿÅÏ±gÏ|óò¯bÐ×ÐQ¯@wOÎüøi€aÐ4¿¼îZuø!8â°ƒñ‘cŽÄóÏ=+?sÛŸïC÷/@gÝ÷Þ‹•Ÿ8o?ñqlºâ°¢z(
ã†1™?!*ŒÊ1¸ÌÐÅ¡Jövá”6‰ú8{'Ôâ')‡BÒ ^]ŠY£<Á}§òU1©£ ãO,?ŠúDÿŸ{<¤3!êíÑŸVmtè?'2¨`ÁªZòDæ)A<;€§¹%3vpÁßñ8šË”ÂÐuaq¥"„”J%a6ë¿¿ ôò<1Æ RÉ?Ìíl[Èx™˜í¸(W„?g©TŒ@<Œ£Š†±°*2W’žQÆä˜DµÁ	êëJ¨/@(?çz²%i†³½|7ÉÚ1BÕó(@™ÆPWªõUí,Û·$ÃÁ!dÁc‹˜+
é?°ë…©i‡At]f²VRVÅ¸Eî3Ñ–IÛªA$2=/õpH«,T2õ))¥0›šd&ÎA››‘;åd8Ï/ƒwç]àšq8`YÊcš`ÚÚváÕWWàç?û©?ó@°mÛVxž‡?Üz3~wÓoqËnÇ[+×àOwÝ‹¦¦&lÜ´¶c!,×ÅÐà vìØŽjµ‚M›7'àJ)^}åxž‹ûî½[R@7¼»_úÊ×ðò«oâškŽ‹.8OþÎ`[¬?~ìzü1ØCƒ˜sÇ?˜s÷Ý}þù ºY×Œi¢òò×pÐÓ’ŽõT…ÆüÝè'0?œEzå\.o/#dÿ„?T=ŸáÓ„ðÓ0C7%?Á<¶äÿ,;äŠó‡:Ô¤ Š0»ò†•¬94€v!e-<é×]§¶mY°,ËÏÜ¢Y~¢9›%ŸÑ¼NZÃ4Cqßê.(çDvê`pÎa˜&êJ%Ù?ãÆT²‚ÌFèAFð[U¨T«(‹rÑ‰[E?48È8Ò-äâÙjº¶ÈN=Nàx¦i ¹±¦©ûâOˆÔ?	)‰Ú¥)÷]Ê¯òÔ³Dþ7—3QÈç%¿Û£}	¾Ïäåze-!ä7“Ø&MÉ†‚Ç«fYT¼á1Ü[µ” ÁDƒ”-_›H&(±l<—’8h!È55þ¤2·mä>õ	?æ&”w4h›·À=âC £šÃ}9q‚p›wœqæ'Ð×·?<ô?ÌÌmÛÆ5?½÷Ü÷´¶Ž†Ç9Fµ´Â4s‘€æzž?t¦Ôwâ‰YûØô²žÇ]÷Ü?}=úz÷I[Jaèª•
nÿãpîyçG«B@LÕövX›7?ì|¹–é= ö¯`²q.*?«dŸR0Â’éÒEF`ï‡W2I
Ÿ?íyùƒ¹<£›·D²užÌÐ‘1¥œrà$^öñ°¼Tx°¡B{4=Í|\\ÅÍò…À¹è?U\ËVIlœ{Èçr1¶F ßêÁvl€ÐÐÂ
Ê¸=!(•ŠÈçr D@/¹œ)ü
}ë`jŒÈÀÎ}fJ¹"<8‹…‚|ŒÁü9÷é…5š)ZÚñÇrî¡êôE2G!2HÑØPB©X¤HÑPµ–ÓŸºPIl¼8‚'«½?0	)câPôUõdvŽš=ÌÈuâ±ÏÌ?ˆ‚búa—Ìú#›µÙ†<šDÇ8Þµ6ydV‚’ˆƒPäuH
Ä™Ö»(–àÔ	j*›0ú¡KáíÙƒ†ûïùÙU°§O˜÷ÐC?@‡dôháÏ9Ì\ÿýÍoã–›‹­ï½çãÇ‚ÖìGJ)}øA¬]óŽÐAQ¤(U¦…cýÆ(þþ·ÇÄ,Åà Ž;þxüüç?“Y§ã:¸âûßÁôé3ðå¯^“ZÆûÿv>ùwlùÓXwñEàƒƒ‘çwýŠ=HÕ}*4Yx¢‘^O¹/µ@E5Hg­k‰o“²Câ ¡‘Zay¨eh:fÅ®%°?°ù;N,ïÄë"æqHl’@[€Q–8[!Èåó’3jY–on?øbtó&2tÃš93‚“©:!Áû¶R®oË"™—ç‰ç(K T8Ô¦áÛ?Å2ÿ¯žçÂ²—:ŸÏûºŠn·ÚP^+ÄÆ	Bk’h²ñHÚýyÅî†íFþÍóD@/òhn¬ƒ®3¼ßûÍ%„„¤hfé<­“C²¹¯@.—C>Ÿ÷„1?«z>r?É¡@êâO?%ˆÇp¾¬ˆœ?©x$QqdÛc*Ã7j2“Ââ
è~ÑÌ?Gü3	H†$DRÖ–QŠÊØq"ù9è ÐÉ“0xù·Ð÷ùóáþøjh¿ùØk¯ƒï³;p]Z[#Ï[(–píu¿Ä…œƒÍ›6!—/àŒ3ÎÄµ×\-$!xáùç°uë{˜2e
^~éE_?bÝÚµ=z´Íojj’A‘1W_ý\ú¥/£c÷nœvúX³z5:;:$¡áË_ý:{ôa¬_·6”	èîF®¾žã å ¥˜zÁE˜~ùƒ65¶MÓýCƒÂó§È…k‘§@XTÞF}Ê?sÓ‰^”}‚4ãÙc®Væžqf÷JRí¡úaL9p?áŠñIköð$~ÛŒê	ÇÓ6…
ßðh'6ø>³–Àƒ‰òzLÓPÔ4”Ëe?Ía?†¬d•go¸€J¨izr
1…FæzB†S÷¡×o–?Pê?øÃRcRd_Í.=W¡x®+TàL3ZùÄxTÔJ¥q¤ëP«, Uƒœƒ†œÖŒŠÝJtt®Ee,§‡FK(šãÐ?ŸƒÁòN4÷£š?¾(!™Ôèˆíâ¤šTÉØ(½‘RŠb±ˆªU…ã¸ò>ÑŒ5¤Ñ†oÌu}ÏQJ£÷2M<söž+k“D²ÿÞ“Xn*žßcŒÒ·šà5¼aK÷´×3îèQ!È?õqTŸzÎúw…Û<<pËýÇ3 ì>{6ÈÀ ´1ce eTš³çÌÅ¯®¿§?r®ºæZ\ráy8á£Çà?CÅK/½„ãN8]üœ~êIøç³Ï@Ó4¬^½?=ñv½¿ýýøÚW.ƒišÈçó0MGuF·ŽEkëÀi§?†G~¹œ]¯olÄ÷ðC|ö3ÿ…çŸ}=÷Ýwû4r(:_y]?„Â„	¨vtÂh¨
©º,-±×¸¤.kŒÁ²m1ä‹Ñ©L•¸OpÂ¾R•°FöãÒýQ¶JÜã6€'keã@zú†xÜ0ÑtÉ„þHÊè="Ümµá(]~R³r/ÒôSÇøƒ÷¤ùÃ?rª¨?U­Ê©AÆØˆ0® ¢~–d‰¡žüŠ_F4?ÊŒœ«¬Xö-šÛ?Ç…`¾c;`ó³xò¥IœÎ5Q $;Å%©ÐQÔLB:.ÞÚöKlëz
Ž7?»±¶£&êrS°dêwP—›œÈ6ÓL›‡%¥å
)Ž?ê´¦ç¹°,[öMät­_¾Óˆ)qHÝs]OŽp×RúäÑ“2;T*YabÕâ<?³Ëct¶à3¤q“Uþræ$tc».Ö=þZy-£šQ]³^O<J±öØ¶X“cÆ€·Œ‚7}ö:ûÓ˜0~"lËe˜˜²’Ðex›ÄŠìêìÄ¨ÖÑàžçÓ9?òÐ8çÈå‘
ÖòÝ~÷&ÝÌEˆ$¬‚×êÜÝ†¡¡2&M™‚\./‡ˆ8ª=Ý¨TÑ:n<þ½¦é>ÎíF4Å…¿-!U«*§”ƒ&³tGR´e?Ÿ´ äIÎá .BMNÓÉ:âJ:¤½«—k)<Ý¸Þq\ÛA¶iS{\RƒfG'<AÝ›˜P IDAT§Íð¼Bb gp Ï7>6|+2 ¿¯†®ÃÈåý“ÔÙ©OetVµÎ9ê›ÑÙ¾?MM ŒÉQk?1•‡$ŸSnô´lP…‹<Oþø›¤Ó‘Xs-îj£ôˆŸQ*(’bJ3äa¼?jµŠJULV…BA©ƒ.)qš¨Ìˆa%‰ÉÛ†TAŸþ5°+¶ü}å-#†éL¼Ó[OUèÛ)Áœ'/{âg$ýYˆKpýlÛ†e;Òy?R’ÈÇõ7‘"|•’A'I¯ÙÓ¡i×9º?xªÁ„ºu/Y?ÂLé?ø8ë!=ˆ“ÔOÀ¹‡ÍëÖ¢oÅ
LúËƒ0{öÀeLrË¿uø‡P8þ£˜½x?ä
©XÌ$‰\bÈAðcŒùýAõ,Û"W–Ã·aA?1Ý×¨þ©È{÷ìÓÿÀ¼ÐÒ:ý½½èêêÄ¸qãÑÖ¶Ë×ª`Ã»ë±`áBLš<¥RIª&êºæ{€ºò7tÃw1s÷8írS??QYÕÜ~‰„™d°O“÷v8,]# ??”¡ÒÇbYIj†Áƒ`*ÎT?-`,‡œ®£âNÇ®=uØµÇÁaÓ’S•ƒý¨T†à:×A]]=4FñþŽNÂPª+?sÀ±ªpý?}Æa#å
Üª«s74?bÇŽmÈçòÈå‹ ” ¯¯Ógî-psD_,Njl(Ãó<är9Ùœ	*~ƒ%Ò:Ì*+ÇG¥R?¦ë0t”ùBaJ¹D¤Œ­‹ªÏÈàÜ]J}­v1høfFƒrlt²FõD²¡üûú~Ï2¼´é{p½
5ázÕ¤Ð«v\?=Cë±ßÔo+Ú%ºYY	nZÉ
â)Ù‹†o¾kÃ¶,°@WÜ×gú/®ò}yÚ³¤pÐÉ°ÀEòÉÙZ’²1?F*ª•hVOJàÅ6}ÚC(¦ï=•3±ý ÁŸø;ê^^>Ð2k&J'ž€ñûì‹–†¦Èk²a{&šM„?dðÙ°&Uã£éŒùƒfþŒç¶„AÄ@??ÇíîêÀ³O??i3f‚iÚwïFûîÝèÛÓƒžžn¼·e3¦N™‚×^{?ÍØ¶í=LŸ1¹\^V_€Ð!×ñ‡†‚Ë?È9ûûŒ†ÍØT³åZ%¥PK³rÕ‰Ñ5›d—±¤³§Ÿ‡üfHÇ?ôXn,—Wàx=àÄxŽÓ	§ºp{ÀlÃ¶Qj8¯ìYˆ+ÿº6lÇE÷?7†F#YyÛ®  0LÃÏ¨¨pýÈåýÓ‘Á²ôtwIe³†Æfèº!ßo_/Ç?mW…Øº¦ÃÖJÅºQFAÈfú!ÒM=¸ˆ‡¦k0šV¬¼‰3WâCOQoxõ)¥0M]rQÌ<X0år•r®ë@×.}O1y?°Wü¿)’’•«O8T}ÿXs.,§?…Y8zîÍX½ãf¬o»3= Eœ´ø	¼µí:lé|Á¢I_ÆôÖÓkÃ&ê°WêD«;ÚKû„GË²DFgè²ùìz.<—GtmÒéŠJY«HdJó Kš1A<W6/£4”‚MåèÎOËÆU&Ç°óË¨:º·mEÏî6Lœ¿ÅÊK¡ãf,Ê?iP?¸öD\{É^‡¾„i„¹ø?Ts`žìyúÑ×Û‹‰“&£¯¯¦™cTšD´·ïÆ®?Û0eê^¨«kÓ4”ŠE1?Ç£Úõ”²ˆžŠ?¢ˆ.D]Óü9•0SOËÌ‰¢£ f0~–Þ(M>'É®X¹<uÞhÛ¶ðÙTN¤à9z†nCÿàƒ(ÎF-Ð†:?¾?àýÛ [½ÈU{?Á5 ^7\oC3¾	^œƒ=ž‹©ãJ0Ô;€w;†0\)‚º®^ù6¶mÛÏsqög>3'”RìééÆ³O?…®®N9Œ@™Ð@>òèc0u¯é€Õ«ÞÆÊ·ß™˜Ç…8Qzï³ï~8hé¡~æf	7 JÅÈ.Â‘]×8¾j¡O±ÔÎ3,Ê]ÏE¹ìB7èƒæO	Ž°ë»öxBÚS×£‚HÊë™$Q)~Á	Î£Ó‚$ì+Ù¦bv„BîâÝÝ÷Âr„'è?Õ†U;~‡Ý½+2›Ç-¬Þñt®”Ÿscû}˜Øt4L­!¼Õ}¢6eIŠVÉp#£¨ÝÒÍ™°,ÁÃ÷tÍ7×õ”fy¬ŒLhögáâ$õwjMã»ŠìlZz(K{Ä›l$‹ayojYÃkFrS30núLŒ›63EL¹Ö$™-&{KÑß´V<÷”%+G1}>ªm;ÐuMî¨¯o@}½XWB¼Î¶ i"áš8q&Ož±póxºóOÈ^!Ik)„ŠŸ*b?•™ÇçiÂ=™äñ§¥Òºl\³(ZQ÷ºR÷à¸(ðäð:{ï‡É¶@{ï%hï½êVÀ4L3@ø xe©‚è€¥DÏ¡êpò:˜)NYÝ4°£ÏÂüq
Ï><88 o~pá¶nÞ„‡zº®cô˜1ÐÃàÐ04Ô‡Ö–Vù­jCC‚6·hÑb”J%1¾êONœ4Yr’Í\Ndï–%›„f.Ñ<?pÑSðH1ÂÎkg@þ?vrLTL`dýýe_[…G•´¬N-á’ÿ3Ú¨«<¤¬pTœDl]ËÙƒÝ½¯Ê·j9}x·í®šå¡Çmlh¿;òoƒÕ?è|ã–FËA’ÎÍÎî†’Ta a§äUâ¡¾?›Ë¶à:.tCO??‰â Y)ÿ;é ‹:’–DôD"E@àF¦ŸÕÒ:–Ùgjãå}§ý¢»k…óŒÞJL¤qÍòèÓÓÈgŽB-®ãfh}^¢r'€Z…fª1=Ì¤c?¨HDˆ?üÃ‘¢‚@£Î?`I¥CÀs¿D¥ÐV¦HI']H[ž|`z0ÏpFAYS1§R2-¸#OÒ
‡Ž‡Ûµ…Þ­ÐÀÁÌq{;¸»„9 †8<NPjœŽw6TP*`:aÐ,©Ã…Â#™q__/žøÛ£`ŒáÐÃÇÂÅûÊ7î86º»ºP(ÕEO0ÿ†î»d46?ª‰Siš??µªUÑUW¦Ñ’j‰þs#L"ÃÓ˜×´ÞŠåŽãÀñEµ4b„ÁB¦E#úãjý;ýe6$)„$E&Kq-+oÓvÐ_ÙŠÿÄWgÿ[a ÏÂö2 ž*Jõï}1Æ?c9x®ï“Æ6IÉŽ‡e©Ä÷Y–ˆ•‚"Z(ªÉ?¸wÂ?¦R­ú#ãHæj¶—Žï?H¡Ã‡{ï$å÷ã¿HxKþI1¤ 
ë#xï2˜Ë'OžAœÈæh`8¡ë:t]ó›Ô"ár,'¯ö?ZhÅ%„^Šír].fŒùÖ‡>:áºð¸6Å¥—;÷«?´/ÇvPLmðb•LÍ­?Ý?áµ<5$x?ÄÇ?IhzJAËïƒlx×#±«žÛB-@˜@<ðèd?úxkûruPCe.¥
æ–Ž/Lƒ÷wl‡+Å¨ÌH`eLCëè1™ÞõÜôB"›PTTŒ?Rã¶óv?¨
Ö6Hûâ à®6ªUOjÄèº!š/þ"Â>šx™íÄÔù&A PI?*DOÔ]ÛËs,ŽžûûèBt½<0Ú??ø›9¯7gÇ>’ÖÕ¦—O&GÂÎIÁ£ÔÓèçzúOáïW_s-È°GHTª6„úCþïP¹Œ/]z	¾vù70{ÖœŒEçœsœzò	¸þ†ß`úôÑ=©°€2›iY*”#ˆ#ÑFtŠtêë*™©TÿóBéQ>±äà³Y¹úÜÂø:Š·i!¡Ì9‡§ª*pœP!$R: p^žQ^¸Èð‰Œ”PhL“l!Uâ–{6lØ€U«ÞFOOŽ>úÃ˜<eJÍ+ûÌö6÷j¸`þ C*Ý]]xè¯BÞ`ïyó0cÆÌ‘ÞÞ$´’ˆÿþÍnŽííÛü(ô?õ ¼ÀhÐ¢Tÿ%:ÀuÀi:otOB·ÝŽúQ&˜¡?R‚2r³”´¥æ¿kÃ4Õuñúë+P(0yòÔa—fºlbØS€Ñ¹rQ!ÑˆâÑéÏÁ9‰ae<N¡£QBàøÜVÑ— ` ãplŽ?IŒ:GÂ8ORõRÅjÚ(ñégom»Û»ŸÄÔ–“°pâ%²Û°©ý!0ª‡å°‡5?Ä?	æ	<8h)-FÑ?]{–ã­í×Acì?õ»h,ÎÊè|f¹Á§DøØðÄùâ5 †ÞÞ^ìzÿýtîûpY-O6½(¥˜8i2rf>²ñ@3;{oËXÕjòõb2¶#Uï±Ê'IB‰D¹óiØ9?*®gÎbpKì’1E*ú²´ª[˜ñð«Øšq<O"ƒj	Æ4åpà°m.«[×uµ3¥)ëqÏï¡„,Žãà¹>ƒÛn¹{öôÈÇÎ?;“&ON@žr=U	ßbÂ`ï1L,I »§§÷ßw?ü~Ô¨œwÁE8âÈ£R“ÐÑÿüZæ"à¡J/¯kÔkY¬.Žü1Ä®–t³?¡4ó‡¸ã‰Ý(´”`äu0SÃ í¡ây_2”=??âO™2†i¢<4„ÎŽ<ôà_P,–°xŸ}°xßýÄhmJ77?«LOõTgÑÜÍår<:1ðÃkæô@ŸõX±¾<è†?J¥î78‰ÏÕÿG¡¦ÈÌ]¶ç‰ª?2peX¤õÛˆÂZˆd[6¶ß‹-?6¶ß‡–ºEÈéõx¯ó±ÿ´âqšŽÀ[ÛŽ²ÝØÀ›Û~ŽÃfÿ
Í§Gfåß©\Ã4RÙ-$æÎ°À?`Äa=æ½e>†M~Û¶|N‹þz úÅ“™­aøî÷~ ƒtVV®`ð-?Ö†Ô¡žª0–Õ¿®é™~>‰õÈÓµ|¸A†z¸?Ï0´;×qÅàïAušÆþý3WÚî…¸6I`öj°èÕšoöâe÷¨ò²„ÜïÝ¸óŽÛ?ÓFR¨‚ZWEÕžÝnà3s]™²Ä?W<KïêêÄO¯úÖ­]ƒ‹.ùbø^;¹¡µ0dñ;ý }[A×?j1ø?›˜Ï®”AÑÏg¢2úgÈ/¹¿|®;†|}ZÎtUÌu0µÙ¬Í«x¦šŽ?}ü,”J%9]Õßß‡>ûn¾éF¼»nmjéGÁë¯­À‹ËžÇ‹ËŸÃËË_ÀË/½€===‘“mÛ0L3Bç’”ÂÄS”–Rƒ8„”¯®ë>./¤4ià©xBTPM7ü€bÃvlÑàQ^.¢©NÔÊ­íÜ÷WÞ‹\ê¾Ê–Pkâ?ðEƒëÙ(Û]
^8Û¨Lyø!,Ùg!êK94Ôå1gÖtÜyÇ8{ô|ùK—F²ðî®n\rñhi®G})‡QMu8ÿ¼Ï£G½ÇÊ×ßÇ}&ŒmÁ„±­8î£Æ‹/.”Ëeé]¼Ä«¯­À!í?q£Gá±G8Ðßß?ï÷;˜9c*šŠ˜0¶œ:::"ŸÌ²,\rÑX»æ?È¨V«øåu×â ý÷Å¬éSqð?ûá—×]‹¾Þ>¥Vü.ù<KIDOgdÝ†$?3´TgáâÁ(AÜáB)¤T—#µAé8ŽÜ«%ŒADq”]ßìÄ§)Òh ©Œ1¨U	úY¢W÷ÕBgGg"ˆ}Ì±¸ÿ?‡±Ï¾K2Gößh×±±7<ô_ÛmbG?‹¸:©0Ëô3pÿã€Š¼Ö£?<„5«WËªƒ§	û«2ÅÉL!*Tq×?u¬†Å«¨0`?z=†no4ö°ýQõUäç=
¶ðY<9ô9\þÈ{XSÑÑ4ºzÁ5:Çr1Î°Ð\0ÓFŠ@GpqšGµàSŸþŽ:æXŒ3VŽØV*üý‰ÇðÖ›¯%x®ŒQÁ+}ÚvíÂîÝ»Ð±{·ïïço6ÛömÓÜhã…Ç„Â†â#­éC<´ê%P)¢oB¢öb”ŠfAŸóž-b¸=RÄ*kWÕÿ}µ··ãä?Ã?¯¼—^ö%¼½rÖ½»	?¹êÜvËïñ±ÓNÁÖ­[#¥íÚ5kpø‡–¢¯¯yða¬ß°OþãYErðþxýõ×äcÛÚÚpÜGŽÁO¯ú1Î=ÿB<ûÜrüó¹åøâ/Ã?7\?/~áb_˜)Ü
ÿ{ûpÎç>ƒ³?ý¬zg=N=õt<ýôSØwÑ|tt´ã?¼o­|??ñfÎœ…Ž;·Ýz‹\?®ëâÕ¯`ppP&Oþý	~ØRìÞ½7üæ&<÷Â‹¸÷þ¿`TKþëSgáùçþfzœ' •l¨„Dî;çµî9^‰u­XT9âþ?°Á)¸¦ðµKD/Ã™'x­€C®ÂPÁ!§2KÇõEêt¥²Aæ˜|PùØŽ¡†}9*!xê©'¢èÀÔ½pÞ¢X(f"C6Áã[òp½èÅ¼uu¶K’Ÿÿ9K¥®¸ò'(•ê"ÏK//¯ÉVQ×ƒ–ø)å+±àM¾ÎøsáR„`z˜9
 õèµ)6íÀ²WöàíÝCÐJ@Ý¨F40S¨¡µ9@ÅòPîêÃ§×ÇL¸D‰ì¹.Ü˜­Sp?rfsç-ÀÞsç£wOž~ê	ìÜ¹œs¬Zõ6æÎ_Ã0áØBwÃql|ú³'¡yTKœ@ ?£¡p]–Uõ„–„Y&>,yHâÎ€îë>xÓX¬“MŽàgº®Ãó»ù¶mƒ1ÉÄ”HœIAFÒNäÿï#vJSÁ¶-\ú…‹0vÌXÜsïŸ…Þ:	6ÎTœvúÇpÉÅàÛßúoœõ‰OÊß¾àüspæ™ŸÀw¾û}yÏ¦L™‚%KöÃ}÷Þƒo|ý«xìoO¾tÙ0gï¹øéÏ~]×äËÏœ5'œx~ûÛñµ¯|	ŸýÜçýƒ¥?þñ•¸ëîû°ï’ý@¬_·Ÿþ¯OâÞûÿ‚Ã;<ò±.ZŒ}q¨B!?³>ñ)9ÆÎÁºukñ½ï~üß;1{öœ{Ê”©øÈG?ÇQ‡Šr¥i¦ªëe±Oxˆh?,<íþ¤iœ Òkçé°	×?Ô]Ø¥Ñ°9ž›{Àq	cº(j&/à§Þ	8Ý?iwV6<GpH¨…i")â”EŠM7F~¿¥¥EòØ³ÎlÈ¡£œÔsêªüu£‰3æÔž”ž³÷ÞxíÕpv££½#ÊÛWMsbk@FE•û(¾÷xÚúZpõãE4Ô5—q8°Ün”½n8  ¦?|ÑDó”zè9ÌÔ 1ŠŠt9‚áô•1=7„CöšŒèz5[Õ²Qªˆ‘Þ€NçRƒ ±±§ü¸ëO·cû¶m ”ahp†‘ƒ«ðÂE¦­œê±ŒRBuP?C¶-Kâh#‹Ù|Ä›ƒƒÃs=Š¸®ÀåYäà #á(/\¸”#×uÄ0“ç?ùS°$Æ*!5%aSXrÿ7Á\ùŒ+W®Ä‹Ë—aÙòW"A\òºé¦›ñ?'ÿ.7ÙæÍ›±yó&\ò…KSKäN<	7Þp=Þ]¿¦ibÝºµ¸á7¿ó³Ýä½è¢Kpï=w‹îºó±Ï>ûbÉ’ýdaóÛßÞˆsÏ¿‡}èˆˆmðvëêêðë‹oý÷å8þø¡û®óAãÆ__?Ï~öó˜={ŽÄÆÕÝÚÚŠýäj\tÁ¹œ6"U;’†¥ÂÑï¤ü>©¹T8âNDª—gO`ßLÊÀª¯Ã#Ø·§í9‘e„ÓÜç›Å@×??Ö˜öïª'gÚ0Ÿc½Y|VEñÂN+v›™÷å6[ÌåfÞ‚xŸ‡óØ„¯Âþ‰Ã`4ªL"™¨Ë·bÍîQØ5h¡Ûeè¥:†N!ÖT?ú1h?ØŒÖq¨o.Â¬3¡åèE·ìvÅU§ezo7¾sèØ˜†¸BAA)ñABP(”èºÓ7mà$?§£Nx*‹a=—ËIîjÕ²Äˆôâ<ƒ¡?ˆçò9¸ž«ZõumD–œ¶Á$-QD÷ÕïÕ­itÃ?cûªišë#ÜÉ™åîÿãˆþè#cñ>û
@æÅç>.ª>›cóæM˜0q"ZZZR_,1nüx¼ûîz¼ñÆëX´h1ššš2ËaàŸø,Ë@°}ûvÌœ9K^º¾¾>¼óÎjœqæ™‰R½¼ãÆ?C©TBWWWâÂ¯xåeìÀ± m„wü	(–Jð\/itY]¼f0þ·@2Åv0MG)øw/\â¬—dƒ•JžŠŽIØ ŸGdçðuøyŠÑx¸—:!÷Eò¢¼?=HeªøŒ¸á4RdBé¥Oµ®ïÑðèæ|ÍKk¹w®ÍÃö†ß‡‰–8”•¢õ¯ENÚXå¦1Ž÷:Š¥ô‚ž# Œ?hTc`Õ¨Îà‚~èÉÂAªª]=8s†?Ö¢É	‰ 9‰…³æ?•X»fæÎ›‡1cÇ¡±±	”QôîÙƒÎŽvxž‡¹óæ!Ÿ/dŒÆG[½9êr*ÌoæhºM×Q­T¢Ù¹òæœ2Vì€WRáÇüú‰h`ystC\fÇ¶áqH[85Hgi5I¼r¢”
}i×…ãØðlASŒh¯7Î¡±SÓiç?ÖE‚980 ñÿ´Ê!xß)x'†-£ûúaær©?ç ±:]¥‡Tjé`¿¬TÍsƒLNb¶*•JDJ!-è¢uqÃÞè}¯1õÇÓ:–YƒÔxXä³"¢³@‡Y¤‰ ‰È¹'5Ž‚Ç¾ƒ¡ `²S2M"CGˆ4.=q? ›gŒFŒ8ÒÞ_Àr	+žAü<yÕ]¨¯JñÀ†*.©Q¿ˆ¯=UŠ_¿žÇW÷/§K!$bIö,2P3-¾ˆ¥24Ú‡-½¹œªk ŒŠî²À™Î@4†!½6‡C
?:8Pq°çýn,m*ãä½ÇIO–p°-÷ËŠõëÖaýúuØ¸qƒïÍ)N[Ë²P­T±ô?CpØáGŽŒ^…X£&V¦K?—Ï×?gùÉ‡.6ìÆ9/ß‚îê@BÈ*h’zœãÏ‡]†ÃšgI_FJ}Ñ&Çõ}h‡$oZÄmQÚÅ4ÃF˜ÆDãØBÏ\=c€ ÛIæÿ#_x }ôa´··cô˜1™þëƒ`Úôéèå\×Å’ýöÇo»ýýý¨¯¯??¸!§ã?þŒÉ“§¤^“R©ˆÖ–V¬xåÌ?;?–‡ÒÂCƒƒ@}CƒÄ?ƒà6köl¬Zµû.YäJ6óè#£¯·×¯ÔF„OE
?¢üŒ×d¯dÃ*1ÞÄKòŒDC®ãìÖÐuñ»àœJó,H#æŠV‹?ü]} ¥Ž? µmÇwêšQi¼ôð?!þÀ?W>áŠT0ôDÁík‹hb#n-oîÓqÇŽOÏ­¤¾ŸøuötPY+„Ä\.|Ý?;è±84CÕˆÎàé<?¢Ì(Ú`KÅC›Ø„B'&Ïƒ×_AÿÎÚ<„Ë?4Û®Ð¢,êS(²JŠcŽý(<ð ´¶ŒF.g
—MÃ„	ð¹sÏÅGXÁ%¨¯oÀè1cÐÒÚåýÆˆª¥#YÊ•¾šy!±iÛRK¹Å¬Ã©÷Åg§†£ÇÍ
‹„B#£sõ8{¯Cpö^K1>×(ý<Í÷â€aŠì3pæÆC%,oUQŸ0à‡z–ò¯™nèÐtMðÎmK”è˜ŠgxQþ_äHŒ¾ä£Çƒ‚{ï½@ºõÕíü–/_Ó0?ðËÍ›7??¸ý?·!>Á|÷ûßÝ„ž.1¼a]×qög>ƒï}çR¨?áBºò‡?À¢Åû µ¥5Â¢€‹.þ®½æ§èÝÓ›X?œs´ïÞ?Ë¾x1rù|?þEÊlw>ÆGÐÓ‰¿FÐ`SMxú?!a6QõóµÆÕëà:n¤‰[«²
ú>?‘Ú•U¥¾”HnrÅ®ÌkÑ=/<H‚ƒ‚RŠJ¹Ã¯ÍhmãqÜôv÷hx]¾²ËÀ³ÛôDoªPŒ2blKÐ?¥hY‹ÒìLž@”èp\x†Íñ=
=žGÅd¤.‚®NEj¯yˆí¢Ü=ôwã‹‹K8xr3†ç}£ÔúúzyÑJuõ8úÃ‡ÄÍ=M‘®Þ?!-=-=4u3Hã×X¹Hj!€™ËÉ@nyÆ¸rÞ`„àéÎ5xºm?ü?‰…füdÁ™Ð¸ïçèº0MžrˆP?pR¥®jÙdA+ÑÑé"
…)Ä+SYÇ±aÛ8tè<ä?WÞÅ”?qÿñ`N	ƒÁê`¹½þ†3¡±|¢ò¨¯«ÃM7ÝŒ3Ï8}}}8ûìÏ uôèš†ÎÎNüùþ{ñ‡?ÜŠsÎ=–O‰€ðÓ4ñ³k?SN:»ÛÚpþùb”ïA¹»­·ÿñ6üá¶[pÁ…£¯¯/óùŽ?á$|öóçà€%‹pÃonÂA/E©T‚Uµ°uÛVüðûßCgW'®ûåõ‚‚ƒOûÐáøÈqÇáðÃ–âç¿øæÍ?3ŸG¥\Æ›o¾?o~ãë8åÔÓ±|ù²0Wl?Õ¢P IDATífã*#cºd<l` ¯¿öªÜBÆ•€i:ü(”Ëe¼õæ`”âÀƒ—‚X»f5ÚvíÂàà ,ËF.gbúŒX¼hpPPXŽ-Æß=0
]Ó±cÇv<üÐƒèîê„®›8âÈ#¥žõ÷H²qhœ{	ÞyF'~@ç>üq|¨(\;®ëaýúu‘Ÿ:uªr_?G6çðN—þ/ï‘¿lÈ£ÎàX2Æ–{áÂÅøÇ“—?iÛÝ†?Á?´˜ºç8Ï¾É\¸0`¹(sÀ¡"#'†f0ŒÂô<°Šô•QmïEç¦?˜Ï:qó	cqðäúŒæ€ëXhkk!.£,äNDÓD.Ÿ‡¦ë‘&iÔÛ™gñ¬MÁSYá?èºÓ4Eðux¾Gdª¥oƒÅ½§CŠItàT”qr?EF£‘p"$š‘g•‹Ó%iù"\ÁÛ˜1ú“S0`|Ãá×x8<îüGÓn?å1oÂE`4SkÆ¼ñBgÅÔ3üCG?å/­ÀöíÛqì‡?Â¾‹æaŸEópÚ©'bûöíxò©g1oÞüÐîOÓ kµ7?ðY™Ò¼ùóñÜ²—Q©Tpì±GaŸEó°dŸ8æ¨aûömxö¹åøèqÇË ë8vj¿åÊ+‚›oý~ù‹ë°ÿ’ÅX²x!–ì»Ÿ:ëyÔÑxø‘ÇÅ„°¼t©Ø€\dõ?½æZ\}ÍµøÁ÷¿‹ý–,ÂþþŸï÷Ûøî÷¯À¯~}c‚ÍÂkÆô´Mbû‹£†ìdj¬ïìhÇW¿|^~i94]‡çyhoß?î.1àeU«øæ7.ÇU?ù±´nüÛc?âŠ|õuE²ô@ò&~|å8æèÃñú«+$Å/Xó„P¼ºâ%|î3ÿ…N<	ßøÖwpÒ)§âÛÿóM\yÅw•ážp*”!%E¥ÁÉ#MÕ,€T¢ñ³~ý”•Œ\×uœtÊ©òû5ÝžÞf*‚#ª{jûã;ylÙÃäz;àÀƒÐ::L´¶lÞ„gþñÔÈZP?±Dzfõ>î|ÃÀ‹Û‡Ðæjèç–&²<êºÈÃEó0®,Åpèä"F×™Ãóœü¿W«üíÑ‡°víZÌŸ?9î$˜?”lbQsyšÆräYIÆÌêJÇÍ†Ç]»XÖ»g¿t4ÿ½,lž‚G[O„~Í¯Á+Õh†íy ‹ÀýÚÁz{á}á€Š…zlâX¸×]•:Éÿ»z-âq 88ÍW-œ›+]×eÆG•QÆöþWñÒ¦¯ÿGÂøäQÇcÉ”o¥×_$ëz‡w¯¯·Œ1!A<â£ƒ©„Íèæáœ£½£®ëbÜ¸±©7Ü“R¥?=Õã{[¶ ¡¡'NL§*t¢Âà@o_/víz­­£ÑÜÜœ>%Xá™”ª‘õŠjU2m»ÞÇÇO?ßûþ÷qìGO?×$0`ql'Ÿx<š›GáŽ»î8pÛ-¿Ã}÷Ýƒ;î¸³gÏlØ°g?u&L˜ˆ;ï¾OŒÅûZ(Œ	–É¶­[1nüyinÿÃ-¸íÖ[ðô³Ï‹‰æ4ÖFÂA8µ<$ÎŠr©^¨i#þ«W­ÄÃ=€åË^?¿3ª¥Wüð'˜6}:8ç°~ðR=,?Œ¸?Që«Þðð?ýúÑ?qjåÛoãç?»íí»åcŽ:úÃ8áÄ“0oþ‚ìä%ëæsÎáxcqÖBŽ34ÃÐ[qÐ9dc¨"ðªú|­Ey?‚.ŒY?`×kÃ»ëÑÑÑ?3Ïú$¦Ïœýø5ØãÝUÎGtªM-ùAC.GW=/´ª ï·¶>T~	Ä4@:»ÄJs\Ð¾> Z?¡ÄÐAêK~æ@Ã†Wàýè ¢@,Êß¹âé	H!h´æ$<äÂóYÔwÈ	0P
ÿ©/J´XœŒhMŒ¤ŒÌNRTûb? µµ5eš5:_P?à@±PÄÜyó‡¯&­BL
DŽ§×××Ëækî“ž˜Ã1LRó¿'ˆ«ÕŒJµÈûóÆ	cZDÀLÓp/Ú$¬úÒÐGy¤t«tB1®Î(ÃÄI“e0µmmmm;v,Ì\^ê±DÙ;\¡ºÿVÙ&?Eø}¸ÿƒL>ÚÐïâ·¿u¹Ô=§”â”ÓNÇ'>y¶ŸTˆÃýÖÕÅa‚8>?¤[ŸEñÔ¶N?^†Æ€â7¿»¹ÿ>Ü}—pçzæé§°|ÙóxèÑ'²9‰H’ÙìŒ4}¸ µ £¥ ƒ1špËœçGÎ‚uþ‚…˜¿`¡?cÛ,FÁé‚•JKuÉ’†Æ™Ù¹¸E??d,•ƒ5e2´kÒ7ò£kÀ»ºAÞÞEç€˜ ëðF5ƒüô …È…_7øÆeðryÙàqlGN}ÊÃKq;â<d±pß,Bˆ	›ºxV¯išÐ[vœµ.Xèõùih*ÌEÏÐš+ˆ¢aZëi‡§ztWãã_æHqúÁËð¼…É>l?ŽoJÀ="=j¼¡8Õ‰½ð/âàÙ?;BZ+ƒ®ëX³æ0M¬™??ì¿ÿ?a"8¸<ì¤¤´Ï${ùå—±eË´µµaçÎ?øŸoÇû`Gèð•LaÇç86mÜ€Û·ŸÝ|7ýþVpYšO¦:æÏ#£žü<Á¿óTég®Ð ÃÃ§©©==ÝRýo?=Š±cÇá#9ºaà?.›zµ‘®Ä=¿ÃÀá-´ä=ØV?<üPDQÓ44ú³Yê—šÔ“WÌ@ãr‰qÇlÃ0|•3×q¥G¶ØúÉ¢C€\Ü„DTó²ü¸â’µ –ð?CÚà‘Ç?RÞ‚y@OôR	¼³hh€7{VØ?1ðE@	Õx¡wÁ|FåÔ ¦ù<[UBÑ£&$lxÙ¹çS¢âŒ$Ÿù¼óH†ì—ü†Ö€Cg\?k'8w±­û1lîø‹|Ži­ÇÔQ'€1ýoaÕŽ¤1sSa.OþŠ‚1†V'2°ø¤ŸâH”¼ÆñiÖƒ“Ñ¸O9ºÿ¥XÈG¸‚C†+‰´pÄ^£—<‚BqžõÓ3Oq6’Ör|ïÆÆFŒ7•Jù\NˆËñxõE}Ù^M×1cÆLž<ù|Ë–-Çë¯¿?ñã'`Þü	0ë ó-•J;n,¶lÞ„åË–aâ„É8íãgHö÷¸Ô?	²í´¥£\Ek<~@ª?K0˜L•Þ|ëíxóÍ×qý¯®COw7*•
~{ã¯ñÚ«+ðƒþ+;ÿs•k”**Ä¶Ž™4„Ÿ]sUÚ™8i.¾äRÌ_°0êå‰­>Âü\cºOÐ?!Üó`Çñ»Ì~)8?ÿ›‰VÐÐø×ÃVéP9­þ÷‘¿Dw,‰ñ²‡{/Ù~Aåxs‘È™"n.ep]xÝ= M? Lóµoü÷ëgáÁðç^¦”kÜ{5³¦TG}n*€v-j‘ÓšÐ?ŸB)+m ŠÖšÆrhÈÏð%…}·$7?ÈZÿ&¦›ö]Ô÷!ŠO§d ÿÂíÁ;çé¯%÷’Ø#$2€Bjààq&ùê!¦ÎGxÁx„…!+^-Mœ8	³fï?È¬HÄÚ-8¥hiiÁ”)S0eÊyä‘8ë¬Oâ¼sÏÁ]÷Ü‹éÓg€P.-Ó‚u9vÜxŒ;söž‡Ö1cñã+ˆB±€ãO<YJ3°˜Ìm¶›=‚½ãyÒP>$=¨£ú¢Ùàéœsè†Ž:?lù	.ýÂEòy_{užøû“è`LÁÅÉÓ«àžÙf`R?‹Éu.l‚•:Nš^AG™âÍÝ:–N°ár`SÃØ¢‡ûßÍ! 4·WÏï01hS¬ëÑ0e`u$ˆ‹E|ëÛßÃ´iÓý¸ÀÜ"*?K¡d½b¶ß‹ÐáTVH`ŸD)…ÇÅ8,!ÂªLLèÑGTˆý+ÛSéóät[ª§jdô©¬Zõù‰Ò¥NdYYY]‚¯–dD8äHk2ÒÕýg¿‚78u<R,bïy0ôÚA|¤‘(û“!RÍ ŽGÜUÓÍpPiÜ‘8Ë“ðEö;ç50dŽªñ8`­÷Îù?Ì…0Ÿ‚‰Nò/ì5ˆ'çj_"’R­†B˜­Zs?
YOþN(j~íµ×^`ŒaÓÆ?ð8‡ã³¨ˆ?$o`Ž;ÅbÞ}ºÏ<
MYmõD­b['Êý|:½°Z$³%äþÌ˜9Ób.M¯¿ñ&¯38z*[û?`¡5ïa[Ã¦=Æ—\¼Ý¡¡»L±½ŸaçÃ+ïëè®P0
œ2½‚	EsGÙ˜ÖàA÷s¢²GðÊËË#ŸgÎÞó0~ü„TÊ­jÌL@@CãíôQmÕø<rÙ¸Ë²@)…i;óK-‰C!Jùy®Â„dµ<C[Ÿ§4Byb1óØ|œøãr¯ölÆ÷Vý_zóvÜ½íE9U%çl÷? ˆgâž£GÃ¹ú
°úzî?w÷D²· 1¦©cùÃ^]R“¢3¬ûRŠLhàõª²5¨2iUÛsyxmí´÷Ç3â[D•„Çž7Þxáµ³mþAïW`®<Lüå?óƒ¦1HÒ˜H™w“¤ýA$QQò%ß!	EPÑû:ˆÜZA¶cIº!S”9ç¨TEŸFy¹ÎÎN¼ñÆkhjj’ZÛAÀwÿxò	ÑøôOx×u±jåÛ°¬*Î8ë,k|!ª7ÔÔçapV%ÔhY‘X‹Ë“ÍnÎ9FÇl$ûú¡":—€Áb©¸«þ¿ÞÎ;ÎŠêüÿï3sïöËÒYXV‘Þ,`/{‰&±WD?&11{CŒ+ö»&vAAQD:Hï»l¿mfÎï?)wfîÌÝ»&ßßæ…?»÷Î?rÎsžóy>ÏçSeåžÛZU–îŠ’¯Jú•›ôm	4&Ö7©T—äE$•Þ¤HU¤‡©PTThÂ¡ÒnV’>VS#‹¸‹”î,ÂÝ®/¬ -¬‡¡ë:ÑH4MØ`h)—x“i,a*ûAæ:U³)}!Û1&mÃ+\@¸ÛgÑÞ|[¿†ßÍ{”˜žDJxmÃ4Cç·}ÈZ—þ¯šjõý#júÂëoÁ^ýÑÎ8¹«Žèk³Ñ~{ê¯ öìA;èŒ	cMæ‰µXŠ?Ám{…ŸK—%Ê]EÖmƒâtƒi Ò?çìÂ¿ØæRç—??_†›‡ÀW¡õ˜?`ž3$ü’2dÃàýFÃf·(&ûË0SÖ³	RtGZÛ;Q‘2}%Nó\Ø’$M¸´oß¾|ýÕ6oÞH*¥ÑÚÚB,ão7ÞJKK3±xŒÞ½{9×šL&©ªªä½÷Þcþüù&=sý;âŽ=öJËÊ<?H[k/<ÿß}÷{í5?D"ÎÆ?‰Çb<ñÔÓôí[“Þ	ê:"±ú8t?V‹7‘HÓ	íq§ëªOáÐ?…M[»Üý“'òUóµ˜&XÛ¡!!Õ-ER‡Ó÷ŽÓ¦ÁwÛ£L©M’Òay}„|U£5¥× )!øjK‡ôIòS]„MÍ*v­µ[‘ÁV=LÆÊáÝ•K§ØiC*î?±·]_Q³âHC·VÝâ„ª– Žµõvè²^íaEñŠÒds?N/"^Œ^äœ¯…oŠe â„à³?ËiÕ¨BqÚ?#™°ELOzœ£‹Ô<¢¨,aˆªD?ýãÎûwÝˆüÛ5ÈSÏA9`2E®^‡ÒÖ†hiEôìAdïZ4!ÐuÍÔJÖÃ‹ ·eÆ„P(ÉëéùHq~og;Z”ßUÉG7Lzeya­iú¬¸ŠÁNÇ’ÿÁI/Û?EPv¤2é£ Šld?ƒy.	ˆ;H•Sdèb(<.óŠª"¬†sl¬ìÈY8p£a†o)C¡S*´n@ï>Õ¼øÊë?Ðœ”’oæÏ£¾®Ž‹ÿ~ŸóúeW\ÅeW\e©š…u;¸í×œñTRÊ“³žGJI"#‰?o±¶"ªêøgÚÆÉ¶0—bñÏý”Ã0}!LceU¨ìdï4‚P7tãŸ7yAïƒ•õ’--*[¬×ß]gÍùé÷º;>¿Û‘þ»­UþýŽÌ†¶}*56Ëvê~Â]3Ä‰¯Š?®‹,œkû¡H?ú™ùpRšF2•"™L"Júi.gzµ³·;ÁÒxí®Üƒ/¼Îè—ž‰ 2»Ì¼A]Ê<ÇÑ¹/“«öÉ€~žZû¹suipÞ€ÉÞ¯´aªD"<{‹ÇA—è‡N†ÊNNDG Ö¢46!+*eå}zatî„^Ue€l?ÏŽš{ÒÀÏ÷¬˜ÄðÞ ªdÃû\C?ò?™^ZÐ—ñýï [Ùt=ƒ½»ýÎ
DFz‡`Û6Hÿq©Èy˜$¹öìÒÚ£kÿcl“{÷Ö?Â™ãg?ND?÷Zu^7ƒ·°J€½Zº6!²ï€‚¼ÄQ	]ºdÿùð}æÍûšGf>Î?¡Ã<ì6z´ã‚i„¬fÕðBP\RJ4/ß+6„`¸ÔmÊ¬?y»5QüÙv`vm™NØ‰??­q$<dpr¡KÑ5…ò`¦¥ÉàÎºÌÁŽÏJ?L&éÌ¥ˆ½âD»Õàô<Jí¥414Cúà›ñPP`f?§?b€£7’Ä½¸¸S¨˜ÊN–íX]	—j  ˆ‹L·bßŒ:¨ËÞt/,gw¼™’h!ÿu•yé.Cƒs¿yœù»× 
…¤¡ñÇ}¦0¥ûˆôa¢QŒNå°yòëoQÐË+¼KÁw 	Ä^5Ž‘†#º/ÁÈ‹‚¥M!%ˆ†F(*òÌP!D(L’­.aÞì„J¿.ÇÑ¯ËqÝøÎÅC™P;=vq¸p$=ºd6óÆÕèÔ1vŠg‘dÉÆEîuæ—_=gå3O?¹_œó¢¦ëâ@Ú”?i³—¡cXx«âLôÌ?™4¹ì®ìoœñìT­sè_;€šÚzø‘iû6!<Ø´;y³5N²?ÃLïÏô®FQÌ˜dÇ		*‡ºn´«é¾wæûEÆâ’î¥1ÂëÓô+7ÚEcÉ®h{Ã1÷¬×#E‰°ï¹wéçf`fˆØUîö¶·v§ NÐ1G?áš÷?Í<Û²x4ËRM7t‹úãwî??XwÔ.öT°Fsú=þâ`ö‰;°´wí÷kîZöëZvqÂ—÷rJõXzvbg¼‰W6Ìgg¢™¨Pè]\É´?‡ûðs ¤.8qû=È»Çÿõ ‰ˆÎ??;v"ýˆli…QÃ‘S/@Ù¶z÷@¬X?Ò³²¸ñóF³KUQ7mBî3ÿHdá"´‘Ã=‘øƒI’Ú
¨º+ý??TÅ¤ z…0B°›aÐCqñ ÷I™•a-:\ÀÌq&ÊÜ‚s@Už@;A¼voU%%Ól«´Œ€Èè³?†?a0U¦=(Ó5kÀHäfe±Í a+3¦_3¼õ4pÔ’ñ{ÃÌ*Mát?Ú;w]7µ?4K3(s'.-?˜]Tvéâ	~6ùÂ?Ú”Dwìq“4¼8¹J?µ‘J%9{\ûe$ÝÝ™F—%s(‰ÒÇ”ýØ¹cGÆ9dæö½—R"vÖ5Jÿ	Â¯½ÍA™Mþd^ˆF"Ç\Óuò¢QtÃ´~J&žgovXµWZpAñz^¦©z¾û/‚3ÖF­?e?›ùxÇO,oÙBK2N
ƒ²HƒJ{qx÷¡«¨¦"Z~õ{Pç/@Ì?‡ØUñ8”•bô¯A6	cð ÈÏ‡x¤aî"¢Ð4š±ø°ÌNÐÆF(,€‚Â@ÌÓcZÛÎ?ò^¿ý½Ì|cÀïð$¼Á>÷Ðº]Õw_ö(;qeà0‘HãÿÚPZvŒÀ$])º+#‘!Boö"ªj)eêZpš‘aúÝvûºÕˆ%¥EÁ.c+é2qbO¶
OQþ<ôd+Ûõgò6Çk´aý[âèy»?­ˆtáÞvÐ²¡¦ ¢„?“Ï|äQÖ¯]Ãˆ1c8ý×¿öt¥g£+ºƒµÿ}¯¿ö*Oþó1ƒ¤ˆkþrã'LdE½ÂÌEE¤ŒÿnŒ	$g?1º›Æ‚o¿á†ë¯õüþ´ÓÏàœó.hg»¹‹.HÃ‹a†eíÂ30ÓÕtÃFesË‰¤õ`„ãåg2ˆ9.yÂ¿½^v?Èq³-~é6\dù¼	¬Þ?P°Ì­—‚˜‰?Š°6/Ó!ªhO'Eø·î"ËuùøÕ™5}Îd·ˆpl\þÿTV—±¼#MòRÊ?©Š9VS)Í)D{ÍHphž†£q/ºÂëïàÏ†	…*Åf;Ã5ë×Ù¼»?é÷ýjÞ±iªö"œíãÚºýé?á{¦O§¦_5_rÿ¸ÿ
ŠŠ9é”S]Zfm ’¸hØ³‡Î;›¶¶VçµÂÂB†Æå¿¿Ší¢'?-.êÐÆÍÄ§o£‡ØÉ½÷ÞÃ’Å‹;C{‘zâ©géÖ½Gp¹ÜK)éÎ7¯J[FA€ìžvn²‚û!Û®ïBXØ?ç¡Hg`{ÿÝ1¤ÈšÉÀâ¦t-R"`Ýâ˜zËœÿE—Aöák‡m@rA2c–í?U†þgðÇ³ÐE;K›_mÙ²Ÿx÷ÝwÒ41§:“yP·#‹p—(C¨†ÿë ÞÜÚÆ«Îçž'Þâ¾§ßåƒ/pMj?Ÿ¨);4*„=ã¼EVé.€™óHÓtôè£î“iµ_3wÅ9¶ÐM(ã‡ù_óÐi'ñÈEçÒkµæS+Šl
ÊÔV›ÂpeFœ0Ý),†½Çfð¤4ÍYÄÜX¸óý}ÆÆ?ÃÅ—\ÀW^NYI1·Þt“e“=ˆ»Q?ŒQÑ©þëu¿×X,Æ‚ßðóºu«ÒùË˜V‡Þ‘âK·"??Žiep¥Îîúz|û?'ˆ—””pó­wÐ½G'N¥Û2‚“:±cwƒjÂŸ¾·ßï^QÝ7É6U?öêmH«Xç‹WUÓLØjû—?Ø¢ŸµÐÔ"²?Hß‡;ò~Q&Þ‘Ï‹@„Ã[ð_‡pÝ‘€l<X%í‘ôbŸ˜€TìŸýëî™1?ë×3dÈFŽÍŒ{îK›»/r!3¯'€“ý¿†Tf¾ò7?ö6M­q“'o¦läçEøí1c¸óŠS(.*ÁšZÚØUßÄ¶Ý?8jPúyZ‘.Xj–nˆýˆcñ$»šÙ¶k£÷éOÄ‚ °wÁ"M±uãÀs®545qË±GqüíwòãÌG(Ü{oÎþëYñ×lÐþ2æ’mû3ùt6/=Ï8C§ß—å!˜vé¥\xÁyzØ!ß±ü§åÜy×n½ãvŠŠ‹³2Z¼üòLm©?;v0wÎ—,Xð7¬§­­?ëo¸™ÑcÆ"„ ©Ã‚m¾Þe}Sv-–šr?‰=“Œì¦Q1¿gÝºµüþò©—Ð¯¦†1cÇ1iòÁTVv	eö¥ÇŠl/?»#¿ÌhÙL™	%?E9«ÑÁ¡:Z…UQˆD£íJ"{µ`iºÜºÇýH„R/<!²¡*ÿÃžy=^§“4·=vIßÛ¬°IÐâ…$W‘-?[ðGcc#{öÐÜÒLss»w×ÑÚÚÂÚ5kxèÁÐØØˆ‚—_~™SO=•|?¯çÍçúnd¯ÚÞIÔDãxÂ_•^xñßòéO¾Ã-?¿ÀèAÕÔv+¢-žàç?-,]·‹ƒGõçÎ‹gð?}I¤tÎ¾v&ÿùvUeÅÌŸõ{:ué?‰äÈÝ¡ÜÝ bÓìœ¬ÒÕÿpÁÿäÍ/—??òïûÎað AD]6xSkÄ†\l¡5M7eŒma¬]»vðôIÇ3î¯ã £Žñœ›PDF†ì€i3×˜PÒÅÑ0l:mÄ,ßï4÷üçäžÏØS…d“á¡¯æqéÔ‹=ftè-þþû…<óÂËL¼7]¥$å¾Ã@©í?5#Û"…·c´½ùOI~ØeÕ•æ¤I.Î3Ø»“Î~]5Š¢®Z‰Ï4Xì{è~ä[l„áBÔéÆ éÒõ?~—žá6?0LÆˆâEÒ"Z¶8?ai„aê«ŠšV:³˜1éÎ4ákVÊLÏ¤/K·žGÀïÃpèŽ5?‹L@LäšÊÐ	ž±…9îÛrJLÃÉœ¹K×u^~ù%Þ{çmÖ¬YMyiƒöHQE4QŒˆ#Ônœ{å’‰8z¢‰¯¿ý‘9_~Ê°aûrÿ½3ˆÅS^ê›K]Ó4>ûô?âÈLV…¯&TìÍ~¿ƒß·«¾‰>˜?¢*ŒÜ‡ßìß?Nå¥ôèÑƒD2ÁO?ï¢O÷ÎŽâŸ”:±¤†n˜o;vì ´¢ÊÈ³ßß 8Ð‡šÓ%-\\tIK,?–Ò),,`çŽíÔôëK4šç1žµåmÝÙ	[øÒïðòç1áª«½AÜ_ìÆ_QÒ	l¾KóhHgô¸Ñ[Úùn†Š?m†?¼óvŒÅ?yË6	xò°Ã¹íé'-c?ðŸQ£FÒ§ºšßuÓ—þHo-…æª
pÆéˆá#MBA;aá??Ã›Ó\ý‚(Œï™bBÏT`áß[Øñj	ßÒ.ü!Å?}$ƒH6†Š·]Þ-Ê#}+DPñÊ|?áæÇ¹
5ºõuCO	AT‰’H$J£­¹íÝf÷3,X‹#›«M$çÒÜ2rÑƒ84À IDATn ¬A§?oEîKH®°Š£1#s(búF«”’¶¶6î¾ëþqÿ½äççsé¥—rÓí÷°ª¹?K6@I¾¤g…AE±AADbµ?ÐZâ*{b‚¦†Ü=óm~sü(zôê“N”tƒÖ¶VfL¿‹‡ü±XŒO>û’	÷·²K[_ÇH—à¥ì ’ý];w7ÐK €BU§_uO&î?‰üÂB?0vL{¨¬ìÊ¢åhli£±¥„ O1oéz¶µFéÞ¥CVÓO²xåFÖoÞÉ™ÇNdåÏÛùÏ¼‰…ÓŽMAaËÖnaùÏÛ1¨/Cj{¡A,ž`á²u¬^¿ƒ±ÃúÓ¿wW¶ìØC}c{šc @2©ñÃêm¤òVÓ½kC÷êM4Á@²dÅ–®ÞD]c+åÅ…Ôô¬dPMO*;•’4ÞüÃUø·1ùt]÷H»ålýfn%OIKfBv0÷Ã#~ª¢»£Õd¡èéq©ƒä!X¢*<ÜqÜöø£ôèÒ%§§ÝµªïÍÿŠóN9?ß¾ÿ>ûi©tiÙ¯lø¡–\éŽKjœË½LŽ<¾?Ytzðrýý1.bH7M/ØÇSº2q‘6†€L9s¥¶·ŒnÃT·~‹½¥3EÝÝ‚¼¼(†Å=wŸ¼í‚ý?w²jÅòÀ›]Ó/.ÿãŸÉÏÏM4… r»Y˜5ÂÓE@)9˜¡’Vë–¾×:âE’K^dÉdþ'?1ãîé<ôÀý4ˆY³fqÂ	'?ŸŸG}SŠâòV¦ì…±U¤
ú@ª#¿¡µ!Õ„‡HŠ?¤Œbvt!ºCKÆj]Óùøãÿðá‡PÝ§÷Ýw×_½eþëÛÊJA†‡Î/Z}]wBJÊJ‰D"Hà›Õ;ùbéN< =~ó‹Jè^T‚aœsÝãìli£5–DQ‰$xôtýc.?å ®:sþõÙ*nê=ò"‚Õë6òÌ‡ß³£¾…}ûu£¶RÒ,‹8ÿ–Hi:7\pUÅ’n=«ùvñ*NþÓLb-1¸æd
Å@f}°„Ç_ÿœX2…¢ª¤t?;_^Ê÷LÚ¯–›Ï?„!ûìÃíO¼Ëc¯Ak<‰Lé *å3yxž¸élÛb4mÛÊüëþÊR]§Ûï¯â7—NËè0»DñÁ"³uØ1¶B¦…•+Šœ…kgø$ij3YÒö¾¼xÉ¶K/á¡{î¦0?¿CO8?òèKÏsËŸþBì©'9 'ÕNiÚ'zh@ç¬³#´á?!‚É"„ë,Üôì±Å#úå:\$óÎ*™ï)
fâþ®mëëº?¶fzsš+¶ª¨(QÓ±äÓ?þM—ª®têÔ‰Ûn¸ž¹s¾dÌ¸ñÔ××k‹ÑkC*%¥%|ùùçlØ°žko¼…ºÝ»H&“>’¼¼h`ñ…_šÙ5Æä«ˆ,YÂ…{|¿(ˆgBJé@æ)\¦£&{öìaìèálÛº•Ç{Œ“O>™3f i'žx"…QAa9R!ÑÖ­KQ›× õ=?HãZŒÂämy?xÿ³ˆìYŒÑy8=g“ìyÒÐ?Z?düÄÉ~èÁ(j„?;wrÛm·Ñ¥KW‚ej…/ÿ¯DïèÓ£?¬åÅ¿£-žbÆss˜=g%øÝ¡sÐ(*;•9:ÐçŸp[wìæ­¹KÙ\ßBž"˜4¼?Šò¿wgvlßIaA„DJ£%¦s÷K_Ð½S	Ã«+Ù§_yª$ÓHµÆAUIÅã44ì¡K·^$“:±XI"ÖFcÃØ¯?"çÝyËX¹y7Š€‰CûPUVÈ¸Á=IÄšY²j÷¿øBQ9|T-ûõïFK,Áüe›R]Áæë¨Ý{_®_ô#­mmH	=»TYMenˆKXIWzX¤“L³¦åqff*9¦Ç²[Öæ»g›Rî§P^\BÓþÀ]7ßð‹oIQw?üç*
­³žæ°–æ`s–¼›ê×ð(©ZÍpntU†ŽÏ€Z•ÈâfæbgùcF$“©‘›j…	wØvvþ·#‚Ž¿Ýß«Îgxš,E!¥iŽŒ.>xçmÞyûMò£y¤R)žxö9[ÚX±lMÍMlÙº…ÆºzÌÈ1cy÷?×˜óÅAhšÆ¯Ïü#F?öœWnA[¯°nX\t$Ì?a|q·S’øï°ŸL”Üî~ÉvìØÎ¸1#‰D"|øá‡rÈ!¬X±‚Y³fQ[[ËñÇŸÞšK‰Œ”Ý9©D‰Ö-™D‰I¤šOÞöOAkA”í?Ú´Qu€9–ÔB!ØÝšÇìò¸pRŒ”ÕÉg{[³UÜ<Ò°=G*î¹ê4zW3ó?ù4¦b¬ÙZÇeÓ_¥æ¹O˜vÚ$.:y2J$?+Î:’Õ«×0wÉZ6ín¦sQ·_x0º…%¥TW÷ewrª*H¦$“†õå´ý{3°_/
KJéÓ«7{–ltÔ?Òµ%™!¬(‚CÆeÂ?î|·ògVn”DóóøË™))ŒRVÑ‰ž=zñÐ¿¾D?§Øop/Î;¸Õ}ûÑ©²+S5?x"I×n&®\ZPLiA‘·¶àº‡‘ˆâœ›ÒµF:Ðú
žN1ÖæŸ#ëOiŠi¹?ð^09ï%H¦—–ÑíŽÛ¹î²KCÙâÅKX±b%åì¿ÿÄ¬¦ÝO?x?ÿ¾_~—Ùõƒ,?ˆéæé˜F€ªpj?íÅ– —IGüÌÓw‘	‘:ÏÃ­H×ú–wÛ•ýsBq+ ¹…“Œôq/înãk†”¦À¼mÑ„ä˜_G4å°#?ä¢K§²aãF>ûè?”WT8Û¼x,ÆÚU«ˆÅÚ5~ÕýjP„`ï!C?ÀãfÙäDdWîè(ÏÜJ’.\<šòok²/±9¯Ç¡\z×ŸU«VrÌ1Søì³Ï8è ƒˆÇãTWWóüóÏóè£?¢ª*Åõíù?0
{B¤­bFAŒ¼ÎÈhÉn“Ñ;?B*y$z‡Œ!ÕBç;Ë
%5•:º4›/lA¤Œ î¢ÔyÏøâ,®WVZÆ5çÇì;ÏàâãFÐ¹°¡~ÞVÏU÷¾Áí?½N¼µ¡FèÙ§å¥NRÍ/b¯AC©0ˆ¼üBË0Â<p?ò|ÕöcÌøýÙoøh:WuOSm¦ˆÄ™*—X-ä%•»1•~µé[3?hA1ýzv?¨Êâµ[¸á¥¥Ì[Õ@~Igzö©¡vÀ JË:&%néé‚ü|¢Ñ(‘ˆjŠv¹ùÕ®ž…4t¢8	Y6Í›1cgç¯©„Ÿ3-¿ˆ3å²iSÂÄ±SŽ§¢¼Ï=÷‰D‚SO9ƒÏ¿˜~XÄý÷=È¤¡µ¥•3Ï8‹Ý«é_3?½j±÷À!œtâ©,_¾œÏ?—}Ÿ}†Ç‹œ:?"OÇl6ñ@Ïï?^BŠ›™¤?\€Zo#^mÅ[Ý3Ë¸Žz Ì-˜ûÝƒü]]?ï5d?1]6<µ7·Ó‰ÝÕ•JiÎVgòaGRTTÄáGÍ¥W\AU×î–YkúØš®QZVF?^}8ôÈc(.)¥¸´”	p„¸²GÞ°‡ák2øE	²‹Gë¦=f[L²6øˆöP®‚‚Ò%„æÿ’––fÜ=?U«V‰D<ããÆ?£¦¦EÀ+óÒ²ZŒ^Ü›d÷C?j>zI-FQo’½Ž¡¢õ¡bW[EËôê\¤1²w?-ôîÝ›òòrš››¼¡Ú
àn15ïƒRK”^€üÂbÆŽË?ÓNá?{ÎâŠÇQ\EQO½÷—,³|!½»3iè™;v‘†	+**ˆX’È2‹Ô,Ò]	I+„À?ºç:?œ8”_8tƒUvó‡{g3ñœ;¹ò®çØº}GÈ÷º2C‹.Ü€,8;c!\Åx×nZ„ÇOP´ÍkT—™²}¬––îºív~sç?üîÌ_gF¥!ÉËËçî»ÿÎ??.eö[¯q×]·óÞûoq÷Œ;).1ºx,Æ´iSYøÃ·\qå4¾øüK™|$??œzÊI;î8n¿í6b±˜çšÂï‘;^Iëþ§
éâ"`¬v ÚÖ‘)l;ƒ*îà<à¼‚í¹g˜õÄãÎ„~7Û×Ñ—=I?Ç^ÝÕ_éå³ï©¯gÎŸqÀ¤I3bä~·€ÒŠróÜƒÊª*¢Ñ(º®±~íjšššøõ‰¿"¢ªž	&ÔìÏÂ¾[Ç¡SçÎ<ýâ«TºªíéfžöWì $Ó‹m»YeÇ@¶¶¤¤„[n¹?[n¹‘}÷Ý—Ë/¿œ?ÿùÏ”––’L&Pl®WX¾-Ÿ	µ	S'C-D/ßÇÊÜSs¾9//?;v?Òzöêet…¦æ&-YÆüy_3vìhÆŒCcc£kH×‚ï*÷^´lº„¼Å„ÉÊ:U±_E%dK}Œ×>_B,¡³bíf†/[7ô@JžH_ n÷	Y½nÆšûGOiž~ç¢‚|øÓé7¡–>ZÊÜ7²½®™ÿó=·îbÖÍ¿£¬¢‹‡fë]x,œÛ
²¦Á…ád?¦à?‘1ÞÓÂX&
#<?j~Ê°Ì…ŠãzcC|7\wW_}%#GŽšfLŠ¨*¾]@Sc#?,\D¯^½P…C;Ôs"‘¥¥¥{ì{ôŸlÙ²…Ÿ–þÄþûOäøãŽeäˆá\rá…Ü÷ÀtêÔÉñæÖ§›?›ûþ{äx¢æÉs¹íCDÂV 7åÐÙ‡p¹EáÌ³Ï%?rãµFv¯&qüEPhbVÂ0(zóQbŸŠ^QåÜ´¼u?Y¹}ÈxRÉ‘¶fÔÏ^3q¹I'`!v“´#¨#´/ßËê+˜ÿõWüçÃ;ñTE?L&inl ¢s%{ö°eÃúÖÔÐÖÖFqq1g?{½z÷ÑH„×^}•#GÒ·¦Æ¹®Oþóo.\ÈÅ—N¥ÜjÑÍËÏã™'Ÿbìøñô¯­uÎÉ¢Eü¼nSŽ;ÁñÜ±m;Óï¸€I‡Êß|„
§Õ7=‰ü+u?’aû”ðÜ·qáEø·1‚×g¿ÍâE?páùçòðÃsç?wrÆoÏçÛuùÄ5ÁØÊE¼øÒ7üö¬sÍEÒZ¬]3ÅÀå9ƒh4Ê—_~ÉÛï¼ËÝ÷Üë™«e¥eLš|0cÆŽãºkÿÌ??þHCCƒËÁÕ?…Kr?ïTüXÜ?cZc	ŠóÓ‡
…Å%”••8íë¶þ~~¤À›1ÑˆšfÃº&­I©¥-•LËÖºƒµ®BnvFî‘q
?9éèÉL½7·ìäÖg¾`îÒ?¬ÝZÏâ¥k˜8¡‚H$PÜK»x©&>‰æ’R³õ?‰8”Ah]ÐN~ÜºÞa…»jÿþçuëxä?¸ö/bÈÐ!Y—nèŒ1œ¹s¾âì³ÎcÊ”£9ÿ‚ó˜¸ÿ¢ÑôµÙ”æ];wQ¿g‘H„ÁƒÓÝ·}úôæ‘Gäîé÷pÞ…Ñ·_5¶y¼!ÃC©÷º„·^cYÓ…C3ö®Yv@×Áê„Ï¢î‘²½¢&pá?§ÿæ·Üð—kÈ+¯¢lÀô¹¯ƒ¦¡î3ãÈ³)vÆŠ–?”D¦\…e¨C&ok%2b2Úîm(ª‚rõãðÑ³¤vm¥ÓÀÑhïý¢ kÄ“q"Ñ(eee¼3ûÞyãuþõöÛÜró­tíÞ?’‚|ÞzãuÊÊÊé?`/ÿ+,ä°#çÓ??¦¡±$t©êÂ´«~Ïô;î •L°÷ AÜ6}·ß|##FŽâ?wßrhLuu»8â¨£X·v-K—.AQ6oÚÈWý?uëÌ×òóò¸ð’©Ì~ã5–/[Æ”ãŽ·‚¸×¥Å0B²qÑ~°Î{Óüú¨´£…+„`øˆ‘|·p1_|ñ9/¿ô/¾t8}zu¥K—*úÕbêe—µ&¹]<SEk×¬á¼sÏ¢sçNLž<™ñãÇsõÕWóí÷‹BO§¨¨ˆ«®þ#ûOKAA?ÇF.`…+³ŽË•h’nf@È¼ôeEWNŽ¦Ö8§1š‘ƒk(.ˆòñ7ËyçË%H)ÉS5½*‰D£!H$5‚˜¦óõâõÌýi7Ý»VpÜ¡ãœê·í]ëÿÉ‹Xæä…yK72eÂ@¶íªçÕ?¿UM’Òt³IÎ:Ç‹m¥ë:ß-ßJcêGbIÉÉGŒåÛ¥ëyéƒ¯ùýo?`@ß¾ôèUMß?—3wéFTE!‘Œ£k‘HžÇLÆíõiû(R1µÀuÃºÏª«iGQÓSÓ?^j¡sLr†)~ø~!ï¿÷.>t?ååí×D"É5þ#ëÖþÌïÈ§Ÿ~Î_Ìáˆ#çŸOÌt²ñùóç³víÏ¼ýÖÛè)?™?=LçÎ?=ÇêÛ·š[n½‘‹.º”k¯»Žê¾5Ä$\p³o·"ÔdqCøÌr?Ì•Xbµ…ù‚¹›ÑÉ%Ç—]ïÜö"žDlªƒúè:ìhC©¯C)ß…±£YŸ-‰ºq7úîÄ–:”¶F"Û_E=âJ(©DŸuJ~¢¾e{ŒHÙ È+ 1ÿU´ºí@-#F?æþ™?km¡ªªŠÊª*¤apü)§’H$éÞ§šª.U€$™L²pábRDò
Ù¶u+?þ°ˆÏ?ŸÃ†¦?¡ŽBiÅ<ví®ãõ7Þà©ÇgzªÏ‹ÿˆ¦¥ˆæ¡ë:sçÌ¡fÀ@*»t%¯ ¡(Ü3ãÖ¯[8y½;š€¦%_<m¯?)ïláíh»>À¤É“™4ù`ÚZ[I&“‘ŸŸŸ™}YíÞ£O<5‹Ý»v±råJf=ógŸs~Ö­†úôíË—sçÑ£GOç5%«I?beæÒ	ô?¾Ý"RY·iß,YÇº­u¼÷Åât‹»UOÉÏ‹páÑûRUQL‘¥µ2 _7æ-Û@cBãÊþ†ÁäÑ{1¬O1ñxÒÔw‰7¹Ø†¨¦¸¤?ÖdŠ¹K71ù²§@?²ÒBò"*É”Áú?Í$â1çþ0r/Þüb1šapÇ‹óÁ˜Ç šnìÓ«ˆ{Ÿ?Ãgß®àÅ÷Ð«ªEUÙ¼»	ï_E?ÊT5âªE	ß<)êšFDUQTÅãîe·ûÛzFj(Ó2¶í%†!ijjâùçžáÎ;nË)ˆÛ_R\\Ìs/Ìâ³Ï>ç?<ÄâÅKxååW9ñ„ã?ÝE"‘¤ÿ|è~&<™ÂÂ‚À£UVVòôÓOpÐ?‡ðÚìÙTXç6‡Â?—4ÔbÞÅ…[ev?šeÅS»>$Bxt‘`WiÊPi?ªè\|JCÛU?Ö°¤ŽþÝ»È5sˆv†¾{BÍ‡Qg’|ï´x²rZk+ÆÆ#Ö€¦P°Ïè-qäêŸH½yä!R1"ù,Z´ˆ¥KS\RB¯ž=Ù¹s]»ucÛ¶­¤R)î³ñD’Ÿ~\ìˆø´¶¶ðÖ¿^¥¾¾-•¢s—.$“)’©¤©›žL‘L¦Ì*»!-¾¹UÐRÄâ1æ|ö)‹¿ÿ!©d‚5+WñÙG±}ëòòó¹éŽéÌýüS6¬_?pm	oË¯È¹)à•ÌN.¼ ¹·U:xRÉÀØ÷=çS\\Lqqq»xoqq1dÀ€?L˜¸?çœ{^ÖÙ­Ø¯_?¯Š”ÄÈÌÅ_wž Ós- éÓ£’»/ÿ¯ÿ{ó—ndc]º”t«(cü>}˜8¸’QƒûÒ¯v «Úé‡ÐÐØÄ÷Ë·?Lét¯*§¶gg¶lßIiAgN™<œX"ÆÀÞ%¾úôêÚ‰{¯>‘gß™O}K’Êò"÷*gXßbÞœ¿	¡æ±wŸÎ$“)çdÏœ²?›¶îàí/~¢©-Iç²b†ôïÎ–mÛ˜vÊúw+âë%›Xµµ=–¢[÷Nœxà`Ö?òN•¨‘¨ÒS¤¡UUPÕÉ¶U’ÉTeD<Za*‡ )--å¼.äo7ÞÌ£?<hîÀ:…|ðd>x2Ï=û<—M½‚o¾]€ªšý&M:?iÓ.m÷p›6mâÆnæ‘ÇfÒ©s'‡-eXRÛ¦w¯—ðóÜL8)%–ƒª§AÈ­*)\d	™ƒ?xð,5_‰üDÅÏP	s­wøÉz
¹kú²#µ”yÂºF¤qÆÏóÐVEA"†^3eå'Í;‘±ŒTœÔª9 F=‡b´ÕC¼‰DA9œñ˜µ÷Kýð’»7pÚ	ÇsÅ5×2nìhÊÊÊX½rñXÃ0hnjbý†Ìýì'{0?Ö¶VZZš1ƒNÒ©3ç“OˆÇãŒ5ŠqÆ³{÷.Î<ë,;ò“ÉPPÀ#ÿ¸?ˆ\pÉ¥Îµ~¿à[Z[[ùÝyç:ÜÛX¬?†=N”ûVyÄ¹Zv3{53SWI;I´£U\|× ''‘óòò)ûRŒB9¡/ÉÀþŸ`ª¨Ì€…Ò42KßÇí#ê?{ßð?F"5y£‡Ô°{çÉñD‚T2I<ž Ouú×$š—ï|lŸ?ý˜qå‰¬[»šx<N<CU#tïÑ›šþ{1 º+ëþ™H4BÏ^½œ,ß."ž|øÆíÝ??×ÓÐÐHII)ýjúqÌa“X³v-‘H„:kvA~:g
ÇO¬¡©±-• ™Òéß¯/µ2bp[·l$O`Éx]—ì=h0]ºvsÍkÅÓÃáÐépköÛŽDihé®Å,¢X¸ =ûóFƒÅ^P†ÊÕü#Çs/½ô<ÝºuÍ:|òòóxlæ?9jc,á¬`G}?ô¨‡ò˜-ÑØ´i·ÜrüËµtíÚÕÉæMQ/ÅqRR\,³lAÜÑò$Pi<7ß7@r%ç‚§'»—±}WƒôJddâ„’W<”vû¢®¾ìÞ}ç”¼d*îÁ8É/-?Ô­Š{~	)ªIG3t¤nŠÎ5JÄ|Ýíd/?T¤iÕ³ºÓ.ŸÆ¹çŸÇã3ÿIÝžz9ô0ž›õ4sæ|É®m[ÍæÂÂBb±˜3UU¥¨¸˜–æfÓÄ4¡°°?ææfŠ‹‹ãW!±¶6òòòÌÛ¦9¦4’‰8EV#‚@?L&ˆÅbTu­â™_eðÐ}=Õp÷®Æ/O+2î¯ÈÂZ	¡Jú©PÂê’µ=V¥aÅˆðcý“ÿ,%9â}Ù2ð0ÓSW;#e²‘Ë câ¹^!:Ö«ëš#§š——çè{?‹†®‘H$PU…h4¡¨^mßdO;b¥¥ÒÐQ"«É—æ¡ËjÑµµH& !//‰â†®¡iISâ"??ÀÁK„î¦Ü‰]ÚµG¦&®ÅÖÝàgB*ÞÄÏmtaX€#Qëƒ÷ìááä×gœÊ„	ã3ÎëØ)ÇóåçsxýÍWyõ•×øü³/8ò¨#ÉOK—qêi'3õ²K9éÄÓx÷?÷¸ó®Û¸ú¿äß|óO=ù,Ó®¼‚={:5Ã£ÿî¥GzwÂSeàévRk]«}/¥G$+¤\Ó®Æ¾Ïvqû®´Œm¦C??Ëš%˜ûW¦ï¾™‡¦é9dxí`¿>…E{r«ŠÊÖ­[¸ý¦hnjæ‚K§òÓ²e´µ¶?L¥¨éWƒ4Þ}k6]»vå–;§SVVîT½5ÂSXÊÙ…ˆ€Æ}ûÕÐ³wŸþiÆçüAHÐ¼áw¡EO3ÁŸQyýÜá›††ÊËÊPT…ë7°bårŽ:òè4fÝÁlÜ­3­F"Ìûz.½zõ¡ºoµ'€Çãqž~ê	¦N?–¡JI€
œÿfú·[?ÐEøî WÅ°_f¸î¸¾7¥i¡µ¨lä¤Lx‚Ð¢¢hÇÝ'=+ø
sÝËŠ³÷—Öu¹e6Â*S®â€Ôt×³ðŸ]<ã–oâòË.aøˆážß?9žM›6ñÝÂùôîÝ›íÛ·³yÓÊ+Ê8p€ó¾y_ÏgÛöí:ÄóºûçƒþÍ3Ï<ÇÃ3g:?jÕ¥GKÊ?™Ëw†ƒšÀ#håGðÜšëBä §×.vîÍ¸=?<s» ÛO´D:?»¹ç2XîË“ºÛtƒl½‚³Nï{~^»š+.¹€åËWpî…sÒ©§¢k:Üw/_}þ)ÕýúñèSÏ°×€?ž`jëE8þ…Ö÷eÇ”³ò,?_Êôª,„¿(ùßò,%Ï?lKqZ‹‡ià¿–Ù³ßàÞ¿Ï`Ì˜±lXÿ3—_y?:ñÞ;osý79¢gž-v;uð+–ó»ßœÁ?¡C‘RrøGÒ·o_ªûô¥ºo_ÏÓmllä×§žÄ¿?ú4zioWâ[-Ý[Ýl
-ÿË@îÎÞaB*-oán(Szz.2EÖþj8ÇlÝÂtËÈ²’ó›-ø›zÂú(Üïs+šêºî,¤nQ-é¢c:?It)¹ãˆÃóçk8ë´SI&“Ì|ôqn¾éVn¹í&FŽÉóÏ¾`2ÛüÆÎR‰F?ºuëÊŸÿò§ÒÁ«/½Â¢7ÞàêÇŸðP/±á×<IYÌIæ=	ºî°håèdÈ"„¢0}FßïôÈý€~ZãÄ½*‰Œ žÁ•ô™5g?aÞo1's›>5µxæ¥×¹èœßòâ³O³ä‡…Äb1~^³šî=z0ûý?(*.rat–m””JS¯ü‚÷¹Òø²
åJÃ«V™mQÈqë’›Üyf1ÔÞ:ÚÙ–TeFÄ[oÎæÉ>Æœ¯æ{²ûß~ãd•;¶ï`Û¶­hšÆ Áƒ)).aã†ÔÕ×QTXDmí^´¶¶²ví„ìGþîOIDAT;lñxœ£?™Â-·Þîì¬¶mÙJiYº®³fíÚZ[)+/wðÊÍ[¶°}ÛVªªºšÁþ— 8R:ø®Ç4é¶‘Îi÷˜Ã@úÆ¾ôuOgÉMÒÂ¾ú”?PH²ó*ƒƒ±wÞÙzç¶6¸t‚ošÒ)3[üu?T£(
ÑhÔa	aú‰»»a3²yW5[®×S¼uÉeÜºeW_t!eå¥ü´|1ÝºuCÓ4†ï7Ìc€¶ûóñ‡z”?×^Ë•Ç‹04¤ñ<>iivŽËÕÝmëI»’´œ
¶·…µ‹ DÌ}??óàè®„?HÏªìùBá«s	×–Êu..:SfséË?“ô;Âg™B?»tá±§Ÿå„O¦KU}úôá¸“Næß_|EaQ‘‡äd–Ñ…ª¢Q5ý Ië¾8[Ë,ÑÂƒ¸l—ÙafÂÁÉ9¬´ZBZïÍ?dX`?ª*N€À}÷ÝÃ¬ç^$$©GQ›7o¤¹©‰]»vrÙ¥³uëVn¼áz?ÐÔÔD$á¤?#ÖÖFcCƒDêêv³uëV¶lÞ„”’{ï½‡o¿ý†…¿çÕW^&™L²§®U?P__Ï¿£¥¥…Ë¦^lzfvÄ`#ð>XÅ'ËaÞ|’´¿F´»†Í¢ƒEá|÷T¸é•é@«¯¦¿ºÜï}=ÓÊÌßÒ3YÓ4¿wþ²Þrö‰˜™¸®k¦+‘a`è†9¶ÝÆÐ®€.?üÇïÙM§¿^Ïc=Â9çœM÷îÝMÏ‚h”Â¢B


²þ)*J›#'5?[o¸™ú«®æO-?Váìæðê­€®YrÛþæH[‡ÆD?ÚÓÞL#nÓˆô³0Bš‡ÈÔq!ÝGäŸÑ‘á(ïÍº=X?pãçéìCŠ¯"*\Ž!öÅH+3?üƒÓæ­+NdÞº.U]¹mÆ½Ndãsvó?Ã3ìj²¢bè’Lw*B€Ž{Q‡ •@{
wdìr‰ãÙÜKÂ¢±ýôìBŒU¡7¤$Ö3[–?G~?—_z‰Q£Gsá…;ƒ²v¯|¿`Éd’M›6QZZÊêU«øùçu~ø‘æ3éÒ…¯¾šË9ç?OD? (
_õ÷Ü3E(œ}î¹D­Æšü‚–ý´”#?8ŠýF'Ö£se%Çþêxl&MMMæäüoÔÝ«,ìñà’ B(D¹ú{#=æ2>&Ò[mé“Nu³xä™I›ðA2x €àÏHEÎ?è8š(aFÉþá,%èºA4ª¢*’©š”¨ª‚®Y¸³ª:?3³ŸÂ×Ê?àÔxŒ¹7ÞÄi‹—ðê‹Ïý¢GO&¹öŠ«8ä™YŒÓ’4#P3×ôÎ\ºÅ°¤?‰1Ù0Â.+Òª	„§6"<›lé«£¹YXnÈ%ó.äö£¸Wq¯ûO:{IÛ»ÉìÚYµ³i²ØÙ¹"ÂvüY{‘£I°í2bf˜™ø¡â£áØø?n„;aKÃk0Ûírév²		âö9ãÊÚ[Ãù¿Í³.é}„SÀ²L8ð@^|Áœ4S/»œ§g=KkK‹síÉd’ßýæ4]cÐ Á”–•òåÜy\zÉ…¬\±‚W^}?±ãÆqÅ´©|öé'!˜rì¯øû½ÿ`ÆßïcèÐ}~ÿ¾ûã¾ûàûï¿ãŒÓO¥-Öæ»RÙÑììb=[g,cþÏÈÝ»[#ðœí l8õ13G_F¾ÅÎŒ¯€p?"·E	t»Ò¸¼=Ýß£ëºÃöR|*ˆA55û=º¦Yíü¦w¨[lÍßš/}H²Ÿhk ˜œˆsùë¯qÆ¯N ®¡±C?·©¥…kÏ½€{Œqñz€$¬»ÍÞ°2qCÊƒUU‰F¢¦?u­?»?xÒ‹){¼ùµ3ÊƒÉé»¦8[ü?žè";Ï¦æÞÆ
?Qn ÃÃÿ3¸ÕÒ¥.:0—½+¾?)yØÚíÅ‘þÒM§ÊBCf)Ø¦¹£6‹Ãl@0YP‘?\šq…òaèéÛio'Í¬ñþ<Ä«¯¼Ìõ×]Ë’Å‹yóÍÙÎ²WmmmTW÷eö¯ÓÖÚJ]]Ÿ~ò1ûî;Ìiêxí_¯Ò·ºŸ£Ï!¥$‘HxÎÜ¾öºº:V­^Åþ`ò®Õ´Ú"’ôß3 ?³ð YâNq­ j»Xý"F¥O†Ù©xw¬2€¥`H™”Nf¡»qnÙž+ºïNÖpÃ†”$áèª¸Œ°­‰ûšuMCÓtÂR\°Š¦iiJhÆC²ff<áÔ
’ÀÀd‚+ß??;?í;väô8V¬^Í•GËÉ/>Ç$tT4¿'™$›ÅT2ñÅWàu„õ$™bXÙJ^Nðð1OD.ƒ8À³@€Ø±»QfÓE#ÂÇ?ˆéî¦t‘I§¡Œ– &Kc7”äX?\â=‡pÏ¿ÌF‘åØiÁ!û^é.<µ½kÌêtò¥nÈ%HOY‚9s¾à›ùó©êZÅÉ'Ÿ†¦ilÝº…Áƒ÷aíÚ5¼ýÖ›L9öWhºFÿþµ¼÷î;lÜ°?C;ŒýöÎ'Ä¢~`ìØqxÐ$Ø¸i#ûî»¯36—ü¸„nÝº£ª*oÎ~?X,Æyç_Haa_5—<€o¿™Ï°ý†[‹DûîÖÕËò21Ý,#‡*Møx0,£ˆ¬š#?Y®?)ðC)>£o5Î=²wëxÈØñ›Yx H#íáiÝ¯¹‚Ýaÿ\pÚÿ3œ‚¸»}€¬¯óÜØ£F™öÒ+<ýü,zõêzO—.ý‰»ÿ~?w?…*¼	”4”þ{!G?uŒ=ð™ÇûíÝlˆÉ.Û1,™L9ÎH~ª4Hr ý—ª3$ÅýõC_ÏÏÎºFÙÞ`‚BÜZ
Ùu=D a³£d?ÑžãÐaÍ&:¬?žey

èÒÄƒ‚xpLõø ¶úl®@Â³Å9z!¬DÀ‚êÒüîvÈæÈø‡‡VhüÒH??¨†	ä²##ÆS?jÿƒolzk¶d'óWÙ*w`L?¿´p˜?ÑðÒ3wÖáØºp:dÝ4asÇà5c£Â…ùKç~™ïñóÐ]ÍBîøcï†Ûb1fLŸÎQGÆ1Ç?q¯>ÿüfÏ~›+¯ú=ååÒÁÒcìîÇÉƒÞç=K7¨R¢»zeìëW\?Lv­#2äný^ú!·€(¥4y.úÚ™AÜ·EÌà	É ñ.,™ºç"§é–»åY®ZdÉfs;{ æÄ]?³Ý¬[¸v2A2Ã¹¥t«°¹X‘eá”ü²îÍŒ@.ƒ3b§°†ÌÄ‡dŽåüãÖÊ0õ¶ƒZ¾ƒ³]w’”2tlÇx‘I—‘yÐ<Ú:rºNÀòÿÛíÐ$}ó]±$tÝu$€ö@GÒÈ[l–˜áÛÁ¸1xû'™LòÈƒ1~ü¦LIó—_~…?üˆ¿ß¿§â]¬2ã?ô“5|ßŸ&O‡`²{ðh¯»ƒ¾aX}¡t¯ßg¶N÷‚«ÅŽÝ2>ë
7>?-á¹)Yƒ‡ c[–-àv,)[S!ÚÏáDŽ??n½í ±jRng.a
‘æõÛL‹öV€ï…­V9Ü–_Œû›z<…$Eq‚en-—ÿÿ‚¹{)­Vuu+$w®¬zab`ÁvRrRñíäÒ~š„dÃY9éò¢®ÙjenYW“‘?éó?Lá3EøV÷ÞsÔrÎ¹góÄO²yó6.ÿýïÃëd¹ö…4ÿ¸ÿßVµC
ìàos##ód&Ga)¬?¬yº“}ŸÏÊ#w+è¹?Še)o%Ýûð3ëMÂWsÊ­7Þ3®:˜$†?GÙÁ ng5.,ÔSé°‚¸ÌšÏç²Lx\¸Ìß?uëN°fiÙ‚¸pý/·«Ä <ÿV<ÂM¡Ñÿ‚$ÿ›)­‚ 4?´ ’œ¡õŸœÆdÈVÛß!3wgþ†#g' ¼…EÖcXßÁEÁßN·ä‚; ;ülME® ±°gÛ§—'hX¤PþxÍ5•pøaGƒeÚ•Wí©:4füÙ¸ÿzu«Å~€ŠäE£äåå?DœsWœÅçËÀp
s¶ûrl†[Z:ÅužÁ¹J±´žÃ3ñö3MWfFëç¨‡®OdŽÜ’´ö –€ß·Cýð\ŸÄohÕZäœT
ß?ì­¥Ý±fv'º‚c–ÌÜ“YønB.hS˜1tPf«x¹Í­UÕ“mdMQ:ˆ•ÿBxæŽÀ²¦sWä6T@J¯–ˆtuG‡däÙ¹ôòÌ9&<'–Þ¦AU)Ò-?ïb@Ö-¿pu©:'‘ÕÞÐíÁ'¥ç°ª
W†t¯†]/ñ0ÂpdLëÇN?;gÈ»u.µÁlq0ák^ò0SdE°³5E±e	¬cøte<Y»ž3"ïÉHÏíg§ëé{òÿñúBŸ ùYIEND®B`‚
imgData este 93766
imgData = ‰PNG

IHDRˆ‘@IÀbKGDÿÿÿ ½§“	pHYsgŸÒRtIMEã9:Jµ‹tEXtCommentCreated with GIMPW? IDATxÚí?{|œe™÷¿ç™Is(Ò–CÏÍL¨‹VQ ‚œ”B)m’®‹@_O¸èÒ$-DVd_Vp„U_²ˆ¥m’î*"¸ZÁ&é?C9#P@W‹HÉLBOPhmŽ3s_ïIÛiNMfî™y&¹¾ŸO?i&3ÏÜÏõ\÷}ýîë>Š¢(Š¢(Š¢(Š¢(Š¢(Š¢(Š¢(Š¢(Š¢(Š¢(Š¢(Š¢(Š¢(Š¢(Š¢(Š¢(Š¢(Š¢(Š¢(Š¢(Š¢(Š¢(Š¢(Š¢(Š¢(Š¢(Š¢(Š¢(Š¢(Š¢(Š¢(Š¢(Š¢(Š¢(Š¢(Š¢(Š¢(Š¢(Š¢(Š¢(Š¢(Š¢(Š¢(Š¢(Š¢(Š¢(Š¢(Š¢(Š¢(Š¢(Š¢(Š¢(Š¢(Š¢(Š¢(Š¢(Š¢(Š¢(Š¢(Š¢(Š¢(Š¢(Š¢(Š¢(Š¢(Š¢(Š¢(Š¢(Š¢(Š¢(J¦ š@„N.žS¸?é$§Cd:ÈI"RDr´ˆŒ&Q Â}BÙ`o	ð&ÈÍQ#Ïïlª#ˆÚtð6°?
Z@´Ü#?…?‰ÄÁˆ8ÑW7®ß©Þª¨O*Š
DEI5Á²?Bp?Ï<Ä+yGÈ'!æAÓáþ¡jûê6µ©%o	ä4ˆ­«Š¬{c$ØµzâügTüSBžáL“	ŒdŒ€cŒ¡€Bì°‚Ýv°@³qð\´½ý…+¶=¶Kë¹ú¤¢ä”@¬–µBà‚Œ…0
J”‚Ðõé~`"Q?Ýïú?¤ëoB!„~PüýñƒðSàà»_C÷{„~y]ÿÇ?×ÅD?«hZéYÖ•Áòç!˜	v—³Ç÷w•±Ä×ØÇ{…ˆQ(€R&!|]e¦è*»Ë)€ï@™î?„ïÅqïŒªÙ¸1–Ús(?tØN C€tÿ#Ð!D ìzPX ?ò…( º_@äß6Õß™Õ@[2ªcÌ—H~À‰éþ>|à·qcîXÔÜðú?³Á²–.â?ŠpÝÇ<)^†`Sé/æIšŒƒ?'êÇÐÈg:‚Y §ÒÀñ»x<þÐöæµ¯…†Iæ6pò´ò“Ä•¯S8”ÝÔµ6‰ày¿])|tV™Á~ve ìe?3 Õ5£®ÚÜÐéYA­>™Ø¦·Qà
%FA¼+î &d×O N ÖõºÄ„ˆˆC#0"ÞõÄ ÇþûÊþÿ"²ÿu²×kü;¤û'É®?uý	vŒ®ß‚B‚ŽˆøŒ˜b€<£ ’Çýÿçþ×˜wÌIU?éCs¼Á$b"Œí×]÷Ïh×}2
A]÷=`H´ësˆ‘Œ	Äôe‹nÿ:`?ž¯õg?ý÷Þ}Iø÷ß }¼Öm£ýÿ§Ð×­%| üúº´|ø¤KsøHø ÝºâOøœŸ„¯Õ•ñWmnx/ßóYSšB§û¡æ4$(ší ¾/á5&~¾×{qèk=¾ã?ÿ÷ß ?Ü/$ûøžeíë{¾—ý–¿ŸÏ(^?÷gå9ÀY  Ñì³gÀCg·í{|æÀó?ìÛ	?²ó]àZˆœKÍ`"ÒIàe!žá+Æ‰ï„ñ½w£-yqçh€ã˜àSDx6?3À®ºAâ#º®sÙÊ@ÙƒQ‡¡Å?uÌ÷ŽŸR>±[lƒ€§²?!€“åsùî`l*"/
xÇËGíxð0?˜šÀÉÅ¥³@g	ˆ9Pe$?à®ë»ar°üÕ•‚;· å7¡È†Ž\†KƒeÓò€¯ü:?½Ú²Á©À@´
dÁ‚õv‰.›h}ë|”­hóÉ/B3føÑÊOv_¿Ã‹âP}²ß6? üìŽWìV‰;=C`¯ðØÓ¬<ôö‘Gê3Äöx'ÑWüëýþ~k_¯ˆ3¾§oà>GÈc¯Û‡nHŒÏÊÒã9P”ìãµìÑ—EÙÇ½²¿‡ÑóyñÐ‡Úóo‰Ú"ño»ò"$ë{Ö¢@¾a?À4@¦	è®A€ŠD„|›?f4‹+ýÇüÌ@ž§p*!Óƒ86Ãõ~;D¶±‚-¶ìÞXb€?)]Ô7rÁã!ø8ˆ#S4l???ØsåéÌŒYîÄ`ÑÈÿ%xrÙ¿ÿ¥`Y›_î»jsÃÞ~ÞöVÏîÌ:²…³Á|¾F2¯K;óbŸÈkåwµ åWG6Xñ\Ÿ™8ûm÷FžåN\ðz'N¸ˆ`§qÌ·¶‡þ'"ƒ
ô‚¦†'<±<X~ŠO°ŒÄg1œqˆ{¦Há­5?ò»Û}æÎž›§¸cÊÜ±GøÝï¸b(™Bv@ä!Ÿ‡ÏmÏoÜÚ´)ºÿï·?ŸS8¦ÀwBWæ?ó)˜³¿óâ8‚·Æñƒš`ùm»óÜÛ¯{ã‘}}}Ï¤¶iŸîÎÖOÙT}ÒÛ±µ»mvS°[ˆ!LÈ\‹À8G	8†–§®ÅèöÓÎÊÞtÌ’H;…xÂîŽ½L#9ÕÊõ;ü½;K™'ä1Ž!P”Ž{IlO†Ü9Ig¥Ÿ(<Ïo qf}÷5cðƒv¿©O¥W¼¼¸ôDŸã|‹À7ÒXË:@¹5Fç—‹WoÎˆÀ*É?Í1,'œ¯eîŽˆ¼òÎ;ïÍÆ$îšiå§Ó•å??DlàÊm‘ºÕ¡óžÕ%ó§RÌõŽð2þ„g¹Eˆ¯T„ëžé÷¥W9t~Úý?Ãõçd3¯(ž{šÏñ-Ç ‡æEäÑ6Ÿ|%Ùá‰D?œ(üÈÐä; þ}K¸õ!lˆ{Q†0Ë?(Xò‡?ÂÍ…?È?öÅvÿêš-/ºóp×ôÒ£c\"ÄÕìš»ØClâÆ—ŽÚñóžµš@Ùòúýß½0\_âû©Oz8¶
~©i‰ïza°>Â,wr±ª8yçPd6ÈÙ&¤P³%\ïë«_({ä)Þ¤áóBi0”5{[b¯_ûÎúÖžïª”~?tn¶$Úî©×÷ÒÕç8ù±éÎYáY:ƒÉ'ÎvT„ë&zN p˜3üSZƒ÷€øJ<xm¼Ýù¢ÍE5ÁÒ%œ¥ÖK*ø0~nQdõŸ³Ñ¨Ü6~NáØÿµBþ?üÃ”õÁ¨ÁÂË›ëödºœÕçåä›¬HÒÎÿÙÙÒrÃ’?Z¬²À¼bœÛA^œPÑãoX.¼¥¯¹`µÁòóº+êšŠp]i6ž}26àm®©²9YS\~?ãÈ}‡Ø þIâ\\Ù\÷¼—ÄaõÔÒÇç<@à¤¡ˆ6W®L%µlZù˜<GîùÍ>žÝ¦8Ìu?…G×¯Â*S=µ´Äq?W÷g?ò§Špý‰Yµ?ú¤•Ø:¹-ðK‚_¶}m#¸®2Rwkª×Y€Îy%û¾äçfÇ%Ñ¢ï^®××_VËÖœ›¤rŠ?XÖêš›ÓÙÈ„@ì«Žûó]Â¹æ`öÈ1¥¹ïYÅ¼tÒìqù£Fm8Öf6®?òW„ë›íöÎÀ)Á²ÇÎ²Û“Ë*Âõÿ?í V[<¯”té¯g"‚§^:jÇìTË$×X—ÎsÈ{A?„?£sYE¤áÞôõÜÁIÁòkÈ­?„ï^ßùú’Hý;û_Z>¥|’ß‡Æý[ ¿¯×1ãš@Ù\ð«!ÙTäç["õ—…Ò0ë´&X>›ÀêÃuRú¨?qˆ„¶FÚ~ì…lâŠ’yçúÄy`¨mš×W„ë~lMhJÿÉrtÙ¶½^'øéÄ#"ÏTDê?—5Û©OZÚn¾yÓflàõuáÂOeÔ`Äì¤¶ÀBGpk_¾:@iúÍv×Ê~KrAY„úÁ¿.iªÿÛ ãfb‚PúÜFâ¢¡ßª¼X©ÿl²eu2áÄWl{l—?X\Äã¶Åa·1r?Õ²ŠìÝ*­÷y!ëQÑ´¦‚+ûYÆá%™‡!Ìrkƒe? ãÔ'#»æÇpN:Åá~ß¨×ý$F3"ï%t³æŒÿ\,ýj³Üê’ó>âócebPæ?¹,™³iM°<ä’C±©[
#U¡4-Iª×=&Æ|±knëPz²tIçæÉ?¢Ç«KæOÍfª”Ÿï3ný?ƒ²àî­áºÿg³,U‘†‡p–;zÙŒ<‚ä©½²dVæ ªOÚ§jûê÷ðËñê!›âB›6E+ÃõËÅðlÞ‚•šç½wè÷f~¼%R?(â0Û\Þ\®ˆÔ]1ßêg9°ý¼!»äãv?ÒUÖÇnYA<ê¥U™/½c¥šú°êÃU?«ßÎdY–Nš=nJ ¨?à?ÉLnH\€#«ŸÌT™5®y¼ÓðTy3áëÀ¹or h—#y;ôN–Œ-R¹cÊÜ±SEðý¡ØT€ˆaÇ—S™Ô<¨€ÜÔ°"×&U•ˆÏ;"/./.ÍÊéŠâ¹§?xx¨C>iÜ‚–M‡È©ŒÔÿ)N3?ÖA~$ãQ}2}8ÂÇ¬^LÛ>?Íu¯Äãætä|Ù3@’èÃ!F‹¯ˆ4\ÊÑ­´FnÈ’!ÞsnÄä»W´}½ƒ¼'­V¯M¡§6^­Ù¸1&”Ÿö|Ý3šå¼3xî±ùy£ž1'…Þî¢Êp}]6zu1'z&D^ê,>Òsk’î@×ž)›áw“°©Ãø%U??~˜‰rniªÿ©ˆ¬J®¿…	>ò©%óÎÍ´¿ºŽûÀP‡"À€×¥³“¸¨±ac\ä«2˜à'ø0ÓvSŸÌ?Øjº6gOUo74Ç9W	–ý`ñ2èŽŽ\·0\ÿ#ä8áúe"¨B»“#DËN78çJŽPdCG÷²~[…mòš£‰Äê{¾?ãÅL}ÿ²ãÎŸR„‚§@~*»þº2Ò°2[6\Ü¸~g§áùbm¶gÊ¦I­ün«j\ól¦l$jXÙ×Ðèà²6<Â5NCMqù™*sò«	NNâ£Ûþ.Ýå«Š4<Á·û¬)m™®çê“¹[Éô
D¨j\ý6§çe??¬Û©»Ã„ŠH]­@þgp¾arC Æa¬
:îžôV:Z»~:Ål²<9òÍÄr‰`ç;[ê¶gâ»k'—NöÿÓŽOÁ¨[>ŒÅ–dÛŽ—7×í113ÿ?9‰}÷åÚ=kS‘wÚ\ùa6l˜+’dÌsˆÿ©.™wfºËº"P6—àIÖÿÕ¶çtõÇÖHÝ]¬?lsìõz®>™µØ*±XFŽs¬hªÿ¹ï0?„Dà öó|`è,“šFç
È`2Ç¹’AtâV{%Ær¥èÃ1­•wÿqv^bV
_:XF‰d¢ÝrüF#Ïù?@Š¢{É5[Öîö‚-«Þnhà²?³6NÚN®¸û˜YE©ØTˆë³µ!õÖpÃïD¤.…Ê5Ê÷‘êÀùÇ§«Œ!€.qKòÎ*?fÊž!@L<vu×Lý˜L$íbU}2½>™ÎØ*~Æì5¼B ïpwíøÈ`ÊyU¦çÕg$æl_ý¾àðCÍLq:IÆâ;ù[­
:Jôƒ´V:±—õ‹»ôä±ayû`eã¾ô¯Yî¸ÎØ}CÝ7®?r?¹5Rÿ/Ù²"Rÿˆ@ ÐñtÙtÔè¢¤m*‚¦­áÖ{²e· q8×§ØçÐ¿fé¤ÙãÒQÆÉÅ¥³’"ÝOÌÁ–LÚ´òíµ›°—+Mºë¹údz}2?±5ÎÎŒeÛ.o®ÛCÁÏ8?ÉˆÇn?zvK¤î^SºcÎ€»Ã¢5•ïÈ˜@´½
-êcZ·bÂZy7Æ‹FðÝ„ŠØ’îï›,ú1Á/¤.lÍwB2ˆ‹ùv¿™¦'k39Xø#ÿ”‚Tg{_ÁE‘ÕNvq@B@äç?ª¥aoW:¬J©‘?&7§-¥ö1ÎP¿Ó˜Þ!fõÉôûd:ckÆÛÍgiÿ+ð¥_?hø[WœÀ-¡a6´Ü«óIpdƒ")?\9PF,†òîAA,iÍ ÖËg;Àµ©^G€†Êðš—½hÏE‘5Mþ¦ŸŠf½¡ZQ2ï\‚ßMÁ˜Ñ´ý—'|Ñ‘›RWr¼xR°üVƒïŒ~çy¹3Û—7×í1@M?©•´uXÕ'Óï“Ã?ªí«ßØßbÃ~Gß\éÚŽ¯¯?ÖwÛ-nlxNDú=îU¨@T’nŒwŒL[ñÎÀ¬#)òs+?¶˜ÿô¶êÆOú~Æ¶M}ÆIÕ¦\~ü]/˜­ª±á/<‘êu‘»ª§–Z;gxRkñé ŽLå£D&f¥zÇ¥¡å˜tÕsõÉôûäp$&ñ;úÚ¢IØ¿À1dÇ¸-SÃ²ÆÙÿ‘ˆÂ”²Ë*G2”èÁŽnú2ˆE,ü)ÉÔOùëöHÃ£^6iEsÝ+€ü­·©íf‹Xt'Èi)™“Xæ1u}wê>ÍÑŽ?·Û*‘#<9õjÆIY8o74J_d(ñôÔsõÉLøäp¤kôEúØÒh€!R×ô'~¶o“–ûGŠíÖG
ëúÛjM CÌJò­qô öJÏÄ•?ùg¼ÔRO©6”sJDz/V!ìëÕJ?Oà)–ñ/[ÃuÏzÉn[šIvºCmÍ/®–}ÎNá'R–³˜=’Ú>:+Ö3+ê“™óÉaÌÃ}4úý1q;ûö#ók/?\–nVa•?ô}<°£s•äW¢óØßÈy8€¹ÍNY!íñŽßæjC' aèÀJ6â¯‰íÐ¦MQfUÞ`q·‡¬,?`Êâ@ä‚lÙt+ÚîyŠ?±¼ŠY}2Ó>9\ó½ÛM‡ý·›n?â'æàÁ‘f»¸ãôyÏâ¸*•dŸ¾spˆÆzÃ<'Ðºä)vZyüÊ·ÝžfÝZØôJ¯“xh'(O”Z±i,ƒ{ó#\mã:$O?,½0åë±P–³ªKæOÍ†=C‘<whÐµ;Ä¬>™YŸ®T†ëß`Ó¡Í~ïcKª¢x_CÌÛoýÂH³Ý¢ÆÕ›!òç^¾«CÌJÒV·ß	Í˜á'ÅâÙ—ü}®Øµ{Û‰CŽ-ˆØ°)È§¬µ?]?7?þ³mmiy| a¥!yŒð[©_GØ(‹kÌ¿dMàzünlÖsõÉûäpFÌÃ=ü¢°ß·º}tt¿)‹Sz×s>ÐË)vU *iarKà"ÂâÜ+ÆŸÌ)ñ-|¾Çï)7Z“ZƒZ±©à	¯6¢Kvnh¦¾r´ËèüÜòâÒS3­œ[,ÄuË¦•³aSCÙÐ£0Öž½údæ}rxg-øx?Zaÿ}7_~/7óàˆµ]<ÖëÞ]q
T *¬ç¸Òb·r÷ºðÍ1¼~hüK}Ÿ°dSÊãžN"À¬¶u-™ªÍ¬lrM°ÀïbY(sÐvHë‹‡dÀ,n”­>™Ÿ¶Dãì¹Çmá=ŸÂCŸv½tô»O?TÛU¾½v“oôpÜBˆŠ§¨?V~2È3ì5Îx:×†ŒÁ›‡ÒÔöž«ž6÷$gZ)›ÄótçÂÄìmpK~õ–ã¿0:yçkó^	Ì›(ýN¦íŠlè¢1á¦¬Ô%õÉ,ùä0æòæº=üý€@@à_¼GvLžªÙ¸16ÂM¸aÐ[¢’Yb·÷Î§rÍíyæ?(L-ƒHÇ·ÄŽ-eÛöÈº¿{ÙvMë#='«§ ÊòÇuFç¦Ð9±{L?[k‚åßÌ‚Y#	¢7nçVÔ'³á“Ã?¼”ð[ÿGzfùŒÚ®Ç©*T?¨xˆ»¦—æ¼Èæ5ã@Î	Ä]›ÞÈžÄD*6u€‹-í©PNœOš$RÈÂä·™!¶Xï?AVVË/Î¬9>xK©Ÿ¤¢>™EŸÌj‚e],?¿"X:ÙqçO‚u^ŒÀq{d)fÄDšhˆŠwÈ‹ñœT?&;4®¡åÕq;^Í5;„9d¨Ä$¿bAÌ™eÍ¦Ò÷ŽûžÅÂMÖ®EÌÍ˜áOæ³†Îú44ãŽü¶6X~M(Cs	IŒ¤©^O}2{>™3b¸Éç>8ðÅýƒžŠ æà2À³àà8ikóáUŒp¶6­oÈ¶qGç *^Â%¿hµ‘y%‡ç•¼yPh$”…bÍ¦BÙœ#¶³&Ž™ØHj®\÷þbÖH ?ŸL	–­È„Pˆ9îCbÌ7Å˜oÚ˜ï§>™=ŸÌ`?áì„—ZûÙ}æýWa°‹ã”šŒX˜PŸþxÕæ†NŒpB€HX¨Ã”¢O%?bµQ@ë?Yíµ2¹>·ð k¾—“äÊÑXà8m‡óf.Ø.êÆ6?2öš'×Áè=?{PàaøDzî”•“[3–_»"\ßœ.{.j\½Àf[õ\}2»>éuæZN yL‚˜´@¼fËíV¢î?":ÿð`{%O;à—ºã§
DÅœÜû	Â?`Yeå¬@¬ŒÔÝàæTm
¸­ãŽö·rÁv;ßêˆL	ø:@Œ²ãFølòÎ<¸×§ë^Iž•ymeqÙe›êÊ…z®>™eŸô8æôè´¦ák^ƒÈOº;«4wûUp»ì"=öãU?¨dÑ3ÝÓìÏ¨’ðˆ6©ð³´dSv]±í±]¹pß!lˆ¯DÙ?e)d?Jb1DexÍË+åëÁAÏnH¿«	–­ˆîkýÎ’?ZÔ'Õ'sV ç%þnZ÷çÊpÝcƒrUo74°²?–ÎATìŽtôˆé„G¶U?Ó,FöÍ9åO„µE&,Kú<ä¸‰]—‘§.Ê+*|­6X~–ú¤úd.R=mîÏíáØ­Pr/ú¨	{žXˆ±hî1{Ð¦oæÔÍ[^ÝšgdFÒ½òæµ¯ŠÈ}yæätOÕÊï¸müœBõIõÉœŽ[	â?…WÒ)*U *#•»?™UÒîD~AÇã[
w¨Mm	?Û"Vm8p©|>óï"ø03"$ñí1þ×–—”ž¡>©>™Ü1å´|U=_ïðµ´@Q?¨ŒL|GiyO7!"¹vÄž—m*Â÷s¬uÚkYu§òñE‘5M€|=“& ùQŸ8Ï¬”Ý^=q~?ú¤ú¤—í÷¯'õ|}Oá»šAT?¨ŒTD?†ž°ìR›Z¼LnõâÅÙkùŠ)ãŠHý#øAFE"@?ÿêäË«+Šçž¦>©>éE–wþ¸¾?‡mÚÕ(©Q¡¸Â ýÆ-jS›±-·ì)Ær¶b%¯Þ$"È´=ïsÜgk‚å·Þ1å´|õIõI¯š1ÃŸ÷ßÓ×ÆÌ] ¢QáHÀú%9Ò»6us+ûŒíl?•£áVa•1Î—X“y«Ðq€k?ðõbmpÞ	ê“ê“Y‡§´–‚8·ŸŽM»ÆGˆÊH†½ç?X Umj1¸1Ç‚±Ûó½¬­®Ú¾ºm«´\ ?‡²ã8â¼\,¿¦ë#õÉ‘î“Ù ræLßä@Ù­+°šêˆÊˆFP”†k¶ªMíaL,§‚q¬3º×²=­ãPdCÇÖ‚È— øuvD"óüäü`ë£Õ%ó§ªOªOf’åSÊ'?òþ„ÇH~ç0"ØÕ©QÁ´.…#{¢m›ºNnekÞ³Ýj0ØÆ¡M›¢k#…—Á?’¥1œãùßê’Ò¯¨OªO¦›š©sgÔËîòùäo$>Ø{ª@ÌQô¨=ÅVä(´É‘>Äl×¦&–[Á8´iS´6l'`eA™†,7ºæ$®ŠàæÚây/‹ãÜOpL|åHWœûkåó£K.o®Û£>9r}2%Q÷µ&Pºëà#wòA™
0à£NÚß@ÒgT ª@TF4"… Ýƒ˜)hS›Z´)MÎ	n
:@;ÁÂ´nµQÑ´¦¡zjéLÇÇÑLÛ‹øªß‘ÏÕN+¿ ¢¹îõÉ‘í“Éà·ô\Lé™«@ÌQtˆY±ÔÎÑoýš°Í‘lÓ¨ëæå ìeX˜þã¾ªÞnhlsÍi¹	‚XvD"§Â•gªƒå«OªOz %Ñí¸
DeÄC±ßÐ	¥Hmj—<"—îÿ®é¥y ÅQÉÌpæU›:+Âõß?Š9E ÊŠï€.°ª&P~CÈâÉ'ê“¹é“C¡Ó‰N]®ãþ[¤%?&ñ€‰ã#ø²?ür(GNtC–OÙRT *¹ÔG„ýá`EjS‹öŒÇr*;­?£ív82»èiqSÃkm®œšÍl¢CÜ49P^ck+õÉÜöÉdE6t,Š¬iªl®{¾2R÷›Êpý¥[Ñrlœæ«Ù6˜kŒ›^ªYDˆÊˆ%›Z‹Ô¦öpwt.Ý¾?¿ÀöóÏøpž'²‰ÄÂ¹Á–åVD¢údÎû¤-ÑXÕØðëi?!@õaŸóm*U *#ë?Wøå²Mi?SÙšXÜX}þlÍÖ½d?›ÈÊó-KC©õ©OŸ´ÁÕ‘T„ë‰˜¼Ï‚"ˆ*•Ì¶/("EjS«Š;§‚±ß1V³K†ÎæýìÏ&ÆMìTˆü5ã‘\<9Pvƒú¤ú¤m*"ÿ!‚ÿè÷1û:U ª@TF*šÓpÍBµ©Í`drk¾—øìfkÀˆî«ªyí«Æv}Æ·ezsmß¯..›¥>©>i›u‘Âï‹È3}?QùPT *9*FH“â%šÒP¬Ñ#ü±X¶ine‹‡M.×IDATkífkh¼“­¹fËí•áºïø¼@3XÓ×áýwÏ=V}R}Ò&«°ÊÄBÐÑËn??h”U?8œèö¢Âƒ8µÕ‰&=abêHv@ë6•Üšï`¬ÝàŽF¯Ý`E¸î™]y¾OÈŠ~íÄ"É_©>©>i›ªÈº7YÚÇ?©’BâpbØo`J8‰iÿöÔ:¦!ƒÈ±wL™;v¤: m›Ì)ÁíŽ³§C¤íå£Þù«ïóº7ÙW®_™7ØmCRöò——”ž¡>©>i›vâ.?Ä_óÅE¢
Äa$ž„Ãþ˜7qx`Ž?¤t¿;ò›bÝf~ßô‘êƒi°éÇsÊ???Ú»_ªÙ¸qÈ«‡W””Î¬	ÎûLÍÔ¹3Ò}¿‹"õk;::Ndm&ìë3¼I}2÷|Òë\®oø`©¡Qâ0Oi;ž»G1	’8¥bhÓ¦(„ÖÏ~õ9.Wí»bZéÇk‚e—ÔË.YQ2z¶mJÈÇB¹t¢i¯s@y!9ÿsžwà¾D×ý}F‚ë¶Çvm	·–‹Èíé7/g¯Ì?[}2·|2'b‹Á¯{Ü«
DˆÃbøg‘°JXRˆÝ¼h½¡q?³Ñç8ÿì€÷:à½®‘s²nSrôÑÁ²\Ò³–­à?I7]¶›”)!Â†xE¤þZó5¢émèÌbõÉœóIÏ³;ß}TD:ôU*‡†#a"Þ¯…Œ©È‹i(c.1B/ØÔ'¹1¤wÇ”¹c	Œ³ˆ%.íÎ“I}–]Ï?@ÑÄ’ó2º ¢2ÜpÜÁ}­
µÈù!ÌrÕ'sÇ's?ëÞxd‰'îX3ˆ*‡“xþCÌàÁ¢Ž…bÔú?	%w‡˜9 ¡ã›:ÄŒ\°œÍ¹§>Yµ}õûI~úàs3ÎÄLÛ¡ª±®>ó?é›òÂ±ãK
>«>™K>™#­Ÿà¹„§¬Qâ0rn›‡Ò;t=z?VÇÑ¹#ÕëU4­?ˆÈ_¬–‘˜Ê¥9J‡†?iµErDÛ6eŽ,
palå=”‚½xPä»“²a‹ªHÃzC^œ®Mµ}Æ)UŸÌŸÌ™JlLøM¢
ÄáƒåUÌ£<ùð…Á¿täY:!?V'ó<jbIé'rÍB3føAIâxÂ¦92œç€³u­¨ý½%gœ’-{T5ÖÕC$”–¶ŽrŠúdŽú¤‡éˆu¾‘¿v+¹[U…
Äá„µ9ˆ‰sý<ÖÃ+ì¬Ú¾ÚŽ 6ö{ÆŽá9¹æ<ÇîNIž¤8ô‚M	œx×ôÒ<Ïg„g[ºÐÓ—¿µnKR"¿gæšüd6m².Rô"R—‰8^}27|2—¸òíG·/ŒÔra¤þ“‘ú+UR¨@6ˆ`§½P<weWð“ýDk›ßnm®{"vÏe&rN æ9‡—@`OØ”?gä,/Ûîîcf8ÝJ=îóT‡Á2Ëéq±“³i—UXe¢nl‘¤¸©}ŒWŸÌŸTˆY'±Øóô\qâ´¹ã2›Ö]®´YV³`ANùª?	zÉgmÛÔ5î|O‹ë¢¢3Aø-âm[›’Îtm›¹·gñäP–çÃ^þÖº-"r‡ÕÎ0äØ¡Ö/õÉìø¤¢¨@ô"Ž5?HÏ	DãsJÜ+ífü¢?»û·qìyÓ>ütŽU¬ñ'Šã›(÷´ñ(³í,mÚ”´Í&µµ±‡ÝÆyaÏ¾V´Þ*À.{íÝ³'í£>é}ŸTˆàòæº=Ùc¥Q ?öÚýùL‚€	Û¼ö’Hý;€üÆjûìúÎÍ©yr? LÏØ”ø‡dNvÉ\,FÊÁXDöÆ­IM‰Û«}Ì3<9Ûö¹:²á«l^³åˆ¢NõÉðIEQ?è™FáMKW
xðî4xÆÁ³¶¯%ï²û,d^®øM {ÎWq¼dS×ˆ'36wL™;¶§¸NN ã–Å?ëSšGü‘X{/QOšÏyÂP&þ°ÅîŒi{ã‘õIïû¤¢¨@ô†°µ!l±—îk8`·@|°£±í5Ûß±8\÷’@ì­t$Î]>¥|R.øÍø’ò Ù÷‹Éž¤’&›zuHo´ß=‡)ÎóÈ¶Z£ÿ™jYŠâG³G¼ ä?}9·²ýqˆì³"Á=¡$÷XTŸÌ¬O*Š
D? ”ç‡£@œ]²ï¤ýGF	åÉ6ÄÓb?à:b–$¢ã÷™¯å‚ßøsûÂŽ—l*?³—Nš=Îk¶#p©…kÜxí;ëSÞ¦êCÓÑ;ƒ–LÌ?!Ûv
E6t€ü‹¥Šúºúdnø¤¢¨@ôŠ@4òœ¥fBõÄùžY¨âž—Ð¸oH×÷T†ëß±Ìž`w¾Ê?SU(˜×»ìvÊmË¦$óF?Êÿ†—ì¶4X6?@j«YEžÞný…?ò˜1}¶?åBO´O?í–Ð_Ô'sÃ'E¢GØYÓÁ[V.V;Ù;wÆ²ýÿ‹y"?ßÔÞÑþV?“‹çyz.âò’9Ç˜Õ»ì¤çl*²ØKÛ?V"•L«È¾NÃKmeÄâQöÓð„@„p»¥½¨>™>©(*=BPî·"nŒë‰U¸+JJg’ø|wâýÇ›Fÿ9?ßwÅ¶Çv‰À^VÀq®ó²ÏøŒÿ_úÚ/M Ž×lJrúùÅ{çzÁnwM/Í#P‘bâêË›ë¬­ÈeúˆÄ	5?2/l»”òV7H§ N}27|RQT zˆ¸Äî³"=rˆkx]Bp¸wV™tgE¤n?@~jÅŽàÙËKJÏðf‡b–K¢ªÏr‹Ð“6uÜï‡<0l_å… ŽMZè~·%\ÿß6ËÔfbÀoÈ¾ÇÉQ®ñB×v5ê“¹à“‰’G(=ë»k¯Ú2gtWÆ
š1Ãoózþ˜ø2QîªÈº7DR‚¡àŒlÏC¬	–}äÅÄ/ížx2¦Ýù¿¬¬–ö‰s‡OV™(ú€Á~<Àñ¢M	|vR°¬,û-0'ßàÊÆÎ––%¹·_ûÆF9tø.Z˜ÿ©,G­	©+Y®>™;>™‰Ø*À(•„=5,Ænï½›u?8®³øH›×‹Á7&sÞaBóQ(ˆ_?Ýx‚k÷o× À‹ëþš©ï®Ú¾º-E¹?ó[	|vN°å«^ªHË¦•?ðÃ…Ï«6u?ªœ9Ó—-ÛÕ—ž³ÚCÑlK4Æ/,Ù¹¡Åv¹òÈ €¹1ËQ+ÕS]¶·ùðõÉÜñÉLÄVWbž;ù+ë}X=.Wb/‹Ä9ÖnÁ™1?¸µiÍ?<™r™…×…²4tR=mîI~ó@OŸñŒ‘-ÞR·-fd »-TØÛîš^ê‰jBý®ÜIâ˜L÷Ê­Ø”üÔgv?¿2;¶›å’¼3¹8,{dþâ-uÛÒQ6¿p`³á¢lÍE¼kzéÑ¤¤´ðÍˆ¹ñªÍ?ê“¹ã“}wd\»±PX¨’°g]A‘=µÉÑ*{·,è˜A?Ä¾+)üt6VáÞ1å´|Çõý
ÝY,©«j\ól6nQsÃëqš‘½©Ù
cÎÏC˜«4)Pz%ÁKóìó½lS‚7/–MË´í¦U€úP­àÝ¸8gWFêÿ”®²uúÚóÑ€ÖÚâ\‡ÛùÇ§-¼°>2ú¿Õ'sË'ûN<ÄlÇBOíÛëH”Øà¯5\¢#fŒå’?Í¤¡ª"õ/BLÊCJtÜ39t²œ?øŽúo3ºÄ!>ŒÃ,É¦ÓU5®yÖ˜øÙImr<1r°üÛÙ¼—Ú`éE$ïD«?ïe›(ü2“¾y÷qs?å¶$Ø-?ˆnQduZWà»uøgFž2©-øï™ô¹P×QŽßH:>‰ìí0òÍt/PSŸÌ"vGç~\%a/+oÑÀÓ¼´/²7"?c-?°ñ™6ÖºÈèA¤>ÅËœvÊûÇÞ’©@27ØúŸ ¾’àœ—/Š¬iÊ¶ãU5¯}µÃ?ŸiaŸÉÛk¥ÿ'÷°²¸|à¬Ì
7“?y'©Ú”àÙŸÙ5áG™°]åÌ™¾QÆ÷«$†[^‹!~Öå‘5Oãhòg7ÜX,½(S~79XzaÒóãPpé’¦ú¿åB=WŸÌFlå™*’Ås­óJ€N^ü4ˆ‡ôrìnóBd~Û˜UXe>ŒÅ/‘”N ?kje—¦³¬ÕçL–Ýàª„ÌÁò­áºû½â|KÞZûVÔé<]DêR©l„ó«Úây¥™*w³ÜÚ`Ù-p°<ñŒV?¬‹Ä˜sYÛ#Ðåç‚MàÚÚ@é×ÓÝq9e×„¥Nb²2ÞÎ32ÕÁqáÚÅ¹¯¶¸4ímÒ²iåc ÎO’n‡!K6Õ?”Kõ\}ò°u–ÕËç­ÌÓaæñÚo=V‹ÃoäÄ½gâKîÌ:r4
7ƒ´¶¨@D:!Ñã+šÖG2m´¥“f?Ë•_7ÔÆ¤Wù!_¯ˆ4üÖz?gZùÉp±’ÀI	_ø«µ‘¢K3±ïa2?ó¤@é•œ[Á$sb²¤2R_“Î²Þ5½ôè‚M&W([aLEEÓš†Ä÷ÆœÍ ö¯0|xa¸î‚Ü°©˜8ø¥ªpÝé([M ü‡¸iåi#K*š~‘I¿\^Rz†_œg‡R§ùµtÙí–ã¿0z\glÁÓ‡^= 4¸|aSÝŠÜ¬çê“ýÅÖ"½9Ð¹$;?l·^8ÒO€Y,›–/ØhS»t¸#æ˜356lÑ1„Yîä`ÑJÂâiäGM‡ó…ªí«Û2m¸îÆúA‚ç§rY!íÎ÷ª¶¯~?eaX<'@æ}”Å‰Øä—/?{ç²š?c^vÆ?ùŸòQªSÞË÷´E¿sí;ë[m—¯:Pvªþ–L˜Ä-òóNÃk.o®ÛÓëyÊ~KrA÷×.×ÏË›v	î…•‘ú{l
„ÉÁ²Á¡Ìå}8&ñoe#CS,Ÿí?öœÛ(pAŽïOˆ	pû¾èû7^³å…v[e¹;P6>?øÁ³“¨»EøåŠHÝºœ®çê“½bë”@a-xpw
»ñ÷vt¶_}Å¶Çva²4X6-|À‰i±/d+`J+ÂkþwÄ	ÄXàÌ	ì;‹à?$g§ñ^‹ÁÜ°£ imhÓ¦h&?W9s¦ï”÷Ç_âÆTvZÈï‡˜^:úÝ§‡"ä–M+ãsdÁ/‘òÅCV6
¢†æÛÛÂËBØ°ÕVƒ=±¤ôË®áÿ™Ô
F4˜om?4<bã¾W””Îô‰s€:¤r÷ÈöÎJ”U:du÷ûŸ¬×ÏÊ5›
ä§["×¦Z·n?§pl?¿ä%ƒû^Dâ0W.
7¬Î–/ÖËÊpu‚cýjm¤èR˜]üá©>ÇœÛOù_?Ã|wG¸¡.Üÿìq–—DÛò{˜è·³1Ò¢>™>ÛM–?å
nLÉH²[ÿ%"?µûñìU›öb³œs‹÷}ÊGçbP®±¼ÿa_¾§p…1¸ïåcv¼äµ$Ž5?X(ÿ–PN0” Á£2u#"ø?D£@š)|ÛÍí>³<](;Õ!W2¤›ü?¼`?šypÞ¡˜wI×šÑ48‚”©?.À'@ÌìGœ¾&bUDþ˜‹µzâüwTü
À¹
Ä”$mùœ!–ï‹îz`¨Ùœ»?™Uä]8‹‚Å$Ë®¹OÀŸFnï+kxˆÀ˜V~ºãâ¹îàòÇŠpÝi¹hSùKœ¸|Q¸þéd3q„Ô<üö‚·äÖmh½'ÙÐ‘M{ÕK/"œºŸŸ˜xlRUóÚ‡¾§ì<~HòÔ~À+–µºòðU›ÞìwßrüF?ëˆ~äb‚ŸNÂ÷ÿ,"WW45<1ëùHòÉ„Ø:•?i‚Ö‡<-h°‚­€¼ •@‡»+Âõ•¹[j‹çàøË,$ŸÀG ˜p*!3²f[Á‡„üÄÛlÈ€íÛãàSÙX!oM ®”·'=,]7?ÁLõœ»2¦­à&ÿ?½›–w„¸~k¸õžá0$4c†RkðBR¾•ÌÜ«½`p=ÏÅˆçŒHsÜ'»¯ÚÜÐxô¤Ùc}¾¼ñ.1AèœBÈù>G2/¡al¡àgñÞ>ØéwÊÆ?"wt…?U„ëOÌe›
ä?Û®ìpY±ÀÉ?ò9 ¾M`ÞáÝ/Cä'[›ZWyÅok‚e—8à½Ý÷þ|E¸þŒ~³a?Òó8ßëou±@â¾ ”WàOÆÈVˆó?øÌ^Ç Hcé8GAäD€§øL2í©@¶Šà¦m‘ÖÿÊ¥ú¯>™[±µÇCø`a¤nL®øZMqùŽƒ‡?CˆÈµ‘úÛsV ÖËÛºææHT„1P¢£tý_"H÷kŒB$*d?(Q’1ˆt?~ˆøúAñ‹Ðˆ„B?)~x­ë½Bø€îÏ‘~˜Î’L­,Àçü@ëyª|i8b­¿lÀêxWecNfF*öÔ¹3àú.rˆac^ˆÈ>€£@ø;…øEœ?·-n\¿sHAà”`Ù>€…¼Q®ûØ°°©H³OˆÈ3„Óƒ÷â>Cí#¦ð9
g6#$x”û;îÏÔ¶+C²M t¡C§¶û×»†ë¾u¸Ï,–Ÿâ.àÿÎJd€ÈƒqÇÜ·£±ýÉ\ïªO>¶Ríz­;ž&ÄVéõD¢HW…¤?Ÿ>Štÿ„OÈî¿Ã×Kû}_×OÙW®›3þU\~?ãÈƒ"ˆ‘ˆuÙ1
bBéþ‰…Ý?%&D‚?˜€]?Þa?8@‡„OD|]?ávÿô‘ìþÙõw?.¾ïÀßA¸øHIx?®Ëi?¨ôæÎÀ¬#Qx>É2§òÑO?HhÇÐ‘gA>#Éä¹Ê^ zji‰ãã<Oä4’µØ[{Äã0æ7[‹šÍôÜÖáhÓîlÏûžà)‰Ç7lo^ûZÈÃsckåW?ø‘ª¡¬?a–;¡$ÿl×¸òYNHÌH§hÇ8¯ñ
€‡÷EwÕÛ\£>™óµEâ0âŽ)§å¸c?æ:ü$? ø8Àq„âŽq!y´h¸Ä^?D|bþnÈ7Z£»^®A!©@2qþQN¾9I%„' ”Àq)Q `> í´ØBÈ{ 6‹p³Pþ‹óÙw›ë"$†fSBÚDØBÊ>´|”ÍÙlÄyÓˆyã±æÑoxq›¥Lp×ôÒ<3ügŠàDã»¶@â‘„	ðH@Žì>³{/„€²Âùä6¼§¼‚ç‡ë(?ú¤¢(Š¢(Š¢(Š¢(Š¢(Š¢(Š¢(Š¢(Š¢(Š¢(Š¢(Š¢(Š¢(Š¢(Š¢(Š¢(Š¢(Š¢(Š¢(Š¢(Š¢(Š¢(Š¢(Š¢(Š¢(Š¢(Š¢(Š¢(Š¢(Š¢(Š¢(Š¢(Š¢(Š¢(Š¢(Š¢(Š¢(Š¢(Š¢(Š¢(Š¢(Š¢(Š¢(Š¢(Š¢(Š¢(Š¢(Š¢(Š¢(Š¢(Š¢(Š¢(Š¢(Š¢(Š¢(Š¢(Š¢(Š¢(Š¢(Š¢(Š¢(Š¢(Š¢(Š¢(Š¢(Š¢(Š¢(Š¢(Š¢(Š¢(Š¢(#‘ÿó<ÂsÔ.[ûIEND®B`‚gata!
CREATE DATABASE  IF NOT EXISTS `practicatest` /*!40100 DEFAULT CHARACTER SET utf8mb3 */ /*!80016 DEFAULT ENCRYPTION='N' */

USE `practicatest`

-- MySQL dump 10.13  Distrib 8.0.34, for Win64 (x86_64)
--
-- Host: localhost    Database: practica
-- ------------------------------------------------------
-- Server version	8.0.34
/*!40101 SET @OLD_CHARACTER_SET_CLIENT=@@CHARACTER_SET_CLIENT */

/*!40101 SET @OLD_CHARACTER_SET_RESULTS=@@CHARACTER_SET_RESULTS */

/*!40101 SET @OLD_COLLATION_CONNECTION=@@COLLATION_CONNECTION */

/*!50503 SET NAMES utf8 */

/*!40103 SET @OLD_TIME_ZONE=@@TIME_ZONE */

/*!40103 SET TIME_ZONE='+00:00' */

/*!40014 SET @OLD_UNIQUE_CHECKS=@@UNIQUE_CHECKS, UNIQUE_CHECKS=0 */

/*!40014 SET @OLD_FOREIGN_KEY_CHECKS=@@FOREIGN_KEY_CHECKS, FOREIGN_KEY_CHECKS=0 */

/*!40101 SET @OLD_SQL_MODE=@@SQL_MODE, SQL_MODE='NO_AUTO_VALUE_ON_ZERO' */

/*!40111 SET @OLD_SQL_NOTES=@@SQL_NOTES, SQL_NOTES=0 */

--
-- Table structure for table `applicants`
--
DROP TABLE IF EXISTS `applicants`

/*!40101 SET @saved_cs_client     = @@character_set_client */

/*!50503 SET character_set_client = utf8mb4 */

CREATE TABLE `applicants` (
  `id` int NOT NULL AUTO_INCREMENT,
  `name` varchar(45) NOT NULL,
  `surname` varchar(45) NOT NULL,
  `age` int NOT NULL,
  `a_status` varchar(45) NOT NULL,
  `domain` varchar(45) NOT NULL,
  `cv` varchar(45) NOT NULL,
  `user_id` int NOT NULL,
  `email` varchar(45) NOT NULL,
  `phone_number` varchar(45) NOT NULL,
  PRIMARY KEY (`id`),
  KEY `fk_applicant_user_idx` (`user_id`),
  CONSTRAINT `fk_applicant_user` FOREIGN KEY (`user_id`) REFERENCES `users` (`id`)
) ENGINE=InnoDB AUTO_INCREMENT=6 DEFAULT CHARSET=utf8mb4 COLLATE=utf8mb4_0900_ai_ci

/*!40101 SET character_set_client = @saved_cs_client */

--
-- Table structure for table `applications`
--
DROP TABLE IF EXISTS `applications`

/*!40101 SET @saved_cs_client     = @@character_set_client */

/*!50503 SET character_set_client = utf8mb4 */

CREATE TABLE `applications` (
  `id` int NOT NULL AUTO_INCREMENT,
  `applicant_id` int NOT NULL,
  `programme_id` int NOT NULL,
  `application_date` date NOT NULL,
  `cv` varchar(45) NOT NULL,
  `phone_number` varchar(45) NOT NULL,
  `email` varchar(45) NOT NULL,
  `institution` varchar(45) DEFAULT NULL,
  PRIMARY KEY (`id`),
  KEY `fk_application_applicant_idx` (`applicant_id`),
  KEY `fk_application_programme_idx` (`programme_id`),
  CONSTRAINT `fk_application_applicant` FOREIGN KEY (`applicant_id`) REFERENCES `applicants` (`id`),
  CONSTRAINT `fk_application_programme` FOREIGN KEY (`programme_id`) REFERENCES `programmes` (`id`)
) ENGINE=InnoDB DEFAULT CHARSET=utf8mb4 COLLATE=utf8mb4_0900_ai_ci

/*!40101 SET character_set_client = @saved_cs_client */

--
-- Table structure for table `companies`
--
DROP TABLE IF EXISTS `companies`

/*!40101 SET @saved_cs_client     = @@character_set_client */

/*!50503 SET character_set_client = utf8mb4 */

CREATE TABLE `companies` (
  `id` int NOT NULL AUTO_INCREMENT,
  `title` varchar(45) NOT NULL,
  `domain` varchar(45) NOT NULL,
  `about` mediumtext NOT NULL,
  `phone_number` varchar(45) NOT NULL,
  `email` varchar(45) NOT NULL,
  `img_path` varchar(80) DEFAULT NULL,
  `img_data` mediumblob DEFAULT NULL,
  PRIMARY KEY (`id`),
  UNIQUE KEY `title_UNIQUE` (`title`)
) ENGINE=InnoDB AUTO_INCREMENT=20 DEFAULT CHARSET=utf8mb4 COLLATE=utf8mb4_0900_ai_ci

/*!40101 SET character_set_client = @saved_cs_client */

--
-- Table structure for table `programmes`
--
DROP TABLE IF EXISTS `programmes`

/*!40101 SET @saved_cs_client     = @@character_set_client */

/*!50503 SET character_set_client = utf8mb4 */

CREATE TABLE `programmes` (
  `id` int NOT NULL AUTO_INCREMENT,
  `title` varchar(45) NOT NULL,
  `domain` varchar(45) NOT NULL,
  `start_data` date NOT NULL,
  `duration` varchar(45) NOT NULL,
  `company_id` int NOT NULL,
  `duties` mediumtext NOT NULL,
  `qualifications` mediumtext NOT NULL,
  `benefits` mediumtext NOT NULL,
  `location` varchar(80) NOT NULL,
  `paid` tinyint NOT NULL,
  PRIMARY KEY (`id`),
  KEY `fk_programme_company_idx` (`company_id`),
  CONSTRAINT `fk_programme_company` FOREIGN KEY (`company_id`) REFERENCES `companies` (`id`)
) ENGINE=InnoDB DEFAULT CHARSET=utf8mb4 COLLATE=utf8mb4_0900_ai_ci

/*!40101 SET character_set_client = @saved_cs_client */

--
-- Table structure for table `recruiters`
--
DROP TABLE IF EXISTS `recruiters`

/*!40101 SET @saved_cs_client     = @@character_set_client */

/*!50503 SET character_set_client = utf8mb4 */

CREATE TABLE `recruiters` (
  `id` int NOT NULL AUTO_INCREMENT,
  `name` varchar(45) NOT NULL,
  `surname` varchar(45) NOT NULL,
  `user_id` int NOT NULL,
  `company_id` int NOT NULL,
  `email` varchar(45) NOT NULL,
  PRIMARY KEY (`id`),
  KEY `fk_recruiter_user_idx` (`user_id`),
  KEY `fk_recruiter_company_idx` (`company_id`),
  CONSTRAINT `fk_recruiter_company` FOREIGN KEY (`company_id`) REFERENCES `companies` (`id`),
  CONSTRAINT `fk_recruiter_user` FOREIGN KEY (`user_id`) REFERENCES `users` (`id`)
) ENGINE=InnoDB AUTO_INCREMENT=16 DEFAULT CHARSET=utf8mb4 COLLATE=utf8mb4_0900_ai_ci

/*!40101 SET character_set_client = @saved_cs_client */

--
-- Table structure for table `users`
--
DROP TABLE IF EXISTS `users`

/*!40101 SET @saved_cs_client     = @@character_set_client */

/*!50503 SET character_set_client = utf8mb4 */

CREATE TABLE `users` (
  `id` int NOT NULL AUTO_INCREMENT,
  `username` varchar(45) NOT NULL,
  `password` varchar(45) NOT NULL,
  `register_date` date NOT NULL,
  `role` varchar(45) NOT NULL,
  PRIMARY KEY (`id`),
  UNIQUE KEY `username_UNIQUE` (`username`)
) ENGINE=InnoDB AUTO_INCREMENT=23 DEFAULT CHARSET=utf8mb4 COLLATE=utf8mb4_0900_ai_ci

/*!40101 SET character_set_client = @saved_cs_client */

/*!40103 SET TIME_ZONE=@OLD_TIME_ZONE */

/*!40101 SET SQL_MODE=@OLD_SQL_MODE */

/*!40014 SET FOREIGN_KEY_CHECKS=@OLD_FOREIGN_KEY_CHECKS */

/*!40014 SET UNIQUE_CHECKS=@OLD_UNIQUE_CHECKS */

/*!40101 SET CHARACTER_SET_CLIENT=@OLD_CHARACTER_SET_CLIENT */

/*!40101 SET CHARACTER_SET_RESULTS=@OLD_CHARACTER_SET_RESULTS */

/*!40101 SET COLLATION_CONNECTION=@OLD_COLLATION_CONNECTION */

/*!40111 SET SQL_NOTES=@OLD_SQL_NOTES */

-- Dump completed on 2023-10-13 16:24:46
INSERT INTO practicatest.`users` (id, username, password, register_date, role) VALUES ('1', 'munkatea', 'pass1', '2008-7-04', 'ADMIN')

INSERT INTO practicatest.`users` (id, username, password, register_date, role) VALUES ('2', 'bradpitt', 'pass2', '2020-4-14', 'RECRUITER')

INSERT INTO practicatest.`users` (id, username, password, register_date, role) VALUES ('3', 'qtarantino', 'pass3', '2018-7-03', 'RECRUITER')

INSERT INTO practicatest.`users` (id, username, password, register_date, role) VALUES ('4', 'enidelcu', 'pass4', '2021-12-02', 'APPLICANT')

INSERT INTO practicatest.`users` (id, username, password, register_date, role) VALUES ('5', 'ludmila', 'pass5', '2010-1-31', 'APPLICANT')

INSERT INTO practicatest.`users` (id, username, password, register_date, role) VALUES ('6', 'gnelli', 'pass6', '2017-10-15', 'APPLICANT')

INSERT INTO practicatest.`users` (id, username, password, register_date, role) VALUES ('7', 'iuco', 'pass7', '2023-1-01', 'RECRUITER')

INSERT INTO practicatest.`users` (id, username, password, register_date, role) VALUES ('8', 'vbostan', 'pass8', '2019-4-13', 'RECRUITER')

INSERT INTO practicatest.`users` (id, username, password, register_date, role) VALUES ('9', 'hlanda', 'pass9', '2020-3-11', 'RECRUITER')

INSERT INTO practicatest.`users` (id, username, password, register_date, role) VALUES ('10', 'oppenheimer', 'pass10', '2013-3-27', 'APPLICANT')

INSERT INTO practicatest.`users` (id, username, password, register_date, role) VALUES ('11', 'holmes', 'pass11', '2009-5-31', 'APPLICANT')

INSERT INTO practicatest.`users` (id, username, password, register_date, role) VALUES ('12', 'rotaru', 'pass12', '2009-3-31', 'APPLICANT')

INSERT INTO practicatest.`users` (id, username, password, register_date, role) VALUES ('13', 'clima', 'pass13', '2009-7-31', 'RECRUITER')

INSERT INTO practicatest.`companies` (id, title, domain, about, phone_number, email, img_path) VALUES ('1', 'IUCOSOFT', 'IT', 'We work in JAVA', '060111111', 'email@iucosoft.com', 'img1.png')

INSERT INTO practicatest.`companies` (id, title, domain, about, phone_number, email, img_path) VALUES ('2', 'ORATORICA', 'EDUCATION', 'Courses for learning new languages', '060222222', 'oratorica@gmail.com', 'img2.jpg')

INSERT INTO practicatest.`companies` (id, title, domain, about, phone_number, email, img_path) VALUES ('3', 'DECOR', 'DESIGN', 'Design for posters and wallpapers', '060333333', 'mail@decor.md', 'img3.jpg')

INSERT INTO practicatest.`companies` (id, title, domain, about, phone_number, email, img_path) VALUES ('4', 'TKD', 'SPORT_BEAUTY_WELLNESS', 'Taekwondo sport club', '060444444', 'sport@tkd.com', 'img4.jpg')

INSERT INTO practicatest.`companies` (id, title, domain, about, phone_number, email, img_path) VALUES ('5', 'Andy\'s Pizza', 'FOOD', 'Y\'all know what does our company =-)', '060555555', 'andys.pizza@gmail.com', 'img5.jpg')

INSERT INTO practicatest.`companies` (id, title, domain, about, phone_number, email, img_path) VALUES ('6', 'Climatehnic', 'ENGINEERING', 'Good company', '079783222', 'climatehnic@gmail.com', 'img6.jpg')

INSERT INTO practicatest.`applicants` (id, name, surname, age, a_status, domain, cv, user_id, email, phone_number) VALUES ('1', 'Elena', 'Nidelcu', '19', 'STUDENT', 'IT', 'cv1.pdf', '4', 'elena.nidelcu@isa.utm.md', '060123456')

INSERT INTO practicatest.`applicants` (id, name, surname, age, a_status, domain, cv, user_id, email, phone_number) VALUES ('2', 'Ludmila', 'Friptu', '20', 'WORKING', 'EDUCATION', 'cv2.pdf', '5', 'friptu@gmail.com', '060234567')

INSERT INTO practicatest.`applicants` (id, name, surname, age, a_status, domain, cv, user_id, email, phone_number) VALUES ('3', 'Nelli', 'Garbuz', '18', 'STUDENT', 'DESIGN', 'cv3.pdf', '6', 'nelly@dip.utm.md', '060345678')

INSERT INTO practicatest.`applicants` (id, name, surname, age, a_status, domain, cv, user_id, email, phone_number) VALUES ('4', 'Robert', 'Oppenheimer', '40', 'WORKING', 'SPORT_BEAUTY_WELLNESS', 'cv4.pdf', '10', 'r.oppy@bomb.com', '060456789')

INSERT INTO practicatest.`applicants` (id, name, surname, age, a_status, domain, cv, user_id, email, phone_number) VALUES ('5', 'Sherlock', 'Holmes', '30', 'UNEMPLOYED', 'FOOD', 'cv5.pdf', '11', 'holmes@gmail.com', '060567890')

INSERT INTO practicatest.`applicants` (id, name, surname, age, a_status, domain, cv, user_id, email, phone_number) VALUES ('6', 'Rotaru', 'Dimitrie', '50', 'UNEMPLOYED', 'FOOD', 'cv6.pdf', '12', 'rotaru@gmail.com', '060567870')

INSERT INTO practicatest.`recruiters` (id, name, surname, user_id, company_id, email) VALUES ('1', 'Brad', 'Pitt', '2', '4', 'brad.pitt@tkd.md')

INSERT INTO practicatest.`recruiters` (id, name, surname, user_id, company_id, email) VALUES ('2', 'Quentin', 'Tarantino', '3', '5', 'quentin.tarantino@andis.md')

INSERT INTO practicatest.`recruiters` (id, name, surname, user_id, company_id, email) VALUES ('3', 'Iurie', 'Coropceanu', '7', '1', 'iurie.coropceanu@iucosoft.com')

INSERT INTO practicatest.`recruiters` (id, name, surname, user_id, company_id, email) VALUES ('4', 'Viorel', 'Bostan', '8', '2', 'viorel.bostan@oratorica.com')

INSERT INTO practicatest.`recruiters` (id, name, surname, user_id, company_id, email) VALUES ('5', 'Hans', 'Landa', '9', '3', 'hans.landa@decor.md')

INSERT INTO practicatest.`programmes` (id, title, domain, start_data, duration, company_id, duties, qualifications, benefits, location, paid) VALUES ('1', 'JAVA Developer', 'IT', '2020-3-05', '3 months', '1', 'Develop desktop apps', 'Know JAVA well', 'Work remotely', 'ONLINE', '0')

INSERT INTO practicatest.`programmes` (id, title, domain, start_data, duration, company_id, duties, qualifications, benefits, location, paid) VALUES ('2', 'English teacher', 'EDUCATION', '2016-7-09', '2 months', '2', 'Teach children', 'C1 in English', 'Hiring after internship', 'Chisinau', '0')

INSERT INTO practicatest.`programmes` (id, title, domain, start_data, duration, company_id, duties, qualifications, benefits, location, paid) VALUES ('3', 'Designer', 'DESIGN', '2023-5-25', '6 months', '3', 'Design personalised posters', 'Studii la UTM', 'Working with us', 'Chisinau', '1')

INSERT INTO practicatest.`programmes` (id, title, domain, start_data, duration, company_id, duties, qualifications, benefits, location, paid) VALUES ('4', 'Coach', 'SPORT_BEAUTY_WELLNESS', '2022-8-27', '4 months', '4', 'Coach people', 'Maestru al Sportului', 'No benefits', 'Balti', '1')

INSERT INTO practicatest.`programmes` (id, title, domain, start_data, duration, company_id, duties, qualifications, benefits, location, paid) VALUES ('5', 'Cook', 'FOOD', '2021-2-14', '5 weeks', '5', 'Boil eggs', 'No qualifications', 'Eat eggs', 'Cantemir', '0')

INSERT INTO practicatest.`programmes` (id, title, domain, start_data, duration, company_id, duties, qualifications, benefits, location, paid) VALUES ('6', 'Crazy', 'DESIGN', '2021-2-14', '3 weeks', '5', 'Do crazy stuff', 'No qualifications', 'Do crazy stuff', 'Causeni', '0')

INSERT INTO practicatest.`applications` (id, applicant_id, programme_id, application_date, cv, phone_number, email) VALUES ('1', '1', '1', '2023-10-10', 'cv1.pdf', '060123456', 'elena.nidelcu@isa.utm.md')

INSERT INTO practicatest.`applications` (id, applicant_id, programme_id, application_date, cv, phone_number, email) VALUES ('2', '2', '2', '2023-10-11', 'cv2.pdf', '060234567', 'friptu@gmail.com')

INSERT INTO practicatest.`applications` (id, applicant_id, programme_id, application_date, cv, phone_number, email) VALUES ('3', '3', '3', '2023-10-12', 'cv3.pdf', '060345678', 'nelly@dip.utm.md')

INSERT INTO practicatest.`applications` (id, applicant_id, programme_id, application_date, cv, phone_number, email) VALUES ('4', '4', '4', '2023-10-13', 'cv4.pdf', '060456789', 'r.oppy@bomb.com')

INSERT INTO practicatest.`applications` (id, applicant_id, programme_id, application_date, cv, phone_number, email) VALUES ('5', '5', '5', '2023-10-14', 'cv5.pdf', '060567890', 'holmes@gmail.com')

Tabelul s-a creat!
updateCompanyImage
????????????‰PNG

IHDRr¾(y„rbKGDÿÿÿ ½§“	pHYs.#.#x¥?vtIMEâ
08Tv# IDATxÚ¬½wœguÿÿ~ži·lÑ®´+­z³dÉ’{î6¶ÁƒCè%@!$BH õ—o’/IHI 	„f¸Æ€à
¶p·eËê]«mÚ½}fžç÷Ç”;3wîî:ùîËeË½sgžòyÎùœÏ9GŒŽMiÍì_"þ¸-Ã4PJ!„¤à8‹6–itøB4:~[ûwñ·Ï×ÔêMjõzø9CJLËÂs]<ß?¯ ¥ŽãP("qu!rî\Gÿ€îGk?Ÿ8ú¾ý;Mð¿àµdÞW,0-Â÷{žG£Ñ@iM±XÀ±m„ÑŸƒë&î#ü.þor„EÇ€§¾é:R„h?O³ÙâäôLú€B¡ˆm[H)1­|ªÕÍV‹9¿´F?iY8ŽƒmÛH);î…Ì|ŒQ¥R¡Õr1Ã4ƒyÓ¥5¾ï)z{JØ¶…ç)?&?f“R©V¼ª4ñ¦FPã!¥DþKðÿœ1Ïb­5ž§â¹‹Æ5˜WÎ}ô^?¢ð™Ó~Öh¥ÛkTë.ë5xÂèÞƒÏ›ßzÐ9?® ¢{?×IìÎöƒ¤V©N.áö>Éì‘ì8£®³Û1gý'?6ýúäÍåÝYòeÉkdçAwA¹à×ºÛT€ÈoòwyÓ)DzÌ²¢ûÄoÔÉëf†@›ÒóØÉøž??)d¼©”¯°,‹BÁ¡T°ƒ›žóöàRZS¯·¨Öj1ìK!0ÃÍ.„@)E«ÕŠ¯$¥Ä¶m,Ëêr‘32:; 	``°(s=|?R
Ç¶±§cF\Ï£Q¯ãû>¶ãP*0M³â:>?«65ó¢ËBÈL‘Þßh¶<ffªx¾—ZpŽãà8NˆRJ)‘?&Õjø¾×,¢û6;Ë²æ8wD8šV«ÉôtCJ”ÀÍ4
…–ebY&JiZ-—jµJ±TÄ²ìŽµm¾ô0êpCëFÊÈÉ‚¹ÈÅóhv<O¡TÄSÆBÂÈ‚Lˆ‹Œñ@W££}I!EÀˆü}®/A{¿F÷!è0±È€¹îfåy(#d‹Ö~?'¦";?y/H^KÌzdÏËYÁšÙ?:2ÒÏ—y®Žëˆøâ5Àÿð+ç`?ÖbòžD§Ež°J3,2ÙñYÊ÷‘†Ä±mÊ¥¦!™ÏùSozTª5”RñC›¦™†Ø5àº.Jù 	,;ÃÀ´,ÃHzõ²‘è$-ó$È€iHJ¥"¾J_Ï÷}<Ïc¦R‰­cË¶)
8Ž?;?ÙE¥g±ÌE‡ñ(@è“xàz>Õj?F³™º¢iš‹Åˆ‹ð:)‚Ÿ]ÏGI½^§^¯wµ^’»Ã¶,lÇÁqì(rMŒ„á«´bfº‚ïûX¶E±PÀ0­Ðâ?¬aŸjµŠ4Êår|H%ÿ«³ë41?@€.Ã/xÖÔá(4B‹„©ñ•ÆWªÃ?¦Vûó¡õ™hYñ©®ç„`™¸~Þáð²@<ù¸B†V¾J§˜Üò½É<àK{¾]a3€?ËLÏ?esyÞpu·ÆuºÙ×äy|ñˆÌÛºo/Ë
ŸÅÓÉÎY<"£ã'urSx¾Ÿ8?BK1ÊÄ÷Y'šxÛ²(lŠ;K:e>6[?kïºnl?¦/ä<ÑW
×m?˜›&¦Pb.‹'ÔStK|x…€®èë)"¥ÀW„¥4®XŽé‰Õ†IÁ±KÓ4Æ‡Î±~f[Âí%ùT"ç}_S­7¨Õj©wRR,•ÂÃŽØBM¾Yù>J4™”åûTªU<Ï?. ¥?íØmi>FxhJi¤6½i–z-8Ø{ûúR?zÂM)[?¸LÒ³"c¹D *eÛBŠv}d{+¥ðý€î9ž}ž÷¤Cz(?R‘IJ£ËÕDfgÈ`’Ð¡a“àuþ×@­$!eLkÍ
ä9‡e7k<?ÂìÂræXÜz>dz6­Ö/‡Ryù@½f¶{Îû[Dñ¥<ì9è–Y?\d=0uhI)P*°výÌEþ%ù;?æf«…ïû¸®GO¹ˆ!EÇâyšz½IËuãëJ	³¸9RJ§@«Õ
¬x¥P®‹R
Ë¶Àšm¦,&Ýaåéh„"+]@¹XœXÜ¦Àu}<? T:'Nà{5ßÇó}
‡‚ãälö¤—>Åã±×É¿é\Ï\)M³Õ¢V«µç%ü,Ûqb?%¿ä=øJáz^À™‡@júû©V«Ô?Y÷—ç{¨º?R>¾ïãØN¾³D|?$->"
-XŽãkNçÌf†	ÆHh??ÁXi¡Ñº=!Ì#­5J	¤×rÄƒgOÄN²Ž]ÖÔQ8y?o?DþŒfÜe‘:t®g=0ÏÚ\B£•BJ?DäS
ÙÙ:eÇK3¤Ó‡s\=˜B1;HÏðÈ?O¼Û7\%³ßKô7!Ä,`.r«hZÛ†ÄÿŒiO&úÖŒ­7ÃÄqL|Ï£¥V*a6dh–¤¨Òwåù>ª¡ð}E±àP(´­5¥¡ÞhÒl5 X×³UI€rl¥ZÃuÝàºÍ&–ebšVhéNŽ9‡¡{?oñh­±-Ë2#“/¶þZ­VˆÍ;04Ðl4ñ=Ïó)Ì( œòUtÇÝÅc+ÈØž?nUËõ¨ÖêÁ"LŒ›eYí!?°ˆ,ñV«?»NpÃ §·Çq¨T+x^>w®µÆ)ð<ßoq‚Ð:×s¸‚:CÍy®‹ï‰ÛrQ¾?S(`ÛvçhéàÐqB§€§½6E›B'Pé`»&×¯ï«ü?)r ³D‚?Õ³Yf‰ˆÈ!
"K9? )æàìŠö‰“P«ÈC‘¨Õ":`(\s2<xU~¨Qÿ-j=°mÓbž;ßàDä’˜Ýî¼+P'ãÜák:_Ûìu–ÄŸËI®qf÷ÜÅèØ”6LË²0MtÄõz¥TÌ_'‰ÿ¶‹N?ôQJç.6Ã4±-‹žrC
ª?ÕJ;¸)’ÁÍY¢çIÚD„Ü9BÐl4ð</pCb&¹ónSÏàÑO*Ð”Švxá¤k?çû4Mf*•®üeÞÂpl;¤œœ6]ÒxËD€„˜uúš-ŸJ¥JËõR¯1ƒrOOŠR	e”
T£ÙÌ¡ÊÒT–eÖüÌL%P%^«Cõ?NðÒJiLÓÄ2M§@›:Ù]Ýq­ñ<?f£‘ÏóRÆ¿Ç]D§µœ
(é?Ji¤JXE ã@/š€÷UnpS“+òÈLObÝj?ž‡qœßÈÐkmóîs“'b®”Ès-:ùøÈnÊRJ9R‘@Ü ôÜî’×³@}Ý’ÙZëîwTKW`ÎÜ×lÀ›f t‡!›=t²Ëc4„˜ecšò²»Œ€Ö Æ'g´iY!˜¶WƒRŠf³cªEtz$•R*uX˜¡œÐ4±l‹f£‰çû±uhšf(KÐ
)·;'Âžs!%žëÒh6cÅ‹aš˜¡ÔMæÓ?Ò–ÌµFiEÑ1c)¡ïK)M³Ùbzfæ~Æ2ù^©è‡f˜wŽ¹N5¸ž¦R­uÐRJÊå2–efTmc ^oâû™JÇ®iÙžaHC†‡W5?j?%¢I¯-ö
„À4lÇi¯+?gU„ Þl†ƒHñÚÅ'¤¤YçB0‹H&R?¡‘¤š/ U¸E.ÍAB‚˜îéTiÝð]Œ	?äÅSÖøü€¼C™¨»¸@9×Œ^.RÇ(>”=i:B›J%è?r¥‡sòÔ³HÓVüÜ žg?·=+å‘Ç?DZ1Ñp©ØB§š%	ä³
$z?Öygb6_$6ò§fêº-åÓ©çÖ:¡•V
åûiéRÈE(7ò•ŸP¡$¹¶ðôõ´‘µnHòª‰S,¥D Ä3`)2êõ:žça…¹iš¡vÙHƒ¢ÃJÑñ (åÇ|}¬tÐ…¦Õt™©TBíóÿì+’O›RÑÎ<ßü\.OiªÕÕLpSA±XÄqœ¶O´?‚f«E³é…n'¥#2O4o¦(­™™©R©V)—JÁ8ˆü'Ð	°w!:•L¾ïÓj6CÙ#‰$1>ºRX¶E¡PÀ0Ì¹iÑ•¹ŠïÏóý®Š‚iaÜ»©I"Tz o+]„”)y¢˜·ë=‡U>ÇDŽuž
ü‹n?ø¶ešç…wJ“9Yûivpþ_ˆöºpØiŒËå¼s¬î¤çª•ÆW~›Z‰ ™ùŸ%Èš¤e:¼bÝ-Ó¤{\B¢RwµLI
;“”R4êu<ß?8º‚9„
?³¸Óšo)e¨o;§i9`Ž›‘Ç7†V¹aH¤4›-?Fœ|b2õk.³aTèQã‘ÞÉ‘^|^	4óø²-Û¶2rM1'ˆ+µF‹™™JÇ¦±m;N ‰ôÈÁ©8ù¹3ÁéA\û7ËÎî¸n
Ä¥U,"ÅOKX²Í¦K5’?vÓ$‹6XI)q
LÃ@·>ò4?¿t×ós7kÓõøÃ·\…c[±g |…çyHÃ à8Xëüå(94ßósùÊnq¾\Ìt‹@1«¦ŠÖx´ï”Òi¯EÌïiþ_¹Î€yò¾»ƒ8)ëôåXãI§ãeQ./ÄóBÉz~´KbOE]4_¾¯Rù-óUÄhÝ	ðù`®s=œîŸÑ6ÐLÙ¡A†26×uC7ØGùªC”Ý aH)ñ</';?4/žä7ãÓ*ZÑeÅ€ÈB
ˆ_´!qÓ2©×ê´šM”ea„?aAð2²øtÛ;P:¸†Œ-Õö®ò}·Õúâ-×Å÷}|_…ÉTV7-ÉeÝlyÔª?jÃ0(?«L;:{JÇžC”°¼z‡’T¹EsbÈÐÓÒ­4Žmbš=ÔjÍVŠÆH®^‘8 ëõ:¦iò¥<Âc/‰Î/”‹8¶Zƒ4lÃAõ:–çsmšñChÄ<ŽBPapSÈù?xÒùó86b%XRGž’ê€§‡€’lSDNHXÌI?ÏzïÝ‚ùycy	9üïìÃv2Vþé×¾[1/Küû5K"U"Ï@ëùI“ª9¥Tœ9¬çy³"'ñ)âNdw-ï·Ñ˜›ó!v(ñkÔëø¢muG7óÃGrl²†Ï×¼ÿµ›Ùsx’ž=†ïë”µ±zIË†zØ°bÇ2˜®4øá£û9Yi¦Æ|x ÈªÅ}lZ9€mÊø/“ÓMzî(;NQkzô-NY¾€‹¶,eñ`===4?àà1ŒÐKˆ”RÊH|R*™É¨«cjõúüÝÝyL²@ 44š­@“îzq@¸Û”º®¢V«§27£…R*1¤AŠÏ["ÉÃµ™QIÄ´L"‚cµÖ˜†¤¯·Œm[T*µÙWnxà¾pðÛwÄ0mZÍÒÁ¾”">^kè-:]!Ó´,¥be•m:ve{¦”>?tqÀ?â1;žrosâ(` çó6`$×ƒ
e¬kDÌO“’¢èù¢È¼À¡­Ë)agþCz}‡ð¬uŽc/º‚P®PãeØá³V:H©VôüÀ\ç+WbÏJ$Ôu/ó>èˆšh’I}ÑšÌóó
$Å}ZkL1?“:kù•Ëeš­V çöý ÝZkNœ¬s|²žºXÓƒ£ã5²tÚ±‰`óo\1ÈÛ¯>_iŽ?W™¬¤3?ŽWyj×{?.âõ­EØ{dš›~º‹¦Û¦o*u—'^:ÁsûÆyçU›X5ÒG¡¤Ë7Be‹õÒßjšVâªkF˜çy\ô¬ãcš!ñ}/¥øÉ[aÑiêz-|åã«@¦Xp¬ŽmëùšzX$kùœ?7m´evõz3’O¼ˆzñvßƒ’&ríåÈ3ßð×£/âî{i±·¼Qè	Þê5i={;ª6‰µfÅ‘­X¦Aåñïáí}jˆ¾%èÍoDoNèòá/4Ëpý›é-bP¯ÔyfßQ¤€u#;†ë‰Ý‡˜©7Ño¶<Ë`q¾çÅ?UÚbCÈ€ˆÖÁaóÿY_¿äÅ¼xÂ;é
æ:ïI?•V1å•—ŒgÞDÑ¼´äó°Yó?I…À%E`ptdÐæföHèf}Ïàœ/uÏ4çSk"AÇ¬Aô·Å”J6LÝ1ÅÔ=Ûœ„šoNz,ñ³ãH“XùÎŠ¡[kÐ¨7ðCk·Ã³Š’6ÂY–RpÆºE8>Ãøt ¶xñà3µ@»œtu×ŒôÓ_¶yr×	žÙ3Îõ®E
xfïxâ‹ú\{þ*¾wÿnjM?–«øÙŽc,îA+?4Š¥"µZ½­¾ÑÝßWqI€¼`œë{ÔÃ@ï¼@<Q.À0L¤Tøž—›0"R‰2¨1ZçÍV`?›†¥aÐhº?"¥TJy‘:DÆãD–4MZ-·c-øÿùü??‚B?˜E¨?@?úï¸w–ž?=Ž*ßù&}ï½góu?Äpú(•[>†?u˜ü®×bòŸ®í!Šƒ?Âgêâá/"¯ùsô9¿cÔŽC£,è¥\pR›caO‘Ÿ¿x€=ÇÆ¹ó±ø³_y5Žeâ+ŸïÜÿ?~z7BÀ¥[ÖrùÖõì>2ÆÄLƒ•CƒAšR¡vÞI«ÎÎ?ï…ÁM‘¦@èšFÖÞà©?•ò8æ(†q®B´•
ÉÔ9#´ùFû\þÞ|2IçÅÃŠv©Â}0W®OWot6þWt)œ5o•JgÐ¾ã^:J$øêŒG‘~*?0ôdh?wÖÔI¿§˜ÏÇ3Ê>‡îãiû?!d—ŽîÈ*ƒa9µ3LÓ¢T6b™b–¡ÔJ§fÝ?‚³ObóêA¾u÷‹ñï§*ú{ìÔ»×.íç²3WÄ@šÃcU––âC §h³z¤Ÿ‘…ev9	Àñ‰jêäŒ-î0páù>FdiÃéâû>n³'ÍG?’’†¿³m<Ï‹©éÓ¶£^],÷ô•¢\t°-“FÓ¥V«a˜A€´·§*t|Š¥PcIÁó|ªµ:ÛÂKP:B¬«ÿó•Ÿ?â Â0?)šßxþ‰?´ü<…«ÿcéV¼ÃOãî}gÓµAØtê(xM{ãÕh·Æ‚Ý?ìY„tÊø¾Oå¥‡qo|+ú¡¿ƒ³„`ºÞàd5Hs}Ÿ§÷IB©`ó¡ë¶ñWßý	ãÓU¾tç#üæë.áË?øOî9‚iJnØ¶…WŸ{*ë—Å#X,p]7ô£ŒÖ$&¨¨ŠfÂªî&î³SY!Y_½ëÛ”ïÇuŠ:A\ÌËÎÎ•‡ÏÃV]GÏÃT?è'A[?Ÿ‡¬ó
ÐÍÒóñÙ,ñ$Å“¬B:m’T’ä—?l@I*¹-ÙÌÏaÌOê¼ßÙê¶ô,ÔXÚ27³“›=Ëu&ÚQBÊ ¼«iv|¨ÎáÍ\OQ0eEN?„Î“ÏóUEN?’ÌVíÅåû~(›–bö•Š)!Ã4‰b‚¯rÝÖ¬)êY;
€$-–è,ÓBivBæ[J"É?kÜV‹¥0M×õPJã·Zø¾G±PÀ¯\ê¨Í?Òšj­†eÙ)½xLém YVô!—œŽb'ÌŒçÂ?àÝôÜ]?E5¦?Åüñ]øõIÌg‚”§kå9ñ“Ê£oó++-D¸µ˜“?4~2Ì3€§öá©=G:îû¿|97¼b_¿g;;?òÉ¯ÞÁtþW?y
¯:çTÈ	hjÀ²l´V´\—z½ŽešØ¡3Êq0¤äöÛne|l!%–iqÙåW°lùòŽÔùƒûösß?ïçT022ÂÕ×¼ª{xÆLy
‰˜ø™ª»[nº{<vVuÊlNºFÏÊÓ´õåó°+u~ª{W9¡þßˆ»{y ®g	‡ÇÀ›ƒYy}ÛšOì¡ÐÓVJÏ3#UÏZM¤|ÎÎ©ÈŒ©ÀÌ;ˆÚ*’îÉ…©…*D ÝÎ*`t~@E!s¨†ôÓŸ¨r×£ûâŸmS²aåB·ã>¤aàØfÛ
dn:Ô¾ë”õ•Ðë†¸_«…¥YíÀbw]jµú¼RÖÏñ®ù‹[îâçŸÁÆ‘aî}v'xÓ?Ô›.g­^Æ®ÜÆ¶õ«AÈ„Z'¨Ù’¬{# é™lÛ¢P(v½§F£?Û²B¥ÍH©¤??‡÷Ò½¨/¢[MÔÁÇhŸÛçœwPûþoà}
U9?púð=žOñü÷µW?òi>{î?íø'@«õiKç*­Ù{l_i)X=<6“Ifðàs{y÷•ç²ëÈ?}f7'+u)yÝ¶Ó¸î¼Í]ËÉuT­óHä8Nà‘IÉáC‡xÛ[Þ”ºÆgÿèOøä§>Ýa¤\yå¥=Ò>l^qáE\óªWwß?b–¤ùð ?Š°‰T¼TÌ¡Yè®T™¢ç{:dw1ÑãÂdá>ÒÝ?.Öz×ûÒ/?O—˜+®?Îÿq¶úâsÐÒÙÊ?Q,J‡RÒH,aíò×Ý’r²äD'?—•æ»1:°ÈE\a/‰ù:eÌv°ÄÊãŽr4•¿Sªã¤|nßxü}Ùá†KNÁ2$MÙYÁÝ÷5×n[K³å…E?‚‡ó}¿=ø‘è‚ ¸R’þQ¾gÚ¶E½QSbž nÄ^Kœû*Ò‹ïí?Ëï|ófnûÄ¹æŒMœ»f9SµO8Ì'¾};—oZÏŸ¿ù5t?]ÁØ‹Õ?F#Nþ‰?!(G[Ã÷UXkE"Ã-EP‹¼õðiÜöÛiam¼
s`MÃBÅë°ŠX›^Cë™[h>ñŸ”®ø$­?wƒiàœû®€?¬Œ2ñ?— Ævc®ÄZs	8å°?ô÷•™ž©rlr­5½%>ñ†ËhùmwªJ¡„£S1?Ø[,pÝy›S ?bÔqfiTnÂm”T¡XDÁ=÷ÞÝ1‡êÐüÉ}&âçœsî<Û¬W©ÂÃY´iË8áFä&ÝyqÑiæªÂçJÝ]q³‹00»_cÌ©KÔSˆü©~9‹ÄÆ×s‡ru"x)˜ÕÏ¥DÂ÷KdW?$º¾l7bˆ(RÊ˜Ž‰dÕ©ùÎ6®è`!’j ˜g0ÔŒO¹°’\ºÚš&U½[Ó?
±%FÇ)¢2õ?ë±‰[4SWè‚}'¦êœ¬6ùÚŸåSïÜ†itêÜµôâMâû>®ç†Ô	q	?týÂ&	½ý%Ì0Hí¯‚e261…)º,µ@Ždfê¡‹ÔÏ"Ô7¯[2Ä…§¬á+÷=Ì¯]u1}=eŠ‡•‹¹öôMÜðwÿÎ{þé›|íÃïJÌs–.
ÁØ0ð\ß‚©…b1æ„[­¾ÈòÌ02È†ÕQê·sÑz~ü'P¤¨o¾o|WÆ*­go¡ù‹)n{?þè‹Ø§\?,ôšÊmŸ@?î¤táè{Ë—¢Ó‘æ‹w?[¡Ñt™ªÖ›Êý®Y<”Ý4ŒŽú-×ãŸøûF'?R`›“•_½ûQ~õšæf“›Uˆ R¦Ò*ö@îúÑ?:æðÈ‘ÃT«UÊå2ØùÒNþñ>ß1Ïl{EÇ{wìxžãÇŽáy===lØx*ƒƒƒÁ½ù-øñGÑ[?ˆXrv;“3< ”Öpâ	„Y†Á?1°OMM±ãùç˜ž™fáàBÎ;ïü…¬™œš¤:Saé²e¦ÁžÝ»Ù·o/¦i²eËV.\ÈÃ?Doo/J),`ÕªU]Üî´åœw`h²õB²É4i	çœ­_|gh™œ ê\*‘ä½çJs¬àˆféVº6²ÆUôü¡Çå+…a±Þ<ÒžëTŽí¬X?ÏL$kùd©äAeÊÍI4W %àj«!DlŠ9ËB”JåP–	ŒääŸz®›®ó7?ðÛo9?õ²Ÿ=wÓ?¢ËàîÇöñÕ<ËWð,·>´;(­ãÁŒjŽD­…ž¢Vo†’´v}Ã4ZHO¹”³å©T¢¤™¸€’h'Ö?Js|ê†køÖCÛQJqdjšßøÊM8Ž?c[üà÷~?žR?ßýÖ-?æ>SË&›¨EÐ›­ÕJ…f³‰çù¸n+¨Úhš!?jN#·Í°ñ_º\kÙ«MÏh·šæá˜+·!{á?x‘ÊmGkŸâ¶÷¯oVð§¢Ø®LºXèV4ê¦kMÆ¦ƒŸO]>œJqos€š¹óžÚ{)o»ü,Þtñ™X¦ä‘ûøñÓ/%ÐZÌº“ÖRœð¦áÞ{îêxÍèè(Õj5ÞÀõþ?9õk.8ÿ‚øç;n¿•ëWsÉ…pýk^Ín¸žë^}5›6¬å/ÿâÏƒk?½„>´?Ö?ÿå{ª/µýw½ýì×Ðaà?þì²uó^sí5¼å?oàš«®`ýÚ•<õÔ“ñXMÏL³aÝj6o:…¿ûÛÏñ®w¼?sÎÚÊn¸ž×½öZÎ>s;v<ÏÝwýˆ]»vñ‰?ÿîgÞ&¯hÓŽ:QÒ9t³JVòäiÖ6†¦3ép6Ž|¶£È‰ãu€¼n×\É?$R¤SL£$3Û#k¼ó@I\»«‡?nRrå¼ç3;RCu:?­³æN: ×?q	j¨©ÔI‹\wdmö”‹”JiÕŠë«.<VN7)8|¢ÂžPµ²°/°ÎEØÒ,²ÚEÆ‹~43ÕŽcR.ÃºÕÁýõ„‘>R IDATõ–q›É©éÔDE52+8Í‹§­Ì47¥?ÓVŒ°ãÐq6-_Â§éU8¶?ãØ4þïÛ_Ïû¾t#?xúy^wÎÖÄÂÒ‰$QiKÅò|¿ZÅ
»öX¶'	¿’œ
¡}¬çÅ³žú>öÏþsñ&ª}‰ÆÓ7·W8G²<ˆ¹ê¸ÏßNó7boÀ\q^õNFï¤•;>?ì]Œ®gú{C×¦=)ðµ ÞtN[µ¤#È«µàÿÜtûŽ?cHÁ{®>ŸmW†?ÑÃ<½ï(ÿýèólX:Äò¡?ÔAÓ­gÖlß`•°“Ók^{=O<ñ8Gftô8µj<üÈÃÜ~Û­¼ûÝïåþûÊÞ½{X°`Ë–/­ùüçÿ–?øýßà’K/ã¢‹.æèÑ#|ï»7Q©TøÂ?þ=o}Û;XáW9ùb	ÙskfÑ?ßÒÌwÿ÷ç_Ãè¥xö…œ<9ÍÛÞúF¸ÿ~–ŒŒ°ù´-(¥xêÉ'8rä¿tÃõ<ôð£Œ,á±G7ùìgþ€ÕkÖpÆ™gñÒÎ™œœdtt”/|áøã?ùs,ËâÒË.gpp ÃçØÝ"¯V†÷ïÛ?ÅtH˜Sègá’‰c?‡ì¾C‡8vl”SÖ­epÁ‚Ôô<õì­&çžqzœöä³Ïa™&›6¬Ç0Z-—gvì V¥ÀBÐ[.±aýZzÊåxŽOŒ?óÒÞ}iµ?Öœ¹e3åR‰J¥Êö'ŸF…À[p–/]Ìª+ÒAÅøèN|×¥Ô³?¾?e	…ŠâÄ±?B2´dSªD?RŠÇ_D éX?SìCA­2ÉÉÉƒ$ËWG|¼VšE#‘ÒbüØhüØâÒZÑÓ·„rßât[GÒ??b O¢Z”å¨“¨žQT$#´è„û!ÀÏd{åÅa
¶ÍèÉF'÷¥Ó»Pv‰fa03{a•‘9F³H4ˆ~P$2uB5›ž[¡\Û¢…úí‚m3¼h?©é?fÌÕubdŠ]MZåyÀ"€×Ÿs:?Ýñ›–/fÃÈ0Í–‹m[”J%LÓä?ßxïýÒ?\¾i=}¥à^LÃ Ùj%tÏiéRtfX¿ÅŒ«I†Ù„ÍJx˜|­¹äTŠ¯þ#?ûW¦¿÷Ð
sãµôÜðyêþ²oIû¶í2öi×£Æv¡ÎzrpU|À¯ú~eoÿÏ˜üâUÐ3ŒsÖ[?
ôÎáØc35†ôâX&ý¥Bê0v}Å-?<‡ë»¬àŠÓ×qÁÆ•±Õþ?ë^Áço¹ŸéZ“G^ØÏ//\Ìo‡¼ª»TKkÍC>ÿ|Å¯dÑ¢!¾ö_áð¡CÌTf@þâÏÿ”jµÊÖ­§óé?ü_;å«\uõ5 ®Ûâ'÷ÝËÅ—\ÊåW\Á'>ùûAV¥Ø½{7>p\C]5ziŽ–qwŒãì?Nñô!´ÖLþÇÐxè^„'1×]„±åµ\¿ížxâq.ºø¾ü¯_aõš5ào>÷×|ö3ÀØ‰ÜÿÓŸð–·½?»ïj{¿÷ûÀï~ü“ôôôpçßÁßðz¦Oždhh(cÍ&šZÏÍ|„T«FsäØ(ÿå¯sý…°ÍNõÆÙ—¼Ÿby0î?›=žxú9î½ÿAÞÿ®·'€<øÛwÝÃØä$gmÙŒ”6 ¹ãG÷Pî)³~íj¤”ÔêunÿÑ½LLNašF?àû˜–Á¯¾õÍlÙHRwíÛÏ7¿s3VXÞA¾ç±jùrJÅ"S“üç-·a[6†P-×ãâÎåM¯{-¦i |?}/ÞO£:I©w!›Ï~#…Ò‚ C™ç±wÇ½˜–Ã¢%§¦F¯Ù˜áÅ§î@)?Õ.aåú‹ÑJS?>ÎžçsîJ{a„ô®OÿÂØv™½/Þ‡×ªÇ4¨¯\V­¿„rßâL­–|bÑÌNvº#Hã€RggÉÉ™:<uˆ£c•¶ÊÄêL°ñ|Å#Ïçød:S2Ûˆàù}c8>?~¿Ò†d°¯@¤^›˜®sß/öq$ñÙK–âz/Ùåêû*MSDàf°U*u'H,‰2Ü¤.è£Öh23]Á0­ O¥H‡£ÒÕóÝÅ³Ö,çO>—p“Ífß4°-›ó6®áú³Oã·¿q3_ýÐ;)8A×Ó2ƒ¤¦Ð"IO’
$âÑ-´ž¬LÙ3„Ñ·”_õYJ—~¼&Ú°NH1;@sÎûì3ß\ÃrâE¤˜#[éßmèæLPO8´Œ­™iìË>…i[\xÚZ¶?º:h "DÐ4:CJ®?3¯;S(	LÒŽiñÛ7\–
©"R+‘¡œ²µŸ#0ùÙ#Þ4Y»n]LMi­;q‚;ï¼ƒÿø>¾þÍÙ¾ý±øW_óêp?ÚÜrÛãû>µz?‰‰	vïz‰o~ãk<øÀýôöô²tÙ2¼Q‡“Ïúhß ÿaŠ§o¡òðcŒþÛw1l³„‘·ÿ)ßøú×yòÉ'fûöÇØ¾ý1,Ëä…vÄÙÅ“S“€àî»ž¿··—?úã??„Å‹Ç÷»eëV:Êãu€÷lõHÚ í{_þú?¸Êdç!—ÓVÛ©RÁîçïfó9oD
#.÷Ú¡,K=:e°ÉT„MÄÅÞ²òÇåK—ðÉßü/îÚÍç¿ôï<ðóGÙ°~¶m™ä­&þÕwqÊº5AM{…‚“"··?{&oû¥893Íwn½ƒ»ú—]ô
–.NÄ÷LjÓ£Ù·?5›^™â°%²ƒÞ=ül°‹}ŒÙÁ’gcZ†×qÞ¿Z01º“g·ßÄ¹—¾ŸRÏp?Zo9hå?V-ÝÌÚMW%˜†Ž|ÍÄÖ9ÔŠÎïP?âwbÏ«­p‰œ÷ZÃå©]£x	:dýòþÈ×^80‘qÓdxA1•ä¤€9úÚº6°2N_7Ì3»OÐt}¦*MîÙ¾?q=ƒKN_lÔÉ$„;ÝD…üK*cÌ5šnØÝ¨€íƒ¬T(`[µz¢~¶èÎ¿u(x€Þb‘¡þ^ž;t”Ó–?ÄAVÏóð•Â±mþò]¿ÄÂ÷~’ç?Œræªeh†!éíí	j­¸í~šZhL3àÄÛY‹¡²Ei¼}QùïOƒ0(l}ÆÀŠà~$ˆò@§­Øß†?ˆÀ='-]XE°Jh­Pž¢Q­`Ê8Å"RHS¢M×
nÕñ•B
(D²2ÁÏ ¥Ø–Ù®?O;G@f@<¦sŠ´=óÌSí¶hË–-cp°]àÛ7~‹ýðN>üá?°aã©üÃßÿ]È_À±cGùÜ_ÿ?ýÉ?yþùç‚ƒÆqˆ_{îyçkxn¥…`êá'(m;?]¿ó8Ž…wb†á?ÿ.ô÷së-7Çûìæï?›¿ÿ½Üõ³lÙr´Ö¼°c×½æúÔ¡õØ£?oßÃ9çÑ­­L~ 2íQ/ÓpŒo¿ë^&OžDÁóZ¬YbQ*¤?õ“û?ö"C#›æÇ£w¥Â‰9s¼}ãºuHi$ªömÛ(KÛî®3GÓß×ÇÙglåÁŸ=TŽoÉ´Šôô/åÀî‡Y¸äTú–Ñ­Ö¸ï¶˜Ûƒe—XµþRžÝþ_ÔfNÐ7¸"ÌðûÒú#XVÛ)¶3ÆÃ}+¥?ifú
AG²“ÖIje–Æ 	aKŠ7‹T¥¶e°fi?õ¦‡†J¼ê‚µ€¦\´X3²¥u¢ Tp­Á¾g?²?f«…!4«–ô± ×é eÛàôõÃ¬\Ü¼ïµ§óÈsG8>tÈ±Mƒ¡E.Þ²„=…ŽQa?t£Kë3­ÛEk„¼‡Z½?íØQ?-†4è-i¶\šqê{ÐENõÈä@:–É9kVðÀŽÝl^6Î¡Žuï?FÓ4ùó·¾–¿¾å.nü­÷šr_¡”¦X(à[&µz#ÈœUWÙrÝXëk›F0Ö~“Ú½‰@S¾áo)]ò‘|9#tË£S5éXJÖÕSZá+öA´†ÓpQq²ÞžÍVÐDëOÍM" •z?èÎŠ¶è7þóþýûä¬‹±tÙrúûûã÷Þø­o°bÅJ~õý@÷Þ{K–,aÑ¢Eœ<y’÷üÊ;xàþû)‹üÃ?þo{Ç;±m››¿ÿ=Þó+ïh›+¯ŠïÊºôr¦Ÿxÿð4¿ó·øýC´ìgÑ+/¥ÿµWS«Õ˜˜˜?{wÝýc–¯X?¯ü ¼DTF•à°¾/¼'€‹/¹$E?Þwß½ÁAµp!KFFº«SæRŽˆ6ÿ}èÈQ{âé˜“õ|Í#/4¸ò;n)Zö½øc†Ö`˜Ý?èðÑc‹Å ·#´Æ­V‡~:/ýHAÓu£R¯qïý±p Ÿ+.½Û²Ú4£”9v< IÂ`íºÕ«R1ÀfÓ¥R­25=ÃÝ?¾ŸeËFX³rEâ³‚x+×_ÌôÄAžü»œù‡Ù±VjÕT¦³fÓ+Y°p…R?÷üŒÍËÛ?w4mÅA"û4h*¼Ûª2=q(Œ)J½CX	1‚I0Oƒ»ÙæÎ:»iˆLýƒT›‡Då¸ÁÞoºâÔø?Q[.­5Ë‡zxûÕ§Rt¬”tÖSšz½?Ö:PZ˜¯yÅ¬œQ#'ósùpoê¥Zoâ¶Ü€#6DgRRønËKdoŠœôW‘nÕ¶|k6šXaïÎdyÇº*ÕÍÐtòÑ¥µ`A¹˜?‹?¾Ô!ýãóîË¶ñO?z€ñJ?E}=1H»ž‡iôõõR©Th6}Š¶öïl¡”?R¶e`Yzßù-„SFV¾)$òd™¶_9Uí³½RPk”GrH!ÒQ’C¡œ`\kµFœõ)D~Q T¡#ÄìfÆÒÛ¿o??ŒŒ° äi‡/fôøñøuïz÷{Ø¸ñT*Õ*ö^ÞE_À“O<Î÷ôÉ;åÝ¼ïýè>Ïãkÿñ•ø—_~Eüù‹ßýËzôsÔê6êèqL­éÙ²•ö‰àPw‚Ê?‘l´ÑhYÆ˜:x€þ§/²k×K¼ï}ïçšW_S?›7Ÿ–zÖÇ±€U«V³hÑPWKVtîäŽn\QYè'žy–‰©©°ô3?6=ç²aÍ² ”5Q§!Øµk'O=½«¬ð–;ïŠ›‘Dª½b¡m9ÇÖ³nƒ]R•tblœ¿þÂ?S©VQZ³zÅ
ú{{S²mY|ûæ[ƒÜ!q[._ùÇÏ¥žùéçŸç¥½{±L‹U+–ñÞW¾Ç	ïÁ÷¨ïÑ7°œ?¡õLßÉÎgîäÔ3_a¹ë¤ôrâÄ4‚¡‘-i08´žÑCÏÐjV°?žxÈ0	Î?»R•0•”H!ÝÅØ±?Aæ¹ßdëï`áâ¹ž}’
Opä¢3ï(jZ*4ÊUhAÂ¢ÖéM.
<)M«¥P¾Æ0ÛõŠŽÈÃ·»-Eu¦RÇZlå{xè¸ÃOö5®çcZ2¦E"îÐ”a…u‚“¢‰àf£ÙD Q>fûY•§ŠA¤ƒ«Éò*´vUX”©]¿< 	JÅ®ëÅ?˜;»¥#‚™z?õK†â eÖU³¬tÏZ½œí»÷síY§'¼FT+¦§§‡‚ã…í×À2-|ßê°+e™ØÅþ¹{‹&Á¶£xDt¨ë8¡AG\[¢.M£ÙÄó¼Ø­•)ÅdØè:ó±Jkª·§D£ÙJx8™Zd,óùO¼fïž=œ<(šÎKÈÏ:ël~ôÃÄøûŸþCî¹»P¼ä’Ë€ ûTôuï=wó­o~ƒF½Î¿ýë—xúé€¶)
?º%¼‡Þ36R=í<FN³`x†Ëœó™7ã,ZdJƒ×^ÿ:îÿéO8~ü8¯»þZÎ?ÕZ•í?=ÊØØg?u6—_y%Zk~ZÝ+V®d(k/ìØ+YV­^:Ó9'ÞuÜ•N—¶Rpöé§óÐ£¿³œƒÆ
ëV¯àÂ‹®íòéJ•/~ñ¯ù?÷–Ø°~]®ùÿ±þ*›6œ’’Øýåß‘ã³L¥ŽËI/á“ù Ï½¸“ùê7ùö÷oáƒïbIš Bèg÷£¬-ìv	Ú¶vlÑÂ…ÔëlËâ=a¦o¤JdÉ¥‚ý¼î´«™šØÇÔ‰=Œ)ŽDáûŠã‡žbÑ’?(åª•K;ö‡÷þŒµ›®n')?À•PoVcUÚgdåY¬?íÕ:höÿè@1Sò#Ý™1 œ8Zêj¨ ™§P6ípAÒ¬z´ZšE#´§ØýìvÁdùº2'×\TäØ‰iJý†Ð(J»ŒoÑ·ÐD
hÖaáp‰jÅ£Vm²pÄajÔ¥°Hß€Ãäh?É±¥›‹&Ç,v8z°B¡€¡¯Ç¢P6¨LûôZ¸ME­€}­ª($nK3´Âæä˜´mj)”?,XdR¯úÛ‰ h»1@Ä¯›–Ù¶Ã.–´”s=/Â¼Êð”¢ÒlQrœ„«Ôæv­ÐM”BrÝÙ[øÉs;¹æÌÍAÃàPF©Ã ¬vƒ–m–e}ŠA­¥¾2qì ¥Þì…“EÞ‘?ˆ·R~vž§|jÕ
ãØ…ýýýíy±u/âÕIÓy?š‚ca[f ëOôíš‰7[¦^ÂzW¾âðáC”J%Çá²ÈbÖpáEsß½÷`ÿuS››þÅöÇ(•Jh­9Û6N;ml{O<þöìÞÍ~í½‹EÎ>ç\–¯XÁÄø8[¶žž>?‹6§ø:žºõI„Rl|ÃÙô._ç4hà#¿ùQöïÛË?ßú&ÇŽã{ß»	Ó4éïïç}¿ö¾ðÅÜ÷Z?™™úúúØ²e+ÃKÇc´{÷nÇaÁ‚œ}ö9©Ú:?ÎT§n8©ëWº]ÒyùÈb¶?s÷=ðp°ï›w½émº-¢-µæÖÿþ!hÅwn½ƒßùÐ)•
YÑx°?ÈÆéuê îæ•êÙvî´?Ø´q=û¢Õr)ØNüX®ë¥’n"à•¡1´~íjÖ®\É¿~ãÛ|ùëßâ½ïxfl8jdBãmÙ=lØzÏ=ö_Ùÿ8¾ïbvì•N?ï¥^? Õ¨Ö4 u ?qäVm¸!Ìxlƒ?ìg‘VÛ¡;ëÍU@1¢½LR9‰ÉM+R¾š—R?É±ý¯ê¥6Õ`xES'xÂ g??m€a·é‰&ZH&Æ›´ê>CËŽ¬Q©ù,\,´fEá{
»dspO…r?I¡`13æ2=Ö¢6­(÷™¸Ÿ‹
HS0v¨J«¥˜643b¡‰r5vQ25æbÏhPŠ5?45Ê×L>¾§q[ŠzEá5Ã2†­º¢>£N÷?L.ªÌM³?(êî¥”8¶…çüf;Ó0±aD8Wh+€ž˜bé@èº&Êd
8kíJ¾qÿÏ©5šô•Šqª7‰f¹~Øí¦è8¸®GËó@˜|¥p[?7áØ¡W”ÁÜÎ’‰h?ÛW>hP=vâ8{öí¥¦=Êýýø•1víÛÉ’…‹X·f=–mg¸÷„ÒXd“»5†!èí)Ro´h¹^ÚOèæ“^Lûwùs&ÉûßÿëÜðK¿Œ”‚SOÝ_ïƒ¿þa®¾úzûúX½zMüžßøÈGyó[ÞŠS(°jÕjÐ?üý[nçÙgž¦R­P,Y¹rkÖ®åð¡CŒOŒ³há¢´C `ñ¦ÎèaÙ©Ãq.	~ÿ÷o>ÏGë·Ù³g?F?r¹‡uëÖ³tÙÒ‹¥"7}ïfÍ&CCCô÷õÇãzée—sçï4+W­êàÇ;’ïE¡¶/Ké”?®{?>ñ$ÓÓ.¿øB–,J\8X‡{ö`ûSÏê?±	~òðÃ\wÕ•]ùîn…›ÚíåtªBh˜;1Æ³;v²ù”õ-"ÒÉayï‰j¬û¾Ï9gleÏþÜsÿƒ¬üé2®¹âÒ°ŽÎt?Ò,Z²‘‘Uçrôà“a9Žr|Íƒ/=@oÿR6žñzl§®9›?Ïü7“£»;òCË¶Ä?dyªø~ôìÑßYó_“ôNG[¡Ó©àµ^«VqC Ôf|Š%I³©âÖ æs æ°L‹‰“J}aó_S¯¹ø^hå*XÄ>´ê>†%pŠ‚ÑCu†—•pJ
iè \«òiÎ(¤?ž¯‹. Dáûòƒf-†ŒÝ­À)J¦Ç<J}µ™ÀÃ0M?ÛRXŽì¨4–%§¼°‘†iqŠ® ]€Þ4´:ëÔ¤Px¡âå¥#ÇùèW¿Ã?ŸþHøþtÿÓ5CƒOî?Ìe›OI"á-Ïàù>†iP2e ºQA	‚ Xà}X–‰m™Hµâó–K*9¤àÍf“™Ê'&Æ86~e[ô,¤ß±ƒ,e­)2:=Ã¡Ç¥ß)²lñúûû)Ë¡4¯r:^*ØØ–A½áâ‡uxÚ‡XÞã–Äeò¬ôEÃC‡ Ò>|Ëå2[O?£ãõCÃÃ' ¸‡pñ%—v*J–/?+(¦€C)&g*ˆ²Œƒ¼"“Ü¥í¯\¹Š+W¦I¥„AhÁ†ÓtA8?½½½l>í4f¯g"Òe9;A¥Ê¹ª„÷ökïx+_ÿÎ÷¹üâ‹:êö+ß½í\·Ò¡šŸ>ô3ÎÜº…‘p}åÛTÝ[é­–Z«a™‰¦‹k¹ñ¡­tÐ¯õÀáÃüÑ_ý-žïqâÄ8Ö¯åµ¯zeXN PH)øâW¿S¥žçó‰?|?e#KÐJÍ¾½ wÂ¯¿Žcã|çÖ;XÀùgŸî¥žç¦“ë/fbl/?ê¾
p°2}”©ÉƒŒ¬8›rßPê0ZµþBŽ|’Ñ£Ï³pdRac7'…U€Ò;ô4cG_@?ž}ÙÚW°bÝ…ó«kÞòt:~­“Ý	ƒßÙW¡g??Ûô©Î¸89Ö`xy‰±cu”‚þ…6†Ô;XÃ)˜,)qâXƒBÉ(/P?xž¤§WP™ö)ö˜!w|¢aüùÀ"‡“ã.…’Ä°}šEmZ18\Âs}¦'šô,L?×@iKÐ¨)J½&õŠ?SV L|Ê}S'\,[`$ÕiŸ¾A‹zÕÇ.HEmÆ£oÈ¦oÀÌ=EŽ 3’üùa½s!wÉã¾Ò©´ß`Q+¾rßCœ¿~57=ü8ß~h;·~òœ2²8nL‘­¯Ü÷07ÿüInûÔ‡S¸R’±8è´ak6½ÀªM”æ•a«*Ç±0egÚ¾¬AÐhÖÙ¹ë%&DÉAšfÁ	<ˆ®‹L \¿YÇo4°<Íª‘å,]¶¬Ãº'§ª[´‰ë7|Ñ)QìP±ÌÒÝ¾ÃÃ`îØAvˆ¤?#»ÛR¹ý!]L„tGšÎ$êÜ3/*>×n–s@ætìÉ­œ*ˆ'A&*£Šìßó4?é=iÆ÷jHÁÞC“ü×]Ïã„y#:âë®¹’ë¯yeh¥?319Å²‘Åô”Ëñ¤µfï?C´ZMÖ¯Yç}ìÙwÓ4X±lR5ú÷8D½ÞÀS>ÇfÉâÅN*P:=SáØñÑ”(AkÅšU+)Ø?f“ý‡Ñß×ËÈâÅ ¡Z«qððË`ÝªUh­™™:ŒV>ýW%X	M­2A«1?4Lú–Ó¬Ÿ¤^›¤X^˜j¶½ÂÉ±½HiRî[‚”n«Jåä1­jËupPMO-õ¶&°TÄ.ô·ço–šê¢å)Ý‘&§“aÒ½ë"K(aëD±ª ‹?q	&Ìõ|f*Õ€ro)#ŽØëD]‡d?žHöç…å\ÛTR[á d§lÎó¼°¬®Ñ¥Ì§že³vZˆi—%½WSbfX¢TÇ`.eÐÀ8œ´»ƒ¡57=üö–øÂïg°\`Û†µ¼çŠ;@œ0ýþÃÿöm}i{í+yß•åÜo¦þC¸É”Ö4Cë¼Ý»P#¥?m™ØqQ3?yî¶Š©Õr¹íîx¡RfÙªaV[”L…)TªŠdrP‚àøJ2]ó?YÁç’SWqÊºuí±Œª[G?ë«ÄsˆpMÑ,b>ÝçEºËŠ˜?˜ÇFr¦¯èæëYÖT
ðEŒÇ*yÍ.]–#±‘&Ë+‹ O—?Õ‰¼‘ jŸŸ×+ÓÚ­Õ¨òôÏ¿I½6Ó…
?!$÷=Õàè¸‡?Áëûzzø½ßü½½=ãSçRy§ÈÌk²ofà	«Ü÷´{`æ¥’"ÓL9£¤êr)ŒšãÞ»½¾?äÓlÄ:Þ„t2º&‡˜}ÈtJ^_Š®%4óÁLd'±N;ø°RÑŽ[š@ÂW­Öãˆm¤?µ£,‰k$ŽV*î¬cFhý&C¶“ãå{¦“«â¬,!?QiÑ¼ãÂ`‘Ä-Yüª]ä)úWùAÃ)%†4â@¤R_ãj)	ƒ€‚m×ðÍãÅ££¼þÜ3Ø}ì3õf{!F÷!À6M¾ü?wòÀŸ}œ»ŸÚÁ~ûÖ¶Ž4YDKFŸ<Ÿå’ƒc›q‰L!ÂÔä–K½éâ…P¼Ñ’ò/`|bœç_Å4×P¯/fçÑ"/7yé¸Ët]#¥H„0hy‚£S-?{´ZËqÍÙ[Y3²˜={¤ÑÅLM”+³ƒr)è–ÔNË`ãú@Z·ã³€xRÂ¨g§!óÅ0‰~Ÿ]o¿Ã"×Ý±œáë!R= lN* IDAToœÕBê°;­’Í?j?DT™o6^Vk°œ2+Öm«}J?)”†­k,;,‹!%W_vqÄuwã){øfJí&<Ú·Ý¨†dSÙQîšðk7€ÈvJ—³U9ÒØ®‰FZwý[ª^Ž,™°È[²6zêðHöËL©ìf¥ên•ÉrÖa´J'æ¦"?y­ÖÀõ¼6?a!-cF²+·HÙbA‹¬ hÀ»wLP"‰Á÷}¤a}8#à?<)ÂTïàd”É
ƒI@_—ª@—ê©ê†hh¸cî<s_)<Oáû:qX¹h!¯>s3§¯áÚ³·pêòž=p¸}?$Àèò”Kü×ï¼Ï÷ù­¯üW;`–à‹Ã“™`Ÿ½@[®?e‹V\39âö=Ï£Ñtq=Ÿ§:>„ƒ¯jµN³QeòèA¦?MS9*©Oà[kØ3ÙÇÏ_¬sì¤ÀSW°÷h?Ç›¬_º”«ÏØÀi+†é³-Ž8Â¾½û0òºnäþV^×íMVtÌÀPíjùq?ÌDoÉö?0¿0R¥?»6zHYâ³Â}ÊÄŽöHd¨è¹h"M¼Nu’ÊK5Cèóh=«n­Æ@Øð²3(÷.NØøÁÿ‡úV/Räqé…¯˜Û»‰,ÚD¤}`‰TW¢Ls<¤¯×¦•ÒéLç°ST·• ¥ìjYg5sµpËSßÌê1FÙ´JÇ†jžÕ?=´D’Rt=¥uÇ±•Q+$i”ØmPh,ß÷pl+°üîêL¥F£ÙŠ]ß÷q
… 1G§ir>/’ø´]![ÁQbARÆ¤Ãþ›QÚnl=uð«‰?žWSw.Þ87C.ØTÒ?q¦™ï«´ëO;[¯ÕrC?<?›ÞÎ›/:/“R™,óÚNxì¥}ÜøàcüÝ{ßÜaq%·~Ô2ÕW>°LI£pç"ãÒ™†?e…)Ï‰‡;zô(ÿzã™`-}(:}˜f¤I±¯@yÐ³Ê`©É¢¢dÅ`ƒ½%šMŸJµNez†‰©Iª•ícÝâ\}å•€¦Z«óÄ3{0É¢…ýô”,^o¾ƒ‡Géë)ñÔs{h¹>+–±nÍÒ ?ˆNY·ü«¼?ÓMj®çÀ[)ó­ÂÜæ-³•lÈ§ÐÓÖ—È¸ü¢SWŸº@‚×n:G‘j •ŸV$f*¡æ•‡mÔ§Øþ“‰ƒvÑs¸®æÎÇê|ìÃ¿É²‘Å]-×HZ›­ñÝÑ· ºIÍ*l"CM)ÕÙ„YŠÖtÎ§ˆi˜èûÈ¢Ÿ?:™­!{ÖŠŽ(×(±QçHî"Òó40L?S0gV‡1â²Ã?äû¦i$@<¸§z½I³ÙŠOß÷±l;®O®;ø²L_IÒõ{£Ó›0`'¥Ä‹:Ôk?¯|
…R[ù‘ñtŠw‚%ÍÉ<ÌëÝÒùOþŠ(9V£|EK…Ð4CùŸ¹¯žr1Þ€AâOpÍ·^|>Ïí?Ìi«–åê9jÍ&Ÿ¿ã^¾óðãLTkœ³v%£SÓ,^ÐK§?~\¦HøJÑp}ÛÄ2%õ¦‹ÛÚW¸aÐÅ4ÍyäšÒ*Å¹~?lÔª?PØF‘VEÑ˜®S(xÅyC¬†©ŠËÔd…JµÊLe†z½AÓuñµ,Sñ=ž›àO?÷M,[rÁØvÞiXŽÅñãã¬Yµ”?}êüÊ[_Å×¾óÖ¬ZÎÓÏ¿ÈÍ_û+^Üµ?Õ«–2Ð×ÃŽ?ûèí-ÓS.Q«·˜©TX±l1'ON395ÃšUËbk?¹¬çÙj†Þ[v£æ#»€x×¦Ç9»÷¡dýv³Ô‚5%Co+ZoiàÐ±f\i•²Ì“5µEÆO>Z¡¸€³/y?n³’*¡€Öœ{Y‘ÞþE.O–ïŽJ¸&_ËKCy`W>aÔEõŽVùuÉU÷ ¶”‚$ÕYñB0«5œlœ5¡)áùënGº`NÚF$
Š©Ì!cvRyM´rŒÐ0¸iÅ‚?RQ4[.µz#þø ä¤‰f_µ-ðü U’MNp4‘Jë°øŒ€‹ëR(CµˆH]SÄòBæ~Öf¯"7Ð­Oaô»ÄE\é@é WèÌL5è×ÞK¹T@wð‰áæ9mÕÒÀÍKMxðé'¦+üËÝòoz'ç¬YÁp_æ\ÑÊD¨'V‰RÐlùHCP*Ú´Z-7ðl¢ÃF+?2?¸ƒ?”†)Q? à¬¤‹ïx†?m1Lßu?©Y< p[.'§§i44[.žëáz®×Bh?i˜ñ³)tx/}<6Æ¦™~ùŸaéŠûûŸ©óÈã;Qž`°¿_ÜøÝ{¹ý¾í´*~ëCoâï¾t3B{¼ç­×ð¥¯ß…ðÑ¼†/|ùvJ½%Þý¦+¹öªWäZ½Ùò Ý”§mëNÎ#C£‹zu^áöNºPëlç?^˜9Æ?Ò{2é.èD12•éÔõEØ¦Näú£Åò ÅÒ@L+ê.à{L)k:ÿuQw²HÆ›´xã{S:–ƒJ!c>¹[ 2~oÎ˜ÌÜÎ>aÒJïf?w£Xº°³L|'gžô˜Û2æ ö&ˆè´ö8É¶¥*2?;Z¥$­þ7ÓÄÛŒ¡çûT«µD)L…4‚¶[Ib1Ùý"eE'Ý,‘Nøˆ\¨h0EˆÂ¶ì€›Nðáxt×>þýž‡¨4[í gt:†™U“Õ*_¾ûAžÚ{0^¼"Ã›·?¸Îà(Z£¼:ªv¿z÷äAdc”Êø^tõh¨`‘íÿÿ¤}w˜Uýþ{¦Þ²}7»›lz#!	)„ÞÁ€JQPŠ( â—^A¥¨ ‚€(RC/	„Ð’!?„”MÙM¶Ý2íœßçÌ™3sçn¢¿}ž<Ùr÷îÜ¹3Ÿó9ïç-%”ú:A¼pû:·?z0È›Âïï„_Ø*‹äH#šðíý÷Ä¯žxµÙ¬"Ä¬ÌMd	?…v‚¦iÐtAÀàº²¶U±€zžÏõàºü€ÂÌX\mJPêÃ|Ôõ}¾Âô?É¨AÀ‹¶ï’mD
&„R¦i)­h>Fw´£s[?6mÙ?PŒÑŠ‘Ã[ZÆALB©ìcÁ¢•Øæ$`t{Ê®ÓÔ°×Ô1ÕÑµ}FkÆø1­ð}–©aÖ´1èÚ"«bÅ0xOââÕiõz˜Sg¼q|>?·H$DÞ+©ºûÕ0|Ï)£Ò;%‚ÜXÕƒŠ%'»ù
,I´0
§Dþ$ñ$žäÖ3ì¬UÌ:¥ *æaA´ˆÊ¯Z|ÕÁhò@ˆÒ™Wž#U-š„„pV9«·úˆEç‰ú¯?MÓÄB‡ß÷a†ÜÊ©—[<ÒHò?dŒZ&cÅð[Ot¡±©+eÈf²2aºb­RW*·Uß ’â½A¸
!€i™ñœ<üæBüðÏ?!ð}Üüä‹XuçÏeL\øzúŠ%Ìºü—èêíÑu<vÉYøê¬i±Õ‘ }›ÌÀÀ¼2¶Ì¿ÝÝƒ ¼CÌŽ£ æû˜tÁFF±þ?¡wÕðË…ØE¯Û6jG‚1_ºn`ùCsxeÌ¼h¢ˆ-ÓÐñËï|—?ðoL¸à:¼òÓ±[Gkœ‹†4ÇçÄ®JÁCŠNœâ…È˜+ JÐ@z]ÐÀ%:ß‡¯¹|QÔ•<TÂñxÏóáû>ïÆi/ðàùTH¡£] ïyØcêp¼ÿñg šFtŒÑ‚=¦MÄ‹¯¼æ3Øpè>“ð¯çÞÂ—?ØšnàÔC©èbÙê-`Ä‡Ft†Æº:\pî·ñÛ?ü_:xO¨[ž™¨¤Ùò®ââl+?`“q-Fz÷]5Ð(Äç*¸ô•Ù~›\”…A\³´F‘lr×§ÐE˜Z¤)’‰`Œ¥'Á³Áöv”ƒ|«21Êªú74±ÚEQÍÅ¬ø¹ÐxpQ"•D–9©Â>¡@/d´$óJ“Å¼Úñi2˜™%KÜ ;4R1³c,¾¸?„–Àè( —ÍÀ¶-‘Š“„PÔÿ©€Tr›ƒ÷Š    ”xü&ñ}¹\ºiDÌÄj©ZW"ñBã+bÜÔÉ€1Ø™¬\½ÕÕoñçë5¹6÷öãÑyñ?C÷?M¸ï}y>º
hi¨CWßÞ_ýŽV
9KÑ­DkAió‡èþè#‹ÑÇßÍª?N(JeW«#S?ž?îÆŽeOÁª†±ÇÞ3W?À÷¡‚íËžÄ–ïCç¼_`Ä7sº¢U»‘Ãófé:n?ãDüðË‡àg?=‹»¾ÿ-4Ôäªà«¨ª•ÓÆàS¦pmyº?a(—Kü”2¸?ßó ë”ú Ì¥h ƒMC˜l±?æïyø?R*;ò€r'—Ï!?3POÃ´É£Q*ø.$ð°mûÞœ¿®ça{_:·ö‚hÜ¿^×?<ñŽ>j_Ô7fàyEŸ×d°vý&<öø˜8i>^º³¦OJà¬¡×	K~V²U…µ•B>7a•¬–ÔgŸOveÉŽ0qCW†	³
à>."‘-YQl•¹”`a‚tb€*2R¤4üž-f5Ë»~¥`'ž?Ã'¼Q¨Æ6Qñt]×ÀhÄ/WÐ¤øNŒ©88÷Õ¸á	¥U¨­lQÆCû¥JªÞ.`í\Í«É]†zã&ÿE&cË®ú„•?¤¬Ù–)¬j£ƒ+Ëb˜%øÜA;cÃÉÕV?)­V’/I»pÂ ¾rûž‡ŒˆBS›šØÞRÆŽßØk:|ë=<ñÞ|÷°ýb?ÃSï/!ÇÍž†¿¾úŽ<®²ç?Q†ŒeD&âøÏ‡ãûÈglP§Ì/£y?ï¢nâ±°‚þ?"2âÐ5¦e¢¸åcPÏÇ¸¯ý	?¾;5{¢wí(núP|IN?“¹Ã»u´á¶ï?¥ë;±ÿäq	6Q”¨ÇXŒ%¤b?šÀÃ¥Èd2pžç!´P¶L”ºQGN=h?0Ã×Mé†È@!¤â‹°Œ4`<âŠ!æŸËf°ïŒ17v8fÍ‡ö?Šî-=Xµv.>÷ë˜‹žØcêX8Ã?/8#Gvà–»ÃÑGîƒÃ™?M›ûÐÜX‡ŽŽÌ,?†išØsÆd¬ß´›6ïÀáÍŠÝØÑö~çÕsð›%R…mÄªí’*”?ÞÙÒ,Æ°!±{µ‚†#›:Tì®ÒÈÆpHrÀ˜ìàÕ bNÅK£òišƒpä€Se?hš€94h?Ò0ª-<‰A@%m?ÿM•Å¢2Y49£ÓîÓŽ1^ÌµA¹ðêëT»tnÉ?ÞL¯+»€¹ Ô×¨b4	­ð¼Mnõêyr¹,LÃ7%?—Â>Õ4t‘™á8ÅbŽëD+—`?Øv&õúTW9$˜ŒÆéâgÁó=I3T»MîXäŒÃöÅCo½‡Ï6tbíÖ.ŒnåSõV¯ÅÚ®í¨±Mœ°ß,üõÕw@¸¾?sïyï®\ƒ¥¿½.v”®ïãº>ƒÌÿ¯^ZõÐ»Ø?©á«ÍÄvJ‡ep·*Å
hàIÙó`?ar’9´±ÍµùÿfI—?H’ájYJ#°»¨\.C×4Ôå`˜ÛA>ÑA4¦#<0pÊ¸ƒ<šðý^àÂñ|Ø¦†|>'Ñû¶Öfüâú?2à÷7_B€é»?ƒ0Œ1®çŠ¸®L“'	ýåöËdsñ‹kÏŒ+?ÅçWï6¦¡CÓÏ£ð|ŠD^ÅN‹y¼›"ƒß‰'*ûExA>ã
ÍBÆÈÂÐ¬A†¤$ÑUWçN3–è$«R‰4j
¹ã1¨€)ƒ{R©®eÉI
4Rí¼H_ µ«fÑÀP#DZÆª‹B¨	ÎTãö²aÃÃXª†éõR$•µ„x;/‚T6‡GÔ ˆ?‰€’d‹AgâdWË·Be$‘g;QdÝ†ºõ(‡G²Ù,l‹‹oŸJ8E#¶eÆŠRÙqQ©0*†mg3J¨@äo®†TZî*[ž
Ó	‘R"¼Ác‰öê` 4•ÛµÖ†:»×T<ûÁR,Z·cÚx!wÕZlï/âÜ9 ÆcÌx·¶¾k¶öõ§vD[vôakï÷GÏ¶€YìXúOd‡íƒ@Ëó c;?\ëd”i#ˆ¦§òœSßU’äÃ([SF’-˜†g¬õÆ#‰ Ü¸x+†¿JE¾€Ïh?hÈår(—ËØkÚnð½Åø´s;Š´ÌE:â*Bß÷àù<?@ÙsQö]”Jhn	“G?À°¡ÃRê—ÀÃí?cp=®ËAÃ4x?ÝH,æ3“Lºàöœk™<1Éõ¨²ýW·ßü$cûÈ®¶KÊûöéÖ·±dóëØV\?>§e¿J˜º…œY?ÆlFÔí†}†?æ\GŒLÀ»Eƒ+ìÒÉ¦±d2m‰?Å¼°!HšrÍ1pü“’VÐ"[æxl\¬ãejqÕ¸õ«²&ªŒŒp‡¯ëº0æâ|rîÃwšüq,*átC+¼”BÎïÒy(0c»,Ò‘‚ü—ÛIïVqºI|šb$;e.f‰º®#ð<=”ËÉ•Òx®‡?bYqB¸D>—¯Q¶ÐD†Tco¥‚ý$?¨é:ˆÏorÓ4¡Y–¼ ¥¼ž00˜ÄÇåÇ|	ÿY°¯²ÇÌšÇ÷ñÂâ¥ Œá¢cÇšÍ]q¿Y	2’oj¸@PF‘¶†õ;l{÷·ØôÒ¥`Œ[¯R·bØhÚ÷jŒ<øÊÁƒlHlrQ…½?ÆHIÒQG&
zµPA/$Š±)!)
B£Ìd2è1_m¬Ç´u«ñÑÒÏ±¶}~àæAH„Š'p]®SF©Ç+ƒ”]×ˆûï‹ö¡í	VSLÚÂÌý¤]×ðWê†Tºj*Ì¸yX$(s=~@`™:2¶!šêr©ÖÀ4–Jõ"N°±o%þ¶è'è)oM}Xà{(ûl/mÂêíáõµ?bÏaGáÄ)—A#|±Ÿ·îq8êøõvWp|¦Ò@â”°ÛM?
4Q Ô­?ITž
–!XÙýž[õÌs&µìW•¥¢ÆõUÏh„€g?i:("®|bÀjV"ÿ¤t?YdªCÐ?4@YPyîIÅÈ“,›¨˜k1¨2­¾îÌóGæ"Øi"ß õRbäávÃ÷²¶†lÖŽ[~ 8Ð<,´Xrá8ŽP?Å?Z|ÏG6—“	7qØ$­í<#ide†Üö»®Æ2¶ÍÍô•ÇÝŒûî6#[›ñôŸà†oƒBÙÅ[KWcúÈvŒi‚å›¶Ê­J¸#H—6G[Tž–ÄÐ:ýÛ°G-Òn4Ž»6bÕ ïÃ»Ð?ó\fÿ!ëw‹eU¦aƒÓ+ÂØ§¤^hÌ£¹¢t¢iÂ˜¬Òþ5d"ç´®¾	ã&æ0|ä8lÝÒ‰ek¾Àª­]è*öÂñëá³xTÇ¦®ÍèíÚ†ZÛÄ„ö¡?f4š[š?0a=5¤"nkêù¾À<	,ÛAà@ˆåÇvlÒä½j°p0”‚¦a cÜÒ$‚ÁªÐÖv¥Kò|sWß‡·ÖýÿíÇ›æâ³mïàÔé?Aoy>Ýö&ù?Xl`º›w%ÌAâ	UøÛ4Œ&ÓH¢ö‰b4‰–xf–Z _YûºJðÈÒŸãg?—~ç†Z?dçÆ7$3‡l]áDÓð+¹ëÐuAàÇžžÈ?õ@6¦a1ECÕ “Oî,’¿ý¬zg¦‘ø¬dgÍ€l×HjîGÕÇ3e—dð÷‘J?“¾?üÀGM>B¸0D¾$¥²Çqå
Ïî)óe[;9äôÏI5jV•3–Ífá{\ÏC©\–¸nˆbPñzÂ“ÿ?CöÁ/+6mÅGŸ¯G¡XÆæ,6*?ÑÐ*aÉ¯)ÜTÆ.…B‘{k/Œº×h€Ý:å?óáy|×?a•;–?·#šv;Dt‘€G‹¡âk<ª¸{T™5DRF™ô»	_ 6¼ÉmnØ‰€2Â^¡ÃÊ`hÇ(ìÙ»ËW,Ç§áÓ¥«Ñ¹ÖCÆ	°÷n1qâDØ¶­£äv? ;à|Pê¹ÜÖÁ2­˜ï¸øÜê7I¢fé	ÊçÆÈØ&2ïÎý 8wõæ{hÉÏ°¬ë]ü¯E¯Zx)Nœv!NšzÞÝð,öqlœÉU¥ W‹r;Jƒ
ƒŠÙ,S1ô¤…Eåß<däÉxqÍ_qðÈ£+’¥SòÂg“pXBTn±(ås]4`ÉÁkh¡º¬òbDtEòðA)U
4Méà#÷ÇcO2½RÇÎ¬’é"u.Š=B|ÿ«4.©;Ê]‹%·ôLtäaÞd¸µ,—=¸®?Úšœb5éÿ;P(qüR)”š¦!“Íb°ùt¼h?ŒŒ*¢…ðâÑ]‡ëò]ãÅ\ÕˆkKpÔŒÉøí³¯â/¯¼?…«Ö¡&ŸÁA“ÇÇ²¤|?PÂî &ÃãB×xÐ‚ëúR`dš:Ü²Ÿ0oD×A)Þ/n±[â kç^??ónÅîßyÔw¤?¸_ê?fd”b‡Xßl¥9Y¾s¡
'¶e§cx„Hâ¤2c<OÕ4L”ËeÔ76aŸ}öÇÔÝ{Ñ×³†i£©y4Ó„ë3hzË4*œcÿñí+¥žÇ‹8?ašÐÖ©åÀ¤³eŒ¾Q%Â,.h²…’Ó0?Í˜0ÇÐV§¨LJ+âÿüô–ÿ¯"Aó8úkÐˆŽ÷Ö¿ZQÄcÅœU¿’¨¹êW¤¢oòñ”U@$e˜ª~1©y_ìÖ¼OêNZU‰ÇºÙ˜
‹ºã$tSkPù€Ðà.Œ‹ŸK×uYÌÓäýIŒ\-ô’?ÂT–
?‰wi©ò¼+qF‹ñà,(†]ïâÕÃ1h?¢PCÀ€ž¾ò9ÙLFlÓøÉ¨¯Í¡T6P,•…J€l¾Fq&L?|­^ÔÙÎü'Ò{ÓðÃ²,¾Çu¹»¢a$¸§c[[0ihžÿŠ¥æÌ˜‚áÍ?±0d,ÓGu`ÁŠÏqü-ÄáSwãñi„'Å¶a³¸	(
?K°ã“å…
ž^Ô¿¥Í‘i›ÎýÙ‡ˆâÊÇ±æ© ¸y	ÌL=ìºá(o_…%œ?ÀwÐ2ýtÝ@íÈ°}é¿ðéýG"ß>]!?_FË§¡Ðùì†ñ°ê‡!ß6µÊYá¿ç¸Ž0Ý9‘rO¥}ÄLR%ÂáÅ¼õ&Œƒ‰½µÙl®ëÂó=äjë?«­ƒjŽîy‚ €g™ÈX&ÂF'\œ˜©0¡(åPYh<£¿*—x@ƒ?qð¡Q:ÛÃu=~€lÖBÆ6àz¼˜Ë@:RIkQŸÿ?õOáýM/üÏEÜÊ¨·[pÒ´‹0kØár?oÌµ¢ßéA?]Ÿèé?æR|¶íl-¬?†–üpLhžK·å«~oã³°õ¦9º¦£»Ô‰¥Ûæ£àö Î‚‰Í{¡97,¶ûÝØ·«¶„m‡¡ÖnÁ¦þ•Xµý#¯Ûcö@¯³K¶¾Ž=ZE?Ý‚wo}£ê¦aXÍxÔÇòíÐ]ÚKÏbTí´ÕŒ‘ÊbI‘¥ÛË?X±}!úÜ.d?Lhš?öü8€1|Üý:<ßÅ”æƒaê64á)‚2™HŠ‚HtY‡!îá°TÓXLå©R¦SÀŽ*8?
;E¦]1eo¢ŠûN³xžRôþÛÎÜ Ê €¤,Ç…¢Gtç†T€™ŒÓ4ÐÛ7 ·fŒéN–¾²ïr';«ë±J4† 9¹®ß?·-Ž2Î^9ù Ù¸âÁ'¹2ðÀ½P›Í Œ’ÊÚ‚¸ñäcÑV_‹ûßX€%ë6!P†ºúÀÍ V¡ÿ³ˆôle»¦[¨ûU4ìóc¢!7ákhØ€¾?ÿ‚Móo!:ˆaÁÌ·ÂíïD¾c´ï	 éuÔm0r­Ø±ì	;?ˆ)])P?öÍB¹{Ê;Ö(…<ùÖx>—ÛKS/Èç²<ŽŽ)Ózø`¬2¨aÉR`ê4 ¹)VT,;¢)R¦8N^)¥(—¡=°$}?©{EÜ±nbÀZ±]`QÔ	cäMŠªVDlÐ~* …¢Ë4?±Mð%âŽ¤/Îv¼ù?`â!?ÙÔ,6öD7ùèÄˆýlXíht—6¢Æ®Og©`ëÀ¸óÝóQöÏ¿ç°£pÒ”+ðîú§ñÄ²ÛA@pÖ¬_aÙ¶w1oýã??xÔI8jÜYœ	B}ÜóáÅð©‡®âz¸AŸl{S>öºƒžÁVÞ?•ÛßÃüÿÂû>‚—ÖÜ‡E[_†¥gqÒä«ñÄòÛPðzcc÷æqÂ¤+AD·ë>ž]}7>Ü__ûâ!ì=ô8Œ®ŸŠ'–ÿPc5bbÓÞRÌ”œ„æ`ªõk„.p.·ïbXÄ²ªcæDBÍ•¾/ÚÆJºaZg5®kqa‘GþA+ÈÆÍÝ,2–JW+ð5ùW€&????JN¦iq\”>a?½¬Ú€“ì”†…Pð¡‡?8TD
Û²¢ø4??”@Ö¶ÓÎdå"„ˆÛK)Ãwî¼ÿœÿæßp!&´·rHÅàðN„#*'h„ðÁÐ(«çÕsÐ»âiŒ>ún™u–ÂôMÍ IDATBTä?I6Aê4þ'JQ,–Å°‹€h@.cÃ4?!ÊõPC*õð¯»æ×?…>{v4ž1^°ƒ8®Rë4†a “6ÃbA÷žëÁs„š|žC*‚9%Y¬2&:”[«…>ä—«TËhÑPž‡U²r†¡Á(Z}SýÁ¦ñÏOoöøùð5vÚkF!gÖÁÒmØFY#?»Ãë'bbóLXz&õù×ìøe×ÅØ¦©ñtE·?ýDÌCc¶£¦Â§¶¬ÅÖÂ:À)Ó®Ew©sWýÐ”Ší¥NÔX?hÍ?‚8Xß÷™|Î)CÄ)Ó~Š>§·½ó]øÔ?{}íùq8gÖíøó¢K±±Ÿ§Å_Ð³xì³›±´kžÔÁ0$7E¿îvùû‡?<‡Œ:”Q<½ò÷øhËKòg5»!cä°½Ü‰åÍhÍ?ÂÖ"-_›xfµÉ?N+h‘üÖ0Si°*V»qaÑ«º,†»5L"*ú	‡5Åµ1¤¦Ùÿ"•ÉÂÒ¦ìñçOe°¥CCõ'‰¸kQ»¤z7Š%ø~€\.?hÂ8¨­ÍÂ²Lô
(|d26ÃÜE2ÍÿVÄ¡H^J£­8Ô1Mƒãº0ƒ³hD]ÌÚvÌ,½ÃWè†ÊH®³gê²6m"Úêëdn§ïsƒ)•>?ª¹t¨(€ºý	-?;V½ˆÚqG"S?"rjŒ?’(ã)›/¥~–Ë®´KÐ4"wPÑS…¦B‰?*¯†`ë×ƒõTn–n{&“?ïû’Ñ”T4†;¥@ÅMÓäL)Ïç	K¢7C¬›ZD?Tƒ¬Õ?2î HHeš„¬•RÉ)0P*óîÜ2 é„wç‰ŸzX³cQj·ôN?~%¦´îÛÈ@#†ˆþÓ§"2>Ë9ô–z"GŠÄq~ºu>æÁÔl|sòÅß´'(|êbSÿjt—:±GÛ¡xõó¿ËßÙ^êÄ#¿?£Æ?	Æ4Pæc{qî_|úÝíøtÛ<¼³þIÌh;B9&þúÆ7ÎÂ±þ9³žâæØk’‰“v¿µf3(ðÚÇÂÎg0¬Úñöþu|Ñû™,â:1ð½i¿B{Í¢ÁñŠxkÃcX°éÉŠ¿¡kš(Ðñ3¢…©\”r!¢&èª¢S?•´«âëÉ†UíÀU*c¤r­ìÄ¥ßØ ~õLõoR?¤ç“£%/o#tT_ˆ4b¨È›r=~_ù|62Ûb€eh¶êÑ×_@±X‚eÝùN¥e×%åÁáÊG®"•ÃM%Œ‚c¡¼ Ù–Mƒ´š%ƒQUY;"•X[]-n>é9‰çŒÏçC8±Ž‹¥Y%ÜÞQJ?L#ê÷ý¿èÌ,Ê”EÓ*Þt†tïÒøp3\.ÊežÊDÄvÝ¶-Ø¦?4Ãb–†ŒÔcÂBX×AçÍ=õäÈRòõcIeÜËÜÐQ.•¥Nòæ	|å €çy0ƒ{ÎÚ¦m[R8Æ7ˆâüëa„å?‹?P0$¸ð;‘?§‰æC*W¹ì »¹´KÓ£.6¬?sÄ©?‰Cfá‡{ßS·ÿk¸eGq3rV=2F¦f£èõóDxh)‡Í¿çQo}ÙvÔÛ-0õF7LÅ¨ú);â	Í³qìÄóaŽ‰¡µãpüä‹ñÐ’Ÿ!`>>Þú&¦´û½émGà›“.‹An¬
R#u2šíá2±è¨1ßÇâ­¯À	ŠØQÞŒ€x{ã¿åï|{÷Ÿ`dý$î?äûÈy|iôXß·VH¸É÷=h?{ô|_v¬a'ì‹(ŸQEÂ!>?¿ÕD„Óð.]Ð…i ŒÄ"þ–ûŸÀ]?>MÓÐÒP‹oº“ÆÇÍyw>ò¬FªõbHcN;æPœõõ/E¹ž~ã=œuÝÈgùµ1jh+ž¹óZÔ
•s<¡?%ÝB ÜiaQÑ”X3MxÝFß×b†ëP*;‚Ò&7±E¯«­A]m¾ï¡X,Š“Ì?nZ­€F«]8¥N&?Ë˜(Ml¡ä°Nµ,´5ÏG©\æ[ÅÑ‘UY=â¢Žÿ(•YÄ9dÃ'|¯CŒ™p›¥‘ðÜi2”9ˆhšÆ ¦)É…Býýýp=_	lf±Î7?ÀÄ¤2Ïõ¸m¸êÛ¶‰ŒmÄVu9n$ÜãF¢ãÕâæcô­7Ê esÊÉb>Öj†¨‚l6Ïdihz(¦âÝÃiBr¹l\Y)Ž_Ý1ê"äB*çŠ<XŒ1Q5¼Œ©†,Š·S.bB·í­Rt)õc¢Ÿz˜Ö~Îßç¶ÿ©ˆÔÇšž¥ÈY^buÕºòczû¡¨µšïnxw,8zÿ<õÙØ:ðEj#´çÐ#+¶øš¦adãîhÌ¶KdŸÓ%;îœQ‡9cÎ?÷Ü@10$;*ž1Ã0å±RÆ©?ëû–rú°Q‹±õ3‘ÖàÏl;*6Ðäö >J%+²K¦)þ(T6L±°nÂ¿–Ð
WÓtÞÙ+…Òó}”]Å²ƒ?bY\c€ëñã(–ù¯PrP(•±vÓVÜxÏc8û†»by7üñQ>o,ñÇ®Zß‰W~,aXREà¤šë¦Ã31¥mµèhQÎ¥ZÐ5-r‘
¥ØGšÓ{lËBSC=t? X(Âqœt[¥¼¤qÏ“›ip™uÌø‰Q)SOë’6•?ï£T*Áq](Æk‰~‹T”u¾­b(•øAèÈÆŠëúbG Ã¶m)VÒº¡Ç‹zø¹®	Î9/R†iÂÎdüCàz.úúû??3eh$?HÝÂ„L?  (—#oË4`Û¦älÕÉNý„p1÷@Wÿ8?¿	¤®Èçb‹)¥L,ÞÑ¶4´Ð!lËB>—?pJŸïÐ,ËŠY* ¢ˆ+!×€’¥
©¸;x]×¥g{ä—Ÿ\¨áÒH˜¸±XàÆqƒ«òTu`ÞªÃ—'œC3ÿ§áç¿—Þ?±?S ú1PÅG1˜ÓÒm\uÐß1©ehDƒ”±¡o9ÞÙðn{çügÙ?‰#Y³F6'ª€ÙÔ2ò¸æÁ£Žü½¶š1°õ¬ÒîìJjü\r#6k
ÿFÞlà?ãÝ1×€ð-^?Ùã‚‡µ" ?³ÑÅýTÉ:áä@xýÈÂ&aFÕpã„¯9ÛŽ_aùlw_s.þå¥ÓÅÛ½¼`1¶õô?1†÷>]‰u?ÛbÏãz>^^°H6?I¾Õ)r|–î?ŽÐ–XíÆ5"
xÔ…§óˆgéû—¯Ra¹¡So¨«Cmm®ë¢X*VN‰ÕãÄzOƒ¾ÇÍ±(ãFLºˆ”“Ñq¦%%óIw?õtðí7ÿ¾ã8¼;Dàp•>Cµ?uÊ.×“‰9†®ËÐ	pC§?7MŽ‡Ö°ºað¢£ë¢«Ôå×awŸÍd?ÍòÙ£¥R½½½ðü@éÎI•¼&¾h•GÒ@œ«Joce¨ùfJ¾´¦øOüX³hk…6¼CYlIÅ¢ž3¢˜ákš†|>/qoÏóaY²¹,4zÕÛ
ûDyM2TDM®Wº¥³£ÿ4B\ÞÊs”¦^¯7;c§ÒcVB`ë‘uðÐÚ1h¯ó?ÑïûàzŒiœ†&Ñ€ë—|BbX×LÝÆ³nÆ•=Œ“¦^?½:¾Š«ðöú'ñÞ¦dö*EWaCT0H¤Ãè/wKæ‹­g‘5jäq˜š?`ÍTj®Væ9œÅp÷“gWi(¨èÞ)—ßë4?`}ÿg©‹±¬9AÝ0R;L¾”`”Â÷}è:iJN©º8ÆD=Ùé"%Ï‘¡ãÀ“0gßé¸é‚Sc?Ûº?3wî|äYù½cž-)Ú/Ìÿ;ú’—üN×È
Á“Þé•©7*¼}O?W”ìÂ@¨ñ\×“ÒØPäP.Ÿo¬¯ƒNŠÅ"<ÏÛ¥ÕÝq]˜–¥8™qg=€ c›Èf,îA·oU‹‹ø^h¬ž€ÀçP‹æiVáºƒ¾ï£Tväbfš:|_Àš†l–Ï
d·­sv†iZ°,ñÏ4aÑ©óBnðÎB°j@€Œm£¶¶¶mÂ€ª··GªG©d”Dž¡à©$Ü+ÃØ¶\6ÃS“Rn·¤r4VÐCQÔÆ?pn»`€>yŒ¶ÖØ`Gà‡æC¯±‚›ÏçP_WJ)Jå27U³ù.„g¸²*^Äàu(¯¦ˆ'÷5&žßh‹?¥	h†RX–) 6èØÆÐL´ä:ä×9³#÷_ñ‚×?Ûæ?‡)mûbvÇ—b?ëw{?5jò‰AF>PôxhÈ´bÖÐ9øæäKpæ¬_!kðüÖMý«bE÷ÕÏ†”ä½žå%[Þ?0QC¦µfs¬g1qK*¬OZeO?Ã”–ƒåž_ó'¹“
-²ûÜ.,Ùöj*Lœäf@•(ûÑdEuˆ7›qõêªPwåÃó¼óñ
<õúB\ø«¿Äç#ÛñEç6,Zþ9¿N2.þÎ×ÐÒPèé/àå‹+v“iþN©qr,	miñ€‡´AIÁjÔÕ?1Ö¹ôîëáôÂºè&è“¦óØ$Æ?®êkQ*—Q(”¥œŸT9a®ãÈN+1-C@¦Eòr/ z`.xwýê<ìèÞŒC?:g]xtÃPáT™FÁ7·m‹§‘89 >J%Ž‹ë„ÀO¤ÐgËBõV?Ó?ÃÏôA³ep‡˜¤çkò0M…BŒ1KE¸®ƒÚÚ:)jPß×ñà:®HF§¨Ég`YFÅ š¶3¾?ÇEñÚëÁ6nAæÂJÃ³h?œº‡?.…t-ðqéB"1HÙ)C#š™¨ðxJˆC‚L<?ŒˆÔ™$ÌÄb´VëÒÊ*La/hRÁ¼3ý‚¡ÙQ?	+· t?»öáø%,ëZˆ¿/¾GŒýöþåŠÇl-l@£Ý‘Úëz~	¿]ðt7bŸáÇbïŽ¯ o5B#º
_ `žä^«;‹‚×ƒ[ß>ÇO¾MÙ¡ Œâ“­oHf‹F48â„”@t~ÍÓ0/€TRõªµ?€¡±žÚ§y">Øò<|êâýÎçàùf·]3ÐSÞ‚×þý
m‘¤0„ÃA&¥¦iÀ :|Ï]:?ÑUØ",ü¾B;LòÄcV¸;[?KeœsÃÝß¿ðÔcaê^[¸›»zãFÅ„íøîq‡ã–ûŸüîïOãÔ£I¥›³]ð¦Ww$FÅ›¡Ò—‘TW³”]Þä¯¿)ñNÁ½þ§]ëØS8á‚‡Y#›ÉÀ4Še”–iòB«\8Žã€R#W±î+Ö?>eÐ5ËÐàù%ÇÁ_î¸ÝÛ6ò.äù¿áÀ/?„É{ì‘ìÅ@otÃ@¾¶A@4>J¥¦iÂ²LŽÃ‹¼\vø6NŠx°4¥Tô$nKâlH8 N|bJ0@Ü?•É¡]è¿mŠÅ"‡/8==;?ÉfEt^4}/—Ë²(emËJPQIjqLe2 på5^} €}îY0&LÝB2:îÍá}1'#P P,EôIÂÍ°Iq$1¢¤B)1‰¨‘j$Î¿d¨L¸‚¸†žáŽÒÆ\ƒè-v††ñÍ31ÿ‹'àEô”·¡ÏéF?Ý\½s£.Þúü	¼½þt7á³oÂî­ûT>.p°¨óMœ>ý†T®±®YQ7	ÝÅ?xwÃÓxoãs¨…¼ßÙ?€yÈyì7â8,Xÿù{“ZöÃ²®wð·Å??¥gàS/†ó?é2Œ¬Ÿ‚~§;6œÖÅ¹¢~ a-š ]F_Ç9ü!.GP&üœê²M8aÒxléM  X¼í,ÙötÍüu‚±3°¦gŠšµñÅCÐ¹Ââëy>ß[–à?ûHÚ„tDJ)tá¦éû¾¢îäç¢ä¸0t-ò Rô
»b>uüH\úÝ¯ãÈýf Pvñâ‚Å²Ði¬Çç·`Æn·vÓV¼½è3ì?câ>7d0D'¶–nEÈ½˜4r
·1,Ñ?°ÎÐº]q8Âðv€0?=U¤?>4Ý@]mÇA±ä@§”ÛÑjžëònÝÎÄB?UxWÝÌQÊáDÓÐaÔä?ËÅßôšº&éµMÀðé¢·ðóËŽCSË0ÜýÈ§²ãçÝy¤@ÔŽÃ­–iÀ²Lº†¾ÎÂÉØd„ß:?â?NXD™K„b?§â"E9à¡ü¢ ”ÓùjkkaY
J¥\ÇE>Ÿ‡®i(–Jr·dè@.—‰ÿ}²^§Ê øüsÏ¹þ²e#0?>™«.ESVÏ'EÑÆXlñeàêNu‰ž¥0-“ÏTszéâ¨,à,ŠþŽ¹ö2…]OªìÅS”v|·H‘±íª;CõåÑ òà×8u°fÇblè[‰%›çá€‘Ç‚óAiÇ/aé¶wñÎÏbÙ¶÷`éÌz®>ø>èš‘úgîXp	öî8¦n¥Ïš¦ãä=®Áþ#¿ŽçWÜƒ}+PôúäÇ5ÎÀiÓ&†›Ñ/Ïvs*ùøFô9Ý<Ä—èhÎvà[»_…Öü(0µVšrè*®GGíØF.î`tý4t¬ÂÄ¦½ÀÃ?ìH¬ ï¢Þ‚æl‡Äœù 2À„Æ½Ð]ÚˆŽÚÝ`ëPÆ0¹eœ·ç]xrùo±¹ð¹<ÎÆÌPœ8ùJ<¿êOrP[—iŽaØ÷;:A¾çÁì/5ý)”è«*ÎP8dˆb½qKŽ¿ø—øbó6x~€Çn¹ï9eÇ‹à3AßMÞGµy,xè×h¬«‰¸ä¢À®ßÜ…WÞ]Á[—àÕ…K*Þóß<øö›>©j^kuÌ<žÐdhDK¬6L1Ða)Niÿ˜-|˜¸è%·B»ó?m?±Áè÷À@/¬S$o`O¿Z¶ÝÐQ,9p]šÆ±-Ë²ÏTêªªl¡¯¸þ¯xô?[ÐÛÓ?©³Åð‘c«Ü;¯?!.†t‡µ0š,/Št>ŸAàS©Z¤ŒÁ2-ärY9LÒ“Ý ©JfŒ—¶[<˜–)Í'ešd†„BM×Q(à{|ÈÚ××'yµš¦Á²LÔÖÔÄ„>;?†?0à½ñŠ?¼(ðÔî¯ÌAîö[£"'®RÉ®'ª|HåÜ‡&MükÇu%…TíÒÃa±b¡4>ÓQ®¦*Œ",á	H’Ã"¢tò¢ôË… :ûaŠp±AÚ „oTÉ{<a÷Ëð›wÎ<ºäV¬ëY†:»	›ú×`Sßj|Ñ³y«ã›gâk“ÏÅíbXÝ¸Ôó¿¾wþõÉï‘5ê0»ã¨?’DF5LÁ¹{Ý'(¡·´”QÔgZ$;%ÙÉûÔÃˆºÝpùþÃöb'ÊAY£õvKlÏühö°­°­5#å="}ø)ÃœÑgbvûWÐ’J:òLr0šr0;Œq£”bÎè31«íË¨³šaê6úÜmxzåhÉŽÀWÇŸKË?Ò†ÆE„ooø76ô/«™ˆF»¦iÀ÷ü( &Ø‰tœaÊ¼X"`?ðãY¤4?sÀ¶æ¬þIpÙm÷á˜CöÂ¿^z[~oHS=šêkS‹iï@?u5·Žfˆÿ˜;¯jÆ§úñþ§«°zýfŒÑ^!JB)DñŠBe'‰H%ˆ±<HÿÛoA^üÈÈ	ÀU¿»þ/`·^òù²ØøO>ºv%²×þŽ]!Ëv=?0!o÷á”ËÈ„AÊL©Û1‰wårç@@Á0züT\}ãðýE8®/ïëeŸ¾ƒ—Ÿ¹Ož©Ð91Û£ýÅ
ñC¸Xär9èš–ïH¢ñeƒé’T†LÜk'
… Œ?0À4LÔÖÔ¢ì”QfežØ†ŽºÚé)-'–A¥§9íÜŒâ7Á{æyù£Ìe!sÎ÷Al1!¾¸>S´ˆ ¾T°=¸×KÙqRMŸÂih(—¦	Ë49ì!ß¢d&v^ÄÓ]Òà-5—ûSÂ]1”îW^o”MOä°†8}sn~0û7øÇ'7áœ½nÆÖâÜùÎÅÈ™u˜>ô œ6ã*Œkš!üäGŸ³K·.Àü/žÆúžZ;çìuC¼ˆWMà÷¢­g£‚[12NùŠ4æ†*¬.U¼í^ZrÃ%ìñ±50ÆEf-ùŽ˜V£9ÛP€j|ÆúØ‡u¥9;Lvõ]¥?XÝóV÷|„÷6?C¨_9Ò‡O]Ù?iÔwa’,|Ÿ³TBJrðâtCŸ5…>Ã‚¸p.BIc¡o¹®ë¸þ¼“qý|±¹wÿãy•Ÿ?cÞMõµ©Ù›•¸5‡þ <ÇW˜…_\pŠbgºnÓ6œz5÷’)–]<þòÛ¸âŒã+jDdÏþd•‰¼?CQ:†_Gé-Dñ±` žöÀmÀËB¡õÅJàú³¡ýì^à1¹ýÏƒ`ÿücT,½?ÒÍÃ;óJ¸†0ª¢LÜ¸¼7-º¡Ç:ïm[ÖcÝçK±vå”Šý0-£ÆNáJXø(ÅÔ™aÕ²ñÞÛÏI¸ÄsyÜ÷Q(ðçß]ŠOEæ?Û»6áê
§TÀ¹—ß…	“f§ÒÒäw(E.Ÿ‡aè²ó$a\zþ¬VeØJvBà""½EF0JÁ¿1¸ý,A¹Tæv¯†?úÚ|"ŒUâIU9+à¿÷
ç]ºe«üÛ¹î…uØ!UˆeJ¤X_?ÜGìŒo?Xz¬? ”¢X,Å|ë“ÝEX$c1ù>gÛ?D¼GgíÄÀ“‘?d©)DLªP¡pÕeÊNìèx'îøTXRpe©®ófcTýî8{Ï[?³rha¼@ÖÚ?ølëB¼óÅs|Öaä`ê!ô!(ûèwzæmÀÐ,Œiœ†3fþÑÓ«wÂˆÅÊÃ¥LHñâÉ¦:1b¼ìJ*HeQRC—CXBš5MvµÉƒããdgBV©ëÆÖÏÀqã/Ââ­/cGy3Ê~^Pæ®¥š?:«Cr#qä¨ï£I,ê2âŽ³˜»aÈ˜£Â
Â
u®[j£ú©0Æpþ·¿ŠÚ|·?ø4ÖoéR˜'Cqå™Çã˜ƒ÷’Ç?ËØÈÚlËD}M®= „àÉ×€	è¥P*ã¼o}­Ñ¥µ©ÍÚ‹—¯!ÀGËÖ o ˆºš\Uè„GâxÂ¼“°TžJœ¸·^ºðµŠçÒ/¿ÚÌäoù§ì[)¤9Î•¿Õt9ètºaÀþØ!óãÉGnÇ¿þö+ôõvït{òûâ¹'îÁOþ9öýÛîyÅâ~rÑ±ƒþþ•¿x3öþRÅÍbUAà#“É"—ÏCÝ¼?×™¥ì‹X%³ŸìÿŠA\€qûVF9Û&ìL2™jrY¥d9 ©‘y+áÞ{J·ÞY{+ò·ÜóÐCªr„ƒU«à¿û>¼gžr9d.½úäÉŠÚ’ÎW(ãb?Ä¡D4Be7"¨ ¦iˆ¹‰‘%Uþ¸r‰&ípcT¥{•ÃMJa
ÑVª"š©?<E@YE§*Ã?ãqÿG×
–¤¬,Ÿ?Ž{s
l#[‹¤eB±A"dc›úV@#:Úò£¡iFb(?„ÕAüy3~â3¦tëª[ ·†Õ…ñY(“±ê?ÈC¿Û'(€2D×`&É ÆlJÌÃ”¶LØ$‡*ÜJ‰±‹]Oø
´'M¶|_ž+"´ªªSO™›ÅŠ74£KÞòÉ ‰Ø{†êŒ”x#†ªAÐáëTswe!¯?F«8c¸Úz>œëÎ]±$õÖö<Ö¿‘†wÇOAçUú5³º&8?ýì–6¸(dìTäÂyÏâÆ+¾!gÄèÉ˜¹÷—°mëz|¸àE8å"tÝÀÞ?Ñã§â§\ˆ?þÜ×µxóåÇäïÝú§×0aòL|¾òcüõîk±äƒ7ø?¢©ç_ùGð`Ìøé¨©kŒððŽ¤”ÂÔMäkóÜ5MÙ~GùŽ)”¹Ó'á`ößsN¶?/=?ÃP!7^7x0q>[©ŽDJ1§]ÝøÎ™ Ÿ,?2Û† þ…§¡57UlÍ	Ù
”®ý)ü%Ë ·5#{×ï¡OÛ]êb¢IÁÑwSé?ª˜':N"ñÐnT×u!®2bðI,
¬b’ynâ*à¨c4-³òmQî2þzxaòƒê8§¦aÁŸâƒMs1wå_QðzàS¯ÊAƒ¡[U¿;¾5õJ4d[ã?‰B]áùX…Ÿ&2?ó¿cƒ^¥Ð#ÁèI*‹=b4Û?sÒÃŽUu)»e*”›^ÌÁ0zU¦iÂó=?uëð</ö8Cä„>(¦aHXN×4x¾—ØQ¦iÁ÷ÃÂÏ¢•Šú;®ˆ‰[:,âDÍBE"¨Â’(v/†	LQ`I-ÔÕŠxÅ÷•N]À¾$ÖaB‘B‡ø ÛÖ	çš3ªq ¼…à?@ëï?ÿ"ìn„vÌi•Û·öMçÃ_³LXÏFj*þÿ«Ïý-š¸ïÿUÜõðbœ{éíøÉ¯ÿ?3ôK1}öÑ6l¾÷ÃQß0#Æã”³®©(„ù|¦Î8mí£¢Ã´0eæÁØ}Æ?˜:ëPäëb3U•L@?Ée"ÎWýÄ IDATlWf©8F°f( =—JËpwþÌV¼žç£¿P?Þ7PERÊëò^{G|ô“eò˜Ì£ç aÁ›‰"ÎÓÁŠUè;ù;è?òhø‹?…ý­ãQûÖ«0ö˜ŠJ$Yh<Žã
#5K\Ü•ÔÕ˜d‘u.@d×å:Žˆ¤Q¡†ªrÝ™*7NC;¸Ô ÅDp<ÜóçˆSÊ¤u¯Ffw…«~gïy+Ž?t>õMÌh?ÓÚÆžÃŽÂcOÃ·§]…Kö¿?ØëVQÄQµˆË/Xœ”tMvÕ² ¨®‘ˆ'ø *ü®ú$¸I„H~Èü B`í‚yïÝwñêË/ã½…ø>Ö­[—Z tÃ€ëyØ²e+|??KMÓ°eóftuuI}DxLa¡7MSú¦Ä»qî¬ÙÛÛ‹c¾r–,^Ä§ÄÂ›f_>Ç~ûì‰¡­M8ô ýÑÕÝ•z~Âëñíùoá’‹/Œ¥]pþyèëëU||BˆJKãJ1>ÃªU+1zÄP<ûÌ°uëV´µ4 ­¥¸ûN|ÿÌïâùçž?ºpå0bØ£J—ƒÞ(]wØÖ?;©9pÊ(¼;
¶m´SÎ‡3dÐ½Æ›Oƒôp˜„lß
ãæÿƒþ³{¡?{
ÏuÐß	ÆŒŸ“pOž%w/]²Åâr¹ACr«Â¦'VÎ€
¼¯º—(²ùÃŒ˜,bS$;99ŒUV1xŠß­d:÷š/Û²?Édd(£¥²Ó °mSÀÙÀ•n»ÎïïŽ¶í„ ó½Ó?¹îî.¨¾îž”®ºÞÜWßÙmò·ýÆôiçµ…Ä8Ú~ X*`°,™Œ0ÅR©¢ªÄËYÌuS#á7-fI–jfÅ”ÝKà-©0K	OîC‰°o¥ð|Ä-‰¡?~&}º¦clÓÓ´‡Xà©,¼ª›!‹]IJªÌ["_"ŽS‚•Dx FŽËÑ«ëô	÷)Q¶õ”RÜùÂÓ ?¿»iãF|éËGáé'žDCCvlßŽÍ›7cæ¬YØ¸ar¹–/[Ó41fÜX<ñÏbê{`ân»áíyóÐØÔ„ÚÚZÔ74 ­­iN•œ#®G¾óˆ,ŽãÀ);0LË–}†þï|ø¾?)S¦¢µ­«W­Â>ûì‹^xŸ¾O?óÆO˜J)<è`d3Yüö¶[ðÒ‹/`Äˆ‘;n<>üð|ó„ñ?GFMm-®ýÉu`4À	Ç[¶lÆ©§?Žùóæáéÿ<…uk?ÇC>€‹/¹Oü›zÌš=}½}èêÚ†c?û:–.ý/Î}ííCq÷ïÁðá#ñæë¯¡¹¹·ÿö7xü‰§0dÈŒ=Ý]]1+Ý?¤"_wÄpP¥ÚQq)]ÎÎ‹x²7#þ#w£üæóö?zÌipÎÿ9XM]ô8Ï?öãÓÁúâi"¦e£©e¨üzÑ{¯bíêOàúzºñä£¿“?«­kPÔeÕb™*&ASSW?Ví¶˜¶%»Þ´Õ!fÔ%¨?ªs"“ãJ’púÈƒ¥?0eÝf"˜8?iß¦eñ„{]‡eÛò<ø??RÙå^2``å
çþÎïîŽÑú2?<Ù~
’ð9	–¯@ß³á=;$ ï5õ/?¯ñðõåè¸C¡PäÔEaIA5­­É!cÛ1ßu?·€rîBïvÏu#/ÅÁ2¶{J?u˜Ò9«VÕ¼úCöJ –ãº³µ6L
?>¹?Ž’:ÿ-¾CH?N{"‚E2˜H¨±f¬‚öJ’ƒËtªER*âÊ*»Iþ¹ïû A€uk×aÝÚµ(•Ë?Éªå+dâ“ëºX¹|9œr?›6á¥¹sÑÒÒ‚šš,Y´ùÚì»ÿþX²hŽ˜3år½½½’V§r)>OóåÎ/„aÂ¦á+G?®®mxýõ×ø>jkkqìqÇáÑ‡ÿ.ƒ`†?B¡€?7€2
×q°ßþàÁ‡ÅöíÝÒÚ†©{LG¡PÀÌY³pìq_Ãô3±xÑGX²x1Ö®]‹	&bâÄIxëÍ7Ð1|8êëëñÐƒ`ÌØqX³f
…öÝÿôìØ?E}Ë²ðÙgŸâÃ>ÀðŽá˜<yw) ºóŽßcXG–,^„¹/¼€††FüáO÷âŠ«~Œ¾¾¾h?Ø}éâûÿí£âFêëáÊ>Æ`äj+ /IbN?o~çr¼ñ"·~\ùÙû¸üìƒ`grð}};ä¯2ç[ÈØ9ìJ²|òêÕ5õµpýEÂN¾	á>*i]Y5IF_GÙ:ašyõÛŸìä˜y÷Pn—Ü(›ÍÆn<BÏ-¥T>Æq=˜†ÿúá?ÿbôœ¶‰ÌµWÃþîi1n-8û;J×^0~Q™çœ…Ü5W& !¥èŠÂB*…7zFd¼2  ” —åéDÅR™AcÅ4„]” [„Æû$J~C­;?[G0ÉWÏ ôÏHs1Tòì•ªÄ0õ?íâu>¥ç’Ú¨‘?í•–Å˜‚‹#½1WUºq†MBxF?ðdOÁþ??òÔÕŽžˆÅ8HÀ4`|ïBÀà”Ë¨©­ÅÂàz.9ô0”bè°a˜>c:ºººáû>öÙo?ÌŸ7™Œ?ºúzÔÖÕ	‡Ó? 2…ÌÙg.¶nÙÛ¶QßP/C.¥.,ËŠ©uàößß…¶öv>ï¼=íC‡¢£c8^xéUÔÕÕƒRŠ%‹á’Ë.Gkk+h@qÿßÆ?!C@)Åïù^yù%ë†úúxž?öö¡8áÄ“ðƒsÎÃØqãpäQ_FÙ)ã‹uëpøsðùç«Q(ðø“O£·§mmí8ý{g ¾¾åR£ÇŒÅË/ÍÅ”©SÑÑ1sç>?‘#GaØ°ø¾?{ÿúfÎœ‰+–C#þ|ß:tÃÀÏq3ZZ†Dˆ›Ò™×§Œ$ø¶±Î´w;J?9lÓº?^ÍÖ	gAŸóM”Î;°¦Vx§_
VÛë•ƒ¼=7z¼?¹øW S÷‚jËÒÅóqõùG€
%V¸†‰Ææv|õøspò™?ŽÝ‹+—¾??¾w4ìüãk˜¾×¡~yíéxåù‡8ý§}~v(ü€!Ç‰,<}Ÿû6†?l6]7½?IÂ©ŽìTìv˜¢^­–¨ÍÍ¨Ê®'LÉ|nÀeY‰ÁˆWš?1ÐoþG¬²Ù×\	ûì³”-8¿=Ý¹/¡xöùò·Ï8Ùëžp¡Øl*Xvxã8®‡R©$‹¸ÞT	î†iðÔŸBÑ?ï{Hž´¸F@õ®‰¦›á€KÓugÇK\œ?b®ék»‚3Ó@¤¬GEŒ
GO !¼#ÕZúè=Õ¿?\˜b²ëŠV¸òÙXb IR 5ŽOpŒAU‡Tß¤Â*Ÿ??ÁsØa•ÄBh¶lîÄŠå+ÐÜÒ‚|>?aÃ°èÃ?0eÚ4Ø¶?þþ>l\¿vÛÏ=ófÎš…‘#Fà©'Ÿ!‡Ï™ƒ÷Þ}¥R	³fÏÆûbÜ¸q``hhh„ã8 Ö1œÏ9CFªo‰eÙ,ÉzÑI® ‚¶úµ„ŸWbøšN8õ”ÒªL’ðÅR„?ÎdIû½´ŸWðN•ÁwÒFrõ‡DuYK<íéFù¦A×,´–›_û‚9'‚þè¸øEI4Õ\¨¦¸ø×Ð&îQq£rŽt7]u>Zø2&MÝg]x??ÍÕ ­}jë›bŒX³bÎ;e¦ü3¿ùó<L›¹?‚[¯?sŸ¾Oa´¼ŽÉÓÄÚ5Ÿ?1‚ÆævðÀ?w„ÉŽapméÂR°ÕdM"±
Q‹­|,K™IÄ‡‚”ŽÇ?%=Ï…ipïr‹9»qÙ?ƒÿö»ð¾÷=h4ÂLõ¯?ìï~;jBôö¢gú^ !¥lÂ8Ô¾ô,ˆ¦Ç¤DL¹˜ÂëÎó|ŠE€1˜–…l&WNvœºN†é¡ì¸ ŒÆ:Ë
V‹RÔ¹/Š%YLüMÓ0Ô—/…]ÜÂT?ÞR8Œä
‘1?Ò78¸BRo2]Ó ëÑ€²êÕ›¥°œÉb‰E‹ÅE#J1WÅO1…äÀMˆ'
zÈ²?l·Ö4]Ùñ{»»»õõ°IDº2G4±ÓõE1M&Ó4áz®œpë‚NvÜÉ?eh£*²,Kìæ…BªqMˆ¸¦?H-Òº®ÉzÒË<Ää%ÜG*™';£¦2R¹ÌT¦Jìõÿä§×]Ÿ¡«(æ$“ƒ9çxøÌÛ±-½;mi‡öý«Q²ó`Û·B_¿*…Ó W\w/Èè‰üË°¬ýêÚ“ñþÛ\•Éæ±yãtn\ƒÛ7£\*¢¿;jêš éÝ£Ö®ù¯>ÿw,]Ikkj`Ù´?íÝ›ñî[ÏÈŸ½øÌýxøÏ7à¹Çÿ€R©€Yû%9Ðj p…šÀ£:%:¼x05‰gò…otEI¼YD¦‘x¢×…e.SüÆÃÀ
¢EÃDÌ<‚«~lØ=÷Äq°¸?žö->
^¬\#†&ö-7Â?>Æ¦?¸âÑïÃMî*—ÍdäâÏ…"ü„óá2–.:!Z¥˜Ç÷ à¹¬† žéºáÏ#fÐÔc„Ç¾V}Jâp˜FHŠ®‹Ò1©°FÜJ7üGEÔ‰&ìxÃù©hºH´gŽn¿?€„ªDš{º’¸ŠÌ¡¢Ðhr!ˆØGÑÏ’øu.—‹©D¢0áI“E×¡
¦a$<z ·<‚
Õ?7V4¥{‹µø’QCŸ]Ó4øžW‘K)å6¸UëPÇÀ)?LÜkQ_¢iÑý?–ãY­¯VÌ¨Kê'I§-!Š°"v3)Cö—ÀùÃÏá¿úŸÊáô‹PÊÖ‚úØw/ƒ1¿’CŽq»ü¤©­êA—ËtwEž-Ö-Ç†uËS;rÌd\tÍ½˜0yOÜóÛKñá»/Å~þøßƒçž¸ÿ˜Û‰c¾ù|´ð¼ùò?ã€?CxQ CâŠ×¿€]ièeÃ²L>bU0T†Éd%EUVT
£4•
¸®/Ãa3Ù\lEd”\epÛ¸¬³ª“\÷S¸žƒqô0L„æ¾"µî”úðJ? 	Áÿn ¼ÅÃÉÎØ"7•Vâ´ø,EÙa0M5ù,Je®uPLàæDhïy¡Ö`ÊÜÑè†×„l»X,òîÜ4@©`4èú #þº4PÄ‚ÌX%|Nï¬“°…\8Q?ö²U]?à?A„sš X0ŠªA**ÅÞWuŒ
Ÿ‡°ÊŒN¤ƒZ¥F?d4z»O&póŠ e%;ïÐ×D×5ÑÍ	cp›	†a‚P>Ì'„Û^{)´PŠo˜àòÞ0M‹óÌÅâíûÝ€)îÓJMƒ˜“é†,àás«–ÊáBÅdBeÀNèô™fc\Á*©úF’TÊ`Å¼Úã¸²“TRæ"ì5aÃJ)œ¿üþÜÅÿÐ?_?sú%¼;Ù°öçÄÿÒ¤™¼ˆ×ÖWˆCd/+¾^½üC\~öA
ŽZý£±¹?¼Ð‰ÕË>Bw÷¦Š×Îä1mÆ?ÐMÎíïëÁò¥ï£¯·Ím#1¤uˆÆˆ*AWw	‰í‘ešÜôK-±ü½Î‹(ÛR#•CaULCïtÇ‘x_¾&]Ó#%š¸µS,€•J(÷°UkÄIj€õæ«ð„zÍÐu˜–ÅÍö7l@ñ°#?PqGjþúGG.·ö”Å†Â@ŽëŠ9B–i(£	„ZL¡F,K‡ç(•]eûOÏd2ƒú_BšÍ£½ˆŒ¬©„"ÍJK…Ï	?•¢MK"JU°J’ihâœ¥YªOÃÍ%W(%£”©ÖaÃ ÌÀ”ÜTJÁ(‹ù²Ç0y1oa,~}‡ï§ ‹?ê|¨‹H6&]*”žžçW¨¥w¹ø»žôJ‰Š¸®ip„äÞ4-	³˜¦	×q?”H™&g³xž'Š<b˜i‚“Ž¨s??Œ(‚ŠÅ:LR†?/†ä™„‘ãç!¥H§`ã!‘@m
¹&q>­•¨Š:Q@2g_'Wï‰û£ƒ˜÷<Ì]`Í­Ðß|6~0Ó÷~ôs?L¶*s |‘®SÆßïý|ßCkû(\ðã{@4·\Doo7vtuâ?ÅÚÕŸvtoÀ0nÒŒÇLeÇš4´âoN]}3¦Î<…¾]SÜôR:Ÿ‡‚‚r©$:@3~ó±$ÞfPAD‹É² Œñ".|Gü ¾ä¦ðÑˆ°PM#•‘p‹žÍ‚°?°zÃ› iÛ†ëºpÅ…mÛv?,*‚ÆJ7ÝŠšÃ‹uãj‡ø?(<¯4âwGi
Ä¸ÿ$`¥2‡Zjò”JŽtKä°<Gs°"¯ÂÝ4¬*E\ùB°¥T?mE¤„W±Ðÿœ±*¤Å?]M` 
^T] R}b»?
Ž
Kgš©Üq(¯.¼ñ‰&va¦hŒÄ2+¥?KÒ…KüœÒº¦£ZÔu”^ÏÄÿ<W—
|9ªäËõ|¦É“¶\×OøÎq(Í]:c|‡Ì3¸‚3¹!DCÉ`’€3œTÅ¦èÆƒ€ÊApxÌ!ÝUÓˆôoa	—¢(§–Ä¬‘ê3u`©­¨FÚà3mÀé¢ã1Ò®–ðÃ?p èû™SÏ‡6fœß\½‰Ÿ¾WyM~õT?“~¢;EùÖ¯ý+?{ŸóÄë›þkïmGUþÿ¿ö”SnÉ½éB%Bï„^E?•¦bCä#*ØQTTôŠT‚€ézK !!	é=·?23{ÿØ{föÌ™“ð[ëw×Ê"ÜÜ{Îœ)Ï~öûyvÛçð¬+?,[òvRÈ{GŒÉ·–A•ÈJN„×?‹xŸ§uh•?(WÊ¸®^Éã®Ù÷½$‘EµaÆp‹ÒjIfÅ?I««Ô¯!åR™J¥bÝŽéèEKXu[*_ÿ2µ{ÿë×Ãò÷†òï$?µZÔhèê„Í}i½Y´ˆún ô©s2]v|Ã7„ãÐÑÙIµZÉ°?rÈRFÀ‘åkg»Ôz3Äs:;*4‚?z½I”J¥dˆ…„¿ù?ÂŸ_“ýäÛN¤üØ#ºÉ¨T²ÌëØ¯Ætd®ãšê¨ˆpr×žÖkžü1ysdÕ©Ê²ÝÍ^s•/ïÚ7Ú¶ëÝ‚~ KE‰³^Þ§¿¨‹Ïö)Ÿ<ÎPJ¦p’Ë–á\›ãs,ˆÉu]d%]½k¸ÐR¥Â¡H*TàÛ›ÖÖ"H‰—0?J?xõÄ?ÊÙÂÆ³#×u	CÉÚ¾=UŸ’ïRáÁ×—sì.ZLäYî‰±?L.?E;N —6,erAm¯™V¦ŠÈõVª…¥’~æ¸´Š¤˜¿Ÿ¨-þÒ³­6 ¢ÊÑ¤TÆpGsHÕ>‡~ö›¨rµðv”'œ‰8ý«ˆg¥­zŠîž‘ôc –—9ó¸ñ|÷’S¹êò3ùî%æôcÆòÈýJ~ãK—ÿÑRÕ‹Ìƒ•ñÊ6¢ƒƒ™MÜé	ZçOôCJÃ\q•`WWa¨%éÍ 0Üã”é Úü‰dœB¯?†É ¥$‚„+í¹ž)’*ÃN‰ÿÄ?¤°Åê‰‰—Àíè¦rë?úÁoD??ž;\ÏMS?fqî9dw¢ˆæÏE4÷­L× ¥¤n¶°®ãP)—S–‡°°öqæ‘íÕ’)k¼4¢Ö)ûº;/—Ë‰ +fMˆrb«ãøÏØq-kgŒz;Ôk5Íb0,	ddvšÛ/Q°Ï±\.õlD)¸IX¹°ì-=3ôÔ‹ÈûàrQ˜-™ÁÚ-mÂyã—FÒî8:l½]ü`ÑëÇja?¶cüU’LT4µ–4ñk‘”IDÜÄ?eÌ.ÒÐ‹ÆÍãïéBµ?«ý[Â0¢©x}5%_éµ^Y²1aîA``¼R[™¾?[;Nkvg<ðŒëA¬p?ƒë³´ýœ/ŠÍùÞ®²t`«¾L±cêÕ±[YR	‚0bh¨F°×¡4/úÊ/e~/8í|j'|œ¦‰nkXäÿeôØmùÂe×³ÏA'Ð·iÏ=õOž|øNþûäÝômÒRÕ;…«®{œ}:>·uµ¶—Vjz$Cµº5DÑ«´ç{­Ç•ëÆu’M)“(¤”N¹ñ<? …abÅ?8Ùn›8IÃ†1]jH%Â¤`utT³AÃIaL±±´HÚl	¥‹ŽoÆN”¨=®›×\›ì’]UµJ¥\!úä'`t.ª¬€Æ7.Cî­B™>i¨†¾¶s?C1T(˜¬?7.t1›¡(60U+ê‡®V×¸eWG%óÙÛßY|O¤™«æáu„*ÄÅs%³0,2	­éŽ*ž{8Ù…ËÂØÛ»­Qy¼PQÚ.²$K½ÌFè™¦ÊÜc‘¹~ÂÜ×ÒÂe`¢–AŽfåó-õ9ª°x÷™!¥ù·0‰LÇcÒž	.÷<7QÇJÞØ8-Ïñ–Rr÷Ë+ñ\'™#ýö‘·¨”K¸®vÎô<»`«6Õ“ÏC3N<”ÏYÄÿIýš™Ü`ÿ×ç ÛÉ'‹’hmì|ÍvtÄøgò?Å¦ù×ñ´Ïµ“n¦TÁÁd mAEÔëºB v˜Eãû7S¾òsˆ?Í}±ÇÁ”?z½n|¦Ë‰éYþl|pÛÏØ›o^õw„¬_»‚5+Ól6ð}Ÿ‰“v`ÄÈqØZegï(K¶lÝÝÍf@£^O
‡ã¸&¬U%\Ù¢G&x&Ä9Þ&Å7P¹ZÅs]Ê¥2CCCúô<ÓMØçÍJËP©ß{ü>Í i|;B†–¸¶eŠv.-Ç–&=º"s^ü?~¹à‚?ÜDpÇ?”NÿöOxæXkW_…<ÿ"œ?¡ô}õ‚+®¤ü½ïj.{Ú=°”ck>›4NæÑÝ‚tÌl@J¤&M{~|Y+Y*e?P*,«œVd¶€qä9‚z# ’ž«GAa$i6ð|ÏÈºÝÜnLo?…ÊúõçqqGW¤¢¬-pºóÛ’Ú7?G>(™}röwTŽz˜fÖB˜]aÔæÝ?ÌgÍ<#*_LL§m
²ÌóøÞÕ0†f;É À÷ýDyóÊ¥4tEŽËïó×üªûßæ°]&$æYBÀý¯¬à#ûl“tñc»}fnÓËgn|žÏÝ—ñ½ƒÎ	³£.Qk4p,Ö^Úm«ºÑv¸¦	pl»ƒlÀ@â™Ž(äÅâb‘P:ŸŒáÔ–?½(¥púúÌßË[ÞfER4ƒ$ð7~gÄ‚_ÜEãw? v?(YÍ::;(êõ?FÝzxUÁ–†ï‡‘£Ç3cÖ?ì¾÷lfîþ†?‹Ê<øñ .õ7±™Xñ ¥[¿’Ç2<á68”îü¶Iºñ0 \)QòRkÛÎ®®D°³'%³Vªéÿ›lN¥hÓ«HJ:;;(•ÜäeEEl5Vd‰ƒ×£ò­oâì¿ÁÏ®AnØ˜éæãî8ð@ÜÏ}•÷^¹ã¯4-¢Ñ¨ka†ëP.•­ÍKkqK‘a•ÜO‚Ô\)¦pµÜàöµ4ì?¡z€xžÓ&‚ÌK¸ŽÎãl4›¸®—dÆº®‹_ò	Ãˆz­Þb—Ú~Wš.L[ÂDì.Ýþ“€,®ÔfO-ÚS[à?a1"¶roXÂŸxG˜ÁhI—=ÏÉ0$âk%U±i?k:ctk·cÃ6»&ÃDàÍÕÎ$SßivÄB­à?7×0mT—ÅD?Mƒs—õFúù*•J|ëä™ àä_<Í?Ï-%PD’Z½Á3óW)7añ$¾>†Ò˜âðQr,iÈ†(¬ù9C»{)îè‹NQä¥?*oaéX´A††êIØ²hÓh8!Ô?¿IzˆÂqÝ”ËJêùoó*•*•r™ Ù¤–8á‰¶›K¥Z ¿œ|XµpKzh=9?ß3.ìúfK;—vŒˆ8?[XCI4|Ï§R.ã¹ßx	vÞÑÙiD¡™ÜÇ<)æ«ŒŒñ?”’’ïQ­”­áY
?d£ªŠ*?m¢”Â1†Þuç­8{ìFpíµIÚ?~]'¹1Êç÷ä³7˜”·ß™{Kådh&2N?9?9Ç?JßO$‚7?D¶¾Y?˜’ŠZCã ¾áaÝûñw]GÃ9ƒCuÇÍ^[c'êû>hÔë4?›?	ÅùK~æ/²oÈP³*ÉìÀH´ÚÔÚ”*Q”§ÚR!Un†ßyÞ·H
«“Šâr4ÑÂrÜ<öúÑ*Ëx±N‡ˆÙM”ìÇL™Ä'È®!¦+Žÿ”K%–n¬³rc?f³‘Y·¦?ídÎâ?¼³º?yÝQ=?Ü}ñAœuà$n}ö=N¹æÎ¹î¾wÏ\Ê® ì*|ÏÇq\-BŠ#r×3JŠ{Í€…÷'zá´?ClÅ­é¸mA™*†OòÃÍ‚!´&ê×úúŸ‚ÌN3éBCÃø?VÇ*,±I´?WzžGWW“Ý?Ë¶ˆaž?œÙ-*Z
xúp¤ 2Ã9;ü7Þ*%ÕŽƒ«ÿr8œö0vSÆ…®ëR­–3ý§ãJžHX%•j•jµ‚Œ±A)w0A§ IDAT\.„Ê("ŒÒ¤’ŽŽjæ!t„²`¼¿¡«ÎvË‚ê/~ŠÜÔ‡š¿ íöã.Òx–øWý¹Ý¤ì+®YC,uŽw2dÂ?Å
?ÅkN~ÜàýŽ£Ý?ìWaÝñ 4(š‚“RG=W00T³RiŠÙ(1´Ö4ì£À<üEÅ°µP¾´^Î¯²ê<K`ÔÚÅäv‚bØEˆ¶Gœ×8Ø3 ¢;)éŽQ™×ŽyË¨˜3.mwBiðe7¡øµÛiÄ¯"¥¥Zv]7É¤?1íz£ÉŠ¾)æ¯È¼ÒÙOfí@È×n‰Ø³\F=]?|ñ˜?¸ë‹à®/Ä¯?¾ÿ{ÒÎìºm?‚6µ°Ìu‰ÚX-‹ÄÚðËãY?µK²a%SUúda™4ƒS%ƒR{×VT´mh¨e¡_HcbQÒ?0H¹\¢Z)§-É­7,C•¬àñpã?mÜ… ³£“ -ìÜ.íi?Že<õNBesm
ºã‚PÌ	Œ‡+ÉdßIS¯ã¡T<r]×i"@UÀfÛ??Ù cëÑq]?k2®ëÑÙá&ÜíVˆy½šÿªWüžaÝ‰Ë_Â¹É²¶¨ïÛS|Óéì¢ó'?¢~õ/ð/<ÑÑ‘¡zkv”¯ÿ-ÍcNHyÏ»ÌÄu?¬cw?EÚ\»’c_jš•œï RÕ m…0	T•ÇrY‡xµzƒ0”FÕg~j µ~ª¯ùüX¼9ÎºxŽþÐÍ±cgì„wÔ‘xÓ§ãŒW\”u¢¹óÀuÓNµäãL›‚(•³\•+¾ædD¯½žé–…ë!¦MÕŒœLc®P}›‘6ÂºõÈW_CÎ?«õýýúìÊ1u
Î´©ˆÃ‡©S#Gfa¡ZÍÄæx¨?ADOOÎ°3½G´e‚..±YT`íÇÁU‘Á„ÓÂ•e}(©ýþ³ƒÅÖ…#
C"™šW¥jHÍ‰1ò(
‘Rg¸%?^_Ãìc’bxÄ.9d‡<ùÖ*>üëg¸æÌ=˜Ø[E˜Å7¹°¾ã%çåÍe›ÙeÛaH¥pÐ!E¾ùil?LÂ)z¢ÕÌÄ;ÝXÚÛª,E?ãš[Î¢-M»˜õâY±ËI$Q£Þ B:;ªx¾g”†ÍŒC Rš“o?4?ÉiÑ¸§Ñq)-«dˆüƒƒƒ4ê"_ôÌÖB´ò%íbžp•“žå_FaH£ÙÈœ¨xÁHCaœì€ÈünÕ]FY¾Ž¨TŽAŠŠñc?tvÄ?«LœÄ8GQò„Žg‹t’?ïû¹y„IïîîJRqÚs¶Ò…·íˆÓÊ+åº”.þ<Ñ‚ù8Ó¶G”K™Ó'ÈÃ#F 6¬GMœˆúð©”+e?}
~³¸[ ?	S¸3Úwë?Ð–¨y1„²Õ?àûÆ_¥`Ép]\o4M
?B=ó,Ñ?A½û.,_ƒ-¼Ûd¿òÞ2xá%Â?ÝF8vî‡O¡ô…‹’âš¬Ã?ÁS>–<
è¾ÿ¸3g&|~Udß @®[KãCÉ~¿³“ò£"Êe}V›MäÓÿ!ºãÏ°ô=ä²å`<m
¯þÒeD??¿¿	&ŒG|ä¼Ï_˜Þû7¡&Œ‡+´1ZOOË½¡©t*áØÓyF9>uì9”([
ŸJv[as*?«©rŽ?XÉ?±¡oè‰A w¾¾çic-S?'ôV?Aƒ‡ç®ákC’QúJVË>ß<qŸ^ÓÇ[+úøŸkŸåÄ=&ð¹Ã¦2ªÇÁ3pOFl
¸êþ·8çSB#Í ÀóôûÙ;ø¸«Ž"™p¿•Š2Å<•ì“%Xä¥ŠtJRØtbr¥4F'CðZ¦¸E‘ÆÎËå²‘d$Ô8Œ•¤ˆ'ÍB$€¶(fQ	 ««‹f£AÝk4ÇÓËîÈ±ý©Ó¿+QHD×d%êEaN2‰Ž“9ùŽ8r?}7³fÝ2Fo3œ ÷K(1<¹±ª•rf÷`³í3.væ?ç88BFº“éìêÒÛx“¨Œj1VF
›è&Ø*”’Nù§…?”)U°ä#fÎ4ÔR•…I)Q?Êu	þzåŽŽäºdâ"ûÙM—)Eh=´žcc€jK(DÛ…Êu]<×¡Y´L)…ëúúë¸®‡ãh–Jó;ßE-}ÇtN2>×ÉvI2BÈØ_X½ù›ëh¬XIåÇ?@˜®P¢«“Ò™£yË™Ü}îÌ?­ñM›´¢µë[¥ÙS&!F?JºV#üÕµÈ×ß0‚&óø›Ámº„J%"ö·q€•+Q¿¾–hÕjœï}G¢‰ôïO˜°e¾LŽ½¾e!ÓA…ãdñv´÷{¼»ÒÞ;*±Š?‡™žçÖL¶‹Y,ž§w<2I#Òß›Ð[aÔ°2ýõ&—ýånüŒy£ˆíFVùËErþ?/²`u?7>ý.¿ò]v™4‚íGuP)—X¸¦?…«úøñÇf1}lW"6eÜ2½dñˆá:ŠŸËxAÛbÎ¦È#`EÉÚ¶8¨:É[.çü°Re§²7ÂdRGêõzB­q3<Ù´ˆg<G¬UGä{ë¨-bK%†jCÔëu-»õK¦K°ë‹J¶&J¨ŒêÍÆò¥”4?°&>)zðâd¸¢™mÉšWè\ÿ4›7/dÁæ&MK8ì”BÐl6¨”+Z”nˆ[àœçI1MG|WC-a„¹¿î¡¡!‘OÞV´!CTÐêì±~(Äs «äâ»[ëçE!#D·ß‰3†ðçWãvtdR’2Ãpû•ÌÇïo¼¸j?W×ÖX5ÐdÎªAÆvy=©—í8œnßkõý…j[bw¾ç`±K[Ì„k2–¶pÏüÑ»ì;ì€»Ãö¨qcQcÆ@sý%åµkQÏ<Kð÷»3'êîÒ8ìP*'ŸhQ#Þ‘‡Ó¼õŽLDãÖÛ©\ö5'U[faôß9-Ì÷Øc²KqOÎ¬]P¯¿?˜5w§ía§?pÆ?Ç=J\)‘‘B,_FpßýðøSD.?ùvÎ‡°YT!Ýîd<U­ürí@©q1‹tŒT¦Ø¸»É !HC´kØÚl6q‡R©„Œ"­r.kÅîãºÙy|sÞ]ÏœwÖò›GæsÑ‘;™ãÑYâŽàÙ…ëxò­µ¼»¡Áúþ:W÷1¾·Â‰»OäÈ™{2ªÓKæÍ0]À¢(B9¾ç%,7Í¨i½¤ñ¢³5¿•ì³-2|ña(†YÚŠŒHc'…ˆÕë6)r^j‹2ko7m.n^RoÛÂÚ+‰È„@Ýäìa)°2Ë?`‹üL)¥?TšóŸd«M*	V
œÆ ¥Ç‰®baß Kûjºï¶Ô¦ž…êÙE ¢?¢³«+KÊtÍ¹ÂªÀuZŸ)!4ypT;ª©Y?µÖe]õZÑâø?‚(â_‹6ðÏw63¥§Â©;Ž`ÆÈ*m-•«mÒe{PGsæüù¯„ß¸”Èóèìì4»Ëû<ÃèÈâóÒÌzÛì:‚Ëžx?_½¼‚QUŸ{>¼3{Œ©&Ì¸ãŠÿØÅ:~ù’ïãº:Ñ>úã?„?þ	XE@ÌÚ…àO7R­Vov¨M›ÀõP¾‡ô¼d”øu+E¥R¦RöQQDó¦?Q»âYîèQøO?nøöf¾±b9Cÿ26%‹=×ý
÷¨£ÛEnƒ‚Æ×.Eþí™RZ¾çï83wÎüžÜ°	á{P*ƒçjÅ–jÔòÀ‘J!¯ÿò§¿È¾ãÁâþßµàyy·ûÖÄ·v<e•-û¾Ñ„Q¨ƒ˜­@…˜±ãÉ-‡JÍ¯Â(LÜã·ö}?¡öÆä±9Ve4›Mž|k_¸õ?ç—ËNœÁÙO5¢£À2ÚÒWŽ?ƒp?ÄsTâš˜e?ˆRÅÛ|CØŽ?ž7ÆÊ~/7¤j¯–hÛ?iA^Ak1QËvØµ·ñüçW´Z=¥<ØJ¥Bww7žçR¯×Q†É Š¹›±Ê¬Ñl&+†>ÿjbÝªÀ›ÿ2•/ÅY¶„Wç­cÃê!Žš1?`ÌIÔJÓ´çI˜hµloq» æ±é i	0ˆ”#4³ehp€J¥œ-âÖÏI‡XŒJ`(P¼°ªŸk^XÁ>7½Êö¿{•¹ë›üîØ©\vàDvÙafNzœjy¯Ì'
B¢žÂï|›Ð¨ílÖ‹Ø"=#Ý§¸Ž¦c–=WÀU³'qÍ“Y[9à–WùïŠ?ì ²~%ÂÚìø¦ˆÇ]®j¥iwÄ¬½¯3|8¢»Q.f@Ö…±lŠ8fàèžt"îÎ3²/¾~ª¿Ÿ hg<1aî^{¶lwƒëÿØÂåÏœï0D.X?%zÎÌ?[éd#z]]ˆ’Ÿñä0#Y´„À9ãtÔØÑÙ·|õU„)Ré•ÚÚÀÜ‚¬U-ô%‹­!7Ä´Á¸SÏwÚ9¹¶+p=SôÓ¢èáPŒ7„¡öõÑ´.ÒRF¼ÃhÎ=d
?*%?Ëÿú*çÝðóW˜Y[ÜÝ{&`"û5Ôhr÷‹ËjF[è¤?$`ÚqÜìà:) "i@T?¹¨³Ž˜Ôž@Ql£i;Ðn¹[öM‚|œy?{7.Uhð~X¶iYÀ?ÍIGÇ¡³³“ÎŽ¢0¤^¯%<Î„Z˜Û†ÇE\‡DIÇåZ¸x< @)*wÝBé–k¨n®óï¹kpB‡½¶?DÃß–Æøýõ–NjQO©\Î|Î|—¬¬tó0?ÆÇB+ÞònˆŠÁ¡®çãå,
Å¨Ä èºWVrÈíopØs¹ä‰%’§ÎØ™K÷ŸÆ3=¾Ùdâm.,B§ÀöŸ)–ò<Âm¶MÂ 5ßgbUìÒÍþ>??³’W™ã4‹PîµcžññSG°ýð

Ág\˜fbn¡@û¾‹ë¤ÇoÛdŽÛ²R‘“È°"[›EÉ÷¨X,…¢ÙÕãÇµB;ËÞÃq=¢0¢Ùˆ¤Â;ö(¨d#äÂW^C-YÜ¶ˆ©wÃÚu™]?{ÊÉí¡/Q<Ñ6±Ï‡)èå2Îþûg_a`0"ÉA'b+“ŠÔáÏÉ\KãÃÆcÜq?ÛŽ?S«GIZØ×!ã§¢½ñcWÑ0ç¶(Ò¾6¦ÓG~þÓ¹òÃ»1Ôèî(ñØ¼5|ì7Oò™?>Ïë+ÈCæ(Î?Î]ÍY×=Ç˜ž*Ã*N¢ln?xŒo…“ÁjŸµü€Ófõ´ÅºsÅ·pUÅl¿­}ym½xâ–Rˆ6­cÑ‹Þ,ã×,¶Ä®°¾§@YîŠå²,Öê5êõš	Üõ³;€¸pE©á”²„<ñÅL$ÒÍ?êÿ]¯<‡èvùóâel?²‹]ý
ÍšËà~ŸNù±B'ÕÇô§‚Ãµ†?š1E
ßx·ÄÃ ©ÒØýHmÓi2“¡QË3,ŽéåO½ÇUsVX»0ÁÂÍÎù×B>;k,ûOì¢l6B@Åm¶gYïk)¡)SÎþæÁQ°pc?5MÁšZÀ¢?5V…¬’¼º¾f]pÀÄ.n=aÆu–<S Î±¾FV<¶VfþÆ:ë†Bž_ÕÏÞc:3¦MöÑ:ŽƒçÆø«]×
LõËå„›kï T‘pÌ¼¶¦×¦·z£à¹>²%ßÓò…Àõ\”TÍwŸý Úõ¦½5 øç}ø]Pø°ÉEQk¬„-!ñN;­EÀ“wÏ+z‚ÒH»ôþŽ*å-LÛhg“^ -S–˜MCc÷šÈÑSýˆ2¢ Xr¯U‘vÌ_‹¦?‰­ãhR¶Y	<ßOüÄãØÅf³‰ë8|ü Ét•¿~ä–® ÀóVñï7VÒÓÕÁÔ‘†WµVaåæo,ÛÌÈa®<uWöŸ6"QöÆDˆçw]7ÃÖ‰ƒ¡m•j^…jÃ%q1o¼aaÞ-¿MA·=Èóp¦à‘	ZU­ºT¤?ã³òVŸmØëýE?‡‹Å7l
ÇÕÝyÉJ<[ô
šB*AlL%A´1Þ–HŒ×n |Õoà?yD®ä‘µ˜5²‹i~'MÑKý„‹“{=
C\Ï¥³³£åÊ3Çcœ2Œ¤ÁäDÇÖÖ)E³§»‹¡Z?þ½Ó¨”«º«É…Jþ~ù™=iom¨³pS?WÖ²f0`îºŸø×;?Rà¡ØvXE“rû‰”î¢W6¨‡z±©º‚@IfŽ¨Rõ&t–˜ÚSfjo•_±í°±ŒVeBw…Q?¥öÛôc÷Á0bs#~$9Ùº='ßÀ:‘Ì6§…áÄ?g„cOªVË¸n
•iá‰~PEggëÎÀsP®CI­=@á!fŠúûÝi—&ÑcOàúS`ì}“…?‘Ï¿ÖÃ¯:»pvØ¡x[]TË•*|Ö¤”ÏƒÒ–wy‰‘ÚúšW Ó2;ˆd”Fê	‘0=tÑÕ†WÚu2e¶ÙP‡2Üîr¹léCÒE¤dBÆc)¾NðÑß@38iÏ‰ì7m$ÿ~c7?ó.o­ ì{Ôš¯/Â?F£É¶#;øÚq;qÂ˜<¦‡ ºu{¿ˆÔ›=2Þ0ö9Nh—[pŒ;ª—¯ã9èàpÒ	ÇráE_à‘?Ì[oÍ`âÄmøÄÙçðÃï—3Î8‹?Ÿ}§œt“§Låþç®þéU,X´$C7L –\|dú}AšZ›ÈqL¶Š…‹ç+yÆÐÉnw
qÃª´+»J*¶)M<ø¬Õj4³Å‹#A?béæ8Kår²¡p?¬Qþè7µ>/àßÎf&uW˜”j?“ÎAöŒLn\)%eãk]¸Ø¨ìðUû"‹ÔÐ+mwª=´Z³£ZÅ÷}ú¤R)ã{~F< ,ØØs›ÔÃa“zÌv1…Q"¥p¼×ß`ñ¦:‡PE¼º¶Î`3Êtpñ1÷ú»?í"ŒSz+LìÔþä2Ô*ÓJòÙm&‚&EÙ•É?Ýz?kóâ[iéæo¬Ó†\#*%vÓQàá¬¯»çéŽ.’­¯­D1ý0O*Š,„¡,âµ7©ÿ÷YÔ@?èÕ×t¡h4^|±pa’|#9#‰”ºkã¼Ïüýžäbi/÷ÅZl´Û®ÙšØl"Ÿ{ËÎï°C \*jÕ
½X .DmÚŒ|õep<Ø¸ùÖÛ[‰…³·{mü<°í…s¸nNA‹ØƒÈdcàÇqŒ·x˜zŠç…,ž›JK%Ÿ0Ð¡X<×hd¥øQiÜÚ„-G2btw™ÓØŽ3šÂò?5Þ\ÑÇê?ƒ(Ã»ªÌÚv{Ë‰…FŒkÛ¯¹çy„QXˆ$QoB3“Ì×_þ|?ô cÆŽå×¿¹ŽÏœ{6ý}}üáÆ›ykÞ\ýs¹“þóêõ:¢ÍyOv—Ö=žgñ¦ôÃ¼? “­úÊPŒCnmPÒî¹®¼U)¬b®ÿ_Ó×¡³«Sç3I-Ž‡›ñqú¥Râ÷æ8ÎÊõøÇ_‚ØÔ‡¯$ÿèÜÈ¨’Ïn^•fÙ%¼à“DÓf$4£Çy˜åË–qú™Ÿ@Êˆr¥¢±9s¼µÚ·Ü|3Ó§Oãð#?&B=2æY"ÿ9MõÑ³² —žaÃªÕªQ*éÄžÄ?­-ÉZàˆ4³$†¸&÷T˜ÜSIVí#'«TÅÁø&›Å ^¸õŽ’DJÒÑÑauV‡$~©Œ’µz?HÚŽ–¾Üq_úäR†Bm™ú‡c¦d§¸*Å=ÏÕn‰m‚ƒ‹²,…R9K	²|åJä¢î½?ú›óÒ¡=¿¤å+’R*yŽ¦’†gêÄ.3PoÌK_aÓ&¢9Ï#fí’ºÙ	…Z»9÷Íì&bß}Žz‘@@-YBôÀCÈûþ…š÷í“·6Ë¨«
<Ûs$Dòkq!‘ Çƒå–p’ûFI‰"á„AT@7ô’F,Vr:ÒM¤üQÙÞ÷}|Ï7ÖÔú '?êbâðjÒùžçëAj¤sS?¦UÄE®P»Zè(‹ýMbó0;¿4ÿ50?ÚT«ì:kÃº‡4öØcO–,Ös”Ù³?`Ýúu¬[·61ãŠdÄÛo¿¶Ûn;*•j¦O¹1Æ­bÃ¬¸¾:ÂÝ5ÃMK–^\ÏE[p^™Q ìN¶“éûcñÇ…Õ†•üî0—¡Am+„À+•p7ãYà8býfÄ™?@.[?ï8ÜTYÃþ»Ø¾R¡áD4¾sÑû¤éAaÈü7ÿÃï~3÷ß/7ßz'a¨¥’OFsäá¬\þW_uQtD‚©9äç	ÙÅQY”E}Óê©V;@8è¨R.'CÚ­H
;`?ÖIæó¤5W™ÆÐ„Ø6ƒ€jGÕ`?*ÓÆgÄJ®KÅp}¥¬Q*iASá57Âi÷Ìç‰eý8îüàöì9¶3«˜÷Ò?‚fC¡4á×­Fùþ_5ƒ–"c±á/¯EÝô'èh?%
?5
·GûnàúÈUËaó@!ë:>-®#p|— ”xŸþÁ—¿š¾?ò(œýqðýäº„·Ü’­I£Çàî¹[›
ª¦à{ß'úÛ?2Çž|LGÀ˜1ÐÕiŠ‰ƒØ¸6lh¥À©­ÌÚµŠØ±Æ1N?ŽÕ?Ç„‚øL±uc›SMæ»t¥´ç}¬ò¶3{Ÿ~æyn½ã¯¬XµšÉ“¶åüÏ~’·Ÿnfg¥Œ´>ßÄv´žñ6ëÛü—ë¦ýXÀ”ZØ·íMnÃ¥R‰‹¿ô<è`N=ùƒTÌÜ¢··7ñT*—KŒ9’3Î:‹ÃfÁG?r
AGG®ãräìC?~<7Ýr;3fÌ,@¬[-Ó<ÇEæ„ŠÜCî„Èú3k2ºh§	ÑŠ=(»Hg¡•Ÿ¨KR¤rÅ?;Â¡\©à?ñã"îHIôÝ[‰ÞxOxü×ëgbTfZ³Œê¬"¯¸€èà}Z¶N£‡5¸ìü}øÉõs¸âkgàûpï#øØ	3X¾j×,äÎkNàµk-Iq¾#mÛ\Ú˜X¡LbMœ$£ˆ¡Z?’²ÆÂ–º­¡@òç·×ñä²>®9|2]%· §R­,s3{žCÓÐlÃ ÔLŠxB/’0×–¯R¹Œ4±oÊœ‡üô_<´?{n`›®2×>‰c§ôÐŠ¨ÃÐðT(ã¤w•ˆGÚ%kÚœ(».½îºÇR	œ;PþÄ„G?7r$¾éã×üÂWÿñÏ6ý®îŠ"3ð-ùâT;`(õq?æ¼}0rxrcD·Ý™í,'mƒ³óÌ‹$Y_ƒ€ð«_'º÷Ë†@9g‡é¸gŸ?8îXDl°fËç¯ø.òÖ;
·ç­ëEûI«ˆ%«&L
™¹Þ¶Ù•’R†ž,¥$Œ"‚0Àut¾k`œHã`äü"Öl6Y¼ä=JåÇ?ãG?ý%×ßpÓ§MaÌèÑ<3çî}àa~ý³pìQ‡³à?ExžÇôiS‚€ùR)—™4i¤”,\´˜z½Igg•¦OÃu]V­ZÍæþþäƒ;®Ë”É“’Æá÷ü‹+ø3Ž;æp®¼ü’DødJã½¢,lý?yó)—+¸®ËŸ‰JEk&n¸é–äÞ<âÈ£yvÎ‹tth?Æm·ÿYCŠ¾Ï‡N95ñ¹©T;²õ¢hý5"µ8‹Ð^Ê‰L*‰1¤Š,»@+!²n‡ñÖ·¥›³†…ñïe`»x[q§9¨I’6RXÄÍp3øËhüõY|\úœˆ9^?ÊíxvÛ&ó†KüÚr^üÆ×8è ƒ9îƒ)¬V?øÒ™{pÎGvåág–³ûŽÃ©8üøò=tKÂPƒ9‹VÄ’ÈñÛò?MžS,’isÉwQÒOT²RJÆP¬lò5UÛ}¯â¤»Þæ¹ÌUá½¾¦µ¾?h¡óêë¹.ÝÝ?ø¾ÇÀÀ 2ŠðJZ]»¡±±1wC?Å›šì;¾Ê~ã»S?çi£¡¦Ž¹ó}??Z–÷×9ç_‹xzyì>Ž/î5–‰]å\˜Dz¶×IÃ6O7½Ï#Às?gW©”“®”"ü¿ëQwÝ?’¯” ô¥)_üy­H”
ßuÉÛÑ¨¿/Ø"îÎ½žaøGÎ&¸ç¾Ì"Ù¼å6J_¸PéUÏ¾®sèŠ÷UJÝxÑ}`«¤½o~÷ãgµß?*ŠwE[AÍQ°%)JŠgwsvgj‘²g"ÝE¡H:\MD?Ð„|Y´x	Ç?rŸ9ç,?ä ~óíœrâñ\ù­¯Sö}þzÏ½üøê_óÇ›ogŸ½öà¢/_F¹\âþ»ncóæ>Î>ïbÜo/.ûÚÅ\ø¥KY´x	R*Ê¥;n??[þx-?úÙµ<÷Â‹4M¡‹èÞ»Ïâ—WŸ—^y?oÿà'L?¼_ùÂùI¨L‹ŽÅPŒE 6¬BII·”`6PÝúWª1ŠÑ¿O)óoP
:­×+Y>ðbÀ,¨£Æ#J•-pÔž?5è:.ŽÔüIYKÔÎÔ%clÕŽÄPyÁ-d •×ÏÜT±Ù|†©e1jT=`ã¥·à…×ñøv÷®wä’ñë8òÀ9ñ'—qËï®çæ›oæ÷¿ÿ=§?öQ~ú³kp‡ŽÎ^6o®³bm?]¦?`Þ¢Íüø’ƒPÏ¼¼šõ›šqÀ8ªÝø¶¥k†­±5ÄUeNL¹ìãy.µzƒ ŒÂ!
CjÆÆ/•o5û*ïnª3gÕŠ7ÖÕØ÷–×Ùetû?ëbö¤at—ÜÄÝaxÅÇsC?¤„H´—t_#âÕ‡ž¶ð IDATu5$Kú,ÜXcI_ƒ•CÊì¼,(M	ÎÞy?<dªsÈ+ùÚß¦ÙDFÿ~o€³î_Ä?ºYú¹=YñZ˜í›Ñqu¨´I‘)¢ÂBtek¸?*•ˆ¢Ð7Ñ†¨GË2!ÇŽ¦úå/…!A¨!¬âkUœæâd’ÐÓî\ùeÜƒ$øç¿tìQ|ŸÞr+Ñ…çi8á·×gË£¸gž9hÉàD×ý!s®Ä¡á~øC…ÏÝûýzÿ?™?‹k÷Â¸F‘4anV–o¦ûñŽ3?™¿RaË¹÷}ŸF³É9gýŸ8ã4¾ö¿W2¬»‹‹/ú½=Ãh6Lš81É]ôîÖ®_Ç1GN<ÿò«„aÈ„ñã¸êg¿æÍyosñŸa§?và[ß½ŠyoÏgÎ/³zÍ|×çŠ+¿F½Vgáâ%”K%Ö®[Ïeßù!?\yù%Þ“4³QÒV½Gô‹‹¡6Àÿï_aˆwÅŸ`üä-\{óÈ-wBWw´QduçJ!Q9˜Â Ú,?1Ï3T‰X#Æ©”Œ¤Œ•?V”¤+™bºXnb6ßUÁêKo§Vƒ·Â/+ó9oh
?âÓ“öaÒ.C9>ŸýÜ…yäQ¬^³–qcÇR.—Y¼dÏ¼²žaÎ&N?q:OÎYÅ;K6ÑQñX·±ÎÒ•|îc;1oá&jÑ«ÝÍR­
d­)0*)æ®ëÐÕQ¡Ñ©5šæD©¡X¹Ü]Lé­pËqÓ¸ãíõ¼¶v?ÅýM^[[ãõuu~ÿúZËD6O]i¥—çÿ?¾Œ.=UÁ´a¦õ–™Ø]bîú:{?í´vX_\´¹Æ“ï­g}Mòìé;±ã¨®ÔÐvTÙáJ‡øF‘*ÔÁÄû5}?Ï_õ†4ð<ÔÆM¨·ßÉƒÚ¥$ƒµÕj.øÁ> ÖgÉ1Þî(a.wv1q:Æ?†•«Ó‡{ýzä¢EDÕ*rÁÂ,ŸúÈÙ8½½ä” ×®ÓÖöûOßÑÑ™¹ÇÔV‡”ff:¼~e=îâ…eï\´¸Å…[;êÝ]3B¢GxDQØò{ºˆëˆÉR©D³ÙLpi¥$¿½þ&xèQ>õÉÓyæ¿Ï³ëÌë–XN?ÿÒ«4Ã?}÷ÞƒE‹—P«Õ9äàý	Ã?gž}¥S·ÛŽÇžøR*{ú~ìIÖ¯ß IÍ&K–¾Çá‡ÂñÇ‰RŠÃ?ÿ0ë7läß?=ÉÒ¥Ë¸á·¿`—?wj´Ê¨5—T”+à¸P|_µY¸´O»²nê(2þRc¶ÙB7nîïLR³HrÂtE‰+\†Óh×é¼››°:SÏíÊ’LJÃŠHidv1Oæ(ŠR'2?UÄIÍ{_XŒpJ<ï¯dªìa]¬œ±Ý¥ŸB–½äf?2u{¦NÝž9Ï=Ç÷/ÿ"î°”Ý‡7@íJ1vdÏÅ®;gõú:£GT(uøüù¡•úùïkW‘²=âÏ%Ú†BXdoQ)ûxžC­ÞÔÂ$+˜¢T*Y¢(ýz'm?œã§õ2H¡ä??^_?ÈÂMÞÝÜ`Éæ:¡‚·7ÔiYg’ë¡ÇSÃJ“ºËÌSeê°ÛTû?­Pñ]†U«tU¼ŒÕpúÙõëNè,sÆŒÑ¸Æ¾^¯']-L+pBwsíhª[ï>!p</Ž8aˆh6³ð‹TÖ?”ßÉR`­3"
¼ñS› Û,M¥MÈ„‰8Ó§#­B î€px/lÜ˜y1ÿ’¯æ®¿UÞ}·•Ôh@A|l"+ìÊtÉm€!Û”é}uè"5wrŒÃ¡² •ƒE¤’aj‰?Ú?%GÓó=Ç4z×‹|â°ã hòÜó/²ûn3ñ<=#j4›Ôê5­ª?"^{ýMÂ äc>™Ûþüwd$™>Uw¬óÞžO„Œ3šå+VqÜQ³9áØ£©ÕkaÀðÞ‡j¬Z³–öÝK/(N8æH®»áO¼9o>?ºò›ì¿ÿÞž¶6ÓÊÔ<$$Êèì†uïc·£ ÒåRêØòÏÉ†6DÈHh×K‹IV,‘7¸Š/ºcÔ?ŽãèíQ.iœöœJ¢U–Ô˜t‚)N–÷­ÎCSˆ…œãaúó‘Ù¦wNRÜÖÞõ|êB0×ÛÌÛ1
Üƒf ÷˜š¼^£Ñäåžá—×ü”rãVnp8åS?Ì™çò¯Çæ3nt/3§wóÛ;æñ×Pž5“'Ÿ]ÎÛïnâãÃ{ZÄaU¦CÏÓ…ŠÕ{éƒwçõf˜˜w5uËî7…6\G0¬ìBÉet‡Ï»Z´9¡á‡ø\eÎì«§âŽ£s›AÈààQP§)J”Ëåt¸«R'J! ê[,Ç,@õžçk«ÞÜn%>ö(RmÍô;/¥2Z•£–Œç{½Ñ tÞðÞŒ>zâiüz·£š¡¶¦ÃuEðô3D¯¼QLÁ#íl¥¥¼?w$ÞÇN£ùÔ²›œ»îFMÊvSîAàL›–½wj·Bì¹NŽa(ç<?êïGÞÊí4œê¥—‘?>¹ÕâŒR[-â˜Tš&Ã‰½ûUR¸[—fmxåšˆ½ ÙlíÆ???ëºÚ^XÅáÍ.R*–¾·‚•+Vqô‘‡ÑÛÓÃÁîËÓÏÌá¼/|?m&N Ñ˜ÿÎ"ª•
?=ñÕ*Áw¾ÿSF?Éüw1eò$&Œ‹T’¹o¿ÃÈ‘#h6µWÎé§}ˆGŸøa­ÁÁî›„ÉïµÇ,ÂëBŽ=j6Ç{D¶7QuÒRÑÚþ*Êó¡Tm­Øí*¹(¹1–ÈHéŸéÝ
_¼´Gì_a?$ÿãæ®C
cþþ>ð¹¸WÊJ†ÎMÑxä"tŠ;7T²¨ ˆÇ¦îvúuX—l^UçõòºTþP™Ž?îÅ¤?ºY·n-£F?bÙòU\ñ¿rÆoqú!Û?ëbc_ÄšM‚î*L½?ëþ<—;þx§9…Þn?kêL›:œÿýÙ>ú‰oÒl6²;ã_÷¼L^l±–4CE¥\2Øy“Rš®³\.áyþû±aÐÛ4YP•² +#¡Ù	T¤Ïm¹ìãºÝÔë?$Õ©R.ãx®µ“³91f¡·ÍašN9¤\*lÕÌ3?z7`’ƒ”’éýg?eA|EçN­]CœtÕQ­¢ÆŽ&˜´¡UÈÕ¦MDŸù,áO~Œ7ujæuÂçž£ù›ë‰žzU?“Â*všKÈ$ŠÒ	ÇÓ¸äRœ¡zr.äÒ÷`é{™ì}úýª@yž.þK—¥ßžÿÁ—¿Bé?‡žž„=ó_äÿ]‡zî…-RÕû¤&OAÑîÑG¤Q‰É<+æ˜Ç1Ž@ ;})#¥WÏ>ÿ"^Ùg§í§¡\ûósÃÍ·óà¿ãíñ<ŸžžaŒ9’‘#Fò‘SOfÙŠ•,\ø.}l3a<:ñX&o·-W|ón¾õÏÜ÷à¿qpäÜOžAßæ~?â†÷ö&ŒóßYÈ¬]fpô‡j:­õÛLmMe‚ÈõåJzŽïäO!†?)¼—ÊÃª”«úÇE.›Æ¿Oyã½#ÛŠxg`¨©²8¹ÈxåbÁ*Qoó£Œî?ãÍ¨ì•X´2š(0Q?âA+pšàÆ2Œ4×ðÒ…åû‹¯ç[CÇ1æ°)ì{ÏÅ¼ôâ¼»t]îøÍ§Øw†Ë>;Áæ¡2ã‡×‰dÊ?¯”{¼Æö3áÔã·×–©žÃmwÍgò>_aÏ½h“„DKÊ¹??ÙÈÛâK"Ú<T’z½I­$¡qw£»s½¥n’Uƒ£;<:|73 NÅ¶kX-ûiÒ!§Ý?×j5‚0ÔÉ²?êdóØUn^&¥~©„oÒ?\×IØ™Œu\RÉLàvxÃ?¨«®FYƒ5gç?ðïù»á¿+ªåµk¯£ùã«³uËª·ç8»ï†Z¿?è±ÇP›ûSsµÑ#QëÖ[ÊZA÷}ÇÛu—–!CÞ¸ñ³khþêZD›:éì½'¥ëƒÓ;<cm‹|")‰þpÑ?~R@²T8ûí‹˜¹3,_Ž|â)¨×SVRO/@3L‡ª/=‡è¨Zµ»@? ¶ *´þMX5)£l¢‡O×s	‚0ÁÍ¥’Z?Q.'×36¦Šý‘êõ:sßšÏW¿q%Í ÉÕ?ü{î¾kâ­RpQ2»ÃF£5oU«J=š?fâ¢éAH©p=ÏX8‰££²?²)@…p'5‹~÷mÔ³$ëÒwoFLÝ¹°?wwuS)Û)sî£vý—	C‡Ú‰8øƒxŸþVò,ªŠÁÈS¬ÎúkKQNÂrA
cž
•XGÚ¤]ÐeF%UÐ‰[‘@ÊÑ£Ä§:W Œp j†¨Pâu”ðFã‰o±ß;3wî¡ìzù1ì±ç^üêÚß32z?ïœã„ŠÁ†Ë÷qÉe¢fúÀ×Š“®ðÌÿå‡¿ZÃG?8‹»]ÆÌÏc?½ÈÚaëáˆ9ÑI—ÞÊfÉÊ¡¶dy–ôU«<ßcã¦¾¤ÖAÓBK<»²Æ×Ÿ|?××qÿ);rÈ¶Ã’ó®E"»S²%Rž~Ú nâí?MœÐÅÈ?rÉÃó:i4-`
C­|õÜd*mËPéu?qÐfCç¾vwV	%[d¨H¥2ªO6÷µ>XãÆ%’qÏóˆ$”?õ	Ô›óhÞwFx&€èÅ—‰^|9wž%þGN¡ò£ï1xô‰Dï¾›Þ—…m6ÅI(ðÏø‚_]Û¦Š;8'‡èíÍ„¤ØÉ¦*ŽIûÈ©ÈG…ç_Ì`¨çæ ž›“9GûÎg?Mtþ`Á‚¶éYmG5V*A;ð%Vpê"ìQ®©ˆŠPJ‹¦<ŸRIBcçDŒƒf-¹¼üÚ›œý™Ï308Ä'Ïú(ì·wÚÄåŠxI^X¼‘ŽJ™Z=de_ƒ¡Zƒ™‡ÑYq™»¼Ÿ1=ôVVnª±ÿ´‘õ7xèÍ5ì²ípFuz¬ìk°bÃÓÆtÑß”8†ê!‡î4ßHõmMÂ–æ6Ú°Ìòè‰T£†ˆ?»6€
š)ÖQÕJëÅðËÈµï²¾±¾6]½°¬SlË”ø¼tÀ”…WìK?&Ã$á'YÝ’¥T‹å«?l¡rÅ½ÕˆÊ„*³íÊ*§â!vLSJáøøæ}‡—x]-âáu?6pLgzß½ÿàÐmþÉ¿_Œ¸ÿ¹N$«6(F?,3Ð?zv»Á~;;ô-æG×Ì£sül.˜}të3aÃ¾|f?‹BáZ…Jl½†gðL%•É4ì‰8ì+ŠØØ?Ä¯^\ÅkÆËäÄ»æ3cd…™#+ì:ªj<K{?í¦ì9DjaÄü?¬õHòêš‘R¼¼z€¾¦$TÚËedÅåÛLâÜÝÆàºÕŠ†|†jujCCºË.;e÷ô*)®JiW¼JµªM§d{Ž¶-îiÁƒß[¹â!fí‚Œ$å’§Ã'¤¤T­ÂOˆ÷?	¯øb¨Þ
+?ÿ„ã©|û[ˆQ#tÆäa‡¡½«ç@J!‘[„!’5yÄœ=wG½ôj–@ ÆŒÆÿäÇ[»àxhŸ½½”n»…ð?7ýìh4ŠìÍA(œ“OÂ¹ìR6L¿ÖØ1°`!•µÊN
wÇñ®¹Mñ²•’„‘2¡2ÊÀž¦±²D3ñó†agï:âÆÁ3?Ç»î¼#Þs'??UFž8,Æž(ö!õ×œ»GF?kµ:å’Ç#o­e?m{xkeË672bþª>†wúÔƒˆ?5z}ˆvÇ¢5ýš½²n?Ýª¾ËË71cB7ã{µÂYÐÞŽVX&bBœžD"m–X·vÜüá?7 Ÿûw’zVëq‰:œÂ»IÕúA8:ý	£Æg›£Ü—ì$ë?Ê`ä-x¹½õNy´R)¢0"Ã;GÛÜ?KÉ-•ÓEÙ•ÁÅó§é	Îžä—_z?×^{‘/}ñ+FÂ/yü‰§ø×§3qÛiT&žÊ‚ÅøÅÏ~(.úüÙsŸ°~õäàB:X‚,fÜ°vÚÎGJ—Û{?çßù5å²Ïû§³{l3+
Ky~¹M”
ÂP²iÓ&l§‘ØM xtÙ?xi=o®×<2ã?”KõÉ]fvJ¤ŽÈ.P‡o3ŒŸ¾»ŽêÔjÅPêaèÐPÒu{¾—¼pl–§ÆÄ%^ˆ6%Ü^ô¥E[ŒåáëÖ!?w!¼ñfæ—œî¦4m*Âui6C<×Áuõz á«¯Âª5D¯½ž4în»â|0¢ZIæÊÒ58"ŸÖT¼â¨dÍ0L÷`{öË¶î–ë’(ZMüØ«¯#çÍƒ•Ë|g‡épØa	ËÆN®OÑl•HÓ‹<³ò>5¹,ZÇ%§EM¿~œE:ïR§ÝKÛB€ŒÅm,“?"©½È'¡ÆsŽJ¹ŒNùdBf<ÏÅs=ê™äA©ä'Íd†‰L­Ñ³ÕÚ‡Þ,8±å@r¾äC?®ë&Þï¨8·`Éß‰¼ãM7i6ðN;÷Cç‚çÞö¢Ý–œ³j?ƒß±åúÑè—4î—~Ž»ûÁ™Ä³Ì¬Ñ<¤^o)æd)Ï6åKxÚß$?ŒÒR)Ý8yZ¢UÐóÝyÃÓ‚ŸV|;YÃ–¨Æ7wî>û3;¼ôò\þùÇsÙf›)rÚ¯˜>m2àqèöãŒ3Îä‰Çáâ/^DwÏ4ƒ€ÁÁA‚ Á›¯<ËUwÿ‰Y—rìÞuŽÚ·ÄúÍò?/?ÁÕ¿ùKúYÞ§ø"MÒÎÆ¹ÅÞ	­;á”jE’þþ~}NDë`‡oÛÍÞcª,ØÜäŸKyø½~mjXE\%Aõ¨t¹ˆÏ¥ˆwÀž£;9|R7‡o×Ë¶ÝeFT=zË®1?xžƒ®ÛE­^§^¯ã…ž±%•úg,Oø˜—ño*â²«¬­ARÐß]o¾™…¦LÆ™¼~©D½$Y²µºbŽFo·Ý`7?ÌÑé¢–aN‰ÖŽâÿÃR»-ºŽ›ÃúUŽ ÞJTVÞk†EfþÕ™µÎ®33-ìSÀ„åYßbŒ%¶(²øã$»>¸Æ(ªÈ­2.„žë?û?eøBcq?¦ 
Ç¤e‡Ë%ßÇs]ã2)“YJ©T2þáRmµ‘ö—ÝUYþ/q×ôG]˜Cs±§ŠÎ×u’ã??+4÷OÊ^!ó÷ä«g”æ’ËH?g×&<Bgú®°Ïì¤)q»}ü·pØ¾ùT­?aµ8&·ˆ´2š³COA9nskŸ¨
¶vzõ¾x†AH¤dò»	–7Ê*à–gØ9±EfîA¹-ž] ã‡~ôè1Œ5šÍ›7Ð?Ðà¶ë¾Æù'+î˜w"3wžA½®¥õGs<oÍ_ÀÙŸøp _ùêWùÔ¹çi¼+ªräqáƒ§œÅ›sðÛ›®ez÷Ìœ°Š³zžÿ½ø#œ÷å«¨vcÔ¨Q[-çqp¯l¡Ø¥”Kûd¶©!ëûjÕ({‚UƒÃË.½·Å?´»ä°Ï¸.öÓÁ•û?Ás=^Y[cáæ&ýaÄ+‡hªÔ!P
O€À¡âÁÎ£:˜2¬Ì.#;˜:¼’-(9ÿøHiz”ã:”\?ëvÐ"jµCCC”|ŸJ¥‚Ê†¦±c¶çNNCfÚ’Ž'àÚßd]•€ó?C¥\¦„™Æ T*†?^\|ŸRÉÏ…NØ¤©?EZM
ó¸’Ï"Æ:@eMàÓ.†­­üÊrvL‹µ0âú0~&™m¶fÃ%Vk[ùP.F“ŽD2¶²»ù‚Z®é?f¡ÒPI”œ-×u‰’b-’pô8ˆ9kJåê?Hæ:žç'¥RI¿—•ïÚB›‚ c*È¨Mã¨ºØß%C\×xÂDQÒØä†x±Šƒj
á§îÞ4’OTßÆø—qv?g·SÖJW—	]o-äß>1-äè^AÚ¾"îÈ†œínÚ"€8N¿B bå¥½UÍqSíbžÏ·LNTæ^1CC_²AJ‰#ãÝ¢8ð CðJe"J<òÈý4—sÃC?LÚg¡‡0êz3¢«{8ùû=™cÔ.i^’¿ËÌøáU×°jÕæ¾ö÷Þý&÷>Ïü{?ÈSoÀIŸ¾™=÷Ú›¼ÿ6öVÖêP’Ôk²éóÙÑ§àÙå}üã?¬lrÐ(?	?.½%?I]ž#*aò;&™%UÎé³¶Ûè*»?®â8Ÿš™¿ÎÂÙ›Ce<³„jUôJEBSô\cpïv!?Ÿ®UBðÖú;˜Ä–3áa+8§5÷ƒüæ·áÙ9ÙÛr?Y”?:’HåÓ?êkDh«c¿äìS´rùEs\v®™ñ£ÁºõrëÅº-4Óòh©ô³ä I•áÏ¦Šw:ªíC¾¥Ø²vI7¦q×ÖFçá™.7uDšY*c< Ž»Ú¸Ó–2Jî‡0	ÃÐ@,˜b*¥¤R.Rœµ³L¢(2×»„ L"ä<Ï7l™ÂV‘fÑÄªTÅ–“}bÕ{Ë¹è­;òøCnZ‹(U¬àf«w«tdrX“ÜaS“"•Î4t[ˆb±—¡ÃzÙ".ÚG¶ù‹½ÝsWwçqZˆ’¹Ahšž“vv7’f8æïDû¦zô±‡øÛ_ïà´ÓNgöì£S\Sººº“×ûàIâƒ'}H‡0ûž)¤Nbþeð˜F´~ýZ~÷»k™<y*çž{¾EŒÃ¸qâð£?Ä??ÎK/½@÷Ô(YÉÅô.©TVœo‡tä@ôH)î}gç?¼˜õ?é=n=zcK6¾?· 3ªo´)‡AÐ´(a^¢
ÍÂ9©xKÙ¬²93$¦U"—s§“b”æèß©˜tœ8†ìÉå}¼¶¦ÆN£ª9¦„(ý`ýwóf¢ó.„—^É¦aÃð¿õ¼Þ^?Ü“x6+‹Z)ôöÙu	Ã?F½aBIôÖ^%Äz‘±N¦Mù¶Ï¹]„µí?õSkÀê8Y	Yj&ój´fDÂi¿›È†¶Ê!Ï÷xÞ%Û‰âx½HêŸÐt¹:òP'íd	Ó¬ p?ïùDÊ!
5#¦iì©ã çXæïY–¹	-Ñ(3…¡"Çx»4éC¾ïSŠ‡¦ÄiPÙ‹,¥$06»²Í`3nzT;/òŽ®´8».rÙ"šWœÓ²ëÑÃNYuu³äW¨žÿK]ô6¢‚†yvtv';G%Èí¸²?•—©&"ÏW[-àù»]`B‰®LYx†4ìänLEJc,õ““hX?ÿù?™;÷M^ãužŠ™$yë\ëfô“"nö«b1ÃÀÀ =ô/fÍÚƒsÏ½ ðÉ;ô°C9ô°C­?älÏl¯QY4 ¦,%7Gz¼—?ý?aeò—=¨E*ípŠÊŠ)Ô¶o·ŒBFôt³aSa(Q"íhJ¾oscXÃÂGíbh‹GlZ¥È9U’Æ~9ÒA!XÕß`ÁÆ‹ú¬˜Ô]â¢=ÇRH3°‚Êqª_yyÎg`p(‹GOŸŠsé—¨ì¹'a¤ÒÅÉ¢°fJ›ã$±a?fÃØ{–:VdTÄöœË>9ûséÐ?K®).æ¢œlÃçE•?M¡{¥¬Ý¸ÚòòQ¤RÅm¼=ÐsNµÌüžë¹ÖµK¡Ð–ÄB[ZfØ/®ãÐˆ®Ô|ß÷Šª”Úˆ+#3{3?¢ç™Ä ýÜT*Mg?"|¿Ô’@GÉyž—d¶?rX¯?Íi“
0ºaáäÉâ:l8$AÕ‚&ö¾«D®^
&÷Aö8„úâ9#'¤fkõA0‹–’
1lYvDqT?R¦#ÏºMä6|ªæ[Ø²¤]›ã:øÂ'4jkvž?$ïfq¬Î0ÆØcÃ+¯¼È’%‹9ú¨cxò©'xô±‡˜=ûhþö·Ûyúé'ÙkÏ½¹íö›3z—~ã;ÌÜyW–/_Î·¾õuæ¿=—±ãÆsÖYçpâ‰§¢”âgWÿ€¸—žžáœþØuÖx®~Èvõøû]áÈ#?á;ßù!(¸éæßsóMÀ/•¸ä’o2{ö‘…b•åRf &! RÆä+Q*îœ·i=ño¬¯sÂ?—2¢,8l|‡L¨0±Óc—•¬ËÊP•QÄ°î.\Ïeäˆú†¨ÕšÉõ‚W¹¸®—{hÓÁ±]ÐmžsÜ©ÇC´Å›4%ó6òÒêAæo¬óß•t–<NžÖË9»Œfjo…ŠçnqPdýC”‚w„“Oãå-ÈSOÁùòçéÚfa$³Ò+!2‹?(ØzwT;h?[öd‚Õ¶v¢–.Šh¡"a:B*jkÝna5i£øÌÚUdãŠ©
ˆJ-"ïÏ?ÓÉ4=J«/…Ö /fÈ„-¬5cíaÄ6qÜ[t\dµ¡½VD&q(6îÃzâPí:ª‚¦vC½8dX,ÙŽ[)m†ZÌ”y~L7/£©tJP<pMŠ¤JÎø5möŠã¸Pí„ÁÍúE‡úñ¿û'Ý©×‡h\p”kåÔ=É ‡ú ôõ” FŽC8Þ–G5± ¨PëPˆ«­á~*›lŸ`Î®‡2ášbaºñ€&.Ò-ã%=öÎt‡?ÿù?ÙqÇ?¸âÛßãÈcfsÇâðÙGóÎ;óyðÁûhÔ‡¸à¼‹¸ñ¦?rÞùçpûmçÌ3Oe‡ígð«_ÿ?_ýò§\~ù%L?:?ýè
^{íU¾øÅ¯²<6b IDAT`ÁÛ|ù+ò¹Ï}žjG•_xŽm&nËôíwâ?¼ží·ß‰5«Wqëm7ñå‹¿ÊªU+ùâ?ÇOúkŽ:ê¸ZV†+\ø«L²
^<k'¾ýŸå<µr€5CC?üÄ½wœ]U¹>þ¬µv9mjfÒé¤C¨¤ŠÒ‹êÅF+^½VDQ¥(¤*HA@ ¡„ž„ÒH#“©™zÎÙmýþX{¯½v;3¨ßû?‘LæÌ){¯õ®÷}Þç}9‚;6öâŽ}2;lÐ&×i˜Ó”ƒÉf6Èk{·1Ù­Âƒð:¬74X” p®ÇQuƒF5cT?"°]lì©ÀæBg}G;Ää?åzXÙQ?åzØ>`Ë(‘Ó	êt†&CÃÉ3›ñÃC&anK>ÂùåËÅæ=¬ë®âã³›¢}‘ýœƒær0®¼BdR”Áùô'?)S?/æá¸ñò’H&IÒ[•Ì*gp]Oø”ºt_W=èHÂ;6ºè}vU,€ruÂ&+hgš=ÄC"Þ,‘JY9lBÙvU2û5ÿ–è‘ÉS”îrÏg¨<™R×Ÿ;Ùò¸Ï|pá•éÊŒ=Þ8Õ4×q¥8œë:°m'B7¶,G*\AÝñ?“½2ºß€P<*Õ&k Ð9Eˆ§óÈt´Ç=	
@ZÇƒw¾/—|û&?)³€b=ü$?ÁuAêGùÎk‡€cÁsüKÙ0*¡0IR”k¨¥¹Üg†ðT1\ô‘À¥<0Ÿå¹^xãIØT!~g>~âì/äwnÚø.Þ|ëu|ücgbæÌYXºô¬\ù6¶ïØJêëëñ?Ë¿…%ûî‡¥KÁÂÅs±õ½-¸ë®ñÏ>ƒ§žzëÖ¯E>ŸÇK/-Ãª•+qö}Ÿûìp]çœsúñà÷aöœ¹øÊW¿…×_Ë—ý¯½ö
Ö¯_‹††¼»a=†††ày®¹æJsÌGSF‰á?2x¬A?«›Çq°½¯ŠŽŠ‹®²‹÷ú-´ÙxoO—cm?›ïôXXÝ]?raH“$!ÑPc…ÅPÊ³z”DMFFtŒ+êXÔšÃ¬æ<¦Ô™_2?×Æ4Œ)åPô²Â¬…ÈxVu]üòõÝx»}§Ì…³æŒ’Õç<A;âJÐ¼Õ¯ºåJžÇ‘7ußS±J’+°
‰•ËÄç…ËÙ??±ªÕ
,Ûó<‰?KJ¢ÂjQ›½r,ßK¦¼i&º©˜Ä?òT&	çé:=i\|Uá0zuøè±ê¸GRÍ4ø6Áàð’âY”Rß¦?H
õ%¢?äÞ¦”Ár¬ˆÝ›aPß9´`£?“¹Ÿùk¾-¢ç:0M¶mE¦M5MÐ"]×`Ù6t]¥
hÒñÜ]”ûúDŒ²ö•÷ƒG A	½4´¨]Qð¶÷@öšô÷ wÛ2xWÃ]ó*XÏ{ÈÍÝÚÌ% “Ã1~¯¿Ü®Ê×"u?b(-“0RL5’ND‰"áému¹edÖU¦£„‚hp‰ÄÐ	²š” Nˆ2Á(.Ø­·Þ×uñÐÃÅ½÷Ý?\®×µ±bÅK~ð¡RF3ŸËÃó\lyo3.ùÂ¹Økê4|î³çà„ãOÀý¾Õjžà<ûƒVµ*š3à(K¸PkóK?Ëª¢©©“'Oƒç¹?~ŠÅbÏæ)[@ðç'Õ˜Tm†rÎQ©”e!™B~U³¹JàùÎK<"<ð¦Å DµZ…çAŠóÂajóF`(0H„-¡iôÎ94E#?CèÖs.Æ¨_ÜÙ‡_¼Þ†ç¶àâÅcð‡ã¦ÃÔh¤™‰=.|&'ˆ9+U¸Ž‹\Î€a˜þ¤j´ýH¢´peð(:”Ecµ¦iÂu=©ç!X,äÔËèu4÷8j@ IÝog£dDR^€"Ñ ?TNZìPAsÓ?Y¤ä@?Ñtñ6=y}hO%n³›§ºR
£°Ix(Ø¶iš’‰TŽÉ/×uÕªÛ²Á4ºfóÁ?#?˜ýç¶m‘ÙÇ‰ø¥Bh1ÖPœz¨
k‘æVe˜›ÂkÛVjè·-?)³À¦ÌF®®#Åt›WÏ÷Í§I]SªÿCxÂ„MKpYã7Ÿggè$í»Ô†"ÍŽ€«éÅ‚Q´“Uýs`×®?X¶ü9ìµ×4üþww`¨<B€K/=þó=˜;wz{÷à†…³Îü$núýo1uê4twu¢\.ãè£?ÁÑGƒ»îÞyKö=&<„{îýfÏ™‹•+ßÂ-·ü—\ü%‰{q_Éó<466a¿%â‰¿?†Q--°m÷Þw.½ôk²Åc”ËZ˜hœŸtÕ=?§Nnˆj—B×Ø¶Rý?ÕÔÔ€ƒ‰?§éÅã@¹Rõ±M’šÑE?šÄ,¼®?£»-t”¬é*cóž
Vu•±³ß‚åqÌhÈá3s[ñðisÄ¡kŠÅL¸„¨ï–N084$¦5†B>Ë	•I²\¤¦>‰{¨ºðÁÏ<U¾|>Ë²}*œ§è¾Ua?xpÙäÌJ»IØ )[jÄäÉÏi|tÔ9L%V*zµ…nCØ*˜ÜÕ´À@B`Ü¶ŸýªJ ºŸU»þaÐU½ïøT˜`µP?EÃžƒO&3ÂlÆH`†cùæÍ!Ë-ó?sÃCÌÞ©ùY¥á4I*?h€Ñ“Â&Ü{o€÷Ìƒ ¶ïáÀè	@®òà•Aðr?¼ÝïÁyã)Øo=¯}+¨™—ãùhl	+gDZ‰Ðxšm¯ÉOIY?<ìyœºÅ#¥cðOÚ¨±s¸PUæÀÚ5ï ±¡—\ò%L˜8I.ºÎÿ~ó?èìè@¡P€aäqÁEç!gš¸æ§¿ÄG~›6oÂ7^?‡~'?|:Êå2˜ÆðÀOàòË/Ã×¿v)påŠc>|Þ^ùÆ?/˜#9³fÍÆøqãqö§Ï!_ûú¥0çžs!Ž?îäÈgŽCQY×P=º\×zÌ®—ä/Ç²â ÀØ¶…žŠ‹íƒÚm†×ÞÚŠQy:!(è‹Ç‘cŒxhÎ˜Ú((?õ°?ÏÁ¶Xv(3Ð?ƒû±¡§‚!°\ïtV0äºxÀÁúî2Vv”1`ÚÖÌóšóX2®ˆo8K&LF?Ó¨ÌúãÍ<	¥¥XŒ‰‰ájµâSÒ€b1Ë‰^Í?©¢rhãØ’¯ˆT)C(rœ†¡Ãu™_}‰Œ?1*3Õ€?âqun21IÆFQedIšajpM?>R\¹â;[±’H!&ï-LáJÍñ˜¢¥šscP‹È	å?‰ñ»}<qØ¢¡è7š£Sš!œT×?0€l8'R¾Ú²­„Ì¬eUaè(c¨V*5ºr…‰áËŸÓÐÜ=ÀÊe¾‚#WìýkÓ:!ú†	¾§îãwÂ}ä? M­Àè‰¨L·Ò¯}x·hv2bæÅr²9 é€YPb?Ò?c·””-—§gå#i½§±[¢¼p™)ØR°=?Û­EÀOi(\N5{¼úê+ð§?ý}ðI´´´À4twwÁv4Ô7¢·wê@ˆhÄôöõ‚€C×MŒ3ÝÝ?`LCOO7ê i:vîÜŽÆ†F0ÆÐÐØŒë×bÂ¤Iþ(°Žîî446bì˜qRg{8\<q	=B?ºbœsU¢ºiÝÏ–Ëå2JÅ"JÅÊ¶‹µ~?]Ý1„~ÛÁÚÎ
Ê®‹÷z«p\ÿh$÷Pµ"3tJ`RÈƒ4Í¦À§7™e24ç4LoÌanK-y“êMé²j‘§uØÃñÍøÐ—ZÆŠqh×µ1T˜i©?e¼¦:%¼êožì‘ÉL?@+÷.(ý)£þH9‘TÃL
@f!Ë½
	¶IÚì¥ª…f€^ª4´#$Æ°‰onÛ·QéŒ8d ¾_Uæ5^iJž+Õƒ°£ùîMqŸIÆVíyž¢·š¨1	[ÝÐÁˆ`§[ŠJJ à›@^;xŽÈð!ÐuMÂ.ò ’ÃŒ$ACŒÀGJ€—ï{çf¸ßýä°l¥T­¸`W<8ž+BÿÊ¯@g-F ë¤q>ò ß<‘ÁGÇ	'J&Ë¦<ñÚN22x~ÂIH?R^wŸEûÂ¶mÔ7ÔãÝw×bã†u˜1c6nÚ„ýö;ƒƒƒxã?Ø²e3&Ož‚¾Þ>˜ùêŠu8ìCGbÙÏbÒä©È™:V­|…b	ÝÝ?èïïÅ‡?>7Ýs1iòÜù¿·âóŸ;Ï¿ð4¦áŸü,t]—¸îˆƒ¸Øåsy™å•ŠyT«,ÛI] jPÌçs(úAÈëûŽ)aŸ1¥”Q–¨V¸ÊE&,Û?e‰ÒWÅjƒª½y0t#JbUËB?®‰f2;÷àu<ÎQ©Úàž‡\Î€®°\7¥yGFrúG’€ÈxÐü%Ê$«éº&?©Ò„IJfÁGHET{x?äEÕWrŽCôLAµrÙ±í8(ïéAÛú5(¢eê4Œš<š&ôNÂàìE¤SÓX'*Á˜ÿ„
†‰‹à³B,ËcLŽÔ—iB'G”–eA×4¦	J*ÕJ*'/àªÛ¶-gÇ‰ø‡r»<EàÍõ©–Yñ(øœ‰¯–ñ óÐÓ^3–zàÙ®ÃáÚ\Êhh:sÈ¨±Qü¤FE†*ÉFÈjÐ¥Ã	\qyñ70?iS¨Y¸´yãaÇÙâSj‰ŒÔš†!Õ¨:;Úa[¶’ùQ.ùÞ‚Ûê:òù¶oß
ÊF?jA.—Çöí[‘Ï`Û6›P.¡»»S&MEÕ®Â0D–ÐÑÙŽi{MGyh¥RªÕªäÌ¥³^ëK,Z
Ó—	~`L?ô½é:J`4†!Ü’Ù¯PE	|±©*lÛ‰‰-™…ý‘Ã•ÐH3$`xl’F¢’ªvŒ‰uàqB×5©Ø^?þB”±d]”ê…Ší`æÁ1/„ã×ÒGÖ‡›‚j!ª¥Ïc‰}¾þŒØ§ÊÜÉ 
K_[e²P=8¹:9œ¦F›:îD{wªëÖA{ã”6l„ÑÝƒŽ)“ÐýÞV?Ó Ïžƒâ ~t+Z›Z`†|?P<KÉÒ}¯‚ P
Í?°ûSµ\9´¡0’Çö…¹¨t
°Ò#3ß‚Ò¶­Ä5v„DúŠz¾$.ç¶cû¤&é?êùôgÒªuªæÉ‘¬ÜqÄ˜}_ø›ÏÁ[ñ°eMêY9g-Ùÿhû^¬ÑM_Ù’(Íö=ƒ›c˜l€¨&ÁÈÈÄ#A=Ö¬T¸Âñ m®yáÆNÓ¿HqÆ€/LO)•B?ê C<X¤9ŸpžÚÕMù\âÁ¹|Þ¼<Qv]TÊei(Ë4­f¾(¯?ÿQC‡¦±pŠR0JDGÞo·ÀumÔ•ŠÐ5IÆp8†žÎ&VCL°6Ë•**UKNâígM÷Çüc?ƒ?8hÁCÛ7§&>žÏ@ J€ªTÊ(ó°Ýì)æRÅÓw6òá¤e®H,ž8þá
õ3ÔÈ,8xfJžv€ÆaU>5Â‰¨‚†PbäŽñ?J,?;Ž?Õ¯¿
öÊ+ýÒ«(nÛ?1ÀãÐO:Û=Wüd`ÐŸF!À~KÀ—ìƒIG?É“¦Èu=x„d`™ü(hPz¾y¸zµTæŠé?l×u}<<I–ÐuÕj¦i†”/E‚³îÉ}É¹Ïã¡.W?tIdŠcPì«"i’¶‰=æyÀ;¯€¿½Þº×?îv`ÔX?½—€.:tþA‘ÞDD5OulÒ:š´Âã(tX‰)ÊÑ¤Jb$/QD?”Y?æaH¨ß+ƒ$D!ÑÇ3? éAb¬5ž;50À/Êò9ÓïÀ‡ÏÃE¡X„mÛ¨V«p]W6h’Aœ+ãÖâÖØ–-†S?˜?iÐ4UK,jÏÒM‘EFÓ™g×Š®¤ßÄ#@!Ÿƒ®i*KË.â«ÊY9	8Ùi^z„¦•P)?Ì¾™¼aÊb&úÊ ŒùÎë4?5µ?“¨s:?G\+WþˆjÂÓ¯±ZyŽ`ô&ŸŒ^Ãx@"Qš?©l&•‡¢nçûõÈã`•*¼@ÇÜµ?»ð<`Ïði{?¬\á½²´½ì£Ç'¼hƒ=EU²ô?R¬š‚¨<pp@Ó5eÜ?ìap.˜*VµŠ|¡ t‘<7r}ÔçªøÚ9†aJ¶QÀ'Jã58mÇ†Î4aí–%&Å´Ü[&+™ž?«1?P
,8táR°X"š¨\#‰3I]IªBfP)FÖòâsE(_]›\ùŸº“Ã$ÄÕL\êòXÐç)º.1¼9Þ/
>LÐE–r¶‰ ýþ_â€ÐKèiº¦œÜÁP?a T*IñÛqRšW?<i4›t=Õª-¦æ|Z“íS9âàÊåŒX@ˆuD¹Þ$UßœÄ°‰h@#à\XpiCc}9S?¸59ŽƒJ¥"£Zˆ\$8§Ãæ¾B^Tˆ‹@hx˜¦	Ç¶¤=œ”:àq‰àXã.Sù0Mñ`×U“†X
Äò/¬Ù'<-—O¼q‘¬”Fz³’Ó˜œg¶¶ÜÖVØuuà?Yy¥‚ü.LÎ‹/'}rÆ€ÑcÐÐÐˆÇ}]pNhÂL	~}ý/±zÕ*pÎñì3ÿÀ)'‡}ÍÇ‰Ç‹¶¶]¸êÇWbwÛ.É_½j®ÿÅÏ±gÏ|óò¯bÐ×ÐQ¯@wOÎüøi€aÐ4¿¼îZuø!8â°ƒñ‘cŽÄóÏ=+?sÛŸïC÷/@gÝ÷Þ‹•Ÿ8o?ñqlºâ°¢z(
ã†1™?!*ŒÊ1¸ÌÐÅ¡Jövá”6‰ú8{'Ôâ')‡BÒ ^]ŠY£<Á}§òU1©£ ãO,?ŠúDÿŸ{<¤3!êíÑŸVmtè?'2¨`ÁªZòDæ)A<;€§¹%3vpÁßñ8šË”ÂÐuaq¥"„”J%a6ë¿¿ ôò<1Æ RÉ?Ìíl[Èx™˜í¸(W„?g©TŒ@<Œ£Š†±°*2W’žQÆä˜DµÁ	êëJ¨/@(?çz²%i†³½|7ÉÚ1BÕó(@™ÆPWªõUí,Û·$ÃÁ!dÁc‹˜+
é?°ë…©i‡At]f²VRVÅ¸Eî3Ñ–IÛªA$2=/õpH«,T2õ))¥0›šd&ÎA››‘;åd8Ï/ƒwç]àšq8`YÊcš`ÚÚváÕWWàç?û©?ó@°mÛVxž‡?Üz3~wÓoqËnÇ[+×àOwÝ‹¦¦&lÜ´¶c!,×ÅÐà vìØŽjµ‚M›7'àJ)^}åxž‹ûî½[R@7¼»_úÊ×ðò«oâškŽ‹.8OþÎ`[¬?~ìzü1ØCƒ˜sÇ?˜s÷Ý}þù ºY×Œi¢òò×pÐÓ’ŽõT…ÆüÝè'0?œEzå\.o/#dÿ„?T=ŸáÓ„ðÓ0C7%?Á<¶äÿ,;äŠó‡:Ô¤ Š0»ò†•¬94€v!e-<é×]§¶mY°,ËÏÜ¢Y~¢9›%ŸÑ¼NZÃ4Cqßê.(çDvê`pÎa˜&êJ%Ù?ãÆT²‚ÌFèAFð[U¨T«(‹rÑ‰[E?48È8Ò-äâÙjº¶ÈN=Nàx¦i ¹±¦©ûâOˆÔ?	)‰Ú¥)÷]Ê¯òÔ³Dþ7—3QÈç%¿Û£}	¾Ïäåze-!ä7“Ø&MÉ†‚Ç«fYT¼á1Ü[µ” ÁDƒ”-_›H&(±l<—’8h!È55þ¤2·mä>õ	?æ&”w4h›·À=âC £šÃ}9q‚p›wœqæ'Ð×·?<ô?ÌÌmÛÆ5?½÷Ü÷´¶Ž†Ç9Fµ´Â4s‘€æzž?t¦Ôwâ‰YûØô²žÇ]÷Ü?}=úz÷I[Jaèª•
nÿãpîyçG«B@LÕövX›7?ì|¹–é= ö¯`²q.*?«dŸR0Â’éÒEF`ï‡W2I
Ÿ?íyùƒ¹<£›·D²užÌÐ‘1¥œrà$^öñ°¼Tx°¡B{4=Í|\\ÅÍò…À¹è?U\ËVIlœ{Èçr1¶F ßêÁvl€ÐÐÂ
Ê¸=!(•ŠÈçr D@/¹œ)ü
}ë`jŒÈÀÎ}fJ¹"<8‹…‚|ŒÁü9÷é…5š)ZÚñÇrî¡êôE2G!2HÑØPB©X¤HÑPµ–ÓŸºPIl¼8‚'«½?0	)câPôUõdvŽš=ÌÈuâ±ÏÌ?ˆ‚búa—Ìú#›µÙ†<šDÇ8Þµ6ydV‚’ˆƒPäuH
Ä™Ö»(–àÔ	j*›0ú¡KáíÙƒ†ûïùÙU°§O˜÷ÐC?@‡dôháÏ9Ì\ÿýÍoã–›‹­ï½çãÇ‚ÖìGJ)}øA¬]óŽÐAQ¤(U¦…cýÆ(þþ·ÇÄ,Åà Ž;þxüüç?“Y§ã:¸âûßÁôé3ðå¯^“ZÆûÿv>ùwlùÓXwñEàƒƒ‘çwýŠ=HÕ}*4Yx¢‘^O¹/µ@E5Hg­k‰o“²Câ ¡‘Zay¨eh:fÅ®%°?°ù;N,ïÄë"æqHl’@[€Q–8[!Èåó’3jY–on?øbtó&2tÃš93‚“©:!Áû¶R®oË"™—ç‰ç(K T8Ô¦áÛ?Å2ÿ¯žçÂ²—:ŸÏûºŠn·ÚP^+ÄÆ	Bk’h²ñHÚýyÅî†íFþÍóD@/òhn¬ƒ®3¼ßûÍ%„„¤hfé<­“C²¹¯@.—C>Ÿ÷„1?«z>r?É¡@êâO?%ˆÇp¾¬ˆœ?©x$QqdÛc*Ã7j2“Ââ
è~ÑÌ?Gü3	H†$DRÖ–QŠÊØq"ù9è ÐÉ“0xù·Ð÷ùóáþøjh¿ùØk¯ƒï³;p]Z[#Ï[(–píu¿Ä…œƒÍ›6!—/àŒ3ÎÄµ×\-$!xáùç°uë{˜2e
^~éE_?bÝÚµ=z´Íojj’A‘1W_ý\ú¥/£c÷nœvúX³z5:;:$¡áË_ý:{ôa¬_·6”	èîF®¾žã å ¥˜zÁE˜~ùƒ65¶MÓýCƒÂó§È…k‘§@XTÞF}Ê?sÓ‰^”}‚4ãÙc®Væžqf÷JRí¡úaL9p?áŠñIköð$~ÛŒê	ÇÓ6…
ßðh'6ø>³–Àƒ‰òzLÓPÔ4”Ëe?Ía?†¬d•go¸€J¨izr
1…FæzB†S÷¡×o–?Pê?øÃRcRd_Í.=W¡x®+TàL3ZùÄxTÔJ¥q¤ëP«, Uƒœƒ†œÖŒŠÝJtt®Ee,§‡FK(šãÐ?ŸƒÁòN4÷£š?¾(!™Ôèˆíâ¤šTÉØ(½‘RŠb±ˆªU…ã¸ò>ÑŒ5¤Ñ†oÌu}ÏQJ£÷2M<söž+k“D²ÿÞ“Xn*žßcŒÒ·šà5¼aK÷´×3îèQ!È?õqTŸzÎúw…Û<<pËýÇ3 ì>{6ÈÀ ´1ce eTš³çÌÅ¯®¿§?r®ºæZ\ráy8á£Çà?CÅK/½„ãN8]üœ~êIøç³Ï@Ó4¬^½?=ñv½¿ýýøÚW.ƒišÈçó0MGuF·ŽEkëÀi§?†G~¹œ]¯olÄ÷ðC|ö3ÿ…çŸ}=÷Ýwû4r(:_y]?„Â„	¨vtÂh¨
©º,-±×¸¤.kŒÁ²m1ä‹Ñ©L•¸OpÂ¾R•°FöãÒýQ¶JÜã6€'keã@zú†xÜ0ÑtÉ„þHÊè="Ümµá(]~R³r/ÒôSÇøƒ÷¤ùÃ?rª¨?U­Ê©AÆØˆ0® ¢~–d‰¡žüŠ_F4?ÊŒœ«¬Xö-šÛ?Ç…`¾c;`ó³xò¥IœÎ5Q $;Å%©ÐQÔLB:.ÞÚöKlëz
Ž7?»±¶£&êrS°dêwP—›œÈ6ÓL›‡%¥å
)Ž?ê´¦ç¹°,[öMät­_¾Óˆ)qHÝs]OŽp×RúäÑ“2;T*YabÕâ<?³Ëct¶à3¤q“Uþræ$tc».Ö=þZy-£šQ]³^O<J±öØ¶X“cÆ€·Œ‚7}ö:ûÓ˜0~"lËe˜˜²’Ðex›ÄŠìêìÄ¨ÖÑàžçÓ9?òÐ8çÈå‘
ÖòÝ~÷&ÝÌEˆ$¬‚×êÜÝ†¡¡2&M™‚\./‡ˆ8ª=Ý¨TÑ:n<þ½¦é>ÎíF4Å…¿-!U«*§”ƒ&³tGR´e?Ÿ´ äIÎá .BMNÓÉ:âJ:¤½«—k)<Ý¸Þq\ÛA¶iS{\RƒfG'<AÝ›˜P IDAT§Íð¼Bb gp Ï7>6|+2 ¿¯†®ÃÈåý“ÔÙ©OetVµÎ9ê›ÑÙ¾?MM ŒÉQk?1•‡$ŸSnô´lP…‹<Oþø›¤Ó‘Xs-îj£ôˆŸQ*(’bJ3äa¼?jµŠJULV…BA©ƒ.)qš¨Ìˆa%‰ÉÛ†TAŸþ5°+¶ü}å-#†éL¼Ó[OUèÛ)Áœ'/{âg$ýYˆKpýlÛ†e;Òy?R’ÈÇõ7‘"|•’A'I¯ÙÓ¡i×9º?xªÁ„ºu/Y?ÂLé?ø8ë!=ˆ“ÔOÀ¹‡ÍëÖ¢oÅ
LúËƒ0{öÀeLrË¿uø‡P8þ£˜½x?ä
©XÌ$‰\bÈAðcŒùýAõ,Û"W–Ã·aA?1Ý×¨þ©È{÷ìÓÿÀ¼ÐÒ:ý½½èêêÄ¸qãÑÖ¶Ë×ª`Ã»ë±`áBLš<¥RIª&êºæ{€ºò7tÃw1s÷8írS??QYÕÜ~‰„™d°O“÷v8,]# ??”¡ÒÇbYIj†Áƒ`*ÎT?-`,‡œ®£âNÇ®=uØµÇÁaÓ’S•ƒý¨T†à:×A]]=4FñþŽNÂPª+?sÀ±ªpý?}Æa#å
Üª«s74?bÇŽmÈçòÈå‹ ” ¯¯Ógî-psD_,Njl(Ãó<är9Ùœ	*~ƒ%Ò:Ì*+ÇG¥R?¦ë0t”ùBaJ¹D¤Œ­‹ªÏÈàÜ]J}­v1høfFƒrlt²FõD²¡üûú~Ï2¼´é{p½
5ázÕ¤Ð«v\?=Cë±ßÔo+Ú%ºYY	nZÉ
â)Ù‹†o¾kÃ¶,°@WÜ×gú/®ò}yÚ³¤pÐÉ°ÀEòÉÙZ’²1?F*ª•hVOJàÅ6}ÚC(¦ï=•3±ý ÁŸø;ê^^>Ð2k&J'ž€ñûì‹–†¦Èk²a{&šM„?dðÙ°&Uã£éŒùƒfþŒç¶„AÄ@??ÇíîêÀ³O??i3f‚iÚwïFûîÝèÛÓƒžžn¼·e3¦N™‚×^{?ÍØ¶í=LŸ1¹\^V_€Ð!×ñ‡†‚Ë?È9ûûŒ†ÍØT³åZ%¥PK³rÕ‰Ñ5›d—±¤³§Ÿ‡üfHÇ?ôXn,—Wàx=àÄxŽÓ	§ºp{ÀlÃ¶Qj8¯ìYˆ+ÿº6lÇE÷?7†F#YyÛ®  0LÃÏ¨¨pýÈåýÓ‘Á²ôtwIe³†Æfèº!ßo_/Ç?mW…Øº¦ÃÖJÅºQFAÈfú!ÒM=¸ˆ‡¦k0šV¬¼‰3WâCOQoxõ)¥0M]rQÌ<X0år•r®ë@×.}O1y?°Wü¿)’’•«O8T}ÿXs.,§?…Y8zîÍX½ãf¬o»3= Eœ´ø	¼µí:lé|Á¢I_ÆôÖÓkÃ&ê°WêD«;ÚKû„GË²DFgè²ùìz.<—GtmÒéŠJY«HdJó Kš1A<W6/£4”‚MåèÎOËÆU&Ç°óË¨:º·mEÏî6Lœ¿ÅÊK¡ãf,Ê?iP?¸öD\{É^‡¾„i„¹ø?Ts`žìyúÑ×Û‹‰“&£¯¯¦™cTšD´·ïÆ®?Û0eê^¨«kÓ4”ŠE1?Ç£Úõ”²ˆžŠ?¢ˆ.D]Óü9•0SOËÌ‰¢£ f0~–Þ(M>'É®X¹<uÞhÛ¶ðÙTN¤à9z†nCÿàƒ(ÎF-Ð†:?¾?àýÛ [½ÈU{?Á5 ^7\oC3¾	^œƒ=ž‹©ãJ0Ô;€w;†0\)‚º®^ù6¶mÛÏsqög>3'”RìééÆ³O?…®®N9Œ@™Ð@>òèc0u¯é€Õ«ÞÆÊ·ß™˜Ç…8Qzï³ï~8hé¡~æf	7 JÅÈ.Â‘]×8¾j¡O±ÔÎ3,Ê]ÏE¹ìB7èƒæO	Ž°ë»öxBÚS×£‚HÊë™$Q)~Á	Î£Ó‚$ì+Ù¦bv„BîâÝÝ÷Âr„'è?Õ†U;~‡Ý½+2›Ç-¬Þñt®”Ÿscû}˜Øt4L­!¼Õ}¢6eIŠVÉp#£¨ÝÒÍ™°,ÁÃ÷tÍ7×õ”fy¬ŒLhögáâ$õwjMã»ŠìlZz(K{Ä›l$‹ayojYÃkFrS30núLŒ›63EL¹Ö$™-&{KÑß´V<÷”%+G1}>ªm;ÐuMî¨¯o@}½XWB¼Î¶ i"áš8q&Ož±póxºóOÈ^!Ik)„ŠŸ*b?•™ÇçiÂ=™äñ§¥Òºl\³(ZQ÷ºR÷à¸(ðäð:{ï‡É¶@{ï%hï½êVÀ4L3@ø xe©‚è€¥DÏ¡êpò:˜)NYÝ4°£ÏÂüq
Ï><88 o~pá¶nÞ„‡zº®cô˜1ÐÃàÐ04Ô‡Ö–Vù­jCC‚6·hÑb”J%1¾êONœ4Yr’Í\Ndï–%›„f.Ñ<?pÑSðH1ÂÎkg@þ?vrLTL`dýýe_[…G•´¬N-á’ÿ3Ú¨«<¤¬pTœDl]ËÙƒÝ½¯Ê·j9}x·í®šå¡Çmlh¿;òoƒÕ?è|ã–FËA’ÎÍÎî†’Ta a§äUâ¡¾?›Ë¶à:.tCO??‰â Y)ÿ;é ‹:’–DôD"E@àF¦ŸÕÒ:–Ùgjãå}§ý¢»k…óŒÞJL¤qÍòèÓÓÈgŽB-®ãfh}^¢r'€Z…fª1=Ì¤c?¨HDˆ?üÃ‘¢‚@£Î?`I¥CÀs¿D¥ÐV¦HI']H[ž|`z0ÏpFAYS1§R2-¸#OÒ
‡Ž‡Ûµ…Þ­ÐÀÁÌq{;¸»„9 †8<NPjœŽw6TP*`:aÐ,©Ã…Â#™q__/žøÛ£`ŒáÐÃÇÂÅûÊ7î86º»ºP(ÕEO0ÿ†î»d46?ª‰Siš??µªUÑUW¦Ñ’j‰þs#L"ÃÓ˜×´ÞŠåŽãÀñEµ4b„ÁB¦E#úãjý;ýe6$)„$E&Kq-+oÓvÐ_ÙŠÿÄWgÿ[a ÏÂö2 ž*Jõï}1Æ?c9x®ï“Æ6IÉŽ‡e©Ä÷Y–ˆ•‚"Z(ªÉ?¸wÂ?¦R­ú#ãHæj¶—Žï?H¡Ã‡{ï$å÷ã¿HxKþI1¤ 
ë#xï2˜Ë'OžAœÈæh`8¡ë:t]ó›Ô"ár,'¯ö?ZhÅ%„^Šír].fŒùÖ‡>:áºð¸6Å¥—;÷«?´/ÇvPLmðb•LÍ­?Ý?áµ<5$x?ÄÇ?IhzJAËïƒlx×#±«žÛB-@˜@<ðèd?úxkûruPCe.¥
æ–Ž/Lƒ÷wl‡+Å¨ÌH`eLCëè1™ÞõÜôB"›PTTŒ?Rã¶óv?¨
Ö6Hûâ à®6ªUOjÄèº!š/þ"Â>šx™íÄÔù&A PI?*DOÔ]ÛËs,ŽžûûèBt½<0Ú??ø›9¯7gÇ>’ÖÕ¦—O&GÂÎIÁ£ÔÓèçzúOáïW_s-È°GHTª6„úCþïP¹Œ/]z	¾vù70{ÖœŒEçœsœzò	¸þ†ß`úôÑ=©°€2›iY*”#ˆ#ÑFtŠtêë*™©TÿóBéQ>±äà³Y¹úÜÂø:Š·i!¡Ì9‡§ª*pœP!$R: p^žQ^¸Èð‰Œ”PhL“l!Uâ–{6lØ€U«ÞFOOŽ>úÃ˜<eJÍ+ûÌö6÷j¸`þ C*Ý]]xè¯BÞ`ïyó0cÆÌ‘ÞÞ$´’ˆÿþÍnŽííÛü(ô?õ ¼ÀhÐ¢Tÿ%:ÀuÀi:otOB·ÝŽúQ&˜¡?R‚2r³”´¥æ¿kÃ4Õuñúë+P(0yòÔa—fºlbØS€Ñ¹rQ!ÑˆâÑéÏÁ9‰ae<N¡£QBàøÜVÑ— ` ãplŽ?IŒ:GÂ8ORõRÅjÚ(ñégom»Û»ŸÄÔ–“°pâ%²Û°©ý!0ª‡å°‡5?Ä?	æ	<8h)-FÑ?]{–ã­í×Acì?õ»h,ÎÊè|f¹Á§DøØðÄùâ5 †ÞÞ^ìzÿýtîûpY-O6½(¥˜8i2rf>²ñ@3;{oËXÕjòõb2¶#Uï±Ê'IB‰D¹óiØ9?*®gÎbpKì’1E*ú²´ª[˜ñð«Øšq<O"ƒj	Æ4åpà°m.«[×uµ3¥)ëqÏï¡„,Žãà¹>ƒÛn¹{öôÈÇÎ?;“&ON@žr=U	ßbÂ`ï1L,I »§§÷ßw?ü~Ô¨œwÁE8âÈ£R“ÐÑÿüZæ"à¡J/¯kÔkY¬.Žü1Ä®–t³?¡4ó‡¸ã‰Ý(´”`äu0SÃ í¡ây_2”=??âO™2†i¢<4„ÎŽ<ôà_P,–°xŸ}°xßýÄhmJ77?«LOõTgÑÜÍår<:1ðÃkæô@ŸõX±¾<è†?J¥î78‰ÏÕÿG¡¦ÈÌ]¶ç‰ª?2peX¤õÛˆÂZˆd[6¶ß‹-?6¶ß‡–ºEÈéõx¯ó±ÿ´âqšŽÀ[ÛŽ²ÝØÀ›Û~ŽÃfÿ
Í§Gfåß©\Ã4RÙ-$æÎ°À?`Äa=æ½e>†M~Û¶|N‹þz úÅ“™­aøî÷~ ƒtVV®`ð-?Ö†Ô¡žª0–Õ¿®é™~>‰õÈÓµ|¸A†z¸?Ï0´;×qÅàïAušÆþý3WÚî…¸6I`öj°èÕšoöâe÷¨ò²„ÜïÝ¸óŽÛ?ÓFR¨‚ZWEÕžÝnà3s]™²Ä?W<KïêêÄO¯úÖ­]ƒ‹.ùbø^;¹¡µ0dñ;ý }[A×?j1ø?›˜Ï®”AÑÏg¢2úgÈ/¹¿|®;†|}ZÎtUÌu0µÙ¬Í«x¦šŽ?}ü,”J%9]Õßß‡>ûn¾éF¼»nmjéGÁë¯­À‹ËžÇ‹ËŸÃËË_ÀË/½€===‘“mÛ0L3Bç’”ÂÄS”–Rƒ8„”¯®ë>./¤4ià©xBTPM7ü€bÃvlÑàQ^.¢©NÔÊ­íÜ÷WÞ‹\ê¾Ê–Pkâ?ðEƒëÙ(Û]
^8Û¨Lyø!,Ùg!êK94Ôå1gÖtÜyÇ8{ô|ùK—F²ðî®n\rñhi®G})‡QMu8ÿ¼Ï£G½ÇÊ×ßÇ}&ŒmÁ„±­8î£Æ‹/.”Ëeé]¼Ä«¯­À!í?q£Gá±G8Ðßß?ï÷;˜9c*šŠ˜0¶œ:::"ŸÌ²,\rÑX»æ?È¨V«øåu×â ý÷Å¬éSqð?ûá—×]‹¾Þ>¥Vü.ù<KIDOgdÝ†$?3´TgáâÁ(AÜáB)¤T—#µAé8ŽÜ«%ŒADq”]ßìÄ§)Òh ©Œ1¨U	úY¢W÷ÕBgGg"ˆ}Ì±¸ÿ?‡±Ï¾K2Gößh×±±7<ô_ÛmbG?‹¸:©0Ëô3pÿã€Š¼Ö£?<„5«WËªƒ§	û«2ÅÉL!*Tq×?u¬†Å«¨0`?z=†no4ö°ýQõUäç=
¶ðY<9ô9\þÈ{XSÑÑ4ºzÁ5:Çr1Î°Ð\0ÓFŠ@GpqšGµàSŸþŽ:æXŒ3VŽØV*üý‰ÇðÖ›¯%x®ŒQÁ+}ÚvíÂîÝ»Ð±{·ïïço6ÛömÓÜhã…Ç„Â†â#­éC<´ê%P)¢oB¢öb”ŠfAŸóž-b¸=RÄ*kWÕÿ}µ··ãä?Ã?¯¼—^ö%¼½rÖ½»	?¹êÜvËïñ±ÓNÁÖ­[#¥íÚ5kpø‡–¢¯¯yða¬ß°OþãYErðþxýõ×äcÛÚÚpÜGŽÁO¯ú1Î=ÿB<ûÜrüó¹åøâ/Ã?7\?/~áb_˜)Ü
ÿ{ûpÎç>ƒ³?ý¬zg=N=õt<ýôSØwÑ|tt´ã?¼o­|??ñfÎœ…Ž;·Ýz‹\?®ëâÕ¯`ppP&Oþý	~ØRìÞ½7üæ&<÷Â‹¸÷þ¿`TKþëSgáùçþfzœ' •l¨„Dî;çµî9^‰u­XT9âþ?°Á)¸¦ðµKD/Ã™'x­€C®ÂPÁ!§2KÇõEêt¥²Aæ˜|PùØŽ¡†}9*!xê©'¢èÀÔ½pÞ¢X(f"C6Áã[òp½èÅ¼uu¶K’Ÿÿ9K¥®¸ò'(•ê"ÏK//¯ÉVQ×ƒ–ø)å+±àM¾ÎøsáR„`z˜9
 õèµ)6íÀ²WöàíÝCÐJ@Ý¨F40S¨¡µ9@ÅòPîêÃ§×ÇL¸D‰ì¹.Ü˜­Sp?rfsç-ÀÞsç£wOž~ê	ìÜ¹œs¬Zõ6æÎ_Ã0áØBwÃql|ú³'¡yTKœ@ ?£¡p]–Uõ„–„Y&>,yHâÎ€îë>xÓX¬“MŽàgº®Ãó»ù¶mƒ1ÉÄ”HœIAFÒNäÿï#vJSÁ¶-\ú…‹0vÌXÜsïŸ…Þ:	6ÎTœvúÇpÉÅàÛßúoœõ‰OÊß¾àüspæ™ŸÀw¾û}yÏ¦L™‚%KöÃ}÷Þƒo|ý«xìoO¾tÙ0gï¹øéÏ~]×äËÏœ5'œx~ûÛñµ¯|	ŸýÜçýƒ¥?þñ•¸ëîû°ï’ý@¬_·Ÿþ¯OâÞûÿ‚Ã;<ò±.ZŒ}q¨B!?³>ñ)9ÆÎÁºukñ½ï~üß;1{öœ{Ê”©øÈG?ÇQ‡Šr¥i¦ªëe±Oxˆh?,<íþ¤iœ Òkçé°	×?Ô]Ø¥Ñ°9ž›{Àq	cº(j&/à§Þ	8Ý?iwV6<GpH¨…i")â”EŠM7F~¿¥¥EòØ³ÎlÈ¡£œÔsêªüu£‰3æÔž”ž³÷ÞxíÕpv££½#ÊÛWMsbk@FE•û(¾÷xÚúZpõãE4Ô5—q8°Ün”½n8  ¦?|ÑDó”zè9ÌÔ 1ŠŠt9‚áô•1=7„CöšŒèz5[Õ²Qªˆ‘Þ€NçRƒ ±±§ü¸ëO·cû¶m ”ahp†‘ƒ«ðÂE¦­œê±ŒRBuP?C¶-Kâh#‹Ù|Ä›ƒƒÃs=Š¸®ÀåYäà #á(/\¸”#×uÄ0“ç?ùS°$Æ*!5%aSXrÿ7Á\ùŒ+W®Ä‹Ë—aÙòW"A\òºé¦›ñ?'ÿ.7ÙæÍ›±yó&\ò…KSKäN<	7Þp=Þ]¿¦ibÝºµ¸á7¿ó³Ýä½è¢Kpï=w‹îºó±Ï>ûbÉ’ýdaóÛßÞˆsÏ¿‡}èˆˆmðvëêêðë‹oý÷å8þø¡û®óAãÆ__?Ï~öó˜={ŽÄÆÕÝÚÚŠýäj\tÁ¹œ6"U;’†¥ÂÑï¤ü>©¹T8âNDª—gO`ßLÊÀª¯Ã#Ø·§í9‘e„ÓÜç›Å@×??Ö˜öïª'gÚ0Ÿc½Y|VEñÂN+v›™÷å6[ÌåfÞ‚xŸ‡óØ„¯Âþ‰Ã`4ªL"™¨Ë·bÍîQØ5h¡Ûeè¥:†N!ÖT?ú1h?ØŒÖq¨o.Â¬3¡åèE·ìvÅU§ezo7¾sèØ˜†¸BAA)ñABP(”èºÓ7mà$?§£Nx*‹a=—ËIîjÕ²Äˆôâ<ƒ¡?ˆçò9¸ž«ZõumD–œ¶Á$-QD÷ÕïÕ­itÃ?cûªišë#ÜÉ™åîÿãˆþè#cñ>û
@æÅç>.ª>›cóæM˜0q"ZZZR_,1nüx¼ûîz¼ñÆëX´h1ššš2ËaàŸø,Ë@°}ûvÌœ9K^º¾¾>¼óÎjœqæ™‰R½¼ãÆ?C©TBWWWâÂ¯xåeìÀ± m„wü	(–Jð\/itY]¼f0þ·@2Åv0MG)øw/\â¬—dƒ•JžŠŽIØ ŸGdçðuøyŠÑx¸—:!÷Eò¢¼?=HeªøŒ¸á4RdBé¥Oµ®ïÑðèæ|ÍKk¹w®ÍÃö†ß‡‰–8”•¢õ¯ENÚXå¦1Ž÷:Š¥ô‚ž# Œ?hTc`Õ¨Îà‚~èÉÂAªª]=8s†?Ö¢É	‰ 9‰…³æ?•X»fæÎ›‡1cÇ¡±±	”QôîÙƒÎŽvxž‡¹óæ!Ÿ/dŒÆG[½9êr*ÌoæhºM×Q­T¢Ù¹òæœ2Vì€WRáÇüú‰h`ystC\fÇ¶áqH[85Hgi5I¼r¢”
}i×…ãØðlASŒh¯7Î¡±SÓiç?ÖE‚980 ñÿ´Ê!xß)x'†-£ûúaær©?ç ±:]¥‡Tjé`¿¬TÍsƒLNb¶*•JDJ!-è¢uqÃÞè}¯1õÇÓ:–YƒÔxXä³"¢³@‡Y¤‰ ‰È¹'5Ž‚Ç¾ƒ¡ `²S2M"CGˆ4.=q? ›gŒFŒ8ÒÞ_Àr	+žAü<yÕ]¨¯JñÀ†*.©Q¿ˆ¯=UŠ_¿žÇW÷/§K!$bIö,2P3-¾ˆ¥24Ú‡-½¹œªk ŒŠî²À™Î@4†!½6‡C
?:8Pq°çýn,m*ãä½ÇIO–p°-÷ËŠõëÖaýúuØ¸qƒïÍ)N[Ë²P­T±ô?CpØáGŽŒ^…X£&V¦K?—Ï×?gùÉ‡.6ìÆ9/ß‚îê@BÈ*h’zœãÏ‡]†ÃšgI_FJ}Ñ&Çõ}h‡$oZÄmQÚÅ4ÃF˜ÆDãØBÏ\=c€ ÛIæÿ#_x }ôa´··cô˜1™þëƒ`Úôéèå\×Å’ýöÇo»ýýý¨¯¯??¸!§ã?þŒÉ“§¤^“R©ˆÖ–V¬xåÌ?;?–‡ÒÂCƒƒ@}CƒÄ?ƒà6köl¬Zµû.YäJ6óè#£¯·×¯ÔF„OE
?¢üŒ×d¯dÃ*1ÞÄKòŒDC®ãìÖÐuñ»àœJó,H#æŠV‹?ü]} ¥Ž? µmÇwêšQi¼ôð?!þÀ?W>áŠT0ôDÁík‹hb#n-oîÓqÇŽOÏ­¤¾ŸøuötPY+„Ä\.|Ý?;è±84CÕˆÎàé<?¢Ì(Ú`KÅC›Ø„B'&Ïƒ×_AÿÎÚ<„Ë?4Û®Ð¢,êS(²JŠcŽý(<ð ´¶ŒF.g
—MÃ„	ð¹sÏÅGXÁ%¨¯oÀè1cÐÒÚåýÆˆª¥#YÊ•¾šy!±iÛRK¹Å¬Ã©÷Åg§†£ÇÍ
‹„B#£sõ8{¯Cpö^K1>×(ý<Í÷â€aŠì3pæÆC%,oUQŸ0à‡z–ò¯™nèÐtMðÎmK”è˜ŠgxQþ_äHŒ¾ä£Çƒ‚{ï½@ºõÕíü–/_Ó0?ðËÍ›7??¸ý?·!>Á|÷ûßÝ„ž.1¼a]×qög>ƒï}çR¨?áBºò‡?À¢Åû µ¥5Â¢€‹.þ®½æ§èÝÓ›X?œs´ïÞ?Ë¾x1rù|?þEÊlw>ÆGÐÓ‰¿FÐ`SMxú?!a6QõóµÆÕëà:n¤‰[«²
ú>?‘Ú•U¥¾”HnrÅ®ÌkÑ=/<H‚ƒ‚RŠJ¹Ã¯ÍhmãqÜôv÷hx]¾²ËÀ³ÛôDoªPŒ2blKÐ?¥hY‹ÒìLž@”èp\x†Íñ=
=žGÅd¤.‚®NEj¯yˆí¢Ü=ôwã‹‹K8xr3†ç}£ÔúúzyÑJuõ8úÃ‡ÄÍ=M‘®Þ?!-=-=4u3Hã×X¹Hj!€™ËÉ@nyÆ¸rÞ`„àéÎ5xºm?ü?‰…füdÁ™Ð¸ïçèº0MžrˆP?pR¥®jÙdA+ÑÑé"
…)Ä+SYÇ±aÛ8tè<ä?WÞÅ”?qÿñ`N	ƒÁê`¹½þ†3¡±|¢ò¨¯«ÃM7ÝŒ3Ï8}}}8ûìÏ uôèš†ÎÎNüùþ{ñ‡?ÜŠsÎ=–O‰€ðÓ4ñ³k?SN:»ÛÚpþùb”ïA¹»­·ÿñ6üá¶[pÁ…£¯¯/óùŽ?á$|öóçà€%‹pÃonÂA/E©T‚Uµ°uÛVüðûßCgW'®ûåõ‚‚ƒOûÐáøÈqÇáðÃ–âç¿øæÍ?3ŸG¥\Æ›o¾?o~ãë8åÔÓ±|ù²0Wl?Õ¢P IDATífã*#cºd<l` ¯¿öªÜBÆ•€i:ü(”Ëe¼õæ`”âÀƒ—‚X»f5ÚvíÂàà ,ËF.gbúŒX¼hpPPXŽ-Æß=0
]Ó±cÇv<üÐƒèîê„®›8âÈ#¥žõ÷H²qhœ{	ÞyF'~@ç>üq|¨(\;®ëaýúu‘Ÿ:uªr_?G6çðN—þ/ï‘¿lÈ£ÎàX2Æ–{áÂÅøÇ“—?iÛÝ†?Á?´˜ºç8Ï¾É\¸0`¹(sÀ¡"#'†f0ŒÂô<°Šô•QmïEç¦?˜Ï:qó	cqðäúŒæ€ëXhkk!.£,äNDÓD.Ÿ‡¦ë‘&iÔÛ™gñ¬MÁSYá?èºÓ4Eðux¾Gdª¥oƒÅ½§CŠItàT”qr?EF£‘p"$š‘g•‹Ó%iù"\ÁÛ˜1ú“S0`|Ãá×x8<îüGÓn?å1oÂE`4SkÆ¼ñBgÅÔ3üCG?å/­ÀöíÛqì‡?Â¾‹æaŸEópÚ©'bûöíxò©g1oÞüÐîOÓ kµ7?ðY™Ò¼ùóñÜ²—Q©Tpì±GaŸEó°dŸ8æ¨aûömxö¹åøèqÇË ë8vj¿åÊ+‚›oý~ù‹ë°ÿ’ÅX²x!–ì»Ÿ:ëyÔÑxø‘ÇÅ„°¼t©Ø€\dõ?½æZ\}ÍµøÁ÷¿‹ý–,ÂþþŸï÷Ûøî÷¯À¯~}c‚ÍÂkÆô´Mbû‹£†ìdj¬ïìhÇW¿|^~i94]‡çyhoß?î.1àeU«øæ7.ÇU?ù±´nüÛc?âŠ|õuE²ô@ò&~|å8æèÃñú«+$Å/Xó„P¼ºâ%|î3ÿ…N<	ßøÖwpÒ)§âÛÿóM\yÅw•ážp*”!%E¥ÁÉ#MÕ,€T¢ñ³~ý”•Œ\×uœtÊ©òû5ÝžÞf*‚#ª{jûã;ylÙÃäz;àÀƒÐ::L´¶lÞ„gþñÔÈZP?±Dzfõ>î|ÃÀ‹Û‡Ðæjèç–&²<êºÈÃEó0®,Åpèä"F×™Ãóœü¿W«üíÑ‡°víZÌŸ?9î$˜?”lbQsyšÆräYIÆÌêJÇÍ†Ç]»XÖ»g¿t4ÿ½,lž‚G[O„~Í¯Á+Õh†íy ‹ÀýÚÁz{á}á€Š…zlâX¸×]•:Éÿ»z-âq 88ÍW-œ›+]×eÆG•QÆöþWñÒ¦¯ÿGÂøäQÇcÉ”o¥×_$ëz‡w¯¯·Œ1!A<â£ƒ©„Íèæáœ£½£®ëbÜ¸±©7Ü“R¥?=Õã{[¶ ¡¡'NL§*t¢Âà@o_/víz­­£ÑÜÜœ>%Xá™”ª‘õŠjU2m»ÞÇÇO?ßûþ÷qìGO?×$0`ql'Ÿx<š›GáŽ»î8pÛ-¿Ã}÷Ýƒ;î¸³gÏlØ°g?u&L˜ˆ;ï¾OŒÅûZ(Œ	–É¶­[1nüyinÿÃ-¸íÖ[ðô³Ï‹‰æ4ÖFÂA8µ<$ÎŠr©^¨i#þ«W­ÄÃ=€åË^?¿3ª¥Wüð'˜6}:8ç°~ðR=,?Œ¸?Që«Þðð?ýúÑ?qjåÛoãç?»íí»åcŽ:úÃ8áÄ“0oþ‚ìä%ëæsÎáxcqÖBŽ34ÃÐ[qÐ9dc¨"ðªú|­Ey?‚.ŒY?`×kÃ»ëÑÑÑ?3Ïú$¦Ïœýø5ØãÝUÎGtªM-ùAC.GW=/´ª ï·¶>T~	Ä4@:»ÄJs\Ð¾> Z?¡ÄÐAêK~æ@Ã†Wàýè ¢@,Êß¹âé	H!h´æ$<äÂóYÔwÈ	0P
ÿ©/J´XœŒhMŒ¤ŒÌNRTûb? µµ5eš5:_P?à@±PÄÜyó‡¯&­BL
DŽ§×××Ëækî“ž˜Ã1LRó¿'ˆ«ÕŒJµÈûóÆ	cZDÀLÓp/Ú$¬úÒÐGy¤t«tB1®Î(ÃÄI“e0µmmmm;v,Ì\^ê±DÙ;\¡ºÿVÙ&?Eø}¸ÿƒL>ÚÐïâ·¿u¹Ô=§”â”ÓNÇ'>y¶ŸTˆÃýÖÕÅa‚8>?¤[ŸEñÔ¶N?^†Æ€â7¿»¹ÿ>Ü}—pçzæé§°|ÙóxèÑ'²9‰H’ÙìŒ4}¸ µ £¥ ƒ1špËœçGÎ‚uþ‚…˜¿`¡?cÛ,FÁé‚•JKuÉ’†Æ™Ù¹¸E??d,•ƒ5e2´kÒ7ò£kÀ»ºAÞÞEç€˜ ëðF5ƒüô …È…_7øÆeðryÙàqlGN}ÊÃKq;â<d±pß,Bˆ	›ºxV¯išÐ[vœµ.Xèõùih*ÌEÏÐš+ˆ¢aZëi‡§ztWãã_æHqúÁËð¼…É>l?ŽoJÀ="=j¼¡8Õ‰½ð/âàÙ?;BZ+ƒ®ëX³æ0M¬™??ì¿ÿ?a"8¸<ì¤¤´Ï${ùå—±eË´µµaçÎ?øŸoÇû`Gèð•LaÇç86mÜ€Û·ŸÝ|7ýþVpYšO¦:æÏ#£žü<Á¿óTég®Ð ÃÃ§©©==ÝRýo?=Š±cÇá#9ºaà?.›zµ‘®Ä=¿ÃÀá-´ä=ØV?<üPDQÓ44ú³Yê—šÔ“WÌ@ãr‰qÇlÃ0|•3×q¥G¶ØúÉ¢C€\Ü„DTó²ü¸â’µ –ð?CÚà‘Ç?RÞ‚y@OôR	¼³hh€7{VØ?1ðE@	Õx¡wÁ|FåÔ ¦ù<[UBÑ£&$lxÙ¹çS¢âŒ$Ÿù¼óH†ì—ü†Ö€Cg\?k'8w±­û1lîø‹|Ži­ÇÔQ'€1ýoaÕŽ¤1sSa.OþŠ‚1†V'2°ø¤ŸâH”¼ÆñiÖƒ“Ñ¸O9ºÿ¥XÈG¸‚C†+‰´pÄ^£—<‚BqžõÓ3Oq6’Ör|ïÆÆFŒ7•Jù\NˆËñxõE}Ù^M×1cÆLž<ù|Ë–-Çë¯¿?ñã'`Þü	0ë ó-•J;n,¶lÞ„åË–aâ„É8íãgHö÷¸Ô?	²í´¥£\Ek<~@ª?K0˜L•Þ|ëíxóÍ×qý¯®COw7*•
~{ã¯ñÚ«+ðƒþ+;ÿs•k”**Ä¶Ž™4„Ÿ]sUÚ™8i.¾äRÌ_°0êå‰­>Âü\cºOÐ?!Üó`Çñ»Ì~)8?ÿ›‰VÐÐø×ÃVéP9­þ÷‘¿Dw,‰ñ²‡{/Ù~Aåxs‘È™"n.ep]xÝ= M? Lóµoü÷ëgáÁðç^¦”kÜ{5³¦TG}n*€v-j‘ÓšÐ?ŸB)+m ŠÖšÆrhÈÏð%…}·$7?ÈZÿ&¦›ö]Ô÷!ŠO§d ÿÂíÁ;çé¯%÷’Ø#$2€Bjààq&ùê!¦ÎGxÁx„…!+^-Mœ8	³fï?È¬HÄÚ-8¥hiiÁ”)S0eÊyä‘8ë¬Oâ¼sÏÁ]÷Ü‹éÓg€P.-Ó‚u9vÜxŒ;söž‡Ö1cñã+ˆB±€ãO<YJ3°˜Ìm¶›=‚½ãyÒP>$=¨£ú¢Ùàéœsè†Ž:?lù	.ýÂEòy_{užøû“è`LÁÅÉÓ«àžÙf`R?‹Éu.l‚•:Nš^AG™âÍÝ:–N°ár`SÃØ¢‡ûßÍ! 4·WÏï01hS¬ëÑ0e`u$ˆ‹E|ëÛßÃ´iÓý¸ÀÜ"*?K¡d½b¶ß‹ÐáTVH`ŸD)…ÇÅ8,!ÂªLLèÑGTˆý+ÛSéóät[ª§jdô©¬Zõù‰Ò¥NdYYY]‚¯–dD8äHk2ÒÕýg¿‚78u<R,bïy0ôÚA|¤‘(û“!RÍ ŽGÜUÓÍpPiÜ‘8Ë“ðEö;ç50dŽªñ8`­÷Îù?Ì…0Ÿ‚‰Nò/ì5ˆ'çj_"’R­†B˜­Zs?
YOþN(j~íµ×^`ŒaÓÆ?ð8‡ã³¨ˆ?$o`Ž;ÅbÞ}ºÏ<
MYmõD­b['Êý|:½°Z$³%äþÌ˜9Ób.M¯¿ñ&¯38z*[û?`¡5ïa[Ã¦=Æ—\¼Ý¡¡»L±½ŸaçÃ+ïëè®P0
œ2½‚	EsGÙ˜ÖàA÷s¢²GðÊËË#ŸgÎÞó0~ü„TÊ­jÌL@@CãíôQmÕø<rÙ¸Ë²@)…i;óK-‰C!Jùy®Â„dµ<C[Ÿ§4Byb1óØ|œøãr¯ölÆ÷Vý_zóvÜ½íE9U%çl÷? ˆgâž£GÃ¹ú
°úzî?w÷D²· 1¦©cùÃ^]R“¢3¬ûRŠLhàõª²5¨2iUÛsyxmí´÷Ç3â[D•„Çž7Þxáµ³mþAïW`®<Lüå?óƒ¦1HÒ˜H™w“¤ýA$QQò%ß!	EPÑû:ˆÜZA¶cIº!S”9ç¨TEŸFy¹ÎÎN¼ñÆkhjj’ZÛAÀwÿxò	ÑøôOx×u±jåÛ°¬*Î8ë,k|!ª7ÔÔçapV%ÔhY‘X‹Ë“ÍnÎ9FÇl$ûú¡":—€Áb©¸«þ¿ÞÎ;ÎŠêüÿï3sïöËÒYXV‘Þ,`/{‰&±WD?&11{CŒ+ö»&vAAQD:Hï»l¿mfÎï?)wfîÌÝ»&ßßæ…?»÷Î?rÎsžóy>ÏçSeåžÛZU–îŠ’¯Jú•›ôm	4&Ö7©T—äE$•Þ¤HU¤‡©PTThÂ¡ÒnV’>VS#‹¸‹”î,ÂÝ®/¬ -¬‡¡ë:ÑH4MØ`h)—x“i,a*ûAæ:U³)}!Û1&mÃ+\@¸ÛgÑÞ|[¿†ßÍ{”˜žDJxmÃ4Cç·}ÈZ—þ¯šjõý#júÂëoÁ^ýÑÎ8¹«Žèk³Ñ~{ê¯ öìA;èŒ	cMæ‰µXŠ?Ám{…ŸK—%Ê]EÖmƒâtƒi Ò?çìÂ¿ØæRç—??_†›‡ÀW¡õ˜?`ž3$ü’2dÃàýFÃf·(&ûË0SÖ³	RtGZÛ;Q‘2}%Nó\Ø’$M¸´oß¾|ýÕ6oÞH*¥ÑÚÚB,ão7ÞJKK3±xŒÞ½{9×šL&©ªªä½÷Þcþüù&=sý;âŽ=öJËÊ<?H[k/<ÿß}÷{í5?D"ÎÆ?‰Çb<ñÔÓôí[“Þ	ê:"±ú8t?V‹7‘HÓ	íq§ëªOáÐ?…M[»Üý“'òUóµ˜&XÛ¡!!Õ-ER‡Ó÷ŽÓ¦ÁwÛ£L©M’Òay}„|U£5¥× )!øjK‡ôIòS]„MÍ*v­µ[‘ÁV=LÆÊáÝ•K§ØiC*î?±·]_Q³âHC·VÝâ„ª– Žµõvè²^íaEñŠÒds?N/"^Œ^äœ¯…oŠe â„à³?ËiÕ¨BqÚ?#™°ELOzœ£‹Ô<¢¨,aˆªD?ýãÎûwÝˆüÛ5ÈSÏA9`2E®^‡ÒÖ†hiEôìAdïZ4!ÐuÍÔJÖÃ‹ ·eÆ„P(ÉëéùHq~og;Z”ßUÉG7Lzeya­iú¬¸ŠÁNÇ’ÿÁI/Û?EPv¤2é£ Šld?ƒy.	ˆ;H•Sdèb(<.óŠª"¬†sl¬ìÈY8p£a†o)C¡S*´n@ï>Õ¼øÊë?Ðœ”’oæÏ£¾®Ž‹ÿ~ŸóúeW\ÅeW\e©š…u;¸í×œñTRÊ“³žGJI"#‰?o±¶"ªêøgÚÆÉ¶0—bñÏý”Ã0}!LceU¨ìdï4‚P7tãŸ7yAïƒ•õ’--*[¬×ß]gÍùé÷º;>¿Û‘þ»­UþýŽÌ†¶}*56Ëvê~Â]3Ä‰¯Š?®‹,œkû¡H?ú™ùpRšF2•"™L"Júi.gzµ³·;ÁÒxí®Üƒ/¼Îè—ž‰ 2»Ì¼A]Ê<ÇÑ¹/“«öÉ€~žZû¹suipÞ€ÉÞ¯´aªD"<{‹ÇA—è‡N†ÊNNDG Ö¢46!+*eå}zatî„^Ue€l?ÏŽš{ÒÀÏ÷¬˜ÄðÞ ªdÃû\C?ò?™^ZÐ—ñýï [Ùt=ƒ½»ýÎ
DFz‡`Û6Hÿq©Èy˜$¹öìÒÚ£kÿcl“{÷Ö?Â™ãg?ND?÷Zu^7ƒ·°J€½Zº6!²ï€‚¼ÄQ	]ºdÿùð}æÍûšGf>Î?¡Ã<ì6z´ã‚i„¬fÕðBP\RJ4/ß+6„`¸ÔmÊ¬?y»5QüÙv`vm™NØ‰??­q$<dpr¡KÑ5…ò`¦¥ÉàÎºÌÁŽÏJ?L&éÌ¥ˆ½âD»Õàô<Jí¥414Cúà›ñPP`f?§?b€£7’Ä½¸¸S¨˜ÊN–íX]	—j  ˆ‹L·bßŒ:¨ËÞt/,gw¼™’h!ÿu•yé.Cƒs¿yœù»× 
…¤¡ñÇ}¦0¥ûˆôa¢QŒNå°yòëoQÐË+¼KÁw 	Ä^5Ž‘†#º/ÁÈ‹‚¥M!%ˆ†F(*òÌP!D(L’­.aÞì„J¿.ÇÑ¯ËqÝøÎÅC™P;=vq¸p$=ºd6óÆÕèÔ1vŠg‘dÉÆEîuæ—_=gå3O?¹_œó¢¦ëâ@Ú”?i³—¡cXx«âLôÌ?™4¹ì®ìoœñìT­sè_;€šÚzø‘iû6!<Ø´;y³5N²?ÃLïÏô®FQÌ˜dÇ		*‡ºn´«é¾wæûEÆâ’î¥1ÂëÓô+7ÚEcÉ®h{Ã1÷¬×#E‰°ï¹wéçf`fˆØUîö¶·v§ NÐ1G?áš÷?Í<Û²x4ËRM7t‹úãwî??XwÔ.öT°Fsú=þâ`ö‰;°´wí÷kîZöëZvqÂ—÷rJõXzvbg¼‰W6Ìgg¢™¨Pè]\É´?‡ûðs ¤.8qû=È»Çÿõ ‰ˆÎ??;v"ýˆli…QÃ‘S/@Ù¶z÷@¬X?Ò³²¸ñóF³KUQ7mBî3ÿHdá"´‘Ã=‘øƒI’Ú
¨º+ý??TÅ¤ z…0B°›aÐCqñ ÷I™•a-:\ÀÌq&ÊÜ‚s@Už@;A¼voU%%Ól«´Œ€Èè³?†?a0U¦=(Ó5kÀHäfe±Í a+3¦_3¼õ4pÔ’ñ{ÃÌ*Mát?Ú;w]7µ?4K3(s'.-?˜]Tvéâ	~6ùÂ?Ú”Dwìq“4¼8¹J?µ‘J%9{\ûe$ÝÝ™F—%s(‰ÒÇ”ýØ¹cGÆ9dæö½—R"vÖ5Jÿ	Â¯½ÍA™Mþd^ˆF"Ç\Óuò¢QtÃ´~J&žgovXµWZpAñz^¦©z¾û/‚3ÖF­?e?›ùxÇO,oÙBK2N
ƒ²HƒJ{qx÷¡«¨¦"Z~õ{Pç/@Ì?‡ØUñ8”•bô¯A6	cð ÈÏ‡x¤aî"¢Ð4š±ø°ÌNÐÆF(,€‚Â@ÌÓcZÛÎ?ò^¿ý½Ì|cÀïð$¼Á>÷Ðº]Õw_ö(;qeà0‘HãÿÚPZvŒÀ$])º+#‘!Boö"ªj)eêZpš‘aúÝvûºÕˆ%¥EÁ.c+é2qbO¶
OQþ<ôd+Ûõgò6Çk´aý[âèy»?­ˆtáÞvÐ²¡¦ ¢„?“Ï|äQÖ¯]Ãˆ1c8ý×¿öt¥g£+ºƒµÿ}¯¿ö*Oþó1ƒ¤ˆkþrã'LdE½ÂÌEE¤ŒÿnŒ	$g?1º›Æ‚o¿á†ë¯õüþ´ÓÏàœó.hg»¹‹.HÃ‹a†eíÂ30ÓÕtÃFesË‰¤õ`„ãåg2ˆ9.yÂ¿½^v?Èq³-~é6\dù¼	¬Þ?P°Ì­—‚˜‰?Š°6/Ó!ªhO'Eø·î"ËuùøÕ™5}Îd·ˆpl\þÿTV—±¼#MòRÊ?©Š9VS)Í)D{ÍHphž†£q/ºÂëïàÏ†	…*Åf;Ã5ë×Ù¼»?é÷ýjÞ±iªö"œíãÚºýé?á{¦O§¦_5_rÿ¸ÿ
ŠŠ9é”S]Zfm ’¸hØ³‡Î;›¶¶VçµÂÂB†Æå¿¿Ší¢'?-.êÐÆÍÄ§o£‡ØÉ½÷ÞÃ’Å‹;C{‘zâ©géÖ½Gp¹ÜK)éÎ7¯J[FA€ìžvn²‚û!Û®ïBXØ?ç¡Hg`{ÿÝ1¤ÈšÉÀâ¦t-R"`Ýâ˜zËœÿE—Aöák‡m@rA2c–í?U†þgðÇ³ÐE;K›_mÙ²Ÿx÷ÝwÒ41§:“yP·#‹p—(C¨†ÿë ÞÜÚÆ«Îçž'Þâ¾§ßåƒ/pMj?Ÿ¨);4*„=ã¼EVé.€™óHÓtôè£î“iµ_3wÅ9¶ÐM(ã‡ù_óÐi'ñÈEçÒkµæS+Šl
ÊÔV›ÂpeFœ0Ý),†½Çfð¤4ÍYÄÜX¸óý}ÆÆ?ÃÅ—\ÀW^NYI1·Þt“e“=ˆ»Q?ŒQÑ©þëu¿×X,Æ‚ßðóºu«ÒùË˜V‡Þ‘âK·"??Žiep¥Îîúz|û?'ˆ—””pó­wÐ½G'N¥Û2‚“:±cwƒjÂŸ¾·ßï^QÝ7É6U?öêmH«Xç‹WUÓLØjû—?Ø¢ŸµÐÔ"²?Hß‡;ò~Q&Þ‘Ï‹@„Ã[ð_‡pÝ‘€l<X%í‘ôbŸ˜€TìŸýëî™1?ë×3dÈFŽÍŒ{îK›»/r!3¯'€“ý¿†Tf¾ò7?ö6M­q“'o¦läçEøí1c¸óŠS(.*ÁšZÚØUßÄ¶Ý?8jPúyZ‘.Xj–nˆýˆcñ$»šÙ¶k£÷éOÄ‚ °wÁ"M±uãÀs®545qË±GqüíwòãÌG(Ü{oÎþëYñ×lÐþ2æ’mû3ùt6/=Ï8C§ß—å!˜vé¥\xÁyzØ!ß±ü§åÜy×n½ãvŠŠ‹³2Z¼üòLm©?;v0wÎ—,Xð7¬§­­?ëo¸™ÑcÆ"„ ©Ã‚m¾Þe}Sv-–šr?‰=“Œì¦Q1¿gÝºµüþò©—Ð¯¦†1cÇ1iòÁTVv	eö¥ÇŠl/?»#¿ÌhÙL™	%?E9«ÑÁ¡:Z…UQˆD£íJ"{µ`iºÜºÇýH„R/<!²¡*ÿÃžy=^§“4·=vIßÛ¬°IÐâ…$W‘-?[ðGcc#{öÐÜÒLss»w×ÑÚÚÂÚ5kxèÁÐØØˆ‚—_~™SO=•|?¯çÍçúnd¯ÚÞIÔDãxÂ_•^xñßòéO¾Ã-?¿ÀèAÕÔv+¢-žàç?-,]·‹ƒGõçÎ‹gð?}I¤tÎ¾v&ÿùvUeÅÌŸõ{:ué?‰äÈÝ¡ÜÝ bÓìœ¬ÒÕÿpÁÿäÍ/—??òïûÎað AD]6xSkÄ†\l¡5M7eŒma¬]»vðôIÇ3î¯ã £Žñœ›PDF†ì€i3×˜PÒÅÑ0l:mÄ,ßï4÷üçäžÏØS…d“á¡¯æqéÔ‹=ftè-þþû…<óÂËL¼7]¥$å¾Ã@©í?5#Û"…·c´½ùOI~ØeÕ•æ¤I.Î3Ø»“Î~]5Š¢®Z‰Ï4Xì{è~ä[l„áBÔéÆ éÒõ?~—žá6?0LÆˆâEÒ"Z¶8?ai„aê«ŠšV:³˜1éÎ4ákVÊLÏ¤/K·žGÀïÃpèŽ5?‹L@LäšÊÐ	ž±…9îÛrJLÃÉœ¹K×u^~ù%Þ{çmÖ¬YMyiƒöHQE4QŒˆ#Ônœ{å’‰8z¢‰¯¿ý‘9_~Ê°aûrÿ½3ˆÅS^ê›K]Ó4>ûô?âÈLV…¯&TìÍ~¿ƒß·«¾‰>˜?¢*ŒÜ‡ßìß?Nå¥ôèÑƒD2ÁO?ï¢O÷ÎŽâŸ”:±¤†n˜o;vì ´¢ÊÈ³ßß 8Ð‡šÓ%-\\tIK,?–Ò),,`çŽíÔôëK4šç1žµåmÝÙ	[øÒïðòç1áª«½AÜ_ìÆ_QÒ	l¾KóhHgô¸Ñ[Úùn†Š?m†?¼óvŒÅ?yË6	xò°Ã¹íé'-c?ðŸQ£FÒ§ºšßuÓ—þHo-…æª
pÆéˆá#MBA;aá??Ã›Ó\ý‚(Œï™bBÏT`áß[Øñj	ßÒ.ü!Å?}$ƒH6†Š·]Þ-Ê#}+DPñÊ|?áæÇ¹
5ºõuCO	AT‰’H$J£­¹íÝf÷3,X‹#›«M$çÒÜ2rÑƒ84À IDATn ¬A§?oEîKH®°Š£1#s(búF«”’¶¶6î¾ëþqÿ½äççsé¥—rÓí÷°ª¹?K6@I¾¤g…AE±AADbµ?ÐZâ*{b‚¦†Ü=óm~sü(zôê“N”tƒÖ¶VfL¿‹‡ü±XŒO>û’	÷·²K[_ÇH—à¥ì ’ý];w7ÐK €BU§_uO&î?‰üÂB?0vL{¨¬ìÊ¢åhli£±¥„ O1oéz¶µFéÞ¥CVÓO²xåFÖoÞÉ™ÇNdåÏÛùÏ¼‰…ÓŽMAaËÖnaùÏÛ1¨/Cj{¡A,ž`á²u¬^¿ƒ±ÃúÓ¿wW¶ìØC}c{šc @2©ñÃêm¤òVÓ½kC÷êM4Á@²dÅ–®ÞD]c+åÅ…Ôô¬dPMO*;•’4ÞüÃUø·1ùt]÷H»ålýfn%OIKfBv0÷Ã#~ª¢»£Õd¡èéq©ƒä!X¢*<ÜqÜöø£ôèÒ%§§ÝµªïÍÿŠóN9?ß¾ÿ>ûi©tiÙ¯lø¡–\éŽKjœË½LŽ<¾?Ytzðrýý1.bH7M/ØÇSº2q‘6†€L9s¥¶·ŒnÃT·~‹½¥3EÝÝ‚¼¼(†Å=wŸ¼í‚ý?w²jÅòÀ›]Ó/.ÿãŸÉÏÏM4… r»Y˜5ÂÓE@)9˜¡’Vë–¾×:âE’K^dÉdþ'?1ãîé<ôÀý4ˆY³fqÂ	'?ŸŸG}SŠâòV¦ì…±U¤
ú@ª#¿¡µ!Õ„‡HŠ?¤Œbvt!ºCKÆj]Óùøãÿðá‡PÝ§÷Ýw×_½eþëÛÊJA†‡Î/Z}]wBJÊJ‰D"Hà›Õ;ùbéN< =~ó‹Jè^T‚aœsÝãìli£5–DQ‰$xôtýc.?å ®:sþõÙ*nê=ò"‚Õë6òÌ‡ß³£¾…}ûu£¶RÒ,‹8ÿ–Hi:7\pUÅ’n=«ùvñ*NþÓLb-1¸æd
Å@f}°„Ç_ÿœX2…¢ª¤t?;_^Ê÷LÚ¯–›Ï?„!ûìÃíO¼Ëc¯Ak<‰Lé *å3yxž¸élÛb4mÛÊüëþÊR]§Ûï¯â7—NËè0»DñÁ"³uØ1¶B¦…•+Šœ…kgø$ij3YÒö¾¼xÉ¶K/á¡{î¦0?¿CO8?òèKÏsËŸþBì©'9 'ÕNiÚ'zh@ç¬³#´á?!‚É"„ë,Üôì±Å#úå:\$óÎ*™ï)
fâþ®mëëº?¶fzsš+¶ª¨(QÓ±äÓ?þM—ª®têÔ‰Ûn¸ž¹s¾dÌ¸ñÔ××k‹ÑkC*%¥%|ùùçlØ°žko¼…ºÝ»H&“>’¼¼h`ñ…_šÙ5Æä«ˆ,YÂ…{|¿(ˆgBJé@æ)\¦£&{öìaìèálÛº•Ç{Œ“O>™3f i'žx"…QAa9R!ÑÖ­KQ›× õ=?HãZŒÂämy?xÿ³ˆìYŒÑy8=g“ìyÒÐ?Z?düÄÉ~èÁ(j„?;wrÛm·Ñ¥KW‚ej…/ÿ¯DïèÓ£?¬åÅ¿£-žbÆss˜=g%øÝ¡sÐ(*;•9:ÐçŸp[wìæ­¹KÙ\ßBž"˜4¼?Šò¿wgvlßIaA„DJ£%¦s÷K_Ð½S	Ã«+Ù§_yª$ÓHµÆAUIÅã44ì¡K·^$“:±XI"ÖFcÃØ¯?"çÝyËX¹y7Š€‰CûPUVÈ¸Á=IÄšY²j÷¿øBQ9|T-ûõïFK,Áüe›R]Áæë¨Ý{_®_ô#­mmH	=»TYMenˆKXIWzX¤“L³¦åqff*9¦Ç²[Öæ»g›Rî§P^\BÓþÀ]7ßð‹oIQw?üç*
­³žæ°–æ`s–¼›ê×ð(©ZÍpntU†ŽÏ€Z•ÈâfæbgùcF$“©‘›j…	wØvvþ·#‚Ž¿Ýß«Îgxš,E!¥iŽŒ.>xçmÞyûMò£y¤R)žxö9[ÚX±lMÍMlÙº…ÆºzÌÈ1cy÷?×˜óÅAhšÆ¯Ïü#F?öœWnA[¯°nX\t$Ì?a|q·S’øï°ŸL”Üî~ÉvìØÎ¸1#‰D"|øá‡rÈ!¬X±‚Y³fQ[[ËñÇŸÞšK‰Œ”Ý9©D‰Ö-™D‰I¤šOÞöOAkA”í?Ú´Qu€9–ÔB!ØÝšÇìò¸pRŒ”ÕÉg{[³UÜ<Ò°=G*î¹ê4zW3ó?ù4¦b¬ÙZÇeÓ_¥æ¹O˜vÚ$.:y2J$?+Î:’Õ«×0wÉZ6ín¦sQ·_x0º…%¥TW÷ewrª*H¦$“†õå´ý{3°_/
KJéÓ«7{–ltÔ?Òµ%™!¬(‚CÆeÂ?î|·ògVn”DóóøË™))ŒRVÑ‰ž=zñÐ¿¾D?§Øop/Î;¸Õ}ûÑ©²+S5?x"I×n&®\ZPLiA‘·¶àº‡‘ˆâœ›ÒµF:Ðú
žN1ÖæŸ#ëOiŠi¹?ð^09ï%H¦—–ÑíŽÛ¹î²KCÙâÅKX±b%åì¿ÿÄ¬¦ÝO?x?ÿ¾_~—Ùõƒ,?ˆéæé˜F€ªpj?íÅ– —IGüÌÓw‘	‘:ÏÃ­H×ú–wÛ•ýsBq+ ¹…“Œôq/înãk†”¦À¼mÑ„ä˜_G4å°#?ä¢K§²aãF>ûè?”WT8Û¼x,ÆÚU«ˆÅÚ5~ÕýjP„`ï!C?ÀãfÙäDdWîè(ÏÜJ’.\<šòok²/±9¯Ç¡\z×ŸU«VrÌ1Søì³Ï8è ƒˆÇãTWWóüóÏóè£?¢ª*Åõíù?0
{B¤­bFAŒ¼ÎÈhÉn“Ñ;?B*y$z‡Œ!ÕBç;Ë
%5•:º4›/lA¤Œ î¢ÔyÏøâ,®WVZÆ5çÇì;ÏàâãFÐ¹°¡~ÞVÏU÷¾Áí?½N¼µ¡FèÙ§å¥NRÍ/b¯AC©0ˆ¼üBË0Â<p?ò|ÕöcÌøýÙoøh:WuOSm¦ˆÄ™*—X-ä%•»1•~µé[3?hA1ýzv?¨Êâµ[¸á¥¥Ì[Õ@~Igzö©¡vÀ JË:&%néé‚ü|¢Ñ(‘ˆjŠv¹ùÕ®ž…4t¢8	Y6Í›1cgç¯©„Ÿ3-¿ˆ3å²iSÂÄ±SŽ§¢¼Ï=÷‰D‚SO9ƒÏ¿˜~XÄý÷=È¤¡µ¥•3Ï8‹Ý«é_3?½j±÷À!œtâ©,_¾œÏ?—}Ÿ}†Ç‹œ:?"OÇl6ñ@Ïï?^BŠ›™¤?\€Zo#^mÅ[Ý3Ë¸Žz Ì-˜ûÝƒü]]?ï5d?1]6<µ7·Ó‰ÝÕ•JiÎVgòaGRTTÄáGÍ¥W\AU×î–YkúØš®QZVF?^}8ôÈc(.)¥¸´”	p„¸²GÞ°‡ák2øE	²‹Gë¦=f[L²6øˆöP®‚‚Ò%„æÿ’––fÜ=?U«V‰D<ããÆ?£¦¦EÀ+óÒ²ZŒ^Ü›d÷C?j>zI-FQo’½Ž¡¢õ¡bW[EËôê\¤1²w?-ôîÝ›òòrš››¼¡Ú
àn15ïƒRK”^€üÂbÆŽË?ÓNá?{ÎâŠÇQ\EQO½÷—,³|!½»3iè™;v‘†	+**ˆX’È2‹Ô,Ò]	I+„À?ºç:?œ8”_8tƒUvó‡{g3ñœ;¹ò®çØº}GÈ÷º2C‹.Ü€,8;c!\Åx×nZ„ÇOP´ÍkT—™²}¬––îºív~sç?üîÌ_gF¥!ÉËËçî»ÿÎ??.eö[¯q×]·óÞûoq÷Œ;).1ºx,Æ´iSYøÃ·\qå4¾øüK™|$??œzÊI;î8n¿í6b±˜çšÂï‘;^Iëþ§
éâ"`¬v ÚÖ‘)l;ƒ*îà<à¼‚í¹g˜õÄãÎ„~7Û×Ñ—=I?Ç^ÝÕ_éå³ï©¯gÎŸqÀ¤I3bä~·€ÒŠróÜƒÊª*¢Ñ(º®±~íjšššøõ‰¿"¢ªž	&ÔìÏÂ¾[Ç¡SçÎ<ýâ«TºªíéfžöWì $Ó‹m»YeÇ@¶¶¤¤„[n¹?[n¹‘}÷Ý—Ë/¿œ?ÿùÏ”––’L&Pl®WX¾-Ÿ	µ	S'C-D/ßÇÊÜSs¾9//?;v?Òzöêet…¦æ&-YÆüy_3vìhÆŒCcc£kH×‚ï*÷^´lº„¼Å„ÉÊ:U±_E%dK}Œ×>_B,¡³bíf†/[7ô@JžH_ n÷	Y½nÆšûGOiž~ç¢‚|øÓé7¡–>ZÊÜ7²½®™ÿó=·îbÖÍ¿£¬¢‹‡fë]x,œÛ
²¦Á…ád?¦à?‘1ÞÓÂX&
#<?j~Ê°Ì…ŠãzcC|7\wW_}%#GŽšfLŠ¨*¾]@Sc#?,\D¯^½P…C;Ôs"‘¥¥¥{ì{ôŸlÙ²…Ÿ–þÄþûOäøãŽeäˆá\rá…Ü÷ÀtêÔÉñæÖ§›?›ûþ{äx¢æÉs¹íCDÂV 7åÐÙ‡p¹EáÌ³Ï%?rãµFv¯&qüEPhbVÂ0(zóQbŸŠ^QåÜ´¼u?Y¹}ÈxRÉ‘¶fÔÏ^3q¹I'`!v“´#¨#´/ßËê+˜ÿõWüçÃ;ñTE?L&inl ¢s%{ö°eÃúÖÔÐÖÖFqq1g?{½z÷ÑH„×^}•#GÒ·¦Æ¹®Oþóo.\ÈÅ—N¥ÜjÑÍËÏã™'Ÿbìøñô¯­uÎÉ¢Eü¼nSŽ;ÁñÜ±m;Óï¸€I‡Êß|„
§Õ7=‰ü+u?’aû”ðÜ·qáEø·1‚×g¿ÍâE?páùçòðÃsç?wrÆoÏçÛuùÄ5ÁØÊE¼øÒ7üö¬sÍEÒZ¬]3ÅÀå9ƒh4Ê—_~ÉÛï¼ËÝ÷Üë™«e¥eLš|0cÆŽãºkÿÌ??þHCCƒËÁÕ?…Kr?ïTüXÜ?cZc	ŠóÓ‡
…Å%”••8íë¶þ~~¤À›1ÑˆšfÃº&­I©¥-•LËÖºƒµ®BnvFî‘q
?9éèÉL½7·ìäÖg¾`îÒ?¬ÝZÏâ¥k˜8¡‚H$PÜK»x©&>‰æ’R³õ?‰8”Ah]ÐN~ÜºÞa…»jÿþçuëxä?¸ö/bÈÐ!Y—nèŒ1œ¹s¾âì³ÎcÊ”£9ÿ‚ó˜¸ÿ¢ÑôµÙ”æ];wQ¿g‘H„ÁƒÓÝ·}úôæ‘Gäîé÷pÞ…Ñ·_5¶y¼!ÃC©÷º„·^cYÓ…C3ö®Yv@×Áê„Ï¢î‘²½¢&pá?§ÿæ·Üð—kÈ+¯¢lÀô¹¯ƒ¦¡î3ãÈ³)vÆŠ–?”D¦\…e¨C&ok%2b2Úîm(ª‚rõãðÑ³¤vm¥ÓÀÑhïý¢ kÄ“q"Ñ(eee¼3ûÞyãuþõöÛÜró­tíÞ?’‚|ÞzãuÊÊÊé?`/ÿ+,ä°#çÓ??¦¡±$t©êÂ´«~Ïô;î •L°÷ AÜ6}·ß|##FŽâ?wßrhLuu»8â¨£X·v-K—.AQ6oÚÈWý?uëÌ×òóò¸ð’©Ì~ã5–/[Æ”ãŽ·‚¸×¥Å0B²qÑ~°Î{Óüú¨´£…+„`øˆ‘|·p1_|ñ9/¿ô/¾t8}zu¥K—*úÕbêe—µ&¹]<SEk×¬á¼sÏ¢sçNLž<™ñãÇsõÕWóí÷‹BO§¨¨ˆ«®þ#ûOKAA?ÇF.`…+³ŽË•h’nf@È¼ôeEWNŽ¦Ö8§1š‘ƒk(.ˆòñ7ËyçË%H)ÉS5½*‰D£!H$5‚˜¦óõâõÌýi7Ý»VpÜ¡ãœê·í]ëÿÉ‹Xæä…yK72eÂ@¶íªçÕ?¿UM’Òt³IÎ:Ç‹m¥ë:ß-ßJcêGbIÉÉGŒåÛ¥ëyéƒ¯ùýo?`@ß¾ôèUMß?—3wéFTE!‘Œ£k‘HžÇLÆíõiû(R1µÀuÃºÏª«iGQÓSÓ?^j¡sLr†)~ø~!ï¿÷.>t?ååí×D"É5þ#ëÖþÌïÈ§Ÿ~Î_Ìáˆ#çŸOÌt²ñùóç³víÏ¼ýÖÛè)?™?=LçÎ?=ÇêÛ·š[n½‘‹.º”k¯»Žê¾5Ä$\p³o·"ÔdqCøÌr?Ì•Xbµ…ù‚¹›ÑÉ%Ç—]ïÜö"žDlªƒúè:ìhC©¯C)ß…±£YŸ-‰ºq7úîÄ–:”¶F"Û_E=âJ(©DŸuJ~¢¾e{ŒHÙ È+ 1ÿU´ºí@-#F?æþ™?km¡ªªŠÊª*¤apü)§’H$éÞ§šª.U€$™L²pábRDò
Ù¶u+?þ°ˆÏ?ŸÃ†¦?¡ŽBiÅ<ví®ãõ7Þà©ÇgzªÏ‹ÿˆ¦¥ˆæ¡ë:sçÌ¡fÀ@*»t%¯ ¡(Ü3ãÖ¯[8y½;š€¦%_<m¯?)ïláíh»>À¤É“™4ù`ÚZ[I&“‘ŸŸŸ™}YíÞ£O<5‹Ý»v±råJf=ógŸs~Ö­†úôíË—sçÑ£GOç5%«I?beæÒ	ô?¾Ý"RY·iß,YÇº­u¼÷Åât‹»UOÉÏ‹páÑûRUQL‘¥µ2 _7æ-Û@cBãÊþ†ÁäÑ{1¬O1ñxÒÔw‰7¹Ø†¨¦¸¤?ÖdŠ¹K71ù²§@?²ÒBò"*É”Áú?Í$â1çþ0r/Þüb1šapÇ‹óÁ˜Ç šnìÓ«ˆ{Ÿ?Ãgß®àÅ÷Ð«ªEUÙ¼»	ï_E?ÊT5âªE	ß<)êšFDUQTÅãîe·ûÛzFj(Ó2¶í%†!ijjâùçžáÎ;nË)ˆÛ_R\\Ìs/Ìâ³Ï>ç?<ÄâÅKxååW9ñ„ã?ÝE"‘¤ÿ|è~&<™ÂÂ‚À£UVVòôÓOpÐ?‡ðÚìÙTXç6‡Â?—4ÔbÞÅ…[ev?šeÅS»>$Bxt‘`WiÊPi?ªè\|JCÛU?Ö°¤ŽþÝ»È5sˆv†¾{BÍ‡Qg’|ï´x²rZk+ÆÆ#Ö€¦P°Ïè-qäêŸH½yä!R1"ù,Z´ˆ¥KS\RB¯ž=Ù¹s]»ucÛ¶­¤R)î³ñD’Ÿ~\ìˆø´¶¶ðÖ¿^¥¾¾-•¢s—.$“)’©¤©›žL‘L¦Ì*»!-¾¹UÐRÄâ1æ|ö)‹¿ÿ!©d‚5+WñÙG±}ëòòó¹éŽéÌýüS6¬_?pm	oË¯È¹)à•ÌN.¼ ¹·U:xRÉÀØ÷=çS\\Lqqq»xoqq1dÀ€?L˜¸?çœ{^ÖÙ­Ø¯_?¯Š”ÄÈÌÅ_wž Ós- éÓ£’»/ÿ¯ÿ{ó—ndc]º”t«(cü>}˜8¸’QƒûÒ¯v «Úé‡ÐÐØÄ÷Ë·?Lét¯*§¶gg¶lßIiAgN™<œX"ÆÀÞ%¾úôêÚ‰{¯>‘gß™O}K’Êò"÷*gXßbÞœ¿	¡æ±wŸÎ$“)çdÏœ²?›¶îàí/~¢©-Iç²b†ôïÎ–mÛ˜vÊúw+âë%›Xµµ=–¢[÷Nœxà`Ö?òN•¨‘¨ÒS¤¡UUPÕÉ¶U’ÉTeD<Za*‡ )--å¼.äo7ÞÌ£?<hîÀ:…|ðd>x2Ï=û<—M½‚o¾]€ªšý&M:?iÓ.m÷p›6mâÆnæ‘ÇfÒ©s'‡-eXRÛ¦w¯—ðóÜL8)%–ƒª§AÈ­*)\d	™ƒ?xð,5_‰üDÅÏP	s­wøÉz
¹kú²#µ”yÂºF¤qÆÏóÐVEA"†^3eå'Í;‘±ŒTœÔª9 F=‡b´ÕC¼‰DA9œñ˜µ÷Kýð’»7pÚ	ÇsÅ5×2nìhÊÊÊX½rñXÃ0hnjbý†Ìýì'{0?Ö¶VZZš1ƒNÒ©3ç“OˆÇãŒ5ŠqÆ³{÷.Î<ë,;ò“ÉPPÀ#ÿ¸?ˆ\pÉ¥Îµ~¿à[Z[[ùÝyç:ÜÛX¬?†=N”ûVyÄ¹Zv3{53SWI;I´£U\|× ''‘óòò)ûRŒB9¡/ÉÀþŸ`ª¨Ì€…Ò42KßÇí#ê?{ßð?F"5y£‡Ô°{çÉñD‚T2I<ž Ouú×$š—ï|lŸ?ý˜qå‰¬[»šx<N<CU#tïÑ›šþ{1 º+ëþ™H4BÏ^½œ,ß."ž|øÆíÝ??×ÓÐÐHII)ýjúqÌa“X³v-‘H„:kvA~:g
ÇO¬¡©±-• ™Òéß¯/µ2bp[·l$O`Éx]—ì=h0]ºvsÍkÅÓÃáÐépköÛŽDihé®Å,¢X¸ =ûóFƒÅ^P†ÊÕü#Çs/½ô<ÝºuÍ:|òòóxlæ?9jc,á¬`G}?ô¨‡ò˜-ÑØ´i·ÜrüËµtíÚÕÉæMQ/ÅqRR\,³lAÜÑò$Pi<7ß7@r%ç‚§'»—±}WƒôJddâ„’W<”vû¢®¾ìÞ}ç”¼d*îÁ8É/-?Ô­Š{~	)ªIG3t¤nŠÎ5JÄ|Ýíd/?T¤iÕ³ºÓ.ŸÆ¹çŸÇã3ÿIÝžz9ô0ž›õ4sæ|É®m[ÍæÂÂBb±˜3UU¥¨¸˜–æfÓÄ4¡°°?ææfŠ‹‹ãW!±¶6òòòÌÛ¦9¦4’‰8EV#‚@?L&ˆÅbTu­â™_eðÐ}=Õp÷®Æ/O+2î¯ÈÂZ	¡Jú©PÂê’µ=V¥aÅˆðcý“ÿ,%9â}Ù2ð0ÓSW;#e²‘Ë câ¹^!:Ö«ëš#§š——çè{?‹†®‘H$PU…h4¡¨^mßdO;b¥¥ÒÐQ"«É—æ¡ËjÑµµH& !//‰â†®¡iISâ"??ÀÁK„î¦Ü‰]ÚµG¦&®ÅÖÝàgB*ÞÄÏmtaX€#Qëƒ÷ìááä×gœÊ„	ã3ÎëØ)ÇóåçsxýÍWyõ•×øü³/8ò¨#ÉOK—qêi'3õ²K9éÄÓx÷?÷¸ó®Û¸ú¿äß|óO=ù,Ó®¼‚={:5Ã£ÿî¥GzwÂSeàévRk]«}/¥G$+¤\Ó®Æ¾Ïvqû®´Œm¦C??Ëš%˜ûW¦ï¾™‡¦é9dxí`¿>…E{r«ŠÊÖ­[¸ý¦hnjæ‚K§òÓ²e´µ¶?L¥¨éWƒ4Þ}k6]»vå–;§SVVîT½5ÂSXÊÙ…ˆ€Æ}ûÕÐ³wŸþiÆçüAHÐ¼áw¡EO3ÁŸQyýÜá›††ÊËÊPT…ë7°bårŽ:òè4fÝÁlÜ­3­F"Ìûz.½zõ¡ºoµ'€Çãqž~ê	¦N?–¡JI€
œÿfú·[?ÐEøî WÅ°_f¸î¸¾7¥i¡µ¨lä¤Lx‚Ð¢¢hÇÝ'=+ø
sÝËŠ³÷—Öu¹e6Â*S®â€Ôt×³ðŸ]<ã–oâòË.aøˆážß?9žM›6ñÝÂùôîÝ›íÛ·³yÓÊ+Ê8p€ó¾y_ÏgÛöí:ÄóºûçƒþÍ3Ï<ÇÃ3g:?jÕ¥GKÊ?™Ëw†ƒšÀ#håGðÜšëBä §×.vîÍ¸=?<s» ÛO´D:?»¹ç2XîË“ºÛtƒl½‚³Nï{~^»š+.¹€åËWpî…sÒ©§¢k:Üw/_}þ)ÕýúñèSÏ°×€?ž`jëE8þ…Ö÷eÇ”³ò,?_Êôª,„¿(ùßò,%Ï?lKqZ‹‡ià¿–Ù³ßàÞ¿Ï`Ì˜±lXÿ3—_y?:ñÞ;osý79¢gž-v;uð+–ó»ßœÁ?¡C‘RrøGÒ·o_ªûô¥ºo_ÏÓmllä×§žÄ¿?ú4zioWâ[-Ý[Ýl
-ÿË@îÎÞaB*-oán(Szz.2EÖþj8ÇlÝÂtËÈ²’ó›-ø›zÂú(Üïs+šêºî,¤nQ-é¢c:?It)¹ãˆÃóçk8ë´SI&“Ì|ôqn¾éVn¹í&FŽÉóÏ¾`2ÛüÆÎR‰F?ºuëÊŸÿò§ÒÁ«/½Â¢7ÞàêÇŸðP/±á×<IYÌIæ=	ºî°håèdÈ"„¢0}FßïôÈý€~ZãÄ½*‰Œ žÁ•ô™5g?aÞo1's›>5µxæ¥×¹èœßòâ³O³ä‡…Äb1~^³šî=z0ûý?(*.rat–m””JS¯ü‚÷¹Òø²
åJÃ«V™mQÈqë’›Üyf1ÔÞ:ÚÙ–TeFÄ[oÎæÉ>Æœ¯æ{²ûß~ãd•;¶ï`Û¶­hšÆ Áƒ)).aã†ÔÕ×QTXDmí^´¶¶²ví„ìGþîOIDAT;lñxœ£?™Â-·Þîì¬¶mÙJiYº®³fíÚZ[)+/wðÊÍ[¶°}ÛVªªºšÁþ— 8R:ø®Ç4é¶‘Îi÷˜Ã@úÆ¾ôuOgÉMÒÂ¾ú”?PH²ó*ƒƒ±wÞÙzç¶6¸t‚ošÒ)3[üu?T£(
ÑhÔa	aú‰»»a3²yW5[®×S¼uÉeÜºeW_t!eå¥ü´|1ÝºuCÓ4†ï7Ìc€¶ûóñ‡z”?×^Ë•Ç‹04¤ñ<>iivŽËÕÝmëI»’´œ
¶·…µ‹ DÌ}??óàè®„?HÏªìùBá«s	×–Êu..:SfséË?“ô;Âg™B?»tá±§Ÿå„O¦KU}úôá¸“Næß_|EaQ‘‡äd–Ñ…ª¢Q5ý Ië¾8[Ë,ÑÂƒ¸l—ÙafÂÁÉ9¬´ZBZïÍ?dX`?ª*N€À}÷ÝÃ¬ç^$$©GQ›7o¤¹©‰]»vrÙ¥³uëVn¼áz?ÐÔÔD$á¤?#ÖÖFcCƒDêêv³uëV¶lÞ„”’{ï½‡o¿ý†…¿çÕW^&™L²§®U?P__Ï¿£¥¥…Ë¦^lzfvÄ`#ð>XÅ'ËaÞ|’´¿F´»†Í¢ƒEá|÷T¸é•é@«¯¦¿ºÜï}=ÓÊÌßÒ3YÓ4¿wþ²Þrö‰˜™¸®k¦+‘a`è†9¶ÝÆÐ®€.?üÇïÙM§¿^Ïc=Â9çœM÷îÝMÏ‚h”Â¢B


²þ)*J›#'5?[o¸™ú«®æO-?Váìæðê­€®YrÛþæH[‡ÆD?ÚÓÞL#nÓˆô³0Bš‡ÈÔq!ÝGäŸÑ‘á(ïÍº=X?pãçéìCŠ¯"*\Ž!öÅH+3?üƒÓæ­+NdÞº.U]¹mÆ½Ndãsvó?Ã3ìj²¢bè’Lw*B€Ž{Q‡ •@{
wdìr‰ãÙÜKÂ¢±ýôìBŒU¡7¤$Ö3[–?G~?—_z‰Q£Gsá…;ƒ²v¯|¿`Éd’M›6QZZÊêU«øùçu~ø‘æ3éÒ…¯¾šË9ç?OD? (
_õ÷Ü3E(œ}î¹D­Æšü‚–ý´”#?8ŠýF'Ö£se%Çþêxl&MMMæäüoÔÝ«,ìñà’ B(D¹ú{#=æ2>&Ò[mé“Nu³xä™I›ðA2x €àÏHEÎ?è8š(aFÉþá,%èºA4ª¢*’©š”¨ª‚®Y¸³ª:?3³ŸÂ×Ê?àÔxŒ¹7ÞÄi‹—ðê‹Ïý¢GO&¹öŠ«8ä™YŒÓ’4#P3×ôÎ\ºÅ°¤?‰1Ù0Â.+Òª	„§6"<›lé«£¹YXnÈ%ó.äö£¸Wq¯ûO:{IÛ»ÉìÚYµ³i²ØÙ¹"ÂvüY{‘£I°í2bf˜™ø¡â£áØø?n„;aKÃk0Ûírév²		âö9ãÊÚ[Ãù¿Í³.é}„SÀ²L8ð@^|Áœ4S/»œ§g=KkK‹síÉd’ßýæ4]cÐ Á”–•òåÜy\zÉ…¬\±‚W^}?±ãÆqÅ´©|öé'!˜rì¯øû½ÿ`ÆßïcèÐ}~ÿ¾ûã¾ûàûï¿ãŒÓO¥-Öæ»RÙÑììb=[g,cþÏÈÝ»[#ðœí l8õ13G_F¾ÅÎŒ¯€p?"·E	t»Ò¸¼=Ýß£ëºÃöR|*ˆA55û=º¦Yíü¦w¨[lÍßš/}H²Ÿhk ˜œˆsùë¯qÆ¯N ®¡±C?·©¥…kÏ½€{Œqñz€$¬»ÍÞ°2qCÊƒUU‰F¢¦?u­?»?xÒ‹){¼ùµ3ÊƒÉé»¦8[ü?žè";Ï¦æÞÆ
?Qn ÃÃÿ3¸ÕÒ¥.:0—½+¾?)yØÚíÅ‘þÒM§ÊBCf)Ø¦¹£6‹Ãl@0YP‘?\šq…òaèéÛio'Í¬ñþ<Ä«¯¼Ìõ×]Ë’Å‹yóÍÙÎ²WmmmTW÷eö¯ÓÖÚJ]]Ÿ~ò1ûî;Ìiêxí_¯Ò·ºŸ£Ï!¥$‘HxÎÜ¾öºº:V­^Åþ`ò®Õ´Ú"’ôß3 ?³ð YâNq­ j»Xý"F¥O†Ù©xw¬2€¥`H™”Nf¡»qnÙž+ºïNÖpÃ†”$áèª¸Œ°­‰ûšuMCÓtÂR\°Š¦iiJhÆC²ff<áÔ
’ÀÀd‚+ß??;?í;väô8V¬^Í•GËÉ/>Ç$tT4¿'™$›ÅT2ñÅWàu„õ$™bXÙJ^Nðð1OD.ƒ8À³@€Ø±»QfÓE#ÂÇ?ˆéî¦t‘I§¡Œ– &Kc7”äX?\â=‡pÏ¿ÌF‘åØiÁ!û^é.<µ½kÌêtò¥nÈ%HOY‚9s¾à›ùó©êZÅÉ'Ÿ†¦ilÝº…Áƒ÷aíÚ5¼ýÖ›L9öWhºFÿþµ¼÷î;lÜ°?C;ŒýöÎ'Ä¢~`ìØqxÐ$Ø¸i#ûî»¯36—ü¸„nÝº£ª*oÎ~?X,Æyç_Haa_5—<€o¿™Ï°ý†[‹DûîÖÕËò21Ý,#‡*Møx0,£ˆ¬š#?Y®?)ðC)>£o5Î=²wëxÈØñ›Yx H#íáiÝ¯¹‚Ýaÿ\pÚÿ3œ‚¸»}€¬¯óÜØ£F™öÒ+<ýü,zõêzO—.ý‰»ÿ~?w?…*¼	”4”þ{!G?uŒ=ð™ÇûíÝlˆÉ.Û1,™L9ÎH~ª4Hr ý—ª3$ÅýõC_ÏÏÎºFÙÞ`‚BÜZ
Ùu=D a³£d?ÑžãÐaÍ&:¬?žey

èÒÄƒ‚xpLõø ¶úl®@Â³Å9z!¬DÀ‚êÒüîvÈæÈø‡‡VhüÒH??¨†	ä²##ÆS?jÿƒolzk¶d'óWÙ*w`L?¿´p˜?ÑðÒ3wÖáØºp:dÝ4asÇà5c£Â…ùKç~™ïñóÐ]ÍBîøcï†Ûb1fLŸÎQGÆ1Ç?q¯>ÿüfÏ~›+¯ú=ååÒÁÒcìîÇÉƒÞç=K7¨R¢»zeìëW\?Lv­#2äný^ú!·€(¥4y.úÚ™AÜ·EÌà	É ñ.,™ºç"§é–»åY®ZdÉfs;{ æÄ]?³Ý¬[¸v2A2Ã¹¥t«°¹X‘eá”ü²îÍŒ@.ƒ3b§°†ÌÄ‡dŽåüãÖÊ0õ¶ƒZ¾ƒ³]w’”2tlÇx‘I—‘yÐ<Ú:rºNÀòÿÛíÐ$}ó]±$tÝu$€ö@GÒÈ[l–˜áÛÁ¸1xû'™LòÈƒ1~ü¦LIó—_~…?üˆ¿ß¿§â]¬2ã?ô“5|ßŸ&O‡`²{ðh¯»ƒ¾aX}¡t¯ßg¶N÷‚«ÅŽÝ2>ë
7>?-á¹)Yƒ‡ c[–-àv,)[S!ÚÏáDŽ??n½í ±jRng.a
‘æõÛL‹öV€ï…­V9Ü–_Œû›z<…$Eq‚en-—ÿÿ‚¹{)­Vuu+$w®¬zab`ÁvRrRñíäÒ~š„dÃY9éò¢®ÙjenYW“‘?éó?Lá3EøV÷ÞsÔrÎ¹góÄO²yó6.ÿýïÃëd¹ö…4ÿ¸ÿßVµC
ìàos##ód&Ga)¬?¬yº“}ŸÏÊ#w+è¹?Še)o%Ýûð3ëMÂWsÊ­7Þ3®:˜$†?GÙÁ ng5.,ÔSé°‚¸ÌšÏç²Lx\¸Ìß?uëN°fiÙ‚¸pý/·«Ä <ÿV<ÂM¡Ñÿ‚$ÿ›)­‚ 4?´ ’œ¡õŸœÆdÈVÛß!3wgþ†#g' ¼…EÖcXßÁEÁßN·ä‚; ;ülME® ±°gÛ§—'hX¤PþxÍ5•pøaGƒeÚ•Wí©:4füÙ¸ÿzu«Å~€ŠäE£äåå?DœsWœÅçËÀp
s¶ûrl†[Z:ÅužÁ¹J±´žÃ3ñö3MWfFëç¨‡®OdŽÜ’´ö –€ß·Cýð\ŸÄohÕZäœT
ß?ì­¥Ý±fv'º‚c–ÌÜ“YønB.hS˜1tPf«x¹Í­UÕ“mdMQ:ˆ•ÿBxæŽÀ²¦sWä6T@J¯–ˆtuG‡däÙ¹ôòÌ9&<'–Þ¦AU)Ò-?ïb@Ö-¿pu©:'‘ÕÞÐíÁ'¥ç°ª
W†t¯†]/ñ0ÂpdLëÇN?;gÈ»u.µÁlq0ák^ò0SdE°³5E±e	¬cøte<Y»ž3"ïÉHÏíg§ëé{òÿñúBŸ ùYIEND®B`‚
imgData este 93766
CREATE DATABASE  IF NOT EXISTS `practicatest` /*!40100 DEFAULT CHARACTER SET utf8mb3 */ /*!80016 DEFAULT ENCRYPTION='N' */

USE `practicatest`

-- MySQL dump 10.13  Distrib 8.0.34, for Win64 (x86_64)
--
-- Host: localhost    Database: practica
-- ------------------------------------------------------
-- Server version	8.0.34
/*!40101 SET @OLD_CHARACTER_SET_CLIENT=@@CHARACTER_SET_CLIENT */

/*!40101 SET @OLD_CHARACTER_SET_RESULTS=@@CHARACTER_SET_RESULTS */

/*!40101 SET @OLD_COLLATION_CONNECTION=@@COLLATION_CONNECTION */

/*!50503 SET NAMES utf8 */

/*!40103 SET @OLD_TIME_ZONE=@@TIME_ZONE */

/*!40103 SET TIME_ZONE='+00:00' */

/*!40014 SET @OLD_UNIQUE_CHECKS=@@UNIQUE_CHECKS, UNIQUE_CHECKS=0 */

/*!40014 SET @OLD_FOREIGN_KEY_CHECKS=@@FOREIGN_KEY_CHECKS, FOREIGN_KEY_CHECKS=0 */

/*!40101 SET @OLD_SQL_MODE=@@SQL_MODE, SQL_MODE='NO_AUTO_VALUE_ON_ZERO' */

/*!40111 SET @OLD_SQL_NOTES=@@SQL_NOTES, SQL_NOTES=0 */

--
-- Table structure for table `applicants`
--
DROP TABLE IF EXISTS `applicants`

/*!40101 SET @saved_cs_client     = @@character_set_client */

/*!50503 SET character_set_client = utf8mb4 */

CREATE TABLE `applicants` (
  `id` int NOT NULL AUTO_INCREMENT,
  `name` varchar(45) NOT NULL,
  `surname` varchar(45) NOT NULL,
  `age` int NOT NULL,
  `a_status` varchar(45) NOT NULL,
  `domain` varchar(45) NOT NULL,
  `cv` varchar(45) NOT NULL,
  `user_id` int NOT NULL,
  `email` varchar(45) NOT NULL,
  `phone_number` varchar(45) NOT NULL,
  PRIMARY KEY (`id`),
  KEY `fk_applicant_user_idx` (`user_id`),
  CONSTRAINT `fk_applicant_user` FOREIGN KEY (`user_id`) REFERENCES `users` (`id`)
) ENGINE=InnoDB AUTO_INCREMENT=6 DEFAULT CHARSET=utf8mb4 COLLATE=utf8mb4_0900_ai_ci

/*!40101 SET character_set_client = @saved_cs_client */

--
-- Table structure for table `applications`
--
DROP TABLE IF EXISTS `applications`

/*!40101 SET @saved_cs_client     = @@character_set_client */

/*!50503 SET character_set_client = utf8mb4 */

CREATE TABLE `applications` (
  `id` int NOT NULL AUTO_INCREMENT,
  `applicant_id` int NOT NULL,
  `programme_id` int NOT NULL,
  `application_date` date NOT NULL,
  `cv` varchar(45) NOT NULL,
  `phone_number` varchar(45) NOT NULL,
  `email` varchar(45) NOT NULL,
  `institution` varchar(45) DEFAULT NULL,
  PRIMARY KEY (`id`),
  KEY `fk_application_applicant_idx` (`applicant_id`),
  KEY `fk_application_programme_idx` (`programme_id`),
  CONSTRAINT `fk_application_applicant` FOREIGN KEY (`applicant_id`) REFERENCES `applicants` (`id`),
  CONSTRAINT `fk_application_programme` FOREIGN KEY (`programme_id`) REFERENCES `programmes` (`id`)
) ENGINE=InnoDB DEFAULT CHARSET=utf8mb4 COLLATE=utf8mb4_0900_ai_ci

/*!40101 SET character_set_client = @saved_cs_client */

--
-- Table structure for table `companies`
--
DROP TABLE IF EXISTS `companies`

/*!40101 SET @saved_cs_client     = @@character_set_client */

/*!50503 SET character_set_client = utf8mb4 */

CREATE TABLE `companies` (
  `id` int NOT NULL AUTO_INCREMENT,
  `title` varchar(45) NOT NULL,
  `domain` varchar(45) NOT NULL,
  `about` mediumtext NOT NULL,
  `phone_number` varchar(45) NOT NULL,
  `email` varchar(45) NOT NULL,
  `img_path` varchar(80) DEFAULT NULL,
  `img_data` mediumblob DEFAULT NULL,
  PRIMARY KEY (`id`),
  UNIQUE KEY `title_UNIQUE` (`title`)
) ENGINE=InnoDB AUTO_INCREMENT=20 DEFAULT CHARSET=utf8mb4 COLLATE=utf8mb4_0900_ai_ci

/*!40101 SET character_set_client = @saved_cs_client */

--
-- Table structure for table `programmes`
--
DROP TABLE IF EXISTS `programmes`

/*!40101 SET @saved_cs_client     = @@character_set_client */

/*!50503 SET character_set_client = utf8mb4 */

CREATE TABLE `programmes` (
  `id` int NOT NULL AUTO_INCREMENT,
  `title` varchar(45) NOT NULL,
  `domain` varchar(45) NOT NULL,
  `start_data` date NOT NULL,
  `duration` varchar(45) NOT NULL,
  `company_id` int NOT NULL,
  `duties` mediumtext NOT NULL,
  `qualifications` mediumtext NOT NULL,
  `benefits` mediumtext NOT NULL,
  `location` varchar(80) NOT NULL,
  `paid` tinyint NOT NULL,
  PRIMARY KEY (`id`),
  KEY `fk_programme_company_idx` (`company_id`),
  CONSTRAINT `fk_programme_company` FOREIGN KEY (`company_id`) REFERENCES `companies` (`id`)
) ENGINE=InnoDB DEFAULT CHARSET=utf8mb4 COLLATE=utf8mb4_0900_ai_ci

/*!40101 SET character_set_client = @saved_cs_client */

--
-- Table structure for table `recruiters`
--
DROP TABLE IF EXISTS `recruiters`

/*!40101 SET @saved_cs_client     = @@character_set_client */

/*!50503 SET character_set_client = utf8mb4 */

CREATE TABLE `recruiters` (
  `id` int NOT NULL AUTO_INCREMENT,
  `name` varchar(45) NOT NULL,
  `surname` varchar(45) NOT NULL,
  `user_id` int NOT NULL,
  `company_id` int NOT NULL,
  `email` varchar(45) NOT NULL,
  PRIMARY KEY (`id`),
  KEY `fk_recruiter_user_idx` (`user_id`),
  KEY `fk_recruiter_company_idx` (`company_id`),
  CONSTRAINT `fk_recruiter_company` FOREIGN KEY (`company_id`) REFERENCES `companies` (`id`),
  CONSTRAINT `fk_recruiter_user` FOREIGN KEY (`user_id`) REFERENCES `users` (`id`)
) ENGINE=InnoDB AUTO_INCREMENT=16 DEFAULT CHARSET=utf8mb4 COLLATE=utf8mb4_0900_ai_ci

/*!40101 SET character_set_client = @saved_cs_client */

--
-- Table structure for table `users`
--
DROP TABLE IF EXISTS `users`

/*!40101 SET @saved_cs_client     = @@character_set_client */

/*!50503 SET character_set_client = utf8mb4 */

CREATE TABLE `users` (
  `id` int NOT NULL AUTO_INCREMENT,
  `username` varchar(45) NOT NULL,
  `password` varchar(45) NOT NULL,
  `register_date` date NOT NULL,
  `role` varchar(45) NOT NULL,
  PRIMARY KEY (`id`),
  UNIQUE KEY `username_UNIQUE` (`username`)
) ENGINE=InnoDB AUTO_INCREMENT=23 DEFAULT CHARSET=utf8mb4 COLLATE=utf8mb4_0900_ai_ci

/*!40101 SET character_set_client = @saved_cs_client */

/*!40103 SET TIME_ZONE=@OLD_TIME_ZONE */

/*!40101 SET SQL_MODE=@OLD_SQL_MODE */

/*!40014 SET FOREIGN_KEY_CHECKS=@OLD_FOREIGN_KEY_CHECKS */

/*!40014 SET UNIQUE_CHECKS=@OLD_UNIQUE_CHECKS */

/*!40101 SET CHARACTER_SET_CLIENT=@OLD_CHARACTER_SET_CLIENT */

/*!40101 SET CHARACTER_SET_RESULTS=@OLD_CHARACTER_SET_RESULTS */

/*!40101 SET COLLATION_CONNECTION=@OLD_COLLATION_CONNECTION */

/*!40111 SET SQL_NOTES=@OLD_SQL_NOTES */

-- Dump completed on 2023-10-13 16:24:46
INSERT INTO practicatest.`users` (id, username, password, register_date, role) VALUES ('1', 'munkatea', 'pass1', '2008-7-04', 'ADMIN')

INSERT INTO practicatest.`users` (id, username, password, register_date, role) VALUES ('2', 'bradpitt', 'pass2', '2020-4-14', 'RECRUITER')

INSERT INTO practicatest.`users` (id, username, password, register_date, role) VALUES ('3', 'qtarantino', 'pass3', '2018-7-03', 'RECRUITER')

INSERT INTO practicatest.`users` (id, username, password, register_date, role) VALUES ('4', 'enidelcu', 'pass4', '2021-12-02', 'APPLICANT')

INSERT INTO practicatest.`users` (id, username, password, register_date, role) VALUES ('5', 'ludmila', 'pass5', '2010-1-31', 'APPLICANT')

INSERT INTO practicatest.`users` (id, username, password, register_date, role) VALUES ('6', 'gnelli', 'pass6', '2017-10-15', 'APPLICANT')

INSERT INTO practicatest.`users` (id, username, password, register_date, role) VALUES ('7', 'iuco', 'pass7', '2023-1-01', 'RECRUITER')

INSERT INTO practicatest.`users` (id, username, password, register_date, role) VALUES ('8', 'vbostan', 'pass8', '2019-4-13', 'RECRUITER')

INSERT INTO practicatest.`users` (id, username, password, register_date, role) VALUES ('9', 'hlanda', 'pass9', '2020-3-11', 'RECRUITER')

INSERT INTO practicatest.`users` (id, username, password, register_date, role) VALUES ('10', 'oppenheimer', 'pass10', '2013-3-27', 'APPLICANT')

INSERT INTO practicatest.`users` (id, username, password, register_date, role) VALUES ('11', 'holmes', 'pass11', '2009-5-31', 'APPLICANT')

INSERT INTO practicatest.`users` (id, username, password, register_date, role) VALUES ('12', 'rotaru', 'pass12', '2009-3-31', 'APPLICANT')

INSERT INTO practicatest.`users` (id, username, password, register_date, role) VALUES ('13', 'clima', 'pass13', '2009-7-31', 'RECRUITER')

INSERT INTO practicatest.`companies` (id, title, domain, about, phone_number, email, img_path) VALUES ('1', 'IUCOSOFT', 'IT', 'We work in JAVA', '060111111', 'email@iucosoft.com', 'img1.png')

INSERT INTO practicatest.`companies` (id, title, domain, about, phone_number, email, img_path) VALUES ('2', 'ORATORICA', 'EDUCATION', 'Courses for learning new languages', '060222222', 'oratorica@gmail.com', 'img2.jpg')

INSERT INTO practicatest.`companies` (id, title, domain, about, phone_number, email, img_path) VALUES ('3', 'DECOR', 'DESIGN', 'Design for posters and wallpapers', '060333333', 'mail@decor.md', 'img3.jpg')

INSERT INTO practicatest.`companies` (id, title, domain, about, phone_number, email, img_path) VALUES ('4', 'TKD', 'SPORT_BEAUTY_WELLNESS', 'Taekwondo sport club', '060444444', 'sport@tkd.com', 'img4.jpg')

INSERT INTO practicatest.`companies` (id, title, domain, about, phone_number, email, img_path) VALUES ('5', 'Andy\'s Pizza', 'FOOD', 'Y\'all know what does our company =-)', '060555555', 'andys.pizza@gmail.com', 'img5.jpg')

INSERT INTO practicatest.`companies` (id, title, domain, about, phone_number, email, img_path) VALUES ('6', 'Climatehnic', 'ENGINEERING', 'Good company', '079783222', 'climatehnic@gmail.com', 'img6.jpg')

INSERT INTO practicatest.`applicants` (id, name, surname, age, a_status, domain, cv, user_id, email, phone_number) VALUES ('1', 'Elena', 'Nidelcu', '19', 'STUDENT', 'IT', 'cv1.pdf', '4', 'elena.nidelcu@isa.utm.md', '060123456')

INSERT INTO practicatest.`applicants` (id, name, surname, age, a_status, domain, cv, user_id, email, phone_number) VALUES ('2', 'Ludmila', 'Friptu', '20', 'WORKING', 'EDUCATION', 'cv2.pdf', '5', 'friptu@gmail.com', '060234567')

INSERT INTO practicatest.`applicants` (id, name, surname, age, a_status, domain, cv, user_id, email, phone_number) VALUES ('3', 'Nelli', 'Garbuz', '18', 'STUDENT', 'DESIGN', 'cv3.pdf', '6', 'nelly@dip.utm.md', '060345678')

INSERT INTO practicatest.`applicants` (id, name, surname, age, a_status, domain, cv, user_id, email, phone_number) VALUES ('4', 'Robert', 'Oppenheimer', '40', 'WORKING', 'SPORT_BEAUTY_WELLNESS', 'cv4.pdf', '10', 'r.oppy@bomb.com', '060456789')

INSERT INTO practicatest.`applicants` (id, name, surname, age, a_status, domain, cv, user_id, email, phone_number) VALUES ('5', 'Sherlock', 'Holmes', '30', 'UNEMPLOYED', 'FOOD', 'cv5.pdf', '11', 'holmes@gmail.com', '060567890')

INSERT INTO practicatest.`applicants` (id, name, surname, age, a_status, domain, cv, user_id, email, phone_number) VALUES ('6', 'Rotaru', 'Dimitrie', '50', 'UNEMPLOYED', 'FOOD', 'cv6.pdf', '12', 'rotaru@gmail.com', '060567870')

INSERT INTO practicatest.`recruiters` (id, name, surname, user_id, company_id, email) VALUES ('1', 'Brad', 'Pitt', '2', '4', 'brad.pitt@tkd.md')

INSERT INTO practicatest.`recruiters` (id, name, surname, user_id, company_id, email) VALUES ('2', 'Quentin', 'Tarantino', '3', '5', 'quentin.tarantino@andis.md')

INSERT INTO practicatest.`recruiters` (id, name, surname, user_id, company_id, email) VALUES ('3', 'Iurie', 'Coropceanu', '7', '1', 'iurie.coropceanu@iucosoft.com')

INSERT INTO practicatest.`recruiters` (id, name, surname, user_id, company_id, email) VALUES ('4', 'Viorel', 'Bostan', '8', '2', 'viorel.bostan@oratorica.com')

INSERT INTO practicatest.`recruiters` (id, name, surname, user_id, company_id, email) VALUES ('5', 'Hans', 'Landa', '9', '3', 'hans.landa@decor.md')

INSERT INTO practicatest.`programmes` (id, title, domain, start_data, duration, company_id, duties, qualifications, benefits, location, paid) VALUES ('1', 'JAVA Developer', 'IT', '2020-3-05', '3 months', '1', 'Develop desktop apps', 'Know JAVA well', 'Work remotely', 'ONLINE', '0')

INSERT INTO practicatest.`programmes` (id, title, domain, start_data, duration, company_id, duties, qualifications, benefits, location, paid) VALUES ('2', 'English teacher', 'EDUCATION', '2016-7-09', '2 months', '2', 'Teach children', 'C1 in English', 'Hiring after internship', 'Chisinau', '0')

INSERT INTO practicatest.`programmes` (id, title, domain, start_data, duration, company_id, duties, qualifications, benefits, location, paid) VALUES ('3', 'Designer', 'DESIGN', '2023-5-25', '6 months', '3', 'Design personalised posters', 'Studii la UTM', 'Working with us', 'Chisinau', '1')

INSERT INTO practicatest.`programmes` (id, title, domain, start_data, duration, company_id, duties, qualifications, benefits, location, paid) VALUES ('4', 'Coach', 'SPORT_BEAUTY_WELLNESS', '2022-8-27', '4 months', '4', 'Coach people', 'Maestru al Sportului', 'No benefits', 'Balti', '1')

INSERT INTO practicatest.`programmes` (id, title, domain, start_data, duration, company_id, duties, qualifications, benefits, location, paid) VALUES ('5', 'Cook', 'FOOD', '2021-2-14', '5 weeks', '5', 'Boil eggs', 'No qualifications', 'Eat eggs', 'Cantemir', '0')

INSERT INTO practicatest.`programmes` (id, title, domain, start_data, duration, company_id, duties, qualifications, benefits, location, paid) VALUES ('6', 'Crazy', 'DESIGN', '2021-2-14', '3 weeks', '5', 'Do crazy stuff', 'No qualifications', 'Do crazy stuff', 'Causeni', '0')

INSERT INTO practicatest.`applications` (id, applicant_id, programme_id, application_date, cv, phone_number, email) VALUES ('1', '1', '1', '2023-10-10', 'cv1.pdf', '060123456', 'elena.nidelcu@isa.utm.md')

INSERT INTO practicatest.`applications` (id, applicant_id, programme_id, application_date, cv, phone_number, email) VALUES ('2', '2', '2', '2023-10-11', 'cv2.pdf', '060234567', 'friptu@gmail.com')

INSERT INTO practicatest.`applications` (id, applicant_id, programme_id, application_date, cv, phone_number, email) VALUES ('3', '3', '3', '2023-10-12', 'cv3.pdf', '060345678', 'nelly@dip.utm.md')

INSERT INTO practicatest.`applications` (id, applicant_id, programme_id, application_date, cv, phone_number, email) VALUES ('4', '4', '4', '2023-10-13', 'cv4.pdf', '060456789', 'r.oppy@bomb.com')

INSERT INTO practicatest.`applications` (id, applicant_id, programme_id, application_date, cv, phone_number, email) VALUES ('5', '5', '5', '2023-10-14', 'cv5.pdf', '060567890', 'holmes@gmail.com')

Tabelul s-a creat!
findAll
CREATE DATABASE  IF NOT EXISTS `practicatest` /*!40100 DEFAULT CHARACTER SET utf8mb3 */ /*!80016 DEFAULT ENCRYPTION='N' */

USE `practicatest`

-- MySQL dump 10.13  Distrib 8.0.34, for Win64 (x86_64)
--
-- Host: localhost    Database: practica
-- ------------------------------------------------------
-- Server version	8.0.34
/*!40101 SET @OLD_CHARACTER_SET_CLIENT=@@CHARACTER_SET_CLIENT */

/*!40101 SET @OLD_CHARACTER_SET_RESULTS=@@CHARACTER_SET_RESULTS */

/*!40101 SET @OLD_COLLATION_CONNECTION=@@COLLATION_CONNECTION */

/*!50503 SET NAMES utf8 */

/*!40103 SET @OLD_TIME_ZONE=@@TIME_ZONE */

/*!40103 SET TIME_ZONE='+00:00' */

/*!40014 SET @OLD_UNIQUE_CHECKS=@@UNIQUE_CHECKS, UNIQUE_CHECKS=0 */

/*!40014 SET @OLD_FOREIGN_KEY_CHECKS=@@FOREIGN_KEY_CHECKS, FOREIGN_KEY_CHECKS=0 */

/*!40101 SET @OLD_SQL_MODE=@@SQL_MODE, SQL_MODE='NO_AUTO_VALUE_ON_ZERO' */

/*!40111 SET @OLD_SQL_NOTES=@@SQL_NOTES, SQL_NOTES=0 */

--
-- Table structure for table `applicants`
--
DROP TABLE IF EXISTS `applicants`

/*!40101 SET @saved_cs_client     = @@character_set_client */

/*!50503 SET character_set_client = utf8mb4 */

CREATE TABLE `applicants` (
  `id` int NOT NULL AUTO_INCREMENT,
  `name` varchar(45) NOT NULL,
  `surname` varchar(45) NOT NULL,
  `age` int NOT NULL,
  `a_status` varchar(45) NOT NULL,
  `domain` varchar(45) NOT NULL,
  `cv` varchar(45) NOT NULL,
  `user_id` int NOT NULL,
  `email` varchar(45) NOT NULL,
  `phone_number` varchar(45) NOT NULL,
  PRIMARY KEY (`id`),
  KEY `fk_applicant_user_idx` (`user_id`),
  CONSTRAINT `fk_applicant_user` FOREIGN KEY (`user_id`) REFERENCES `users` (`id`)
) ENGINE=InnoDB AUTO_INCREMENT=6 DEFAULT CHARSET=utf8mb4 COLLATE=utf8mb4_0900_ai_ci

/*!40101 SET character_set_client = @saved_cs_client */

--
-- Table structure for table `applications`
--
DROP TABLE IF EXISTS `applications`

/*!40101 SET @saved_cs_client     = @@character_set_client */

/*!50503 SET character_set_client = utf8mb4 */

CREATE TABLE `applications` (
  `id` int NOT NULL AUTO_INCREMENT,
  `applicant_id` int NOT NULL,
  `programme_id` int NOT NULL,
  `application_date` date NOT NULL,
  `cv` varchar(45) NOT NULL,
  `phone_number` varchar(45) NOT NULL,
  `email` varchar(45) NOT NULL,
  `institution` varchar(45) DEFAULT NULL,
  PRIMARY KEY (`id`),
  KEY `fk_application_applicant_idx` (`applicant_id`),
  KEY `fk_application_programme_idx` (`programme_id`),
  CONSTRAINT `fk_application_applicant` FOREIGN KEY (`applicant_id`) REFERENCES `applicants` (`id`),
  CONSTRAINT `fk_application_programme` FOREIGN KEY (`programme_id`) REFERENCES `programmes` (`id`)
) ENGINE=InnoDB DEFAULT CHARSET=utf8mb4 COLLATE=utf8mb4_0900_ai_ci

/*!40101 SET character_set_client = @saved_cs_client */

--
-- Table structure for table `companies`
--
DROP TABLE IF EXISTS `companies`

/*!40101 SET @saved_cs_client     = @@character_set_client */

/*!50503 SET character_set_client = utf8mb4 */

CREATE TABLE `companies` (
  `id` int NOT NULL AUTO_INCREMENT,
  `title` varchar(45) NOT NULL,
  `domain` varchar(45) NOT NULL,
  `about` mediumtext NOT NULL,
  `phone_number` varchar(45) NOT NULL,
  `email` varchar(45) NOT NULL,
  `img_path` varchar(80) DEFAULT NULL,
  `img_data` mediumblob DEFAULT NULL,
  PRIMARY KEY (`id`),
  UNIQUE KEY `title_UNIQUE` (`title`)
) ENGINE=InnoDB AUTO_INCREMENT=20 DEFAULT CHARSET=utf8mb4 COLLATE=utf8mb4_0900_ai_ci

/*!40101 SET character_set_client = @saved_cs_client */

--
-- Table structure for table `programmes`
--
DROP TABLE IF EXISTS `programmes`

/*!40101 SET @saved_cs_client     = @@character_set_client */

/*!50503 SET character_set_client = utf8mb4 */

CREATE TABLE `programmes` (
  `id` int NOT NULL AUTO_INCREMENT,
  `title` varchar(45) NOT NULL,
  `domain` varchar(45) NOT NULL,
  `start_data` date NOT NULL,
  `duration` varchar(45) NOT NULL,
  `company_id` int NOT NULL,
  `duties` mediumtext NOT NULL,
  `qualifications` mediumtext NOT NULL,
  `benefits` mediumtext NOT NULL,
  `location` varchar(80) NOT NULL,
  `paid` tinyint NOT NULL,
  PRIMARY KEY (`id`),
  KEY `fk_programme_company_idx` (`company_id`),
  CONSTRAINT `fk_programme_company` FOREIGN KEY (`company_id`) REFERENCES `companies` (`id`)
) ENGINE=InnoDB DEFAULT CHARSET=utf8mb4 COLLATE=utf8mb4_0900_ai_ci

/*!40101 SET character_set_client = @saved_cs_client */

--
-- Table structure for table `recruiters`
--
DROP TABLE IF EXISTS `recruiters`

/*!40101 SET @saved_cs_client     = @@character_set_client */

/*!50503 SET character_set_client = utf8mb4 */

CREATE TABLE `recruiters` (
  `id` int NOT NULL AUTO_INCREMENT,
  `name` varchar(45) NOT NULL,
  `surname` varchar(45) NOT NULL,
  `user_id` int NOT NULL,
  `company_id` int NOT NULL,
  `email` varchar(45) NOT NULL,
  PRIMARY KEY (`id`),
  KEY `fk_recruiter_user_idx` (`user_id`),
  KEY `fk_recruiter_company_idx` (`company_id`),
  CONSTRAINT `fk_recruiter_company` FOREIGN KEY (`company_id`) REFERENCES `companies` (`id`),
  CONSTRAINT `fk_recruiter_user` FOREIGN KEY (`user_id`) REFERENCES `users` (`id`)
) ENGINE=InnoDB AUTO_INCREMENT=16 DEFAULT CHARSET=utf8mb4 COLLATE=utf8mb4_0900_ai_ci

/*!40101 SET character_set_client = @saved_cs_client */

--
-- Table structure for table `users`
--
DROP TABLE IF EXISTS `users`

/*!40101 SET @saved_cs_client     = @@character_set_client */

/*!50503 SET character_set_client = utf8mb4 */

CREATE TABLE `users` (
  `id` int NOT NULL AUTO_INCREMENT,
  `username` varchar(45) NOT NULL,
  `password` varchar(45) NOT NULL,
  `register_date` date NOT NULL,
  `role` varchar(45) NOT NULL,
  PRIMARY KEY (`id`),
  UNIQUE KEY `username_UNIQUE` (`username`)
) ENGINE=InnoDB AUTO_INCREMENT=23 DEFAULT CHARSET=utf8mb4 COLLATE=utf8mb4_0900_ai_ci

/*!40101 SET character_set_client = @saved_cs_client */

/*!40103 SET TIME_ZONE=@OLD_TIME_ZONE */

/*!40101 SET SQL_MODE=@OLD_SQL_MODE */

/*!40014 SET FOREIGN_KEY_CHECKS=@OLD_FOREIGN_KEY_CHECKS */

/*!40014 SET UNIQUE_CHECKS=@OLD_UNIQUE_CHECKS */

/*!40101 SET CHARACTER_SET_CLIENT=@OLD_CHARACTER_SET_CLIENT */

/*!40101 SET CHARACTER_SET_RESULTS=@OLD_CHARACTER_SET_RESULTS */

/*!40101 SET COLLATION_CONNECTION=@OLD_COLLATION_CONNECTION */

/*!40111 SET SQL_NOTES=@OLD_SQL_NOTES */

-- Dump completed on 2023-10-13 16:24:46
INSERT INTO practicatest.`users` (id, username, password, register_date, role) VALUES ('1', 'munkatea', 'pass1', '2008-7-04', 'ADMIN')

INSERT INTO practicatest.`users` (id, username, password, register_date, role) VALUES ('2', 'bradpitt', 'pass2', '2020-4-14', 'RECRUITER')

INSERT INTO practicatest.`users` (id, username, password, register_date, role) VALUES ('3', 'qtarantino', 'pass3', '2018-7-03', 'RECRUITER')

INSERT INTO practicatest.`users` (id, username, password, register_date, role) VALUES ('4', 'enidelcu', 'pass4', '2021-12-02', 'APPLICANT')

INSERT INTO practicatest.`users` (id, username, password, register_date, role) VALUES ('5', 'ludmila', 'pass5', '2010-1-31', 'APPLICANT')

INSERT INTO practicatest.`users` (id, username, password, register_date, role) VALUES ('6', 'gnelli', 'pass6', '2017-10-15', 'APPLICANT')

INSERT INTO practicatest.`users` (id, username, password, register_date, role) VALUES ('7', 'iuco', 'pass7', '2023-1-01', 'RECRUITER')

INSERT INTO practicatest.`users` (id, username, password, register_date, role) VALUES ('8', 'vbostan', 'pass8', '2019-4-13', 'RECRUITER')

INSERT INTO practicatest.`users` (id, username, password, register_date, role) VALUES ('9', 'hlanda', 'pass9', '2020-3-11', 'RECRUITER')

INSERT INTO practicatest.`users` (id, username, password, register_date, role) VALUES ('10', 'oppenheimer', 'pass10', '2013-3-27', 'APPLICANT')

INSERT INTO practicatest.`users` (id, username, password, register_date, role) VALUES ('11', 'holmes', 'pass11', '2009-5-31', 'APPLICANT')

INSERT INTO practicatest.`users` (id, username, password, register_date, role) VALUES ('12', 'rotaru', 'pass12', '2009-3-31', 'APPLICANT')

INSERT INTO practicatest.`users` (id, username, password, register_date, role) VALUES ('13', 'clima', 'pass13', '2009-7-31', 'RECRUITER')

INSERT INTO practicatest.`companies` (id, title, domain, about, phone_number, email, img_path) VALUES ('1', 'IUCOSOFT', 'IT', 'We work in JAVA', '060111111', 'email@iucosoft.com', 'img1.png')

INSERT INTO practicatest.`companies` (id, title, domain, about, phone_number, email, img_path) VALUES ('2', 'ORATORICA', 'EDUCATION', 'Courses for learning new languages', '060222222', 'oratorica@gmail.com', 'img2.jpg')

INSERT INTO practicatest.`companies` (id, title, domain, about, phone_number, email, img_path) VALUES ('3', 'DECOR', 'DESIGN', 'Design for posters and wallpapers', '060333333', 'mail@decor.md', 'img3.jpg')

INSERT INTO practicatest.`companies` (id, title, domain, about, phone_number, email, img_path) VALUES ('4', 'TKD', 'SPORT_BEAUTY_WELLNESS', 'Taekwondo sport club', '060444444', 'sport@tkd.com', 'img4.jpg')

INSERT INTO practicatest.`companies` (id, title, domain, about, phone_number, email, img_path) VALUES ('5', 'Andy\'s Pizza', 'FOOD', 'Y\'all know what does our company =-)', '060555555', 'andys.pizza@gmail.com', 'img5.jpg')

INSERT INTO practicatest.`companies` (id, title, domain, about, phone_number, email, img_path) VALUES ('6', 'Climatehnic', 'ENGINEERING', 'Good company', '079783222', 'climatehnic@gmail.com', 'img6.jpg')

INSERT INTO practicatest.`applicants` (id, name, surname, age, a_status, domain, cv, user_id, email, phone_number) VALUES ('1', 'Elena', 'Nidelcu', '19', 'STUDENT', 'IT', 'cv1.pdf', '4', 'elena.nidelcu@isa.utm.md', '060123456')

INSERT INTO practicatest.`applicants` (id, name, surname, age, a_status, domain, cv, user_id, email, phone_number) VALUES ('2', 'Ludmila', 'Friptu', '20', 'WORKING', 'EDUCATION', 'cv2.pdf', '5', 'friptu@gmail.com', '060234567')

INSERT INTO practicatest.`applicants` (id, name, surname, age, a_status, domain, cv, user_id, email, phone_number) VALUES ('3', 'Nelli', 'Garbuz', '18', 'STUDENT', 'DESIGN', 'cv3.pdf', '6', 'nelly@dip.utm.md', '060345678')

INSERT INTO practicatest.`applicants` (id, name, surname, age, a_status, domain, cv, user_id, email, phone_number) VALUES ('4', 'Robert', 'Oppenheimer', '40', 'WORKING', 'SPORT_BEAUTY_WELLNESS', 'cv4.pdf', '10', 'r.oppy@bomb.com', '060456789')

INSERT INTO practicatest.`applicants` (id, name, surname, age, a_status, domain, cv, user_id, email, phone_number) VALUES ('5', 'Sherlock', 'Holmes', '30', 'UNEMPLOYED', 'FOOD', 'cv5.pdf', '11', 'holmes@gmail.com', '060567890')

INSERT INTO practicatest.`applicants` (id, name, surname, age, a_status, domain, cv, user_id, email, phone_number) VALUES ('6', 'Rotaru', 'Dimitrie', '50', 'UNEMPLOYED', 'FOOD', 'cv6.pdf', '12', 'rotaru@gmail.com', '060567870')

INSERT INTO practicatest.`recruiters` (id, name, surname, user_id, company_id, email) VALUES ('1', 'Brad', 'Pitt', '2', '4', 'brad.pitt@tkd.md')

INSERT INTO practicatest.`recruiters` (id, name, surname, user_id, company_id, email) VALUES ('2', 'Quentin', 'Tarantino', '3', '5', 'quentin.tarantino@andis.md')

INSERT INTO practicatest.`recruiters` (id, name, surname, user_id, company_id, email) VALUES ('3', 'Iurie', 'Coropceanu', '7', '1', 'iurie.coropceanu@iucosoft.com')

INSERT INTO practicatest.`recruiters` (id, name, surname, user_id, company_id, email) VALUES ('4', 'Viorel', 'Bostan', '8', '2', 'viorel.bostan@oratorica.com')

INSERT INTO practicatest.`recruiters` (id, name, surname, user_id, company_id, email) VALUES ('5', 'Hans', 'Landa', '9', '3', 'hans.landa@decor.md')

INSERT INTO practicatest.`programmes` (id, title, domain, start_data, duration, company_id, duties, qualifications, benefits, location, paid) VALUES ('1', 'JAVA Developer', 'IT', '2020-3-05', '3 months', '1', 'Develop desktop apps', 'Know JAVA well', 'Work remotely', 'ONLINE', '0')

INSERT INTO practicatest.`programmes` (id, title, domain, start_data, duration, company_id, duties, qualifications, benefits, location, paid) VALUES ('2', 'English teacher', 'EDUCATION', '2016-7-09', '2 months', '2', 'Teach children', 'C1 in English', 'Hiring after internship', 'Chisinau', '0')

INSERT INTO practicatest.`programmes` (id, title, domain, start_data, duration, company_id, duties, qualifications, benefits, location, paid) VALUES ('3', 'Designer', 'DESIGN', '2023-5-25', '6 months', '3', 'Design personalised posters', 'Studii la UTM', 'Working with us', 'Chisinau', '1')

INSERT INTO practicatest.`programmes` (id, title, domain, start_data, duration, company_id, duties, qualifications, benefits, location, paid) VALUES ('4', 'Coach', 'SPORT_BEAUTY_WELLNESS', '2022-8-27', '4 months', '4', 'Coach people', 'Maestru al Sportului', 'No benefits', 'Balti', '1')

INSERT INTO practicatest.`programmes` (id, title, domain, start_data, duration, company_id, duties, qualifications, benefits, location, paid) VALUES ('5', 'Cook', 'FOOD', '2021-2-14', '5 weeks', '5', 'Boil eggs', 'No qualifications', 'Eat eggs', 'Cantemir', '0')

INSERT INTO practicatest.`programmes` (id, title, domain, start_data, duration, company_id, duties, qualifications, benefits, location, paid) VALUES ('6', 'Crazy', 'DESIGN', '2021-2-14', '3 weeks', '5', 'Do crazy stuff', 'No qualifications', 'Do crazy stuff', 'Causeni', '0')

INSERT INTO practicatest.`applications` (id, applicant_id, programme_id, application_date, cv, phone_number, email) VALUES ('1', '1', '1', '2023-10-10', 'cv1.pdf', '060123456', 'elena.nidelcu@isa.utm.md')

INSERT INTO practicatest.`applications` (id, applicant_id, programme_id, application_date, cv, phone_number, email) VALUES ('2', '2', '2', '2023-10-11', 'cv2.pdf', '060234567', 'friptu@gmail.com')

INSERT INTO practicatest.`applications` (id, applicant_id, programme_id, application_date, cv, phone_number, email) VALUES ('3', '3', '3', '2023-10-12', 'cv3.pdf', '060345678', 'nelly@dip.utm.md')

INSERT INTO practicatest.`applications` (id, applicant_id, programme_id, application_date, cv, phone_number, email) VALUES ('4', '4', '4', '2023-10-13', 'cv4.pdf', '060456789', 'r.oppy@bomb.com')

INSERT INTO practicatest.`applications` (id, applicant_id, programme_id, application_date, cv, phone_number, email) VALUES ('5', '5', '5', '2023-10-14', 'cv5.pdf', '060567890', 'holmes@gmail.com')

Tabelul s-a creat!
save
CREATE DATABASE  IF NOT EXISTS `practicatest` /*!40100 DEFAULT CHARACTER SET utf8mb3 */ /*!80016 DEFAULT ENCRYPTION='N' */

USE `practicatest`

-- MySQL dump 10.13  Distrib 8.0.34, for Win64 (x86_64)
--
-- Host: localhost    Database: practica
-- ------------------------------------------------------
-- Server version	8.0.34
/*!40101 SET @OLD_CHARACTER_SET_CLIENT=@@CHARACTER_SET_CLIENT */

/*!40101 SET @OLD_CHARACTER_SET_RESULTS=@@CHARACTER_SET_RESULTS */

/*!40101 SET @OLD_COLLATION_CONNECTION=@@COLLATION_CONNECTION */

/*!50503 SET NAMES utf8 */

/*!40103 SET @OLD_TIME_ZONE=@@TIME_ZONE */

/*!40103 SET TIME_ZONE='+00:00' */

/*!40014 SET @OLD_UNIQUE_CHECKS=@@UNIQUE_CHECKS, UNIQUE_CHECKS=0 */

/*!40014 SET @OLD_FOREIGN_KEY_CHECKS=@@FOREIGN_KEY_CHECKS, FOREIGN_KEY_CHECKS=0 */

/*!40101 SET @OLD_SQL_MODE=@@SQL_MODE, SQL_MODE='NO_AUTO_VALUE_ON_ZERO' */

/*!40111 SET @OLD_SQL_NOTES=@@SQL_NOTES, SQL_NOTES=0 */

--
-- Table structure for table `applicants`
--
DROP TABLE IF EXISTS `applicants`

/*!40101 SET @saved_cs_client     = @@character_set_client */

/*!50503 SET character_set_client = utf8mb4 */

CREATE TABLE `applicants` (
  `id` int NOT NULL AUTO_INCREMENT,
  `name` varchar(45) NOT NULL,
  `surname` varchar(45) NOT NULL,
  `age` int NOT NULL,
  `a_status` varchar(45) NOT NULL,
  `domain` varchar(45) NOT NULL,
  `cv` varchar(45) NOT NULL,
  `user_id` int NOT NULL,
  `email` varchar(45) NOT NULL,
  `phone_number` varchar(45) NOT NULL,
  PRIMARY KEY (`id`),
  KEY `fk_applicant_user_idx` (`user_id`),
  CONSTRAINT `fk_applicant_user` FOREIGN KEY (`user_id`) REFERENCES `users` (`id`)
) ENGINE=InnoDB AUTO_INCREMENT=6 DEFAULT CHARSET=utf8mb4 COLLATE=utf8mb4_0900_ai_ci

/*!40101 SET character_set_client = @saved_cs_client */

--
-- Table structure for table `applications`
--
DROP TABLE IF EXISTS `applications`

/*!40101 SET @saved_cs_client     = @@character_set_client */

/*!50503 SET character_set_client = utf8mb4 */

CREATE TABLE `applications` (
  `id` int NOT NULL AUTO_INCREMENT,
  `applicant_id` int NOT NULL,
  `programme_id` int NOT NULL,
  `application_date` date NOT NULL,
  `cv` varchar(45) NOT NULL,
  `phone_number` varchar(45) NOT NULL,
  `email` varchar(45) NOT NULL,
  `institution` varchar(45) DEFAULT NULL,
  PRIMARY KEY (`id`),
  KEY `fk_application_applicant_idx` (`applicant_id`),
  KEY `fk_application_programme_idx` (`programme_id`),
  CONSTRAINT `fk_application_applicant` FOREIGN KEY (`applicant_id`) REFERENCES `applicants` (`id`),
  CONSTRAINT `fk_application_programme` FOREIGN KEY (`programme_id`) REFERENCES `programmes` (`id`)
) ENGINE=InnoDB DEFAULT CHARSET=utf8mb4 COLLATE=utf8mb4_0900_ai_ci

/*!40101 SET character_set_client = @saved_cs_client */

--
-- Table structure for table `companies`
--
DROP TABLE IF EXISTS `companies`

/*!40101 SET @saved_cs_client     = @@character_set_client */

/*!50503 SET character_set_client = utf8mb4 */

CREATE TABLE `companies` (
  `id` int NOT NULL AUTO_INCREMENT,
  `title` varchar(45) NOT NULL,
  `domain` varchar(45) NOT NULL,
  `about` mediumtext NOT NULL,
  `phone_number` varchar(45) NOT NULL,
  `email` varchar(45) NOT NULL,
  `img_path` varchar(80) DEFAULT NULL,
  `img_data` mediumblob DEFAULT NULL,
  PRIMARY KEY (`id`),
  UNIQUE KEY `title_UNIQUE` (`title`)
) ENGINE=InnoDB AUTO_INCREMENT=20 DEFAULT CHARSET=utf8mb4 COLLATE=utf8mb4_0900_ai_ci

/*!40101 SET character_set_client = @saved_cs_client */

--
-- Table structure for table `programmes`
--
DROP TABLE IF EXISTS `programmes`

/*!40101 SET @saved_cs_client     = @@character_set_client */

/*!50503 SET character_set_client = utf8mb4 */

CREATE TABLE `programmes` (
  `id` int NOT NULL AUTO_INCREMENT,
  `title` varchar(45) NOT NULL,
  `domain` varchar(45) NOT NULL,
  `start_data` date NOT NULL,
  `duration` varchar(45) NOT NULL,
  `company_id` int NOT NULL,
  `duties` mediumtext NOT NULL,
  `qualifications` mediumtext NOT NULL,
  `benefits` mediumtext NOT NULL,
  `location` varchar(80) NOT NULL,
  `paid` tinyint NOT NULL,
  PRIMARY KEY (`id`),
  KEY `fk_programme_company_idx` (`company_id`),
  CONSTRAINT `fk_programme_company` FOREIGN KEY (`company_id`) REFERENCES `companies` (`id`)
) ENGINE=InnoDB DEFAULT CHARSET=utf8mb4 COLLATE=utf8mb4_0900_ai_ci

/*!40101 SET character_set_client = @saved_cs_client */

--
-- Table structure for table `recruiters`
--
DROP TABLE IF EXISTS `recruiters`

/*!40101 SET @saved_cs_client     = @@character_set_client */

/*!50503 SET character_set_client = utf8mb4 */

CREATE TABLE `recruiters` (
  `id` int NOT NULL AUTO_INCREMENT,
  `name` varchar(45) NOT NULL,
  `surname` varchar(45) NOT NULL,
  `user_id` int NOT NULL,
  `company_id` int NOT NULL,
  `email` varchar(45) NOT NULL,
  PRIMARY KEY (`id`),
  KEY `fk_recruiter_user_idx` (`user_id`),
  KEY `fk_recruiter_company_idx` (`company_id`),
  CONSTRAINT `fk_recruiter_company` FOREIGN KEY (`company_id`) REFERENCES `companies` (`id`),
  CONSTRAINT `fk_recruiter_user` FOREIGN KEY (`user_id`) REFERENCES `users` (`id`)
) ENGINE=InnoDB AUTO_INCREMENT=16 DEFAULT CHARSET=utf8mb4 COLLATE=utf8mb4_0900_ai_ci

/*!40101 SET character_set_client = @saved_cs_client */

--
-- Table structure for table `users`
--
DROP TABLE IF EXISTS `users`

/*!40101 SET @saved_cs_client     = @@character_set_client */

/*!50503 SET character_set_client = utf8mb4 */

CREATE TABLE `users` (
  `id` int NOT NULL AUTO_INCREMENT,
  `username` varchar(45) NOT NULL,
  `password` varchar(45) NOT NULL,
  `register_date` date NOT NULL,
  `role` varchar(45) NOT NULL,
  PRIMARY KEY (`id`),
  UNIQUE KEY `username_UNIQUE` (`username`)
) ENGINE=InnoDB AUTO_INCREMENT=23 DEFAULT CHARSET=utf8mb4 COLLATE=utf8mb4_0900_ai_ci

/*!40101 SET character_set_client = @saved_cs_client */

/*!40103 SET TIME_ZONE=@OLD_TIME_ZONE */

/*!40101 SET SQL_MODE=@OLD_SQL_MODE */

/*!40014 SET FOREIGN_KEY_CHECKS=@OLD_FOREIGN_KEY_CHECKS */

/*!40014 SET UNIQUE_CHECKS=@OLD_UNIQUE_CHECKS */

/*!40101 SET CHARACTER_SET_CLIENT=@OLD_CHARACTER_SET_CLIENT */

/*!40101 SET CHARACTER_SET_RESULTS=@OLD_CHARACTER_SET_RESULTS */

/*!40101 SET COLLATION_CONNECTION=@OLD_COLLATION_CONNECTION */

/*!40111 SET SQL_NOTES=@OLD_SQL_NOTES */

-- Dump completed on 2023-10-13 16:24:46
INSERT INTO practicatest.`users` (id, username, password, register_date, role) VALUES ('1', 'munkatea', 'pass1', '2008-7-04', 'ADMIN')

INSERT INTO practicatest.`users` (id, username, password, register_date, role) VALUES ('2', 'bradpitt', 'pass2', '2020-4-14', 'RECRUITER')

INSERT INTO practicatest.`users` (id, username, password, register_date, role) VALUES ('3', 'qtarantino', 'pass3', '2018-7-03', 'RECRUITER')

INSERT INTO practicatest.`users` (id, username, password, register_date, role) VALUES ('4', 'enidelcu', 'pass4', '2021-12-02', 'APPLICANT')

INSERT INTO practicatest.`users` (id, username, password, register_date, role) VALUES ('5', 'ludmila', 'pass5', '2010-1-31', 'APPLICANT')

INSERT INTO practicatest.`users` (id, username, password, register_date, role) VALUES ('6', 'gnelli', 'pass6', '2017-10-15', 'APPLICANT')

INSERT INTO practicatest.`users` (id, username, password, register_date, role) VALUES ('7', 'iuco', 'pass7', '2023-1-01', 'RECRUITER')

INSERT INTO practicatest.`users` (id, username, password, register_date, role) VALUES ('8', 'vbostan', 'pass8', '2019-4-13', 'RECRUITER')

INSERT INTO practicatest.`users` (id, username, password, register_date, role) VALUES ('9', 'hlanda', 'pass9', '2020-3-11', 'RECRUITER')

INSERT INTO practicatest.`users` (id, username, password, register_date, role) VALUES ('10', 'oppenheimer', 'pass10', '2013-3-27', 'APPLICANT')

INSERT INTO practicatest.`users` (id, username, password, register_date, role) VALUES ('11', 'holmes', 'pass11', '2009-5-31', 'APPLICANT')

INSERT INTO practicatest.`users` (id, username, password, register_date, role) VALUES ('12', 'rotaru', 'pass12', '2009-3-31', 'APPLICANT')

INSERT INTO practicatest.`users` (id, username, password, register_date, role) VALUES ('13', 'clima', 'pass13', '2009-7-31', 'RECRUITER')

INSERT INTO practicatest.`companies` (id, title, domain, about, phone_number, email, img_path) VALUES ('1', 'IUCOSOFT', 'IT', 'We work in JAVA', '060111111', 'email@iucosoft.com', 'img1.png')

INSERT INTO practicatest.`companies` (id, title, domain, about, phone_number, email, img_path) VALUES ('2', 'ORATORICA', 'EDUCATION', 'Courses for learning new languages', '060222222', 'oratorica@gmail.com', 'img2.jpg')

INSERT INTO practicatest.`companies` (id, title, domain, about, phone_number, email, img_path) VALUES ('3', 'DECOR', 'DESIGN', 'Design for posters and wallpapers', '060333333', 'mail@decor.md', 'img3.jpg')

INSERT INTO practicatest.`companies` (id, title, domain, about, phone_number, email, img_path) VALUES ('4', 'TKD', 'SPORT_BEAUTY_WELLNESS', 'Taekwondo sport club', '060444444', 'sport@tkd.com', 'img4.jpg')

INSERT INTO practicatest.`companies` (id, title, domain, about, phone_number, email, img_path) VALUES ('5', 'Andy\'s Pizza', 'FOOD', 'Y\'all know what does our company =-)', '060555555', 'andys.pizza@gmail.com', 'img5.jpg')

INSERT INTO practicatest.`companies` (id, title, domain, about, phone_number, email, img_path) VALUES ('6', 'Climatehnic', 'ENGINEERING', 'Good company', '079783222', 'climatehnic@gmail.com', 'img6.jpg')

INSERT INTO practicatest.`applicants` (id, name, surname, age, a_status, domain, cv, user_id, email, phone_number) VALUES ('1', 'Elena', 'Nidelcu', '19', 'STUDENT', 'IT', 'cv1.pdf', '4', 'elena.nidelcu@isa.utm.md', '060123456')

INSERT INTO practicatest.`applicants` (id, name, surname, age, a_status, domain, cv, user_id, email, phone_number) VALUES ('2', 'Ludmila', 'Friptu', '20', 'WORKING', 'EDUCATION', 'cv2.pdf', '5', 'friptu@gmail.com', '060234567')

INSERT INTO practicatest.`applicants` (id, name, surname, age, a_status, domain, cv, user_id, email, phone_number) VALUES ('3', 'Nelli', 'Garbuz', '18', 'STUDENT', 'DESIGN', 'cv3.pdf', '6', 'nelly@dip.utm.md', '060345678')

INSERT INTO practicatest.`applicants` (id, name, surname, age, a_status, domain, cv, user_id, email, phone_number) VALUES ('4', 'Robert', 'Oppenheimer', '40', 'WORKING', 'SPORT_BEAUTY_WELLNESS', 'cv4.pdf', '10', 'r.oppy@bomb.com', '060456789')

INSERT INTO practicatest.`applicants` (id, name, surname, age, a_status, domain, cv, user_id, email, phone_number) VALUES ('5', 'Sherlock', 'Holmes', '30', 'UNEMPLOYED', 'FOOD', 'cv5.pdf', '11', 'holmes@gmail.com', '060567890')

INSERT INTO practicatest.`applicants` (id, name, surname, age, a_status, domain, cv, user_id, email, phone_number) VALUES ('6', 'Rotaru', 'Dimitrie', '50', 'UNEMPLOYED', 'FOOD', 'cv6.pdf', '12', 'rotaru@gmail.com', '060567870')

INSERT INTO practicatest.`recruiters` (id, name, surname, user_id, company_id, email) VALUES ('1', 'Brad', 'Pitt', '2', '4', 'brad.pitt@tkd.md')

INSERT INTO practicatest.`recruiters` (id, name, surname, user_id, company_id, email) VALUES ('2', 'Quentin', 'Tarantino', '3', '5', 'quentin.tarantino@andis.md')

INSERT INTO practicatest.`recruiters` (id, name, surname, user_id, company_id, email) VALUES ('3', 'Iurie', 'Coropceanu', '7', '1', 'iurie.coropceanu@iucosoft.com')

INSERT INTO practicatest.`recruiters` (id, name, surname, user_id, company_id, email) VALUES ('4', 'Viorel', 'Bostan', '8', '2', 'viorel.bostan@oratorica.com')

INSERT INTO practicatest.`recruiters` (id, name, surname, user_id, company_id, email) VALUES ('5', 'Hans', 'Landa', '9', '3', 'hans.landa@decor.md')

INSERT INTO practicatest.`programmes` (id, title, domain, start_data, duration, company_id, duties, qualifications, benefits, location, paid) VALUES ('1', 'JAVA Developer', 'IT', '2020-3-05', '3 months', '1', 'Develop desktop apps', 'Know JAVA well', 'Work remotely', 'ONLINE', '0')

INSERT INTO practicatest.`programmes` (id, title, domain, start_data, duration, company_id, duties, qualifications, benefits, location, paid) VALUES ('2', 'English teacher', 'EDUCATION', '2016-7-09', '2 months', '2', 'Teach children', 'C1 in English', 'Hiring after internship', 'Chisinau', '0')

INSERT INTO practicatest.`programmes` (id, title, domain, start_data, duration, company_id, duties, qualifications, benefits, location, paid) VALUES ('3', 'Designer', 'DESIGN', '2023-5-25', '6 months', '3', 'Design personalised posters', 'Studii la UTM', 'Working with us', 'Chisinau', '1')

INSERT INTO practicatest.`programmes` (id, title, domain, start_data, duration, company_id, duties, qualifications, benefits, location, paid) VALUES ('4', 'Coach', 'SPORT_BEAUTY_WELLNESS', '2022-8-27', '4 months', '4', 'Coach people', 'Maestru al Sportului', 'No benefits', 'Balti', '1')

INSERT INTO practicatest.`programmes` (id, title, domain, start_data, duration, company_id, duties, qualifications, benefits, location, paid) VALUES ('5', 'Cook', 'FOOD', '2021-2-14', '5 weeks', '5', 'Boil eggs', 'No qualifications', 'Eat eggs', 'Cantemir', '0')

INSERT INTO practicatest.`programmes` (id, title, domain, start_data, duration, company_id, duties, qualifications, benefits, location, paid) VALUES ('6', 'Crazy', 'DESIGN', '2021-2-14', '3 weeks', '5', 'Do crazy stuff', 'No qualifications', 'Do crazy stuff', 'Causeni', '0')

INSERT INTO practicatest.`applications` (id, applicant_id, programme_id, application_date, cv, phone_number, email) VALUES ('1', '1', '1', '2023-10-10', 'cv1.pdf', '060123456', 'elena.nidelcu@isa.utm.md')

INSERT INTO practicatest.`applications` (id, applicant_id, programme_id, application_date, cv, phone_number, email) VALUES ('2', '2', '2', '2023-10-11', 'cv2.pdf', '060234567', 'friptu@gmail.com')

INSERT INTO practicatest.`applications` (id, applicant_id, programme_id, application_date, cv, phone_number, email) VALUES ('3', '3', '3', '2023-10-12', 'cv3.pdf', '060345678', 'nelly@dip.utm.md')

INSERT INTO practicatest.`applications` (id, applicant_id, programme_id, application_date, cv, phone_number, email) VALUES ('4', '4', '4', '2023-10-13', 'cv4.pdf', '060456789', 'r.oppy@bomb.com')

INSERT INTO practicatest.`applications` (id, applicant_id, programme_id, application_date, cv, phone_number, email) VALUES ('5', '5', '5', '2023-10-14', 'cv5.pdf', '060567890', 'holmes@gmail.com')

Tabelul s-a creat!
findByName
Company{id=1, title=IUCOSOFT, domain=IT, about=We work in JAVA, phoneNumber=060111111, email=email@iucosoft.com, imagePath=img1.png}
Company{id=1, title=IUCOSOFT, domain=IT, about=We work in JAVA, phoneNumber=060111111, email=email@iucosoft.com, imagePath=img1.png}
CREATE DATABASE  IF NOT EXISTS `practicatest` /*!40100 DEFAULT CHARACTER SET utf8mb3 */ /*!80016 DEFAULT ENCRYPTION='N' */

USE `practicatest`

-- MySQL dump 10.13  Distrib 8.0.34, for Win64 (x86_64)
--
-- Host: localhost    Database: practica
-- ------------------------------------------------------
-- Server version	8.0.34
/*!40101 SET @OLD_CHARACTER_SET_CLIENT=@@CHARACTER_SET_CLIENT */

/*!40101 SET @OLD_CHARACTER_SET_RESULTS=@@CHARACTER_SET_RESULTS */

/*!40101 SET @OLD_COLLATION_CONNECTION=@@COLLATION_CONNECTION */

/*!50503 SET NAMES utf8 */

/*!40103 SET @OLD_TIME_ZONE=@@TIME_ZONE */

/*!40103 SET TIME_ZONE='+00:00' */

/*!40014 SET @OLD_UNIQUE_CHECKS=@@UNIQUE_CHECKS, UNIQUE_CHECKS=0 */

/*!40014 SET @OLD_FOREIGN_KEY_CHECKS=@@FOREIGN_KEY_CHECKS, FOREIGN_KEY_CHECKS=0 */

/*!40101 SET @OLD_SQL_MODE=@@SQL_MODE, SQL_MODE='NO_AUTO_VALUE_ON_ZERO' */

/*!40111 SET @OLD_SQL_NOTES=@@SQL_NOTES, SQL_NOTES=0 */

--
-- Table structure for table `applicants`
--
DROP TABLE IF EXISTS `applicants`

/*!40101 SET @saved_cs_client     = @@character_set_client */

/*!50503 SET character_set_client = utf8mb4 */

CREATE TABLE `applicants` (
  `id` int NOT NULL AUTO_INCREMENT,
  `name` varchar(45) NOT NULL,
  `surname` varchar(45) NOT NULL,
  `age` int NOT NULL,
  `a_status` varchar(45) NOT NULL,
  `domain` varchar(45) NOT NULL,
  `cv` varchar(45) NOT NULL,
  `user_id` int NOT NULL,
  `email` varchar(45) NOT NULL,
  `phone_number` varchar(45) NOT NULL,
  PRIMARY KEY (`id`),
  KEY `fk_applicant_user_idx` (`user_id`),
  CONSTRAINT `fk_applicant_user` FOREIGN KEY (`user_id`) REFERENCES `users` (`id`)
) ENGINE=InnoDB AUTO_INCREMENT=6 DEFAULT CHARSET=utf8mb4 COLLATE=utf8mb4_0900_ai_ci

/*!40101 SET character_set_client = @saved_cs_client */

--
-- Table structure for table `applications`
--
DROP TABLE IF EXISTS `applications`

/*!40101 SET @saved_cs_client     = @@character_set_client */

/*!50503 SET character_set_client = utf8mb4 */

CREATE TABLE `applications` (
  `id` int NOT NULL AUTO_INCREMENT,
  `applicant_id` int NOT NULL,
  `programme_id` int NOT NULL,
  `application_date` date NOT NULL,
  `cv` varchar(45) NOT NULL,
  `phone_number` varchar(45) NOT NULL,
  `email` varchar(45) NOT NULL,
  `institution` varchar(45) DEFAULT NULL,
  PRIMARY KEY (`id`),
  KEY `fk_application_applicant_idx` (`applicant_id`),
  KEY `fk_application_programme_idx` (`programme_id`),
  CONSTRAINT `fk_application_applicant` FOREIGN KEY (`applicant_id`) REFERENCES `applicants` (`id`),
  CONSTRAINT `fk_application_programme` FOREIGN KEY (`programme_id`) REFERENCES `programmes` (`id`)
) ENGINE=InnoDB DEFAULT CHARSET=utf8mb4 COLLATE=utf8mb4_0900_ai_ci

/*!40101 SET character_set_client = @saved_cs_client */

--
-- Table structure for table `companies`
--
DROP TABLE IF EXISTS `companies`

/*!40101 SET @saved_cs_client     = @@character_set_client */

/*!50503 SET character_set_client = utf8mb4 */

CREATE TABLE `companies` (
  `id` int NOT NULL AUTO_INCREMENT,
  `title` varchar(45) NOT NULL,
  `domain` varchar(45) NOT NULL,
  `about` mediumtext NOT NULL,
  `phone_number` varchar(45) NOT NULL,
  `email` varchar(45) NOT NULL,
  `img_path` varchar(80) DEFAULT NULL,
  `img_data` mediumblob DEFAULT NULL,
  PRIMARY KEY (`id`),
  UNIQUE KEY `title_UNIQUE` (`title`)
) ENGINE=InnoDB AUTO_INCREMENT=20 DEFAULT CHARSET=utf8mb4 COLLATE=utf8mb4_0900_ai_ci

/*!40101 SET character_set_client = @saved_cs_client */

--
-- Table structure for table `programmes`
--
DROP TABLE IF EXISTS `programmes`

/*!40101 SET @saved_cs_client     = @@character_set_client */

/*!50503 SET character_set_client = utf8mb4 */

CREATE TABLE `programmes` (
  `id` int NOT NULL AUTO_INCREMENT,
  `title` varchar(45) NOT NULL,
  `domain` varchar(45) NOT NULL,
  `start_data` date NOT NULL,
  `duration` varchar(45) NOT NULL,
  `company_id` int NOT NULL,
  `duties` mediumtext NOT NULL,
  `qualifications` mediumtext NOT NULL,
  `benefits` mediumtext NOT NULL,
  `location` varchar(80) NOT NULL,
  `paid` tinyint NOT NULL,
  PRIMARY KEY (`id`),
  KEY `fk_programme_company_idx` (`company_id`),
  CONSTRAINT `fk_programme_company` FOREIGN KEY (`company_id`) REFERENCES `companies` (`id`)
) ENGINE=InnoDB DEFAULT CHARSET=utf8mb4 COLLATE=utf8mb4_0900_ai_ci

/*!40101 SET character_set_client = @saved_cs_client */

--
-- Table structure for table `recruiters`
--
DROP TABLE IF EXISTS `recruiters`

/*!40101 SET @saved_cs_client     = @@character_set_client */

/*!50503 SET character_set_client = utf8mb4 */

CREATE TABLE `recruiters` (
  `id` int NOT NULL AUTO_INCREMENT,
  `name` varchar(45) NOT NULL,
  `surname` varchar(45) NOT NULL,
  `user_id` int NOT NULL,
  `company_id` int NOT NULL,
  `email` varchar(45) NOT NULL,
  PRIMARY KEY (`id`),
  KEY `fk_recruiter_user_idx` (`user_id`),
  KEY `fk_recruiter_company_idx` (`company_id`),
  CONSTRAINT `fk_recruiter_company` FOREIGN KEY (`company_id`) REFERENCES `companies` (`id`),
  CONSTRAINT `fk_recruiter_user` FOREIGN KEY (`user_id`) REFERENCES `users` (`id`)
) ENGINE=InnoDB AUTO_INCREMENT=16 DEFAULT CHARSET=utf8mb4 COLLATE=utf8mb4_0900_ai_ci

/*!40101 SET character_set_client = @saved_cs_client */

--
-- Table structure for table `users`
--
DROP TABLE IF EXISTS `users`

/*!40101 SET @saved_cs_client     = @@character_set_client */

/*!50503 SET character_set_client = utf8mb4 */

CREATE TABLE `users` (
  `id` int NOT NULL AUTO_INCREMENT,
  `username` varchar(45) NOT NULL,
  `password` varchar(45) NOT NULL,
  `register_date` date NOT NULL,
  `role` varchar(45) NOT NULL,
  PRIMARY KEY (`id`),
  UNIQUE KEY `username_UNIQUE` (`username`)
) ENGINE=InnoDB AUTO_INCREMENT=23 DEFAULT CHARSET=utf8mb4 COLLATE=utf8mb4_0900_ai_ci

/*!40101 SET character_set_client = @saved_cs_client */

/*!40103 SET TIME_ZONE=@OLD_TIME_ZONE */

/*!40101 SET SQL_MODE=@OLD_SQL_MODE */

/*!40014 SET FOREIGN_KEY_CHECKS=@OLD_FOREIGN_KEY_CHECKS */

/*!40014 SET UNIQUE_CHECKS=@OLD_UNIQUE_CHECKS */

/*!40101 SET CHARACTER_SET_CLIENT=@OLD_CHARACTER_SET_CLIENT */

/*!40101 SET CHARACTER_SET_RESULTS=@OLD_CHARACTER_SET_RESULTS */

/*!40101 SET COLLATION_CONNECTION=@OLD_COLLATION_CONNECTION */

/*!40111 SET SQL_NOTES=@OLD_SQL_NOTES */

-- Dump completed on 2023-10-13 16:24:46
INSERT INTO practicatest.`users` (id, username, password, register_date, role) VALUES ('1', 'munkatea', 'pass1', '2008-7-04', 'ADMIN')

INSERT INTO practicatest.`users` (id, username, password, register_date, role) VALUES ('2', 'bradpitt', 'pass2', '2020-4-14', 'RECRUITER')

INSERT INTO practicatest.`users` (id, username, password, register_date, role) VALUES ('3', 'qtarantino', 'pass3', '2018-7-03', 'RECRUITER')

INSERT INTO practicatest.`users` (id, username, password, register_date, role) VALUES ('4', 'enidelcu', 'pass4', '2021-12-02', 'APPLICANT')

INSERT INTO practicatest.`users` (id, username, password, register_date, role) VALUES ('5', 'ludmila', 'pass5', '2010-1-31', 'APPLICANT')

INSERT INTO practicatest.`users` (id, username, password, register_date, role) VALUES ('6', 'gnelli', 'pass6', '2017-10-15', 'APPLICANT')

INSERT INTO practicatest.`users` (id, username, password, register_date, role) VALUES ('7', 'iuco', 'pass7', '2023-1-01', 'RECRUITER')

INSERT INTO practicatest.`users` (id, username, password, register_date, role) VALUES ('8', 'vbostan', 'pass8', '2019-4-13', 'RECRUITER')

INSERT INTO practicatest.`users` (id, username, password, register_date, role) VALUES ('9', 'hlanda', 'pass9', '2020-3-11', 'RECRUITER')

INSERT INTO practicatest.`users` (id, username, password, register_date, role) VALUES ('10', 'oppenheimer', 'pass10', '2013-3-27', 'APPLICANT')

INSERT INTO practicatest.`users` (id, username, password, register_date, role) VALUES ('11', 'holmes', 'pass11', '2009-5-31', 'APPLICANT')

INSERT INTO practicatest.`users` (id, username, password, register_date, role) VALUES ('12', 'rotaru', 'pass12', '2009-3-31', 'APPLICANT')

INSERT INTO practicatest.`users` (id, username, password, register_date, role) VALUES ('13', 'clima', 'pass13', '2009-7-31', 'RECRUITER')

INSERT INTO practicatest.`companies` (id, title, domain, about, phone_number, email, img_path) VALUES ('1', 'IUCOSOFT', 'IT', 'We work in JAVA', '060111111', 'email@iucosoft.com', 'img1.png')

INSERT INTO practicatest.`companies` (id, title, domain, about, phone_number, email, img_path) VALUES ('2', 'ORATORICA', 'EDUCATION', 'Courses for learning new languages', '060222222', 'oratorica@gmail.com', 'img2.jpg')

INSERT INTO practicatest.`companies` (id, title, domain, about, phone_number, email, img_path) VALUES ('3', 'DECOR', 'DESIGN', 'Design for posters and wallpapers', '060333333', 'mail@decor.md', 'img3.jpg')

INSERT INTO practicatest.`companies` (id, title, domain, about, phone_number, email, img_path) VALUES ('4', 'TKD', 'SPORT_BEAUTY_WELLNESS', 'Taekwondo sport club', '060444444', 'sport@tkd.com', 'img4.jpg')

INSERT INTO practicatest.`companies` (id, title, domain, about, phone_number, email, img_path) VALUES ('5', 'Andy\'s Pizza', 'FOOD', 'Y\'all know what does our company =-)', '060555555', 'andys.pizza@gmail.com', 'img5.jpg')

INSERT INTO practicatest.`companies` (id, title, domain, about, phone_number, email, img_path) VALUES ('6', 'Climatehnic', 'ENGINEERING', 'Good company', '079783222', 'climatehnic@gmail.com', 'img6.jpg')

INSERT INTO practicatest.`applicants` (id, name, surname, age, a_status, domain, cv, user_id, email, phone_number) VALUES ('1', 'Elena', 'Nidelcu', '19', 'STUDENT', 'IT', 'cv1.pdf', '4', 'elena.nidelcu@isa.utm.md', '060123456')

INSERT INTO practicatest.`applicants` (id, name, surname, age, a_status, domain, cv, user_id, email, phone_number) VALUES ('2', 'Ludmila', 'Friptu', '20', 'WORKING', 'EDUCATION', 'cv2.pdf', '5', 'friptu@gmail.com', '060234567')

INSERT INTO practicatest.`applicants` (id, name, surname, age, a_status, domain, cv, user_id, email, phone_number) VALUES ('3', 'Nelli', 'Garbuz', '18', 'STUDENT', 'DESIGN', 'cv3.pdf', '6', 'nelly@dip.utm.md', '060345678')

INSERT INTO practicatest.`applicants` (id, name, surname, age, a_status, domain, cv, user_id, email, phone_number) VALUES ('4', 'Robert', 'Oppenheimer', '40', 'WORKING', 'SPORT_BEAUTY_WELLNESS', 'cv4.pdf', '10', 'r.oppy@bomb.com', '060456789')

INSERT INTO practicatest.`applicants` (id, name, surname, age, a_status, domain, cv, user_id, email, phone_number) VALUES ('5', 'Sherlock', 'Holmes', '30', 'UNEMPLOYED', 'FOOD', 'cv5.pdf', '11', 'holmes@gmail.com', '060567890')

INSERT INTO practicatest.`applicants` (id, name, surname, age, a_status, domain, cv, user_id, email, phone_number) VALUES ('6', 'Rotaru', 'Dimitrie', '50', 'UNEMPLOYED', 'FOOD', 'cv6.pdf', '12', 'rotaru@gmail.com', '060567870')

INSERT INTO practicatest.`recruiters` (id, name, surname, user_id, company_id, email) VALUES ('1', 'Brad', 'Pitt', '2', '4', 'brad.pitt@tkd.md')

INSERT INTO practicatest.`recruiters` (id, name, surname, user_id, company_id, email) VALUES ('2', 'Quentin', 'Tarantino', '3', '5', 'quentin.tarantino@andis.md')

INSERT INTO practicatest.`recruiters` (id, name, surname, user_id, company_id, email) VALUES ('3', 'Iurie', 'Coropceanu', '7', '1', 'iurie.coropceanu@iucosoft.com')

INSERT INTO practicatest.`recruiters` (id, name, surname, user_id, company_id, email) VALUES ('4', 'Viorel', 'Bostan', '8', '2', 'viorel.bostan@oratorica.com')

INSERT INTO practicatest.`recruiters` (id, name, surname, user_id, company_id, email) VALUES ('5', 'Hans', 'Landa', '9', '3', 'hans.landa@decor.md')

INSERT INTO practicatest.`programmes` (id, title, domain, start_data, duration, company_id, duties, qualifications, benefits, location, paid) VALUES ('1', 'JAVA Developer', 'IT', '2020-3-05', '3 months', '1', 'Develop desktop apps', 'Know JAVA well', 'Work remotely', 'ONLINE', '0')

INSERT INTO practicatest.`programmes` (id, title, domain, start_data, duration, company_id, duties, qualifications, benefits, location, paid) VALUES ('2', 'English teacher', 'EDUCATION', '2016-7-09', '2 months', '2', 'Teach children', 'C1 in English', 'Hiring after internship', 'Chisinau', '0')

INSERT INTO practicatest.`programmes` (id, title, domain, start_data, duration, company_id, duties, qualifications, benefits, location, paid) VALUES ('3', 'Designer', 'DESIGN', '2023-5-25', '6 months', '3', 'Design personalised posters', 'Studii la UTM', 'Working with us', 'Chisinau', '1')

INSERT INTO practicatest.`programmes` (id, title, domain, start_data, duration, company_id, duties, qualifications, benefits, location, paid) VALUES ('4', 'Coach', 'SPORT_BEAUTY_WELLNESS', '2022-8-27', '4 months', '4', 'Coach people', 'Maestru al Sportului', 'No benefits', 'Balti', '1')

INSERT INTO practicatest.`programmes` (id, title, domain, start_data, duration, company_id, duties, qualifications, benefits, location, paid) VALUES ('5', 'Cook', 'FOOD', '2021-2-14', '5 weeks', '5', 'Boil eggs', 'No qualifications', 'Eat eggs', 'Cantemir', '0')

INSERT INTO practicatest.`programmes` (id, title, domain, start_data, duration, company_id, duties, qualifications, benefits, location, paid) VALUES ('6', 'Crazy', 'DESIGN', '2021-2-14', '3 weeks', '5', 'Do crazy stuff', 'No qualifications', 'Do crazy stuff', 'Causeni', '0')

INSERT INTO practicatest.`applications` (id, applicant_id, programme_id, application_date, cv, phone_number, email) VALUES ('1', '1', '1', '2023-10-10', 'cv1.pdf', '060123456', 'elena.nidelcu@isa.utm.md')

INSERT INTO practicatest.`applications` (id, applicant_id, programme_id, application_date, cv, phone_number, email) VALUES ('2', '2', '2', '2023-10-11', 'cv2.pdf', '060234567', 'friptu@gmail.com')

INSERT INTO practicatest.`applications` (id, applicant_id, programme_id, application_date, cv, phone_number, email) VALUES ('3', '3', '3', '2023-10-12', 'cv3.pdf', '060345678', 'nelly@dip.utm.md')

INSERT INTO practicatest.`applications` (id, applicant_id, programme_id, application_date, cv, phone_number, email) VALUES ('4', '4', '4', '2023-10-13', 'cv4.pdf', '060456789', 'r.oppy@bomb.com')

INSERT INTO practicatest.`applications` (id, applicant_id, programme_id, application_date, cv, phone_number, email) VALUES ('5', '5', '5', '2023-10-14', 'cv5.pdf', '060567890', 'holmes@gmail.com')

Tabelul s-a creat!
findById
CREATE DATABASE  IF NOT EXISTS `practicatest` /*!40100 DEFAULT CHARACTER SET utf8mb3 */ /*!80016 DEFAULT ENCRYPTION='N' */

USE `practicatest`

-- MySQL dump 10.13  Distrib 8.0.34, for Win64 (x86_64)
--
-- Host: localhost    Database: practica
-- ------------------------------------------------------
-- Server version	8.0.34
/*!40101 SET @OLD_CHARACTER_SET_CLIENT=@@CHARACTER_SET_CLIENT */

/*!40101 SET @OLD_CHARACTER_SET_RESULTS=@@CHARACTER_SET_RESULTS */

/*!40101 SET @OLD_COLLATION_CONNECTION=@@COLLATION_CONNECTION */

/*!50503 SET NAMES utf8 */

/*!40103 SET @OLD_TIME_ZONE=@@TIME_ZONE */

/*!40103 SET TIME_ZONE='+00:00' */

/*!40014 SET @OLD_UNIQUE_CHECKS=@@UNIQUE_CHECKS, UNIQUE_CHECKS=0 */

/*!40014 SET @OLD_FOREIGN_KEY_CHECKS=@@FOREIGN_KEY_CHECKS, FOREIGN_KEY_CHECKS=0 */

/*!40101 SET @OLD_SQL_MODE=@@SQL_MODE, SQL_MODE='NO_AUTO_VALUE_ON_ZERO' */

/*!40111 SET @OLD_SQL_NOTES=@@SQL_NOTES, SQL_NOTES=0 */

--
-- Table structure for table `applicants`
--
DROP TABLE IF EXISTS `applicants`

/*!40101 SET @saved_cs_client     = @@character_set_client */

/*!50503 SET character_set_client = utf8mb4 */

CREATE TABLE `applicants` (
  `id` int NOT NULL AUTO_INCREMENT,
  `name` varchar(45) NOT NULL,
  `surname` varchar(45) NOT NULL,
  `age` int NOT NULL,
  `a_status` varchar(45) NOT NULL,
  `domain` varchar(45) NOT NULL,
  `cv` varchar(45) NOT NULL,
  `user_id` int NOT NULL,
  `email` varchar(45) NOT NULL,
  `phone_number` varchar(45) NOT NULL,
  PRIMARY KEY (`id`),
  KEY `fk_applicant_user_idx` (`user_id`),
  CONSTRAINT `fk_applicant_user` FOREIGN KEY (`user_id`) REFERENCES `users` (`id`)
) ENGINE=InnoDB AUTO_INCREMENT=6 DEFAULT CHARSET=utf8mb4 COLLATE=utf8mb4_0900_ai_ci

/*!40101 SET character_set_client = @saved_cs_client */

--
-- Table structure for table `applications`
--
DROP TABLE IF EXISTS `applications`

/*!40101 SET @saved_cs_client     = @@character_set_client */

/*!50503 SET character_set_client = utf8mb4 */

CREATE TABLE `applications` (
  `id` int NOT NULL AUTO_INCREMENT,
  `applicant_id` int NOT NULL,
  `programme_id` int NOT NULL,
  `application_date` date NOT NULL,
  `cv` varchar(45) NOT NULL,
  `phone_number` varchar(45) NOT NULL,
  `email` varchar(45) NOT NULL,
  `institution` varchar(45) DEFAULT NULL,
  PRIMARY KEY (`id`),
  KEY `fk_application_applicant_idx` (`applicant_id`),
  KEY `fk_application_programme_idx` (`programme_id`),
  CONSTRAINT `fk_application_applicant` FOREIGN KEY (`applicant_id`) REFERENCES `applicants` (`id`),
  CONSTRAINT `fk_application_programme` FOREIGN KEY (`programme_id`) REFERENCES `programmes` (`id`)
) ENGINE=InnoDB DEFAULT CHARSET=utf8mb4 COLLATE=utf8mb4_0900_ai_ci

/*!40101 SET character_set_client = @saved_cs_client */

--
-- Table structure for table `companies`
--
DROP TABLE IF EXISTS `companies`

/*!40101 SET @saved_cs_client     = @@character_set_client */

/*!50503 SET character_set_client = utf8mb4 */

CREATE TABLE `companies` (
  `id` int NOT NULL AUTO_INCREMENT,
  `title` varchar(45) NOT NULL,
  `domain` varchar(45) NOT NULL,
  `about` mediumtext NOT NULL,
  `phone_number` varchar(45) NOT NULL,
  `email` varchar(45) NOT NULL,
  `img_path` varchar(80) DEFAULT NULL,
  `img_data` mediumblob DEFAULT NULL,
  PRIMARY KEY (`id`),
  UNIQUE KEY `title_UNIQUE` (`title`)
) ENGINE=InnoDB AUTO_INCREMENT=20 DEFAULT CHARSET=utf8mb4 COLLATE=utf8mb4_0900_ai_ci

/*!40101 SET character_set_client = @saved_cs_client */

--
-- Table structure for table `programmes`
--
DROP TABLE IF EXISTS `programmes`

/*!40101 SET @saved_cs_client     = @@character_set_client */

/*!50503 SET character_set_client = utf8mb4 */

CREATE TABLE `programmes` (
  `id` int NOT NULL AUTO_INCREMENT,
  `title` varchar(45) NOT NULL,
  `domain` varchar(45) NOT NULL,
  `start_data` date NOT NULL,
  `duration` varchar(45) NOT NULL,
  `company_id` int NOT NULL,
  `duties` mediumtext NOT NULL,
  `qualifications` mediumtext NOT NULL,
  `benefits` mediumtext NOT NULL,
  `location` varchar(80) NOT NULL,
  `paid` tinyint NOT NULL,
  PRIMARY KEY (`id`),
  KEY `fk_programme_company_idx` (`company_id`),
  CONSTRAINT `fk_programme_company` FOREIGN KEY (`company_id`) REFERENCES `companies` (`id`)
) ENGINE=InnoDB DEFAULT CHARSET=utf8mb4 COLLATE=utf8mb4_0900_ai_ci

/*!40101 SET character_set_client = @saved_cs_client */

--
-- Table structure for table `recruiters`
--
DROP TABLE IF EXISTS `recruiters`

/*!40101 SET @saved_cs_client     = @@character_set_client */

/*!50503 SET character_set_client = utf8mb4 */

CREATE TABLE `recruiters` (
  `id` int NOT NULL AUTO_INCREMENT,
  `name` varchar(45) NOT NULL,
  `surname` varchar(45) NOT NULL,
  `user_id` int NOT NULL,
  `company_id` int NOT NULL,
  `email` varchar(45) NOT NULL,
  PRIMARY KEY (`id`),
  KEY `fk_recruiter_user_idx` (`user_id`),
  KEY `fk_recruiter_company_idx` (`company_id`),
  CONSTRAINT `fk_recruiter_company` FOREIGN KEY (`company_id`) REFERENCES `companies` (`id`),
  CONSTRAINT `fk_recruiter_user` FOREIGN KEY (`user_id`) REFERENCES `users` (`id`)
) ENGINE=InnoDB AUTO_INCREMENT=16 DEFAULT CHARSET=utf8mb4 COLLATE=utf8mb4_0900_ai_ci

/*!40101 SET character_set_client = @saved_cs_client */

--
-- Table structure for table `users`
--
DROP TABLE IF EXISTS `users`

/*!40101 SET @saved_cs_client     = @@character_set_client */

/*!50503 SET character_set_client = utf8mb4 */

CREATE TABLE `users` (
  `id` int NOT NULL AUTO_INCREMENT,
  `username` varchar(45) NOT NULL,
  `password` varchar(45) NOT NULL,
  `register_date` date NOT NULL,
  `role` varchar(45) NOT NULL,
  PRIMARY KEY (`id`),
  UNIQUE KEY `username_UNIQUE` (`username`)
) ENGINE=InnoDB AUTO_INCREMENT=23 DEFAULT CHARSET=utf8mb4 COLLATE=utf8mb4_0900_ai_ci

/*!40101 SET character_set_client = @saved_cs_client */

/*!40103 SET TIME_ZONE=@OLD_TIME_ZONE */

/*!40101 SET SQL_MODE=@OLD_SQL_MODE */

/*!40014 SET FOREIGN_KEY_CHECKS=@OLD_FOREIGN_KEY_CHECKS */

/*!40014 SET UNIQUE_CHECKS=@OLD_UNIQUE_CHECKS */

/*!40101 SET CHARACTER_SET_CLIENT=@OLD_CHARACTER_SET_CLIENT */

/*!40101 SET CHARACTER_SET_RESULTS=@OLD_CHARACTER_SET_RESULTS */

/*!40101 SET COLLATION_CONNECTION=@OLD_COLLATION_CONNECTION */

/*!40111 SET SQL_NOTES=@OLD_SQL_NOTES */

-- Dump completed on 2023-10-13 16:24:46
INSERT INTO practicatest.`users` (id, username, password, register_date, role) VALUES ('1', 'munkatea', 'pass1', '2008-7-04', 'ADMIN')

INSERT INTO practicatest.`users` (id, username, password, register_date, role) VALUES ('2', 'bradpitt', 'pass2', '2020-4-14', 'RECRUITER')

INSERT INTO practicatest.`users` (id, username, password, register_date, role) VALUES ('3', 'qtarantino', 'pass3', '2018-7-03', 'RECRUITER')

INSERT INTO practicatest.`users` (id, username, password, register_date, role) VALUES ('4', 'enidelcu', 'pass4', '2021-12-02', 'APPLICANT')

INSERT INTO practicatest.`users` (id, username, password, register_date, role) VALUES ('5', 'ludmila', 'pass5', '2010-1-31', 'APPLICANT')

INSERT INTO practicatest.`users` (id, username, password, register_date, role) VALUES ('6', 'gnelli', 'pass6', '2017-10-15', 'APPLICANT')

INSERT INTO practicatest.`users` (id, username, password, register_date, role) VALUES ('7', 'iuco', 'pass7', '2023-1-01', 'RECRUITER')

INSERT INTO practicatest.`users` (id, username, password, register_date, role) VALUES ('8', 'vbostan', 'pass8', '2019-4-13', 'RECRUITER')

INSERT INTO practicatest.`users` (id, username, password, register_date, role) VALUES ('9', 'hlanda', 'pass9', '2020-3-11', 'RECRUITER')

INSERT INTO practicatest.`users` (id, username, password, register_date, role) VALUES ('10', 'oppenheimer', 'pass10', '2013-3-27', 'APPLICANT')

INSERT INTO practicatest.`users` (id, username, password, register_date, role) VALUES ('11', 'holmes', 'pass11', '2009-5-31', 'APPLICANT')

INSERT INTO practicatest.`users` (id, username, password, register_date, role) VALUES ('12', 'rotaru', 'pass12', '2009-3-31', 'APPLICANT')

INSERT INTO practicatest.`users` (id, username, password, register_date, role) VALUES ('13', 'clima', 'pass13', '2009-7-31', 'RECRUITER')

INSERT INTO practicatest.`companies` (id, title, domain, about, phone_number, email, img_path) VALUES ('1', 'IUCOSOFT', 'IT', 'We work in JAVA', '060111111', 'email@iucosoft.com', 'img1.png')

INSERT INTO practicatest.`companies` (id, title, domain, about, phone_number, email, img_path) VALUES ('2', 'ORATORICA', 'EDUCATION', 'Courses for learning new languages', '060222222', 'oratorica@gmail.com', 'img2.jpg')

INSERT INTO practicatest.`companies` (id, title, domain, about, phone_number, email, img_path) VALUES ('3', 'DECOR', 'DESIGN', 'Design for posters and wallpapers', '060333333', 'mail@decor.md', 'img3.jpg')

INSERT INTO practicatest.`companies` (id, title, domain, about, phone_number, email, img_path) VALUES ('4', 'TKD', 'SPORT_BEAUTY_WELLNESS', 'Taekwondo sport club', '060444444', 'sport@tkd.com', 'img4.jpg')

INSERT INTO practicatest.`companies` (id, title, domain, about, phone_number, email, img_path) VALUES ('5', 'Andy\'s Pizza', 'FOOD', 'Y\'all know what does our company =-)', '060555555', 'andys.pizza@gmail.com', 'img5.jpg')

INSERT INTO practicatest.`companies` (id, title, domain, about, phone_number, email, img_path) VALUES ('6', 'Climatehnic', 'ENGINEERING', 'Good company', '079783222', 'climatehnic@gmail.com', 'img6.jpg')

INSERT INTO practicatest.`applicants` (id, name, surname, age, a_status, domain, cv, user_id, email, phone_number) VALUES ('1', 'Elena', 'Nidelcu', '19', 'STUDENT', 'IT', 'cv1.pdf', '4', 'elena.nidelcu@isa.utm.md', '060123456')

INSERT INTO practicatest.`applicants` (id, name, surname, age, a_status, domain, cv, user_id, email, phone_number) VALUES ('2', 'Ludmila', 'Friptu', '20', 'WORKING', 'EDUCATION', 'cv2.pdf', '5', 'friptu@gmail.com', '060234567')

INSERT INTO practicatest.`applicants` (id, name, surname, age, a_status, domain, cv, user_id, email, phone_number) VALUES ('3', 'Nelli', 'Garbuz', '18', 'STUDENT', 'DESIGN', 'cv3.pdf', '6', 'nelly@dip.utm.md', '060345678')

INSERT INTO practicatest.`applicants` (id, name, surname, age, a_status, domain, cv, user_id, email, phone_number) VALUES ('4', 'Robert', 'Oppenheimer', '40', 'WORKING', 'SPORT_BEAUTY_WELLNESS', 'cv4.pdf', '10', 'r.oppy@bomb.com', '060456789')

INSERT INTO practicatest.`applicants` (id, name, surname, age, a_status, domain, cv, user_id, email, phone_number) VALUES ('5', 'Sherlock', 'Holmes', '30', 'UNEMPLOYED', 'FOOD', 'cv5.pdf', '11', 'holmes@gmail.com', '060567890')

INSERT INTO practicatest.`applicants` (id, name, surname, age, a_status, domain, cv, user_id, email, phone_number) VALUES ('6', 'Rotaru', 'Dimitrie', '50', 'UNEMPLOYED', 'FOOD', 'cv6.pdf', '12', 'rotaru@gmail.com', '060567870')

INSERT INTO practicatest.`recruiters` (id, name, surname, user_id, company_id, email) VALUES ('1', 'Brad', 'Pitt', '2', '4', 'brad.pitt@tkd.md')

INSERT INTO practicatest.`recruiters` (id, name, surname, user_id, company_id, email) VALUES ('2', 'Quentin', 'Tarantino', '3', '5', 'quentin.tarantino@andis.md')

INSERT INTO practicatest.`recruiters` (id, name, surname, user_id, company_id, email) VALUES ('3', 'Iurie', 'Coropceanu', '7', '1', 'iurie.coropceanu@iucosoft.com')

INSERT INTO practicatest.`recruiters` (id, name, surname, user_id, company_id, email) VALUES ('4', 'Viorel', 'Bostan', '8', '2', 'viorel.bostan@oratorica.com')

INSERT INTO practicatest.`recruiters` (id, name, surname, user_id, company_id, email) VALUES ('5', 'Hans', 'Landa', '9', '3', 'hans.landa@decor.md')

INSERT INTO practicatest.`programmes` (id, title, domain, start_data, duration, company_id, duties, qualifications, benefits, location, paid) VALUES ('1', 'JAVA Developer', 'IT', '2020-3-05', '3 months', '1', 'Develop desktop apps', 'Know JAVA well', 'Work remotely', 'ONLINE', '0')

INSERT INTO practicatest.`programmes` (id, title, domain, start_data, duration, company_id, duties, qualifications, benefits, location, paid) VALUES ('2', 'English teacher', 'EDUCATION', '2016-7-09', '2 months', '2', 'Teach children', 'C1 in English', 'Hiring after internship', 'Chisinau', '0')

INSERT INTO practicatest.`programmes` (id, title, domain, start_data, duration, company_id, duties, qualifications, benefits, location, paid) VALUES ('3', 'Designer', 'DESIGN', '2023-5-25', '6 months', '3', 'Design personalised posters', 'Studii la UTM', 'Working with us', 'Chisinau', '1')

INSERT INTO practicatest.`programmes` (id, title, domain, start_data, duration, company_id, duties, qualifications, benefits, location, paid) VALUES ('4', 'Coach', 'SPORT_BEAUTY_WELLNESS', '2022-8-27', '4 months', '4', 'Coach people', 'Maestru al Sportului', 'No benefits', 'Balti', '1')

INSERT INTO practicatest.`programmes` (id, title, domain, start_data, duration, company_id, duties, qualifications, benefits, location, paid) VALUES ('5', 'Cook', 'FOOD', '2021-2-14', '5 weeks', '5', 'Boil eggs', 'No qualifications', 'Eat eggs', 'Cantemir', '0')

INSERT INTO practicatest.`programmes` (id, title, domain, start_data, duration, company_id, duties, qualifications, benefits, location, paid) VALUES ('6', 'Crazy', 'DESIGN', '2021-2-14', '3 weeks', '5', 'Do crazy stuff', 'No qualifications', 'Do crazy stuff', 'Causeni', '0')

INSERT INTO practicatest.`applications` (id, applicant_id, programme_id, application_date, cv, phone_number, email) VALUES ('1', '1', '1', '2023-10-10', 'cv1.pdf', '060123456', 'elena.nidelcu@isa.utm.md')

INSERT INTO practicatest.`applications` (id, applicant_id, programme_id, application_date, cv, phone_number, email) VALUES ('2', '2', '2', '2023-10-11', 'cv2.pdf', '060234567', 'friptu@gmail.com')

INSERT INTO practicatest.`applications` (id, applicant_id, programme_id, application_date, cv, phone_number, email) VALUES ('3', '3', '3', '2023-10-12', 'cv3.pdf', '060345678', 'nelly@dip.utm.md')

INSERT INTO practicatest.`applications` (id, applicant_id, programme_id, application_date, cv, phone_number, email) VALUES ('4', '4', '4', '2023-10-13', 'cv4.pdf', '060456789', 'r.oppy@bomb.com')

INSERT INTO practicatest.`applications` (id, applicant_id, programme_id, application_date, cv, phone_number, email) VALUES ('5', '5', '5', '2023-10-14', 'cv5.pdf', '060567890', 'holmes@gmail.com')

Tabelul s-a creat!
delete
CREATE DATABASE  IF NOT EXISTS `practicatest` /*!40100 DEFAULT CHARACTER SET utf8mb3 */ /*!80016 DEFAULT ENCRYPTION='N' */

USE `practicatest`

-- MySQL dump 10.13  Distrib 8.0.34, for Win64 (x86_64)
--
-- Host: localhost    Database: practica
-- ------------------------------------------------------
-- Server version	8.0.34
/*!40101 SET @OLD_CHARACTER_SET_CLIENT=@@CHARACTER_SET_CLIENT */

/*!40101 SET @OLD_CHARACTER_SET_RESULTS=@@CHARACTER_SET_RESULTS */

/*!40101 SET @OLD_COLLATION_CONNECTION=@@COLLATION_CONNECTION */

/*!50503 SET NAMES utf8 */

/*!40103 SET @OLD_TIME_ZONE=@@TIME_ZONE */

/*!40103 SET TIME_ZONE='+00:00' */

/*!40014 SET @OLD_UNIQUE_CHECKS=@@UNIQUE_CHECKS, UNIQUE_CHECKS=0 */

/*!40014 SET @OLD_FOREIGN_KEY_CHECKS=@@FOREIGN_KEY_CHECKS, FOREIGN_KEY_CHECKS=0 */

/*!40101 SET @OLD_SQL_MODE=@@SQL_MODE, SQL_MODE='NO_AUTO_VALUE_ON_ZERO' */

/*!40111 SET @OLD_SQL_NOTES=@@SQL_NOTES, SQL_NOTES=0 */

--
-- Table structure for table `applicants`
--
DROP TABLE IF EXISTS `applicants`

/*!40101 SET @saved_cs_client     = @@character_set_client */

/*!50503 SET character_set_client = utf8mb4 */

CREATE TABLE `applicants` (
  `id` int NOT NULL AUTO_INCREMENT,
  `name` varchar(45) NOT NULL,
  `surname` varchar(45) NOT NULL,
  `age` int NOT NULL,
  `a_status` varchar(45) NOT NULL,
  `domain` varchar(45) NOT NULL,
  `cv` varchar(45) NOT NULL,
  `user_id` int NOT NULL,
  `email` varchar(45) NOT NULL,
  `phone_number` varchar(45) NOT NULL,
  PRIMARY KEY (`id`),
  KEY `fk_applicant_user_idx` (`user_id`),
  CONSTRAINT `fk_applicant_user` FOREIGN KEY (`user_id`) REFERENCES `users` (`id`)
) ENGINE=InnoDB AUTO_INCREMENT=6 DEFAULT CHARSET=utf8mb4 COLLATE=utf8mb4_0900_ai_ci

/*!40101 SET character_set_client = @saved_cs_client */

--
-- Table structure for table `applications`
--
DROP TABLE IF EXISTS `applications`

/*!40101 SET @saved_cs_client     = @@character_set_client */

/*!50503 SET character_set_client = utf8mb4 */

CREATE TABLE `applications` (
  `id` int NOT NULL AUTO_INCREMENT,
  `applicant_id` int NOT NULL,
  `programme_id` int NOT NULL,
  `application_date` date NOT NULL,
  `cv` varchar(45) NOT NULL,
  `phone_number` varchar(45) NOT NULL,
  `email` varchar(45) NOT NULL,
  `institution` varchar(45) DEFAULT NULL,
  PRIMARY KEY (`id`),
  KEY `fk_application_applicant_idx` (`applicant_id`),
  KEY `fk_application_programme_idx` (`programme_id`),
  CONSTRAINT `fk_application_applicant` FOREIGN KEY (`applicant_id`) REFERENCES `applicants` (`id`),
  CONSTRAINT `fk_application_programme` FOREIGN KEY (`programme_id`) REFERENCES `programmes` (`id`)
) ENGINE=InnoDB DEFAULT CHARSET=utf8mb4 COLLATE=utf8mb4_0900_ai_ci

/*!40101 SET character_set_client = @saved_cs_client */

--
-- Table structure for table `companies`
--
DROP TABLE IF EXISTS `companies`

/*!40101 SET @saved_cs_client     = @@character_set_client */

/*!50503 SET character_set_client = utf8mb4 */

CREATE TABLE `companies` (
  `id` int NOT NULL AUTO_INCREMENT,
  `title` varchar(45) NOT NULL,
  `domain` varchar(45) NOT NULL,
  `about` mediumtext NOT NULL,
  `phone_number` varchar(45) NOT NULL,
  `email` varchar(45) NOT NULL,
  `img_path` varchar(80) DEFAULT NULL,
  `img_data` mediumblob DEFAULT NULL,
  PRIMARY KEY (`id`),
  UNIQUE KEY `title_UNIQUE` (`title`)
) ENGINE=InnoDB AUTO_INCREMENT=20 DEFAULT CHARSET=utf8mb4 COLLATE=utf8mb4_0900_ai_ci

/*!40101 SET character_set_client = @saved_cs_client */

--
-- Table structure for table `programmes`
--
DROP TABLE IF EXISTS `programmes`

/*!40101 SET @saved_cs_client     = @@character_set_client */

/*!50503 SET character_set_client = utf8mb4 */

CREATE TABLE `programmes` (
  `id` int NOT NULL AUTO_INCREMENT,
  `title` varchar(45) NOT NULL,
  `domain` varchar(45) NOT NULL,
  `start_data` date NOT NULL,
  `duration` varchar(45) NOT NULL,
  `company_id` int NOT NULL,
  `duties` mediumtext NOT NULL,
  `qualifications` mediumtext NOT NULL,
  `benefits` mediumtext NOT NULL,
  `location` varchar(80) NOT NULL,
  `paid` tinyint NOT NULL,
  PRIMARY KEY (`id`),
  KEY `fk_programme_company_idx` (`company_id`),
  CONSTRAINT `fk_programme_company` FOREIGN KEY (`company_id`) REFERENCES `companies` (`id`)
) ENGINE=InnoDB DEFAULT CHARSET=utf8mb4 COLLATE=utf8mb4_0900_ai_ci

/*!40101 SET character_set_client = @saved_cs_client */

--
-- Table structure for table `recruiters`
--
DROP TABLE IF EXISTS `recruiters`

/*!40101 SET @saved_cs_client     = @@character_set_client */

/*!50503 SET character_set_client = utf8mb4 */

CREATE TABLE `recruiters` (
  `id` int NOT NULL AUTO_INCREMENT,
  `name` varchar(45) NOT NULL,
  `surname` varchar(45) NOT NULL,
  `user_id` int NOT NULL,
  `company_id` int NOT NULL,
  `email` varchar(45) NOT NULL,
  PRIMARY KEY (`id`),
  KEY `fk_recruiter_user_idx` (`user_id`),
  KEY `fk_recruiter_company_idx` (`company_id`),
  CONSTRAINT `fk_recruiter_company` FOREIGN KEY (`company_id`) REFERENCES `companies` (`id`),
  CONSTRAINT `fk_recruiter_user` FOREIGN KEY (`user_id`) REFERENCES `users` (`id`)
) ENGINE=InnoDB AUTO_INCREMENT=16 DEFAULT CHARSET=utf8mb4 COLLATE=utf8mb4_0900_ai_ci

/*!40101 SET character_set_client = @saved_cs_client */

--
-- Table structure for table `users`
--
DROP TABLE IF EXISTS `users`

/*!40101 SET @saved_cs_client     = @@character_set_client */

/*!50503 SET character_set_client = utf8mb4 */

CREATE TABLE `users` (
  `id` int NOT NULL AUTO_INCREMENT,
  `username` varchar(45) NOT NULL,
  `password` varchar(45) NOT NULL,
  `register_date` date NOT NULL,
  `role` varchar(45) NOT NULL,
  PRIMARY KEY (`id`),
  UNIQUE KEY `username_UNIQUE` (`username`)
) ENGINE=InnoDB AUTO_INCREMENT=23 DEFAULT CHARSET=utf8mb4 COLLATE=utf8mb4_0900_ai_ci

/*!40101 SET character_set_client = @saved_cs_client */

/*!40103 SET TIME_ZONE=@OLD_TIME_ZONE */

/*!40101 SET SQL_MODE=@OLD_SQL_MODE */

/*!40014 SET FOREIGN_KEY_CHECKS=@OLD_FOREIGN_KEY_CHECKS */

/*!40014 SET UNIQUE_CHECKS=@OLD_UNIQUE_CHECKS */

/*!40101 SET CHARACTER_SET_CLIENT=@OLD_CHARACTER_SET_CLIENT */

/*!40101 SET CHARACTER_SET_RESULTS=@OLD_CHARACTER_SET_RESULTS */

/*!40101 SET COLLATION_CONNECTION=@OLD_COLLATION_CONNECTION */

/*!40111 SET SQL_NOTES=@OLD_SQL_NOTES */

-- Dump completed on 2023-10-13 16:24:46
INSERT INTO practicatest.`users` (id, username, password, register_date, role) VALUES ('1', 'munkatea', 'pass1', '2008-7-04', 'ADMIN')

INSERT INTO practicatest.`users` (id, username, password, register_date, role) VALUES ('2', 'bradpitt', 'pass2', '2020-4-14', 'RECRUITER')

INSERT INTO practicatest.`users` (id, username, password, register_date, role) VALUES ('3', 'qtarantino', 'pass3', '2018-7-03', 'RECRUITER')

INSERT INTO practicatest.`users` (id, username, password, register_date, role) VALUES ('4', 'enidelcu', 'pass4', '2021-12-02', 'APPLICANT')

INSERT INTO practicatest.`users` (id, username, password, register_date, role) VALUES ('5', 'ludmila', 'pass5', '2010-1-31', 'APPLICANT')

INSERT INTO practicatest.`users` (id, username, password, register_date, role) VALUES ('6', 'gnelli', 'pass6', '2017-10-15', 'APPLICANT')

INSERT INTO practicatest.`users` (id, username, password, register_date, role) VALUES ('7', 'iuco', 'pass7', '2023-1-01', 'RECRUITER')

INSERT INTO practicatest.`users` (id, username, password, register_date, role) VALUES ('8', 'vbostan', 'pass8', '2019-4-13', 'RECRUITER')

INSERT INTO practicatest.`users` (id, username, password, register_date, role) VALUES ('9', 'hlanda', 'pass9', '2020-3-11', 'RECRUITER')

INSERT INTO practicatest.`users` (id, username, password, register_date, role) VALUES ('10', 'oppenheimer', 'pass10', '2013-3-27', 'APPLICANT')

INSERT INTO practicatest.`users` (id, username, password, register_date, role) VALUES ('11', 'holmes', 'pass11', '2009-5-31', 'APPLICANT')

INSERT INTO practicatest.`users` (id, username, password, register_date, role) VALUES ('12', 'rotaru', 'pass12', '2009-3-31', 'APPLICANT')

INSERT INTO practicatest.`users` (id, username, password, register_date, role) VALUES ('13', 'clima', 'pass13', '2009-7-31', 'RECRUITER')

INSERT INTO practicatest.`companies` (id, title, domain, about, phone_number, email, img_path) VALUES ('1', 'IUCOSOFT', 'IT', 'We work in JAVA', '060111111', 'email@iucosoft.com', 'img1.png')

INSERT INTO practicatest.`companies` (id, title, domain, about, phone_number, email, img_path) VALUES ('2', 'ORATORICA', 'EDUCATION', 'Courses for learning new languages', '060222222', 'oratorica@gmail.com', 'img2.jpg')

INSERT INTO practicatest.`companies` (id, title, domain, about, phone_number, email, img_path) VALUES ('3', 'DECOR', 'DESIGN', 'Design for posters and wallpapers', '060333333', 'mail@decor.md', 'img3.jpg')

INSERT INTO practicatest.`companies` (id, title, domain, about, phone_number, email, img_path) VALUES ('4', 'TKD', 'SPORT_BEAUTY_WELLNESS', 'Taekwondo sport club', '060444444', 'sport@tkd.com', 'img4.jpg')

INSERT INTO practicatest.`companies` (id, title, domain, about, phone_number, email, img_path) VALUES ('5', 'Andy\'s Pizza', 'FOOD', 'Y\'all know what does our company =-)', '060555555', 'andys.pizza@gmail.com', 'img5.jpg')

INSERT INTO practicatest.`companies` (id, title, domain, about, phone_number, email, img_path) VALUES ('6', 'Climatehnic', 'ENGINEERING', 'Good company', '079783222', 'climatehnic@gmail.com', 'img6.jpg')

INSERT INTO practicatest.`applicants` (id, name, surname, age, a_status, domain, cv, user_id, email, phone_number) VALUES ('1', 'Elena', 'Nidelcu', '19', 'STUDENT', 'IT', 'cv1.pdf', '4', 'elena.nidelcu@isa.utm.md', '060123456')

INSERT INTO practicatest.`applicants` (id, name, surname, age, a_status, domain, cv, user_id, email, phone_number) VALUES ('2', 'Ludmila', 'Friptu', '20', 'WORKING', 'EDUCATION', 'cv2.pdf', '5', 'friptu@gmail.com', '060234567')

INSERT INTO practicatest.`applicants` (id, name, surname, age, a_status, domain, cv, user_id, email, phone_number) VALUES ('3', 'Nelli', 'Garbuz', '18', 'STUDENT', 'DESIGN', 'cv3.pdf', '6', 'nelly@dip.utm.md', '060345678')

INSERT INTO practicatest.`applicants` (id, name, surname, age, a_status, domain, cv, user_id, email, phone_number) VALUES ('4', 'Robert', 'Oppenheimer', '40', 'WORKING', 'SPORT_BEAUTY_WELLNESS', 'cv4.pdf', '10', 'r.oppy@bomb.com', '060456789')

INSERT INTO practicatest.`applicants` (id, name, surname, age, a_status, domain, cv, user_id, email, phone_number) VALUES ('5', 'Sherlock', 'Holmes', '30', 'UNEMPLOYED', 'FOOD', 'cv5.pdf', '11', 'holmes@gmail.com', '060567890')

INSERT INTO practicatest.`applicants` (id, name, surname, age, a_status, domain, cv, user_id, email, phone_number) VALUES ('6', 'Rotaru', 'Dimitrie', '50', 'UNEMPLOYED', 'FOOD', 'cv6.pdf', '12', 'rotaru@gmail.com', '060567870')

INSERT INTO practicatest.`recruiters` (id, name, surname, user_id, company_id, email) VALUES ('1', 'Brad', 'Pitt', '2', '4', 'brad.pitt@tkd.md')

INSERT INTO practicatest.`recruiters` (id, name, surname, user_id, company_id, email) VALUES ('2', 'Quentin', 'Tarantino', '3', '5', 'quentin.tarantino@andis.md')

INSERT INTO practicatest.`recruiters` (id, name, surname, user_id, company_id, email) VALUES ('3', 'Iurie', 'Coropceanu', '7', '1', 'iurie.coropceanu@iucosoft.com')

INSERT INTO practicatest.`recruiters` (id, name, surname, user_id, company_id, email) VALUES ('4', 'Viorel', 'Bostan', '8', '2', 'viorel.bostan@oratorica.com')

INSERT INTO practicatest.`recruiters` (id, name, surname, user_id, company_id, email) VALUES ('5', 'Hans', 'Landa', '9', '3', 'hans.landa@decor.md')

INSERT INTO practicatest.`programmes` (id, title, domain, start_data, duration, company_id, duties, qualifications, benefits, location, paid) VALUES ('1', 'JAVA Developer', 'IT', '2020-3-05', '3 months', '1', 'Develop desktop apps', 'Know JAVA well', 'Work remotely', 'ONLINE', '0')

INSERT INTO practicatest.`programmes` (id, title, domain, start_data, duration, company_id, duties, qualifications, benefits, location, paid) VALUES ('2', 'English teacher', 'EDUCATION', '2016-7-09', '2 months', '2', 'Teach children', 'C1 in English', 'Hiring after internship', 'Chisinau', '0')

INSERT INTO practicatest.`programmes` (id, title, domain, start_data, duration, company_id, duties, qualifications, benefits, location, paid) VALUES ('3', 'Designer', 'DESIGN', '2023-5-25', '6 months', '3', 'Design personalised posters', 'Studii la UTM', 'Working with us', 'Chisinau', '1')

INSERT INTO practicatest.`programmes` (id, title, domain, start_data, duration, company_id, duties, qualifications, benefits, location, paid) VALUES ('4', 'Coach', 'SPORT_BEAUTY_WELLNESS', '2022-8-27', '4 months', '4', 'Coach people', 'Maestru al Sportului', 'No benefits', 'Balti', '1')

INSERT INTO practicatest.`programmes` (id, title, domain, start_data, duration, company_id, duties, qualifications, benefits, location, paid) VALUES ('5', 'Cook', 'FOOD', '2021-2-14', '5 weeks', '5', 'Boil eggs', 'No qualifications', 'Eat eggs', 'Cantemir', '0')

INSERT INTO practicatest.`programmes` (id, title, domain, start_data, duration, company_id, duties, qualifications, benefits, location, paid) VALUES ('6', 'Crazy', 'DESIGN', '2021-2-14', '3 weeks', '5', 'Do crazy stuff', 'No qualifications', 'Do crazy stuff', 'Causeni', '0')

INSERT INTO practicatest.`applications` (id, applicant_id, programme_id, application_date, cv, phone_number, email) VALUES ('1', '1', '1', '2023-10-10', 'cv1.pdf', '060123456', 'elena.nidelcu@isa.utm.md')

INSERT INTO practicatest.`applications` (id, applicant_id, programme_id, application_date, cv, phone_number, email) VALUES ('2', '2', '2', '2023-10-11', 'cv2.pdf', '060234567', 'friptu@gmail.com')

INSERT INTO practicatest.`applications` (id, applicant_id, programme_id, application_date, cv, phone_number, email) VALUES ('3', '3', '3', '2023-10-12', 'cv3.pdf', '060345678', 'nelly@dip.utm.md')

INSERT INTO practicatest.`applications` (id, applicant_id, programme_id, application_date, cv, phone_number, email) VALUES ('4', '4', '4', '2023-10-13', 'cv4.pdf', '060456789', 'r.oppy@bomb.com')

INSERT INTO practicatest.`applications` (id, applicant_id, programme_id, application_date, cv, phone_number, email) VALUES ('5', '5', '5', '2023-10-14', 'cv5.pdf', '060567890', 'holmes@gmail.com')

Tabelul s-a creat!
update
]]></system-out>
  <system-err><![CDATA[Oct 17, 2023 10:32:35 PM com.iucosoft.internshipappfx.db.DataSource openConnection
INFO: Conectat cu succes la BD
Oct 17, 2023 10:32:35 PM com.iucosoft.internshipappfx.db.DataSource openConnection
INFO: Conectat cu succes la BD
Oct 17, 2023 10:32:35 PM com.iucosoft.internshipappfx.db.DataSource openConnection
INFO: Conectat cu succes la BD
Oct 17, 2023 10:32:35 PM com.iucosoft.internshipappfx.db.DataSource openConnection
INFO: Conectat cu succes la BD
Oct 17, 2023 10:32:36 PM com.iucosoft.internshipappfx.db.DataSource openConnection
INFO: Conectat cu succes la BD
Oct 17, 2023 10:32:36 PM com.iucosoft.internshipappfx.db.DataSource openConnection
INFO: Conectat cu succes la BD
Oct 17, 2023 10:32:36 PM com.iucosoft.internshipappfx.db.DataSource openConnection
INFO: Conectat cu succes la BD
Oct 17, 2023 10:32:36 PM com.iucosoft.internshipappfx.db.DataSource openConnection
INFO: Conectat cu succes la BD
Oct 17, 2023 10:32:36 PM com.iucosoft.internshipappfx.db.DataSource openConnection
INFO: Conectat cu succes la BD
Oct 17, 2023 10:32:37 PM com.iucosoft.internshipappfx.db.DataSource openConnection
INFO: Conectat cu succes la BD
Oct 17, 2023 10:32:37 PM com.iucosoft.internshipappfx.db.DataSource openConnection
INFO: Conectat cu succes la BD
Oct 17, 2023 10:32:37 PM com.iucosoft.internshipappfx.db.DataSource openConnection
INFO: Conectat cu succes la BD
Oct 17, 2023 10:32:37 PM com.iucosoft.internshipappfx.db.DataSource openConnection
INFO: Conectat cu succes la BD
Oct 17, 2023 10:32:37 PM com.iucosoft.internshipappfx.db.DataSource openConnection
INFO: Conectat cu succes la BD
Oct 17, 2023 10:32:37 PM com.iucosoft.internshipappfx.db.DataSource openConnection
INFO: Conectat cu succes la BD
Oct 17, 2023 10:32:38 PM com.iucosoft.internshipappfx.db.DataSource openConnection
INFO: Conectat cu succes la BD
Oct 17, 2023 10:32:38 PM com.iucosoft.internshipappfx.db.DataSource openConnection
INFO: Conectat cu succes la BD
Oct 17, 2023 10:32:38 PM com.iucosoft.internshipappfx.db.DataSource openConnection
INFO: Conectat cu succes la BD
Oct 17, 2023 10:32:38 PM com.iucosoft.internshipappfx.db.DataSource openConnection
INFO: Conectat cu succes la BD
Oct 17, 2023 10:32:38 PM com.iucosoft.internshipappfx.db.DataSource openConnection
INFO: Conectat cu succes la BD
]]></system-err>
</testsuite>
