<?xml version="1.0" encoding="UTF-8" ?>
<testsuite errors="0" failures="0" hostname="DESKTOP-KATE" name="com.iucosoft.internshipappfx.dao.impl.InternshipProgramDAOImplTest" skipped="0" tests="7" time="4.254" timestamp="2023-10-17T16:17:09">
  <properties>
    <property name="libs.jsp-compiler.javadoc" value="" />
    <property name="netbeans.autoupdate.country" value="US" />
    <property name="javafx.binarycss" value="false" />
    <property name="javac.test.classpath" value="C:\Program Files\Java\jdk1.8.0_202\jre/lib/javaws.jar:C:\Program Files\Java\jdk1.8.0_202\jre/lib/deploy.jar:C:\Program Files\Java\jdk1.8.0_202\jre/lib/plugin.jar:C:\Users\munka\Downloads\mysql-connector-j-8.1.0\mysql-connector-j-8.1.0\mysql-connector-j-8.1.0.jar:C:\Users\munka\Downloads\mybatis-3.4.5.jar:build/classes:C:\Program Files\NetBeans 8.2\platform\modules\ext\junit-4.12.jar:C:\Program Files\NetBeans 8.2\platform\modules\ext\hamcrest-core-1.3.jar" />
    <property name="libs.jsf20.maven-pom" value="" />
    <property name="libs.DataBindingME.src" value="C:\Program Files\NetBeans 8.2\mobility\sources\netbeans_databindingme-src.zip" />
    <property name="manifest.custom.codebase" value="*" />
    <property name="libs.spring-webmvc4.0.src" value="" />
    <property name="javac.includes" value="com/iucosoft/internshipappfx/dao/impl/InternshipProgramDAOImplTest.java" />
    <property name="ant.core.lib" value="C:\Program Files\NetBeans 8.2\extide\ant\lib\ant.jar" />
    <property name="javadoc.windowtitle" value="" />
    <property name="libs.jsp-compilation.javadoc" value="" />
    <property name="javafx.preloader.enabled" value="false" />
    <property name="user.dir" value="C:\Users\munka\OneDrive\Documents\git-projects\practica-2023-faf\project-desktop\InternshipAppFX" />
    <property name="libs.javaee-api-7.0.src" value="" />
    <property name="java.vm.version" value="25.202-b08" />
    <property name="libs.MyLibrary.src" value="" />
    <property name="libs.DataBindingME.classpath" value="C:\Program Files\NetBeans 8.2\mobility\modules\ext\netbeans_databindingme.jar" />
    <property name="libs.j2me_common_ant.src" value="" />
    <property name="libs.MySQLDriver.classpath" value="C:\Program Files\NetBeans 8.2\ide\modules\ext\mysql-connector-java-5.1.23-bin.jar" />
    <property name="libs.Mysql8.javadoc" value="" />
    <property name="libs.eclipselinkmodelgen.src" value="" />
    <property name="javadoc.notree" value="false" />
    <property name="netbeans.autoupdate.version" value="1.23" />
    <property name="libs.javaee-web-api-6.0.classpath" value="C:\Program Files\NetBeans 8.2\enterprise\modules\ext\javaee-web-api-6.0.jar" />
    <property name="libs.DataBindingME-PIM.maven-pom" value="" />
    <property name="javac.profile.cmd.line.arg" value="" />
    <property name="jdk.home" value="C:\Program Files\Java\jdk1.8.0_202" />
    <property name="libs.javac-api.src" value="" />
    <property name="javafx.enabled" value="true" />
    <property name="javadoc.noindex" value="false" />
    <property name="libs.jpa2-persistence.classpath" value="C:\Program Files\NetBeans 8.2\java\modules\ext\hibernate4\hibernate-jpa-2.1-api-1.0.0.Final.jar" />
    <property name="sun.os.patch.level" value="" />
    <property name="auxiliary.org-netbeans-modules-projectapi.issue214819_5f_fx_5f_enabled" value="true" />
    <property name="java.vm.specification.name" value="Java Virtual Machine Specification" />
    <property name="nb.show.statistics.ui" value="usageStatisticsEnabled" />
    <property name="netbeans.autoupdate.variant" value="" />
    <property name="have.tests" value="true" />
    <property name="org.xml.sax.driver" value="com.sun.org.apache.xerces.internal.jaxp.SAXParserImpl$JAXPSAXParser" />
    <property name="libs.hamcrest.classpath" value="C:\Program Files\NetBeans 8.2\platform\modules\ext\hamcrest-core-1.3.jar" />
    <property name="libs.javac-api.javadoc" value="" />
    <property name="os.name" value="Windows 10" />
    <property name="test.class" value="com.iucosoft.internshipappfx.dao.impl.InternshipProgramDAOImplTest" />
    <property name="libs.beans-binding.classpath" value="C:\Program Files\NetBeans 8.2\java\modules\ext\beansbinding-1.2.1.jar" />
    <property name="libs.javaee-endorsed-api-7.0.maven-pom" value="" />
    <property name="ap.proc.none.internal" value="" />
    <property name="libs.DataBindingME-SVG.javadoc" value="C:\Program Files\NetBeans 8.2\mobility\modules\docs\netbeans_databindingme_svg-api.zip" />
    <property name="libs.restapi.javadoc" value="" />
    <property name="libs.JWSAntTasks.maven-pom" value="" />
    <property name="libs.jstl.classpath" value="C:\Program Files\NetBeans 8.2\enterprise\modules\ext\jstl-impl.jar;C:\Program Files\NetBeans 8.2\enterprise\modules\ext\jstl-api.jar" />
    <property name="libs.testng.src" value="" />
    <property name="javafx.preloader.project.path" value="" />
    <property name="libs.spring-webmvc3.0.src" value="" />
    <property name="libs.restapi.classpath" value="C:\Program Files\NetBeans 8.2\enterprise\modules\ext\jaxrs-2.0\javax.ws.rs-api-2.0.jar" />
    <property name="java.vendor.url.bug" value="http://bugreport.sun.com/bugreport/" />
    <property name="javafx.preloader.type" value="none" />
    <property name="libs.jaxb.maven-pom" value="" />
    <property name="os.arch" value="amd64" />
    <property name="libs.eclipselink.src" value="" />
    <property name="user.name" value="munka" />
    <property name="libs.jsf12.javadoc" value="C:\Program Files\NetBeans 8.2\enterprise\docs\javaee-doc-api.jar" />
    <property name="copylibs.rebase" value="true" />
    <property name="libs.j2me_common_ant.maven-pom" value="" />
    <property name="libs.spring-webmvc3.0.maven-pom" value="" />
    <property name="libs.swing-layout.maven-pom" value="" />
    <property name="sun.java.command" value="org.apache.tools.ant.taskdefs.optional.junit.JUnitTestRunner com.iucosoft.internshipappfx.dao.impl.InternshipProgramDAOImplTest skipNonTests=false filtertrace=true haltOnError=false haltOnFailure=false showoutput=true outputtoformatters=true logfailedtests=true threadid=0 logtestlistenerevents=true formatter=org.apache.tools.ant.taskdefs.optional.junit.BriefJUnitResultFormatter formatter=org.apache.tools.ant.taskdefs.optional.junit.XMLJUnitResultFormatter,C:\Users\munka\OneDrive\Documents\git-projects\practica-2023-faf\project-desktop\InternshipAppFX\build\test\results\TEST-com.iucosoft.internshipappfx.dao.impl.InternshipProgramDAOImplTest.xml crashfile=C:\Users\munka\OneDrive\Documents\git-projects\practica-2023-faf\project-desktop\InternshipAppFX\build\junitvmwatcher523788835755856498.properties propsfile=C:\Users\munka\OneDrive\Documents\git-projects\practica-2023-faf\project-desktop\InternshipAppFX\build\junit56615382431167425.properties" />
    <property name="build.classes.dir" value="build/classes" />
    <property name="netbeans.accept_license_class" value="org.netbeans.license.AcceptLicense" />
    <property name="build.sysclasspath" value="ignore" />
    <property name="manifest.encoding" value="UTF-8" />
    <property name="ap.supported.internal" value="true" />
    <property name="java.failonerror" value="true" />
    <property name="libs.javaee-endorsed-api-7.0.javadoc" value="C:\Program Files\NetBeans 8.2\enterprise\docs\javaee-doc-api.jar" />
    <property name="libs.jaxws21.javadoc" value="C:\Program Files\NetBeans 8.2\java\docs\jaxws-api-doc.zip" />
    <property name="libs.spring-webmvc4.0.javadoc" value="" />
    <property name="javafx.run.width" value="800" />
    <property name="includes" value="**" />
    <property name="user.country" value="US" />
    <property name="manifest.file" value="manifest.mf" />
    <property name="javadoc.encoding" value="UTF-8" />
    <property name="javac.classpath" value="C:\Program Files\Java\jdk1.8.0_202\jre/lib/javaws.jar:C:\Program Files\Java\jdk1.8.0_202\jre/lib/deploy.jar:C:\Program Files\Java\jdk1.8.0_202\jre/lib/plugin.jar:C:\Users\munka\Downloads\mysql-connector-j-8.1.0\mysql-connector-j-8.1.0\mysql-connector-j-8.1.0.jar:C:\Users\munka\Downloads\mybatis-3.4.5.jar" />
    <property name="libs.jsp-compilation-syscp.src" value="" />
    <property name="libs.JAVADB_DRIVER_LABEL.src" value="" />
    <property name="libs.spring-framework400.classpath" value="C:\Program Files\NetBeans 8.2\ide\modules\org-apache-commons-logging.jar;C:\Program Files\NetBeans 8.2\java\modules\ext\cglib-2.2.jar;C:\Program Files\NetBeans 8.2\java\modules\ext\spring-4\spring-aop-4.0.1.RELEASE.jar;C:\Program Files\NetBeans 8.2\java\modules\ext\spring-4\spring-aspects-4.0.1.RELEASE.jar;C:\Program Files\NetBeans 8.2\java\modules\ext\spring-4\spring-beans-4.0.1.RELEASE.jar;C:\Program Files\NetBeans 8.2\java\modules\ext\spring-4\spring-build-src-4.0.1.RELEASE.jar;C:\Program Files\NetBeans 8.2\java\modules\ext\spring-4\spring-context-4.0.1.RELEASE.jar;C:\Program Files\NetBeans 8.2\java\modules\ext\spring-4\spring-context-support-4.0.1.RELEASE.jar;C:\Program Files\NetBeans 8.2\java\modules\ext\spring-4\spring-core-4.0.1.RELEASE.jar;C:\Program Files\NetBeans 8.2\java\modules\ext\spring-4\spring-expression-4.0.1.RELEASE.jar;C:\Program Files\NetBeans 8.2\java\modules\ext\spring-4\spring-framework-bom-4.0.1.RELEASE.jar;C:\Program Files\NetBeans 8.2\java\modules\ext\spring-4\spring-instrument-4.0.1.RELEASE.jar;C:\Program Files\NetBeans 8.2\java\modules\ext\spring-4\spring-instrument-tomcat-4.0.1.RELEASE.jar;C:\Program Files\NetBeans 8.2\java\modules\ext\spring-4\spring-jdbc-4.0.1.RELEASE.jar;C:\Program Files\NetBeans 8.2\java\modules\ext\spring-4\spring-jms-4.0.1.RELEASE.jar;C:\Program Files\NetBeans 8.2\java\modules\ext\spring-4\spring-messaging-4.0.1.RELEASE.jar;C:\Program Files\NetBeans 8.2\java\modules\ext\spring-4\spring-orm-4.0.1.RELEASE.jar;C:\Program Files\NetBeans 8.2\java\modules\ext\spring-4\spring-oxm-4.0.1.RELEASE.jar;C:\Program Files\NetBeans 8.2\java\modules\ext\spring-4\spring-test-4.0.1.RELEASE.jar;C:\Program Files\NetBeans 8.2\java\modules\ext\spring-4\spring-tx-4.0.1.RELEASE.jar;C:\Program Files\NetBeans 8.2\java\modules\ext\spring-4\spring-web-4.0.1.RELEASE.jar;C:\Program Files\NetBeans 8.2\java\modules\ext\spring-4\spring-webmvc-4.0.1.RELEASE.jar;C:\Program Files\NetBeans 8.2\java\modules\ext\spring-4\spring-webmvc-portlet-4.0.1.RELEASE.jar;C:\Program Files\NetBeans 8.2\java\modules\ext\spring-4\spring-websocket-4.0.1.RELEASE.jar" />
    <property name="debug-transport" value="dt_shmem" />
    <property name="netbeans.home" value="C:\Program Files\NetBeans 8.2\platform" />
    <property name="build.compiler.emacs" value="true" />
    <property name="libs.javaee-web-api-6.0.src" value="" />
    <property name="libs.jsp-compilation-syscp.classpath" value="C:\Program Files\NetBeans 8.2\extide\ant\lib\ant.jar;C:\Program Files\NetBeans 8.2\enterprise\modules\ext\servlet3.1-jsp2.3-api.jar;C:\Program Files\NetBeans 8.2\enterprise\modules\ext\glassfish-jspparser-4.0.jar;C:\Program Files\NetBeans 8.2\enterprise\modules\ext\jstl-impl.jar;C:\Program Files\NetBeans 8.2\enterprise\modules\ext\jsf-2_2\javax.faces.jar" />
    <property name="javafx.deploy.includeDT" value="true" />
    <property name="java.endorsed.dirs" value="C:\Program Files\Java\jdk1.8.0_202\jre\lib\endorsed" />
    <property name="libs.groovy-all.src" value="" />
    <property name="test.includes" value="com/iucosoft/internshipappfx/dao/impl/InternshipProgramDAOImplTest.java" />
    <property name="netbeans.dynamic.classpath" value="C:\Program Files\NetBeans 8.2\platform\core\asm-all-5.0.1.jar;C:\Program Files\NetBeans 8.2\platform\core\core-base.jar;C:\Program Files\NetBeans 8.2\platform\core\core.jar;C:\Program Files\NetBeans 8.2\platform\core\org-netbeans-libs-asm.jar;C:\Program Files\NetBeans 8.2\platform\core\org-openide-filesystems-compat8.jar;C:\Program Files\NetBeans 8.2\platform\core\org-openide-filesystems.jar;C:\Program Files\NetBeans 8.2\platform\core\locale\core-base_ja.jar;C:\Program Files\NetBeans 8.2\platform\core\locale\core-base_pt_BR.jar;C:\Program Files\NetBeans 8.2\platform\core\locale\core-base_ru.jar;C:\Program Files\NetBeans 8.2\platform\core\locale\core-base_zh_CN.jar;C:\Program Files\NetBeans 8.2\platform\core\locale\core_ja.jar;C:\Program Files\NetBeans 8.2\platform\core\locale\core_pt_BR.jar;C:\Program Files\NetBeans 8.2\platform\core\locale\core_ru.jar;C:\Program Files\NetBeans 8.2\platform\core\locale\core_zh_CN.jar;C:\Program Files\NetBeans 8.2\platform\core\locale\org-netbeans-libs-asm_ja.jar;C:\Program Files\NetBeans 8.2\platform\core\locale\org-netbeans-libs-asm_pt_BR.jar;C:\Program Files\NetBeans 8.2\platform\core\locale\org-netbeans-libs-asm_ru.jar;C:\Program Files\NetBeans 8.2\platform\core\locale\org-netbeans-libs-asm_zh_CN.jar;C:\Program Files\NetBeans 8.2\platform\core\locale\org-openide-filesystems-compat8_ja.jar;C:\Program Files\NetBeans 8.2\platform\core\locale\org-openide-filesystems-compat8_pt_BR.jar;C:\Program Files\NetBeans 8.2\platform\core\locale\org-openide-filesystems-compat8_ru.jar;C:\Program Files\NetBeans 8.2\platform\core\locale\org-openide-filesystems-compat8_zh_CN.jar;C:\Program Files\NetBeans 8.2\platform\core\locale\org-openide-filesystems_ja.jar;C:\Program Files\NetBeans 8.2\platform\core\locale\org-openide-filesystems_pt_BR.jar;C:\Program Files\NetBeans 8.2\platform\core\locale\org-openide-filesystems_ru.jar;C:\Program Files\NetBeans 8.2\platform\core\locale\org-openide-filesystems_zh_CN.jar;C:\Program Files\NetBeans 8.2\nb\core\org-netbeans-upgrader.jar;C:\Program Files\NetBeans 8.2\nb\core\locale\core_nb.jar;C:\Program Files\NetBeans 8.2\nb\core\locale\core_nb_ja.jar;C:\Program Files\NetBeans 8.2\nb\core\locale\core_nb_pt_BR.jar;C:\Program Files\NetBeans 8.2\nb\core\locale\core_nb_ru.jar;C:\Program Files\NetBeans 8.2\nb\core\locale\core_nb_zh_CN.jar;C:\Program Files\NetBeans 8.2\nb\core\locale\org-netbeans-upgrader_ja.jar;C:\Program Files\NetBeans 8.2\nb\core\locale\org-netbeans-upgrader_pt_BR.jar;C:\Program Files\NetBeans 8.2\nb\core\locale\org-netbeans-upgrader_ru.jar;C:\Program Files\NetBeans 8.2\nb\core\locale\org-netbeans-upgrader_zh_CN.jar" />
    <property name="jnlp.enabled" value="false" />
    <property name="java.vm.specification.version" value="1.8" />
    <property name="libs.hibernate4-support.src" value="" />
    <property name="libs.primefaces.classpath" value="C:\Program Files\NetBeans 8.2\enterprise\modules\ext\primefaces\primefaces-5.0.jar" />
    <property name="libs.javaee-api-6.0.classpath" value="C:\Program Files\NetBeans 8.2\enterprise\modules\ext\javaee-api-6.0.jar" />
    <property name="libs.groovy-all.maven-pom" value="" />
    <property name="netbeans.productversion" value="NetBeans IDE 8.2 (Build 201609300101)" />
    <property name="javafx.preloader.class" value="" />
    <property name="libs.jaxws21.src" value="" />
    <property name="application.title" value="InternshipAppFX" />
    <property name="netbeans.autoupdate.language" value="en" />
    <property name="java.vendor" value="Oracle Corporation" />
    <property name="libs.javaee-api-6.0.javadoc" value="C:\Program Files\NetBeans 8.2\enterprise\docs\javaee-doc-api.jar" />
    <property name="jar.index.metainf" value="false" />
    <property name="javac.debug" value="true" />
    <property name="javadoc.splitindex" value="true" />
    <property name="file.separator" value="\" />
    <property name="javac.includesfile.binary" value="C:\Users\munka\OneDrive\Documents\git-projects\practica-2023-faf\project-desktop\InternshipAppFX\null472643457" />
    <property name="libs.junit_4.maven-pom" value="" />
    <property name="mkdist.disabled" value="false" />
    <property name="javac.test.processorpath" value="C:\Program Files\Java\jdk1.8.0_202\jre/lib/javaws.jar:C:\Program Files\Java\jdk1.8.0_202\jre/lib/deploy.jar:C:\Program Files\Java\jdk1.8.0_202\jre/lib/plugin.jar:C:\Users\munka\Downloads\mysql-connector-j-8.1.0\mysql-connector-j-8.1.0\mysql-connector-j-8.1.0.jar:C:\Users\munka\Downloads\mybatis-3.4.5.jar:build/classes:C:\Program Files\NetBeans 8.2\platform\modules\ext\junit-4.12.jar:C:\Program Files\NetBeans 8.2\platform\modules\ext\hamcrest-core-1.3.jar" />
    <property name="netbeans.buildnumber" value="201609300101" />
    <property name="libs.JWSAntTasks.javadoc" value="" />
    <property name="build.generated.sources.dir" value="build/generated-sources" />
    <property name="user.variant" value="" />
    <property name="libs.eclipselinkmodelgen.classpath" value="C:\Program Files\NetBeans 8.2\java\modules\ext\eclipselink\org.eclipse.persistence.jpa.modelgen_2.5.2.v20140319-9ad6abd.jar" />
    <property name="libs.javaee-endorsed-api-7.0.src" value="" />
    <property name="sun.java.launcher" value="SUN_STANDARD" />
    <property name="libs.hibernate4-persistencemodelgen.javadoc" value="" />
    <property name="libs.jaxb.javadoc" value="C:\Program Files\NetBeans 8.2\ide\docs\jaxb-api-doc.zip" />
    <property name="libs.struts.classpath" value="C:\Program Files\NetBeans 8.2\enterprise\modules\ext\struts\antlr-2.7.2.jar;C:\Program Files\NetBeans 8.2\enterprise\modules\ext\struts\bsf-2.3.0.jar;C:\Program Files\NetBeans 8.2\enterprise\modules\ext\struts\commons-beanutils-1.8.0.jar;C:\Program Files\NetBeans 8.2\enterprise\modules\ext\struts\commons-chain-1.2.jar;C:\Program Files\NetBeans 8.2\enterprise\modules\ext\struts\commons-digester-1.8.jar;C:\Program Files\NetBeans 8.2\enterprise\modules\ext\struts\commons-fileupload-1.1.1.jar;C:\Program Files\NetBeans 8.2\enterprise\modules\ext\struts\commons-io-1.1.jar;C:\Program Files\NetBeans 8.2\enterprise\modules\ext\struts\commons-logging-1.0.4.jar;C:\Program Files\NetBeans 8.2\enterprise\modules\ext\struts\commons-validator-1.3.1.jar;C:\Program Files\NetBeans 8.2\enterprise\modules\ext\struts\jstl-1.0.2.jar;C:\Program Files\NetBeans 8.2\enterprise\modules\ext\struts\oro-2.0.8.jar;C:\Program Files\NetBeans 8.2\enterprise\modules\ext\struts\standard-1.0.6.jar;C:\Program Files\NetBeans 8.2\enterprise\modules\ext\struts\struts-core-1.3.10.jar;C:\Program Files\NetBeans 8.2\enterprise\modules\ext\struts\struts-el-1.3.10.jar;C:\Program Files\NetBeans 8.2\enterprise\modules\ext\struts\struts-extras-1.3.10.jar;C:\Program Files\NetBeans 8.2\enterprise\modules\ext\struts\struts-faces-1.3.10.jar;C:\Program Files\NetBeans 8.2\enterprise\modules\ext\struts\struts-mailreader-dao-1.3.10.jar;C:\Program Files\NetBeans 8.2\enterprise\modules\ext\struts\struts-scripting-1.3.10.jar;C:\Program Files\NetBeans 8.2\enterprise\modules\ext\struts\struts-taglib-1.3.10.jar;C:\Program Files\NetBeans 8.2\enterprise\modules\ext\struts\struts-tiles-1.3.10.jar" />
    <property name="org.openide.awt.SwingBrowserImpl.do-not-block-awt" value="false" />
    <property name="javac.includes.binary" value="C:\Users\munka\OneDrive\Documents\git-projects\practica-2023-faf\project-desktop\InternshipAppFX\build\test\classes\com\iucosoft\internshipappfx\dao\impl\InternshipProgramDAOImplTest.class" />
    <property name="ant.home" value="C:\Program Files\NetBeans 8.2\extide\ant" />
    <property name="libs.junit_4.src" value="C:\Program Files\NetBeans 8.2\platform\docs\junit-4.12-sources.jar" />
    <property name="javafx.run.height" value="600" />
    <property name="libs.testng.classpath" value="C:\Program Files\NetBeans 8.2\platform\modules\ext\testng-6.8.1-dist.jar" />
    <property name="libs.absolutelayout.maven-pom" value="" />
    <property name="ant.java.version" value="1.8" />
    <property name="java.library.path" value="C:\Program Files\Java\jdk1.8.0_202\jre\bin;C:\WINDOWS\Sun\Java\bin;C:\WINDOWS\system32;C:\WINDOWS;C:\Program Files (x86)\Common Files\Oracle\Java\javapath;C:\WINDOWS\system32;C:\WINDOWS;C:\WINDOWS\System32\Wbem;C:\WINDOWS\System32\WindowsPowerShell\v1.0\;C:\WINDOWS\System32\OpenSSH\;C:\Users\munka\PycharmProjects\;C:\Program Files\NVIDIA Corporation\NVIDIA NvDLISR;C:\Program Files (x86)\Microsoft SQL Server\160\Tools\Binn\;C:\Program Files\Microsoft SQL Server\160\Tools\Binn\;C:\Program Files\Microsoft SQL Server\Client SDK\ODBC\170\Tools\Binn\;C:\Program Files\Microsoft SQL Server\160\DTS\Binn\;C:\Program Files (x86)\Microsoft SQL Server\160\DTS\Binn\;C:\Program Files\Azure Data Studio\bin;C:\Program Files\Git\cmd;C:\Program Files\MySQL\MySQL Shell 8.0\bin\;C:\Users\munka\AppData\Local\Programs\Python\Python310\Scripts\;C:\Users\munka\AppData\Local\Programs\Python\Python310\;C:\Users\munka\AppData\Local\Microsoft\WindowsApps;C:\Users\munka\PycharmProjects\;C:\Program Files\Java\jdk1.8.0_202\bin;;C:\Program Files\Azure Data Studio\bin;C:\Program Files\JetBrains\IntelliJ IDEA 2023.2.2\bin;;." />
    <property name="javadoc.author" value="false" />
    <property name="libs.metro.maven-pom" value="" />
    <property name="java.util.logging.config.class" value="org.netbeans.core.startup.TopLogging" />
    <property name="libs.spring-framework400.src" value="" />
    <property name="libs.PostgreSQLDriver.src" value="" />
    <property name="sun.arch.data.model" value="64" />
    <property name="basedir" value="C:\Users\munka\OneDrive\Documents\git-projects\practica-2023-faf\project-desktop\InternshipAppFX" />
    <property name="libs.jpa20-persistence.maven-pom" value="" />
    <property name="libs.Mysql8.maven-pom" value="" />
    <property name="jar.compress" value="false" />
    <property name="libs.javaee-web-api-7.0.classpath" value="C:\Program Files\NetBeans 8.2\enterprise\modules\ext\javaee-web-api-7.0.jar" />
    <property name="path.separator" value=";" />
    <property name="libs.javaee-web-api-6.0.javadoc" value="C:\Program Files\NetBeans 8.2\enterprise\docs\javaee-doc-api.jar" />
    <property name="ant.junit.enabletestlistenerevents" value="true" />
    <property name="sun.io.unicode.encoding" value="UnicodeLittle" />
    <property name="libs.jaxws21.classpath" value="C:\Program Files\NetBeans 8.2\ide\modules\ext\jaxb\jaxb-impl.jar;C:\Program Files\NetBeans 8.2\ide\modules\ext\jaxb\jaxb-xjc.jar;C:\Program Files\NetBeans 8.2\java\modules\ext\jaxws22\FastInfoset.jar;C:\Program Files\NetBeans 8.2\java\modules\ext\jaxws22\gmbal-api-only.jar;C:\Program Files\NetBeans 8.2\java\modules\ext\jaxws22\ha-api.jar;C:\Program Files\NetBeans 8.2\java\modules\ext\jaxws22\javax.mail_1.4.jar;C:\Program Files\NetBeans 8.2\java\modules\ext\jaxws22\jaxws-rt.jar;C:\Program Files\NetBeans 8.2\java\modules\ext\jaxws22\jaxws-tools.jar;C:\Program Files\NetBeans 8.2\java\modules\ext\jaxws22\management-api.jar;C:\Program Files\NetBeans 8.2\java\modules\ext\jaxws22\mimepull.jar;C:\Program Files\NetBeans 8.2\java\modules\ext\jaxws22\policy.jar;C:\Program Files\NetBeans 8.2\java\modules\ext\jaxws22\saaj-impl.jar;C:\Program Files\NetBeans 8.2\java\modules\ext\jaxws22\stax-ex.jar;C:\Program Files\NetBeans 8.2\java\modules\ext\jaxws22\stax2-api.jar;C:\Program Files\NetBeans 8.2\java\modules\ext\jaxws22\streambuffer.jar;C:\Program Files\NetBeans 8.2\java\modules\ext\jaxws22\woodstox-core-asl.jar;C:\Program Files\NetBeans 8.2\java\modules\ext\jaxws22\api\jaxws-api.jar;C:\Program Files\NetBeans 8.2\java\modules\ext\jaxws22\api\jsr181-api.jar;C:\Program Files\NetBeans 8.2\java\modules\ext\jaxws22\api\javax.annotation.jar;C:\Program Files\NetBeans 8.2\java\modules\ext\jaxws22\api\saaj-api.jar;C:\Program Files\NetBeans 8.2\ide\modules\ext\jaxb\activation.jar;C:\Program Files\NetBeans 8.2\ide\modules\ext\jaxb\api\jaxb-api.jar;C:\Program Files\NetBeans 8.2\ide\modules\ext\jaxb\api\jsr173_1.0_api.jar" />
    <property name="libs.struts.src" value="" />
    <property name="compile.on.save" value="true" />
    <property name="apple.awt.graphics.UseQuartz" value="true" />
    <property name="user.language" value="en" />
    <property name="testng.mode" value="testng" />
    <property name="libs.JAXB-ENDORSED.maven-pom" value="" />
    <property name="libs.eclipselink.maven-pom" value="" />
    <property name="application.vendor" value="munka" />
    <property name="test.binaryincludes" value="&lt;nothing&gt;" />
    <property name="manifest.available" value="true" />
    <property name="libs.primefaces.javadoc" value="" />
    <property name="libs.spring-framework300.maven-pom" value="" />
    <property name="run.test.classpath" value="C:\Program Files\Java\jdk1.8.0_202\jre/lib/javaws.jar:C:\Program Files\Java\jdk1.8.0_202\jre/lib/deploy.jar:C:\Program Files\Java\jdk1.8.0_202\jre/lib/plugin.jar:C:\Users\munka\Downloads\mysql-connector-j-8.1.0\mysql-connector-j-8.1.0\mysql-connector-j-8.1.0.jar:C:\Users\munka\Downloads\mybatis-3.4.5.jar:build/classes:C:\Program Files\NetBeans 8.2\platform\modules\ext\junit-4.12.jar:C:\Program Files\NetBeans 8.2\platform\modules\ext\hamcrest-core-1.3.jar:build/test/classes" />
    <property name="ant.project.invoked-targets" value="test-single" />
    <property name="test.binaryexcludes" value="" />
    <property name="libs.swing-layout.javadoc" value="C:\Program Files\NetBeans 8.2\platform\docs\swing-layout-1.0.4-doc.zip" />
    <property name="sun.java2d.dpiaware" value="true" />
    <property name="libs.hibernate4-persistence.maven-pom" value="" />
    <property name="libs.DataBindingME-SVG.classpath" value="C:\Program Files\NetBeans 8.2\mobility\modules\ext\netbeans_databindingme_svg.jar" />
    <property name="https.nonProxyHosts" value="localhost|127.0.0.1|DESKTOP-KATE" />
    <property name="libs.PostgreSQLDriver.maven-pom" value="" />
    <property name="java.class.version" value="52.0" />
    <property name="libs.JAVADB_DRIVER_LABEL.classpath" value="" />
    <property name="libs.hibernate4-persistencemodelgen.maven-pom" value="" />
    <property name="libs.javaee-endorsed-api-6.0.src" value="" />
    <property name="libs.MyJavaDBLibrary.classpath" value="C:\Users\munka\OneDrive\Documents\NetBeansProjects\db-derby-10.14.2.0-bin\lib\derby.jar;C:\Users\munka\OneDrive\Documents\NetBeansProjects\db-derby-10.14.2.0-bin\lib\derbyclient.jar" />
    <property name="libs.eclipselink.javadoc" value="C:\Program Files\NetBeans 8.2\java\modules\ext\docs\javax.persistence-2.1.0-doc.zip" />
    <property name="libs.jsp-compilation.maven-pom" value="" />
    <property name="user.properties.file" value="C:\Users\munka\AppData\Roaming\NetBeans\8.2\build.properties" />
    <property name="runtime.encoding" value="UTF-8" />
    <property name="javafx.rebase.libs" value="false" />
    <property name="libs.javac-api.maven-pom" value="" />
    <property name="file.encoding.pkg" value="sun.io" />
    <property name="sun.cpu.endian" value="little" />
    <property name="libs.JAXB-ENDORSED.javadoc" value="" />
    <property name="libs.JWSAntTasks.classpath" value="C:\Program Files\NetBeans 8.2\java\ant\extra\org-netbeans-modules-javawebstart-anttasks.jar" />
    <property name="libs.spring-webmvc4.0.maven-pom" value="" />
    <property name="libs.spring-framework300.src" value="" />
    <property name="libs.jstl.src" value="" />
    <property name="empty.dir" value="C:\Users\munka\OneDrive\Documents\git-projects\practica-2023-faf\project-desktop\InternshipAppFX\build\empty" />
    <property name="javafx.deploy.backgroundupdate" value="false" />
    <property name="javafx.disable.concurrent.runs" value="false" />
    <property name="version-output" value="java version &quot;1.8" />
    <property name="test.binarytestincludes" value="" />
    <property name="libs.hibernate4-persistencemodelgen.src" value="" />
    <property name="javafx.preloader.jar.path" value="" />
    <property name="javadoc.preview" value="true" />
    <property name="libs.jpa20-persistence.javadoc" value="C:\Program Files\NetBeans 8.2\java\modules\ext\docs\javax.persistence-2.1.0-doc.zip" />
    <property name="java.home" value="C:\Program Files\Java\jdk1.8.0_202\jre" />
    <property name="libs.jsp-compilation.src" value="" />
    <property name="debug.test.classpath" value="C:\Program Files\Java\jdk1.8.0_202\jre/lib/javaws.jar:C:\Program Files\Java\jdk1.8.0_202\jre/lib/deploy.jar:C:\Program Files\Java\jdk1.8.0_202\jre/lib/plugin.jar:C:\Users\munka\Downloads\mysql-connector-j-8.1.0\mysql-connector-j-8.1.0\mysql-connector-j-8.1.0.jar:C:\Users\munka\Downloads\mybatis-3.4.5.jar:build/classes:C:\Program Files\NetBeans 8.2\platform\modules\ext\junit-4.12.jar:C:\Program Files\NetBeans 8.2\platform\modules\ext\hamcrest-core-1.3.jar:build/test/classes" />
    <property name="libs.javaee-endorsed-api-6.0.classpath" value="C:\Program Files\NetBeans 8.2\enterprise\modules\ext\javaee6-endorsed\javax.annotation.jar;C:\Program Files\NetBeans 8.2\enterprise\modules\ext\javaee6-endorsed\jaxb-api-osgi.jar;C:\Program Files\NetBeans 8.2\enterprise\modules\ext\javaee6-endorsed\webservices-api-osgi.jar" />
    <property name="libs.javaee-api-6.0.src" value="" />
    <property name="netbeans.importclass" value="org.netbeans.upgrade.AutoUpgrade" />
    <property name="ant.project.default-target" value="default" />
    <property name="annotation.processing.run.all.processors" value="true" />
    <property name="ant.file.InternshipAppFX-impl" value="C:\Users\munka\OneDrive\Documents\git-projects\practica-2023-faf\project-desktop\InternshipAppFX\nbproject\build-impl.xml" />
    <property name="libs.MyLibrary.classpath" value="C:\Users\munka\OneDrive\Documents\NetBeansProjects\Prj20PreJavaFX\mylib\poi-3.14-20160307.jar;C:\Users\munka\OneDrive\Documents\NetBeansProjects\Prj20PreJavaFX\mylib\poi-ooxml-3.14-20160307.jar;C:\Users\munka\OneDrive\Documents\NetBeansProjects\Prj20PreJavaFX\mylib\poi-ooxml-schemas-3.14-20160307.jar;C:\Users\munka\OneDrive\Documents\NetBeansProjects\Prj20PreJavaFX\mylib\xmlbeans-2.3.0.jar" />
    <property name="jar.archive.disabled" value="true" />
    <property name="libs.DataBindingME.maven-pom" value="" />
    <property name="libs.PostgreSQLDriver.javadoc" value="" />
    <property name="libs.restlib.classpath" value="C:\Program Files\NetBeans 8.2\enterprise\modules\ext\jersey2\ext\asm-all-repackaged-2.2.0-b21.jar;C:\Program Files\NetBeans 8.2\enterprise\modules\ext\jersey2\ext\cglib-2.2.0-b21.jar;C:\Program Files\NetBeans 8.2\enterprise\modules\ext\jersey2\ext\guava-14.0.1.jar;C:\Program Files\NetBeans 8.2\enterprise\modules\ext\jersey2\ext\hk2-api-2.2.0-b21.jar;C:\Program Files\NetBeans 8.2\enterprise\modules\ext\jersey2\ext\hk2-locator-2.2.0-b21.jar;C:\Program Files\NetBeans 8.2\enterprise\modules\ext\jersey2\ext\hk2-utils-2.2.0-b21.jar;C:\Program Files\NetBeans 8.2\enterprise\modules\ext\jersey2\ext\javax.annotation-api-1.2.jar;C:\Program Files\NetBeans 8.2\enterprise\modules\ext\jersey2\ext\javax.inject-2.2.0-b21.jar;C:\Program Files\NetBeans 8.2\enterprise\modules\ext\jersey2\ext\javax.servlet-api-3.0.1.jar;C:\Program Files\NetBeans 8.2\enterprise\modules\ext\jersey2\ext\jaxb-api-2.2.7.jar;C:\Program Files\NetBeans 8.2\enterprise\modules\ext\jersey2\ext\jersey-entity-filtering-2.5.1.jar;C:\Program Files\NetBeans 8.2\enterprise\modules\ext\jersey2\ext\jersey-media-moxy-2.5.1.jar;C:\Program Files\NetBeans 8.2\enterprise\modules\ext\jersey2\ext\org.osgi.core-4.2.0.jar;C:\Program Files\NetBeans 8.2\enterprise\modules\ext\jersey2\ext\osgi-resource-locator-1.0.1.jar;C:\Program Files\NetBeans 8.2\enterprise\modules\ext\jersey2\ext\persistence-api-1.0.jar;C:\Program Files\NetBeans 8.2\enterprise\modules\ext\jersey2\ext\validation-api-1.1.0.Final.jar;C:\Program Files\NetBeans 8.2\enterprise\modules\ext\jersey2\jersey-client.jar;C:\Program Files\NetBeans 8.2\enterprise\modules\ext\jersey2\jersey-common.jar;C:\Program Files\NetBeans 8.2\enterprise\modules\ext\jersey2\jersey-container-servlet.jar;C:\Program Files\NetBeans 8.2\enterprise\modules\ext\jersey2\jersey-container-servlet-core.jar;C:\Program Files\NetBeans 8.2\enterprise\modules\ext\jersey2\jersey-server.jar;C:\Program Files\NetBeans 8.2\java\modules\ext\eclipselink\eclipselink.jar" />
    <property name="javafx.main.class" value="com.iucosoft.internshipappfx.InternshipAppFX" />
    <property name="libs.MySQLDriver.maven-pom" value="" />
    <property name="libs.hibernate4-persistence.javadoc" value="C:\Program Files\NetBeans 8.2\java\modules\ext\docs\javax.persistence-2.1.0-doc.zip" />
    <property name="javafx.application.implementation.version" value="1.0" />
    <property name="http.nonProxyHosts" value="localhost|127.0.0.1|DESKTOP-KATE" />
    <property name="libs.junit_4.javadoc" value="C:\Program Files\NetBeans 8.2\platform\docs\junit-4.12-javadoc.jar" />
    <property name="libs.javaee-web-api-6.0.maven-pom" value="" />
    <property name="run.classpath" value="dist/InternshipAppFX.jar:C:\Program Files\Java\jdk1.8.0_202\jre/lib/javaws.jar:C:\Program Files\Java\jdk1.8.0_202\jre/lib/deploy.jar:C:\Program Files\Java\jdk1.8.0_202\jre/lib/plugin.jar:C:\Users\munka\Downloads\mysql-connector-j-8.1.0\mysql-connector-j-8.1.0\mysql-connector-j-8.1.0.jar:C:\Users\munka\Downloads\mybatis-3.4.5.jar:build/classes" />
    <property name="endorsed.javafx.ant.classpath" value="." />
    <property name="jna.boot.library.name" value="jnidispatch-422" />
    <property name="libs.javaee-endorsed-api-6.0.javadoc" value="C:\Program Files\NetBeans 8.2\enterprise\docs\javaee-doc-api.jar" />
    <property name="libs.javaee-api-7.0.classpath" value="C:\Program Files\NetBeans 8.2\enterprise\modules\ext\javaee-api-7.0.jar" />
    <property name="sun.awt.datatransfer.timeout" value="1000" />
    <property name="libs.spring-webmvc3.0.javadoc" value="" />
    <property name="libs.jpa2-persistence.maven-pom" value="" />
    <property name="annotation.processing.enabled.in.editor" value="false" />
    <property name="libs.hibernate4-support.classpath" value="C:\Program Files\NetBeans 8.2\java\modules\ext\hibernate4\antlr-2.7.7.jar;C:\Program Files\NetBeans 8.2\java\modules\ext\hibernate4\c3p0-0.9.2.1.jar;C:\Program Files\NetBeans 8.2\java\modules\ext\hibernate4\hibernate-c3p0-4.3.1.Final.jar;C:\Program Files\NetBeans 8.2\java\modules\ext\hibernate4\mchange-commons-java-0.2.3.4.jar;C:\Program Files\NetBeans 8.2\java\modules\ext\hibernate4\dom4j-1.6.1.jar;C:\Program Files\NetBeans 8.2\java\modules\ext\hibernate4\ehcache-core-2.4.3.jar;C:\Program Files\NetBeans 8.2\java\modules\ext\hibernate4\hibernate-ehcache-4.3.1.Final.jar;C:\Program Files\NetBeans 8.2\java\modules\ext\hibernate4\hibernate-core-4.3.1.Final.jar;C:\Program Files\NetBeans 8.2\java\modules\ext\hibernate4\jboss-logging-3.1.3.GA.jar;C:\Program Files\NetBeans 8.2\java\modules\ext\hibernate4\hibernate-commons-annotations-4.0.4.Final.jar;C:\Program Files\NetBeans 8.2\java\modules\ext\hibernate4\hibernate-entitymanager-4.3.1.Final.jar;C:\Program Files\NetBeans 8.2\java\modules\ext\hibernate4\javassist-3.18.1-GA.jar;C:\Program Files\NetBeans 8.2\java\modules\ext\hibernate4\jboss-transaction-api_1.2_spec-1.0.0.Final.jar;C:\Program Files\NetBeans 8.2\java\modules\ext\hibernate4\slf4j-api-1.6.1.jar;C:\Program Files\NetBeans 8.2\java\modules\ext\hibernate4\slf4j-simple-1.6.1.jar" />
    <property name="nb.native.filechooser" value="false" />
    <property name="libs.restapi.src" value="" />
    <property name="sun.management.compiler" value="HotSpot 64-Bit Tiered Compilers" />
    <property name="libs.j2me_common_ant.javadoc" value="" />
    <property name="javac.deprecation" value="false" />
    <property name="javadoc.use" value="true" />
    <property name="sun.java2d.noddraw" value="true" />
    <property name="libs.jsp-compiler.classpath" value="C:\Program Files\NetBeans 8.2\enterprise\ant\extra\jspcompile.jar" />
    <property name="javac.processorpath" value="C:\Program Files\Java\jdk1.8.0_202\jre/lib/javaws.jar:C:\Program Files\Java\jdk1.8.0_202\jre/lib/deploy.jar:C:\Program Files\Java\jdk1.8.0_202\jre/lib/plugin.jar:C:\Users\munka\Downloads\mysql-connector-j-8.1.0\mysql-connector-j-8.1.0\mysql-connector-j-8.1.0.jar:C:\Users\munka\Downloads\mybatis-3.4.5.jar" />
    <property name="libs.hamcrest.maven-pom" value="" />
    <property name="javac.compilerargs" value="" />
    <property name="ant.file" value="C:\Users\munka\OneDrive\Documents\git-projects\practica-2023-faf\project-desktop\InternshipAppFX\build.xml" />
    <property name="libs.beans-binding.maven-pom" value="" />
    <property name="libs.hibernate4-support.javadoc" value="C:\Program Files\NetBeans 8.2\java\modules\ext\docs\javax.persistence-2.1.0-doc.zip" />
    <property name="libs.jsf12.classpath" value="C:\Program Files\NetBeans 8.2\enterprise\modules\ext\jsf-1_2\commons-beanutils.jar;C:\Program Files\NetBeans 8.2\enterprise\modules\ext\jsf-1_2\commons-collections.jar;C:\Program Files\NetBeans 8.2\enterprise\modules\ext\jsf-1_2\commons-digester.jar;C:\Program Files\NetBeans 8.2\enterprise\modules\ext\jsf-1_2\commons-logging.jar;C:\Program Files\NetBeans 8.2\enterprise\modules\ext\jsf-1_2\jsf-api.jar;C:\Program Files\NetBeans 8.2\enterprise\modules\ext\jsf-1_2\jsf-impl.jar" />
    <property name="libs.jstl.maven-pom" value="" />
    <property name="libs.restapi.maven-pom" value="" />
    <property name="libs.beans-binding.src" value="" />
    <property name="java.vm.specification.vendor" value="Oracle Corporation" />
    <property name="libs.DataBindingME-PIM.javadoc" value="C:\Program Files\NetBeans 8.2\mobility\modules\docs\netbeans_databindingme_pim-api.zip" />
    <property name="libs.swing-layout.src" value="C:\Program Files\NetBeans 8.2\platform\docs\swing-layout-1.0.4-src.zip" />
    <property name="org.openide.major.version" value="IDE/1" />
    <property name="java.vm.name" value="Java HotSpot(TM) 64-Bit Server VM" />
    <property name="javafx.preloader.jar.filename" value="" />
    <property name="netbeans.user" value="C:\Users\munka\AppData\Roaming\NetBeans\8.2" />
    <property name="javadoc.additionalparam" value="" />
    <property name="java.io.tmpdir" value="C:\Users\munka\AppData\Local\Temp\" />
    <property name="javafx.run.inbrowser.path" value="C:\Program Files\Internet Explorer\iexplore.exe" />
    <property name="java.vendor.url" value="http://java.oracle.com/" />
    <property name="endorsed.classpath.cmd.line.arg" value="" />
    <property name="jna.loaded" value="true" />
    <property name="junit.available" value="true" />
    <property name="libs.jsp-compiler.src" value="" />
    <property name="sun.boot.library.path" value="C:\Program Files\Java\jdk1.8.0_202\jre\bin" />
    <property name="have.sources" value="true" />
    <property name="libs.hamcrest.javadoc" value="" />
    <property name="debug.classpath" value="dist/InternshipAppFX.jar:C:\Program Files\Java\jdk1.8.0_202\jre/lib/javaws.jar:C:\Program Files\Java\jdk1.8.0_202\jre/lib/deploy.jar:C:\Program Files\Java\jdk1.8.0_202\jre/lib/plugin.jar:C:\Users\munka\Downloads\mysql-connector-j-8.1.0\mysql-connector-j-8.1.0\mysql-connector-j-8.1.0.jar:C:\Users\munka\Downloads\mybatis-3.4.5.jar:build/classes" />
    <property name="javac.external.vm" value="false" />
    <property name="javadoc.private" value="false" />
    <property name="test.src.dir" value="test" />
    <property name="libs.MyLibrary.javadoc" value="" />
    <property name="libs.jsf20.classpath" value="C:\Program Files\NetBeans 8.2\enterprise\modules\ext\jsf-2_2\javax.faces.jar" />
    <property name="ap.processors.internal" value="" />
    <property name="meta.inf.dir" value="src/META-INF" />
    <property name="javadoc.encoding.used" value="UTF-8" />
    <property name="libs.DataBindingME-SVG.src" value="C:\Program Files\NetBeans 8.2\mobility\sources\netbeans_databindingme_svg-src.zip" />
    <property name="dist.jar" value="dist/InternshipAppFX.jar" />
    <property name="libs.spring-framework400.maven-pom" value="" />
    <property name="java.runtime.name" value="Java(TM) SE Runtime Environment" />
    <property name="ant.project.name" value="InternshipAppFX" />
    <property name="netbeans.hash.code" value="unique=NB_CND_EXTIDE_GROOVY_JAVA_JC_MOB_PHP_WEBCOMMON_WEBEE0c7e8e11c-b63a-4818-801c-e06045186c63_664899bd-04b7-4ebf-a838-443c99d4d764" />
    <property name="netbeans.default_userdir_root" value="C:\Users\munka\AppData\Roaming\NetBeans" />
    <property name="libs.jsp-compilation-syscp.maven-pom" value="" />
    <property name="sun.cpu.isalist" value="amd64" />
    <property name="libs.spring-framework400.javadoc" value="" />
    <property name="libs.CopyLibs.javadoc" value="" />
    <property name="org.openide.specification.version" value="6.2" />
    <property name="javafx.classpath.extension" value="C:\Program Files\Java\jdk1.8.0_202\jre/lib/javaws.jar:C:\Program Files\Java\jdk1.8.0_202\jre/lib/deploy.jar:C:\Program Files\Java\jdk1.8.0_202\jre/lib/plugin.jar" />
    <property name="libs.DataBindingME-PIM.classpath" value="C:\Program Files\NetBeans 8.2\mobility\modules\ext\netbeans_databindingme_pim.jar" />
    <property name="user.home" value="C:\Users\munka" />
    <property name="annotation.processing.processors.list" value="" />
    <property name="debug-args-line" value="-Xdebug" />
    <property name="libs.primefaces.maven-pom" value="" />
    <property name="libs.javaee-api-6.0.maven-pom" value="" />
    <property name="libs.JWSAntTasks.src" value="" />
    <property name="jar.index" value="false" />
    <property name="libs.CopyLibs.maven-pom" value="" />
    <property name="libs.absolutelayout.javadoc" value="" />
    <property name="libs.spring-framework300.javadoc" value="" />
    <property name="java.specification.name" value="Java Platform API Specification" />
    <property name="java.specification.vendor" value="Oracle Corporation" />
    <property name="libs.javac-api.classpath" value="C:\Program Files\NetBeans 8.2\java\modules\ext\nb-javac-api.jar" />
    <property name="java.version" value="1.8.0_202" />
    <property name="run.jvmargs.ide" value="" />
    <property name="javadoc.version" value="false" />
    <property name="libs.MySQLDriver.javadoc" value="" />
    <property name="org.openide.version" value="deprecated" />
    <property name="libs.MyJavaDBLibrary.src" value="" />
    <property name="source.encoding" value="UTF-8" />
    <property name="platform.java" value="C:\Program Files\Java\jdk1.8.0_202\jre/bin/java" />
    <property name="ap.cmd.line.internal" value="" />
    <property name="libs.eclipselinkmodelgen.maven-pom" value="" />
    <property name="libs.Mysql8.src" value="" />
    <property name="libs.jsp-compilation-syscp.javadoc" value="" />
    <property name="ant.file.type.jfx-impl" value="file" />
    <property name="libs.javaee-endorsed-api-7.0.classpath" value="C:\Program Files\NetBeans 8.2\enterprise\modules\ext\javaee7-endorsed\javax.annotation-api.jar;C:\Program Files\NetBeans 8.2\enterprise\modules\ext\javaee7-endorsed\javax.xml.soap-api.jar;C:\Program Files\NetBeans 8.2\enterprise\modules\ext\javaee7-endorsed\jaxb-api-osgi.jar;C:\Program Files\NetBeans 8.2\enterprise\modules\ext\javaee7-endorsed\jaxws-api.jar;C:\Program Files\NetBeans 8.2\enterprise\modules\ext\javaee7-endorsed\jsr181-api.jar" />
    <property name="libs.eclipselinkmodelgen.javadoc" value="" />
    <property name="libs.metro.javadoc" value="C:\Program Files\NetBeans 8.2\enterprise\docs\metro-1.4-doc.zip" />
    <property name="libs.struts.maven-pom" value="" />
    <property name="ant.file.jfx-impl" value="C:\Users\munka\OneDrive\Documents\git-projects\practica-2023-faf\project-desktop\InternshipAppFX\nbproject\jfx-impl.xml" />
    <property name="netbeans.home+have.tests" value="true" />
    <property name="annotation.processing.processor.options" value="" />
    <property name="libs.testng.maven-pom" value="" />
    <property name="libs.jaxb.src" value="" />
    <property name="jdk.launcher.addexports.5" value="java.management/sun.management=ALL-UNNAMED" />
    <property name="jdk.launcher.addexports.4" value="java.desktop/com.sun.java.swing.plaf.windows=ALL-UNNAMED" />
    <property name="work.dir" value="C:\Users\munka\OneDrive\Documents\git-projects\practica-2023-faf\project-desktop\InternshipAppFX" />
    <property name="jdk.launcher.addexports.3" value="java.desktop/sun.awt.im=ALL-UNNAMED" />
    <property name="jdk.launcher.addexports.2" value="java.desktop/java.awt.peer=ALL-UNNAMED" />
    <property name="libs.jaxb.classpath" value="C:\Program Files\NetBeans 8.2\ide\modules\ext\jaxb\jaxb-impl.jar;C:\Program Files\NetBeans 8.2\ide\modules\ext\jaxb\jaxb-xjc.jar;C:\Program Files\NetBeans 8.2\ide\modules\ext\jaxb\jaxb1-impl.jar;C:\Program Files\NetBeans 8.2\ide\modules\ext\jaxb\activation.jar;C:\Program Files\NetBeans 8.2\ide\modules\ext\jaxb\api\jaxb-api.jar;C:\Program Files\NetBeans 8.2\ide\modules\ext\jaxb\api\jsr173_1.0_api.jar" />
    <property name="compile.on.save.unsupported.javafx" value="true" />
    <property name="jdk.launcher.addexports.1" value="java.base/jdk.internal.jrtfs=ALL-UNNAMED" />
    <property name="jdk.launcher.addexports.0" value="java.desktop/sun.awt=ALL-UNNAMED" />
    <property name="do.depend" value="false" />
    <property name="dist.javadoc.dir" value="dist/javadoc" />
    <property name="libs.j2me_common_ant.classpath" value="C:\Program Files\NetBeans 8.2\mobility\modules\org-netbeans-modules-j2me-common-ant.jar;C:\Program Files\NetBeans 8.2\java\modules\org-netbeans-modules-classfile.jar" />
    <property name="libs.spring-webmvc3.0.classpath" value="C:\Program Files\NetBeans 8.2\java\modules\ext\spring-3.0\spring-webmvc-3.2.7.RELEASE.jar" />
    <property name="file.reference.mybatis-3.4.5.jar" value="C:\Users\munka\Downloads\mybatis-3.4.5.jar" />
    <property name="libs.swing-layout.classpath" value="C:\Program Files\NetBeans 8.2\platform\modules\ext\swing-layout-1.0.4.jar" />
    <property name="libs.javaee-web-api-7.0.maven-pom" value="" />
    <property name="libs.restlib.src" value="" />
    <property name="javac.source" value="1.8" />
    <property name="build.generated.dir" value="build/generated" />
    <property name="javafx.fallback.class" value="com.javafx.main.NoJavaFXFallback" />
    <property name="line.separator" value="&#xd;&#xa;" />
    <property name="java.specification.version" value="1.8" />
    <property name="java.vm.info" value="mixed mode" />
    <property name="libs.jaxws21.maven-pom" value="" />
    <property name="nb.junit.batch" value="true" />
    <property name="junit.forkmode" value="perTest" />
    <property name="sun.boot.class.path" value="C:\Program Files\Java\jdk1.8.0_202\jre\lib\resources.jar;C:\Program Files\Java\jdk1.8.0_202\jre\lib\rt.jar;C:\Program Files\Java\jdk1.8.0_202\jre\lib\sunrsasign.jar;C:\Program Files\Java\jdk1.8.0_202\jre\lib\jsse.jar;C:\Program Files\Java\jdk1.8.0_202\jre\lib\jce.jar;C:\Program Files\Java\jdk1.8.0_202\jre\lib\charsets.jar;C:\Program Files\Java\jdk1.8.0_202\jre\lib\jfr.jar;C:\Program Files\Java\jdk1.8.0_202\jre\classes" />
    <property name="javac.target" value="1.8" />
    <property name="built-jar.properties" value="C:\Users\munka\OneDrive\Documents\git-projects\practica-2023-faf\project-desktop\InternshipAppFX\build\built-jar.properties" />
    <property name="build.test.classes.dir" value="build/test/classes" />
    <property name="src.dir" value="src" />
    <property name="sun.awt.keepWorkingSetOnMinimize" value="true" />
    <property name="libs.jpa2-persistence.src" value="" />
    <property name="annotation.processing.enabled" value="true" />
    <property name="libs.jsf20.src" value="" />
    <property name="libs.jpa20-persistence.src" value="" />
    <property name="file.reference.mysql-connector-j-8.1.0.jar" value="C:\Users\munka\Downloads\mysql-connector-j-8.1.0\mysql-connector-j-8.1.0\mysql-connector-j-8.1.0.jar" />
    <property name="libs.jsf12.src" value="" />
    <property name="libs.DataBindingME-SVG.maven-pom" value="" />
    <property name="libs.JAVADB_DRIVER_LABEL.maven-pom" value="" />
    <property name="libs.struts.javadoc" value="C:\Program Files\NetBeans 8.2\enterprise\docs\struts-1.3.10-javadoc.zip" />
    <property name="javafx.enable.concurrent.external.runs" value="false" />
    <property name="libs.javaee-web-api-7.0.src" value="" />
    <property name="libs.primefaces.src" value="" />
    <property name="libs.MyJavaDBLibrary.maven-pom" value="" />
    <property name="javafx.deploy.embedJNLP" value="true" />
    <property name="dist.dir" value="dist" />
    <property name="libs.groovy-all.javadoc" value="" />
    <property name="testng.debug.mode" value="" />
    <property name="javac.fork" value="false" />
    <property name="libs.groovy-all.classpath" value="C:\Program Files\NetBeans 8.2\groovy\modules\ext\groovy-all.jar" />
    <property name="java.awt.printerjob" value="sun.awt.windows.WPrinterJob" />
    <property name="default.javac.source" value="1.8" />
    <property name="debug-transport-by-os" value="dt_shmem" />
    <property name="libs.MySQLDriver.src" value="" />
    <property name="sun.jnu.encoding" value="Cp1252" />
    <property name="build.test.results.dir" value="build/test/results" />
    <property name="java.runtime.version" value="1.8.0_202-b08" />
    <property name="javafx.run.inbrowser" value="&lt;Default System Browser&gt;" />
    <property name="default.javac.target" value="1.8" />
    <property name="libs.junit_4.classpath" value="C:\Program Files\NetBeans 8.2\platform\modules\ext\junit-4.12.jar" />
    <property name="user.timezone" value="" />
    <property name="nb.junit.single" value="false" />
    <property name="ant.file.type.InternshipAppFX-impl" value="file" />
    <property name="do.jar" value="true" />
    <property name="libs.JAVADB_DRIVER_LABEL.javadoc" value="" />
    <property name="libs.javaee-endorsed-api-6.0.maven-pom" value="" />
    <property name="ant.file.InternshipAppFX" value="C:\Users\munka\OneDrive\Documents\git-projects\practica-2023-faf\project-desktop\InternshipAppFX\build.xml" />
    <property name="netbeans.dirs" value="C:\Program Files\NetBeans 8.2\nb;C:\Program Files\NetBeans 8.2\ergonomics;C:\Program Files\NetBeans 8.2\ide;C:\Program Files\NetBeans 8.2\extide;C:\Program Files\NetBeans 8.2\java;C:\Program Files\NetBeans 8.2\apisupport;C:\Program Files\NetBeans 8.2\webcommon;C:\Program Files\NetBeans 8.2\websvccommon;C:\Program Files\NetBeans 8.2\enterprise;C:\Program Files\NetBeans 8.2\mobility;C:\Program Files\NetBeans 8.2\profiler;C:\Program Files\NetBeans 8.2\python;C:\Program Files\NetBeans 8.2\php;C:\Program Files\NetBeans 8.2\identity;C:\Program Files\NetBeans 8.2\harness;C:\Program Files\NetBeans 8.2\cnd;C:\Program Files\NetBeans 8.2\cndext;C:\Program Files\NetBeans 8.2\dlight;C:\Program Files\NetBeans 8.2\groovy;C:\Program Files\NetBeans 8.2\extra;C:\Program Files\NetBeans 8.2\javacard;C:\Program Files\NetBeans 8.2\javafx" />
    <property name="libs.jsf20.javadoc" value="C:\Program Files\NetBeans 8.2\enterprise\docs\javaee-doc-api.jar" />
    <property name="libs.jstl.javadoc" value="C:\Program Files\NetBeans 8.2\enterprise\docs\javaee-doc-api.jar" />
    <property name="java.ext.dirs" value="C:\Program Files\Java\jdk1.8.0_202\jre\lib\ext;C:\WINDOWS\Sun\Java\lib\ext" />
    <property name="libs.MyLibrary.maven-pom" value="" />
    <property name="libs.metro.src" value="" />
    <property name="endorsed.classpath" value="" />
    <property name="libs.absolutelayout.classpath" value="C:\Program Files\NetBeans 8.2\java\modules\ext\AbsoluteLayout.jar" />
    <property name="excludes" value="" />
    <property name="libs.metro.classpath" value="C:\Program Files\NetBeans 8.2\ide\modules\ext\jaxb\activation.jar;C:\Program Files\NetBeans 8.2\enterprise\modules\ext\metro\webservices-api.jar;C:\Program Files\NetBeans 8.2\enterprise\modules\ext\metro\webservices-extra-api.jar;C:\Program Files\NetBeans 8.2\enterprise\modules\ext\metro\webservices-extra.jar;C:\Program Files\NetBeans 8.2\enterprise\modules\ext\metro\webservices-rt.jar;C:\Program Files\NetBeans 8.2\enterprise\modules\ext\metro\webservices-tools.jar" />
    <property name="libs.restlib.maven-pom" value="" />
    <property name="libs.jpa2-persistence.javadoc" value="C:\Program Files\NetBeans 8.2\java\modules\ext\docs\javax.persistence-2.1.0-doc.zip" />
    <property name="libs.DataBindingME.javadoc" value="C:\Program Files\NetBeans 8.2\mobility\modules\docs\netbeans_databindingme-api.zip" />
    <property name="apple.laf.useScreenMenuBar" value="true" />
    <property name="java.class.path" value="C:\Program Files\Java\jdk1.8.0_202\jre\lib\javaws.jar;C:\Program Files\Java\jdk1.8.0_202\jre\lib\deploy.jar;C:\Program Files\Java\jdk1.8.0_202\jre\lib\plugin.jar;C:\Users\munka\Downloads\mysql-connector-j-8.1.0\mysql-connector-j-8.1.0\mysql-connector-j-8.1.0.jar;C:\Users\munka\Downloads\mybatis-3.4.5.jar;C:\Users\munka\OneDrive\Documents\git-projects\practica-2023-faf\project-desktop\InternshipAppFX\build\classes;C:\Program Files\NetBeans 8.2\platform\modules\ext\junit-4.12.jar;C:\Program Files\NetBeans 8.2\platform\modules\ext\hamcrest-core-1.3.jar;C:\Users\munka\OneDrive\Documents\git-projects\practica-2023-faf\project-desktop\InternshipAppFX\build\test\classes;C:\Program Files\NetBeans 8.2\extide\ant\lib\ant-launcher.jar;C:\Program Files\NetBeans 8.2\extide\ant\lib\ant.jar;C:\Program Files\NetBeans 8.2\extide\ant\lib\ant-junit.jar;C:\Program Files\NetBeans 8.2\extide\ant\lib\ant-junit4.jar" />
    <property name="libs.absolutelayout.src" value="" />
    <property name="libs.jpa20-persistence.classpath" value="C:\Program Files\NetBeans 8.2\java\modules\ext\eclipselink\javax.persistence_2.1.0.v201304241213.jar" />
    <property name="libs.Mysql8.classpath" value="C:\Users\munka\Downloads\mysql-connector-j-8.1.0\mysql-connector-j-8.1.0\mysql-connector-j-8.1.0.jar" />
    <property name="os.version" value="10.0" />
    <property name="application.args" value="" />
    <property name="manifest.custom.permissions" value="" />
    <property name="libs.javaee-api-7.0.maven-pom" value="" />
    <property name="main.class.available" value="true" />
    <property name="sun.awt.enableExtraMouseButtons" value="true" />
    <property name="sun.desktop" value="windows" />
    <property name="libs.hibernate4-persistence.src" value="" />
    <property name="libs.hibernate4-support.maven-pom" value="" />
    <property name="javafx.deploy.allowoffline" value="true" />
    <property name="libs.restlib.javadoc" value="" />
    <property name="libs.JAXB-ENDORSED.classpath" value="C:\Program Files\NetBeans 8.2\ide\modules\ext\jaxb\api\jaxb-api.jar" />
    <property name="nb.internal.action.name" value="run.single" />
    <property name="libs.eclipselink.classpath" value="C:\Program Files\NetBeans 8.2\java\modules\ext\eclipselink\eclipselink.jar;C:\Program Files\NetBeans 8.2\java\modules\ext\eclipselink\javax.persistence_2.1.0.v201304241213.jar;C:\Program Files\NetBeans 8.2\java\modules\ext\eclipselink\org.eclipse.persistence.jpa.jpql_2.5.2.v20140319-9ad6abd.jar" />
    <property name="libs.javaee-api-7.0.javadoc" value="C:\Program Files\NetBeans 8.2\enterprise\docs\javaee-doc-api.jar" />
    <property name="libs.MyJavaDBLibrary.javadoc" value="" />
    <property name="java.awt.graphicsenv" value="sun.awt.Win32GraphicsEnvironment" />
    <property name="libs.beans-binding.javadoc" value="C:\Program Files\NetBeans 8.2\java\docs\beansbinding-1.2.1-doc.zip" />
    <property name="java.vm.vendor" value="Oracle Corporation" />
    <property name="libs.CopyLibs.classpath" value="C:\Program Files\NetBeans 8.2\java\ant\extra\org-netbeans-modules-java-j2seproject-copylibstask.jar" />
    <property name="libs.spring-framework300.classpath" value="C:\Program Files\NetBeans 8.2\ide\modules\org-apache-commons-logging.jar;C:\Program Files\NetBeans 8.2\java\modules\ext\cglib-2.2.jar;C:\Program Files\NetBeans 8.2\java\modules\ext\spring-3.0\spring-aop-3.2.7.RELEASE.jar;C:\Program Files\NetBeans 8.2\java\modules\ext\spring-3.0\spring-aspects-3.2.7.RELEASE.jar;C:\Program Files\NetBeans 8.2\java\modules\ext\spring-3.0\spring-beans-3.2.7.RELEASE.jar;C:\Program Files\NetBeans 8.2\java\modules\ext\spring-3.0\spring-build-src-3.2.7.RELEASE.jar;C:\Program Files\NetBeans 8.2\java\modules\ext\spring-3.0\spring-context-3.2.7.RELEASE.jar;C:\Program Files\NetBeans 8.2\java\modules\ext\spring-3.0\spring-context-support-3.2.7.RELEASE.jar;C:\Program Files\NetBeans 8.2\java\modules\ext\spring-3.0\spring-core-3.2.7.RELEASE.jar;C:\Program Files\NetBeans 8.2\java\modules\ext\spring-3.0\spring-expression-3.2.7.RELEASE.jar;C:\Program Files\NetBeans 8.2\java\modules\ext\spring-3.0\spring-framework-bom-3.2.7.RELEASE.jar;C:\Program Files\NetBeans 8.2\java\modules\ext\spring-3.0\spring-instrument-3.2.7.RELEASE.jar;C:\Program Files\NetBeans 8.2\java\modules\ext\spring-3.0\spring-instrument-tomcat-3.2.7.RELEASE.jar;C:\Program Files\NetBeans 8.2\java\modules\ext\spring-3.0\spring-jdbc-3.2.7.RELEASE.jar;C:\Program Files\NetBeans 8.2\java\modules\ext\spring-3.0\spring-jms-3.2.7.RELEASE.jar;C:\Program Files\NetBeans 8.2\java\modules\ext\spring-3.0\spring-orm-3.2.7.RELEASE.jar;C:\Program Files\NetBeans 8.2\java\modules\ext\spring-3.0\spring-oxm-3.2.7.RELEASE.jar;C:\Program Files\NetBeans 8.2\java\modules\ext\spring-3.0\spring-struts-3.2.7.RELEASE.jar;C:\Program Files\NetBeans 8.2\java\modules\ext\spring-3.0\spring-test-3.2.7.RELEASE.jar;C:\Program Files\NetBeans 8.2\java\modules\ext\spring-3.0\spring-tx-3.2.7.RELEASE.jar;C:\Program Files\NetBeans 8.2\java\modules\ext\spring-3.0\spring-web-3.2.7.RELEASE.jar;C:\Program Files\NetBeans 8.2\java\modules\ext\spring-3.0\spring-webmvc-3.2.7.RELEASE.jar;C:\Program Files\NetBeans 8.2\java\modules\ext\spring-3.0\spring-webmvc-portlet-3.2.7.RELEASE.jar" />
    <property name="libs.jsp-compiler.maven-pom" value="" />
    <property name="libs.hamcrest.src" value="" />
    <property name="run.jvmargs" value="" />
    <property name="libs.hibernate4-persistence.classpath" value="C:\Program Files\NetBeans 8.2\java\modules\ext\hibernate4\antlr-2.7.7.jar;C:\Program Files\NetBeans 8.2\java\modules\ext\hibernate4\c3p0-0.9.2.1.jar;C:\Program Files\NetBeans 8.2\java\modules\ext\hibernate4\hibernate-c3p0-4.3.1.Final.jar;C:\Program Files\NetBeans 8.2\java\modules\ext\hibernate4\mchange-commons-java-0.2.3.4.jar;C:\Program Files\NetBeans 8.2\java\modules\ext\hibernate4\dom4j-1.6.1.jar;C:\Program Files\NetBeans 8.2\java\modules\ext\hibernate4\ehcache-core-2.4.3.jar;C:\Program Files\NetBeans 8.2\java\modules\ext\hibernate4\hibernate-ehcache-4.3.1.Final.jar;C:\Program Files\NetBeans 8.2\java\modules\ext\hibernate4\hibernate-core-4.3.1.Final.jar;C:\Program Files\NetBeans 8.2\java\modules\ext\hibernate4\jboss-logging-3.1.3.GA.jar;C:\Program Files\NetBeans 8.2\java\modules\ext\hibernate4\hibernate-commons-annotations-4.0.4.Final.jar;C:\Program Files\NetBeans 8.2\java\modules\ext\hibernate4\hibernate-entitymanager-4.3.1.Final.jar;C:\Program Files\NetBeans 8.2\java\modules\ext\hibernate4\javassist-3.18.1-GA.jar;C:\Program Files\NetBeans 8.2\java\modules\ext\hibernate4\jboss-transaction-api_1.2_spec-1.0.0.Final.jar;C:\Program Files\NetBeans 8.2\java\modules\ext\hibernate4\slf4j-api-1.6.1.jar;C:\Program Files\NetBeans 8.2\java\modules\ext\hibernate4\slf4j-simple-1.6.1.jar;C:\Program Files\NetBeans 8.2\java\modules\ext\hibernate4\hibernate-jpa-2.1-api-1.0.0.Final.jar" />
    <property name="libs.JAXB-ENDORSED.src" value="" />
    <property name="libs.testng.javadoc" value="C:\Program Files\NetBeans 8.2\platform\docs\testng-6.8.1-javadoc.zip" />
    <property name="libs.DataBindingME-PIM.src" value="C:\Program Files\NetBeans 8.2\mobility\sources\netbeans_databindingme_pim-src.zip" />
    <property name="user.script" value="" />
    <property name="libs.PostgreSQLDriver.classpath" value="C:\Program Files\NetBeans 8.2\ide\modules\ext\postgresql-9.4.1209.jar" />
    <property name="libs.jsf12.maven-pom" value="" />
    <property name="libs.hibernate4-persistencemodelgen.classpath" value="C:\Program Files\NetBeans 8.2\java\modules\ext\hibernate4\hibernate-jpamodelgen-4.3.1.Final.jar" />
    <property name="annotation.processing.source.output" value="build/generated-sources/ap-source-output" />
    <property name="main.class" value="com.javafx.main.Main" />
    <property name="libs.CopyLibs.src" value="" />
    <property name="build.dir" value="build" />
    <property name="libs.jsp-compilation.classpath" value="C:\Program Files\NetBeans 8.2\extide\ant\lib\ant.jar;C:\Program Files\NetBeans 8.2\enterprise\modules\ext\servlet3.1-jsp2.3-api.jar;C:\Program Files\NetBeans 8.2\enterprise\modules\ext\glassfish-jspparser-4.0.jar;C:\Program Files\NetBeans 8.2\enterprise\modules\ext\jsf-2_2\javax.faces.jar;C:\Program Files\NetBeans 8.2\enterprise\modules\ext\jstl-api.jar;C:\Program Files\NetBeans 8.2\extide\ant\lib\ant-launcher.jar" />
    <property name="ant.version" value="Apache Ant(TM) version 1.9.7 compiled on April 9 2016" />
    <property name="ant.file.type.InternshipAppFX" value="file" />
    <property name="file.encoding" value="Cp1252" />
    <property name="build.classes.excludes" value="**/*.java,**/*.form" />
    <property name="jdkBug6558476" value="false" />
    <property name="javadoc.nonavbar" value="false" />
    <property name="libs.spring-webmvc4.0.classpath" value="C:\Program Files\NetBeans 8.2\java\modules\ext\spring-4\spring-webmvc-4.0.1.RELEASE.jar" />
    <property name="platform.active" value="default_platform" />
    <property name="awt.toolkit" value="sun.awt.windows.WToolkit" />
    <property name="libs.javaee-web-api-7.0.javadoc" value="C:\Program Files\NetBeans 8.2\enterprise\docs\javaee-doc-api.jar" />
  </properties>
  <testcase classname="com.iucosoft.internshipappfx.dao.impl.InternshipProgramDAOImplTest" name="testFindAllByDomain" time="0.407" />
  <testcase classname="com.iucosoft.internshipappfx.dao.impl.InternshipProgramDAOImplTest" name="testFindAll" time="0.408" />
  <testcase classname="com.iucosoft.internshipappfx.dao.impl.InternshipProgramDAOImplTest" name="testSave" time="0.452" />
  <testcase classname="com.iucosoft.internshipappfx.dao.impl.InternshipProgramDAOImplTest" name="testFindById" time="0.413" />
  <testcase classname="com.iucosoft.internshipappfx.dao.impl.InternshipProgramDAOImplTest" name="testFindAllByCompanyId" time="0.425" />
  <testcase classname="com.iucosoft.internshipappfx.dao.impl.InternshipProgramDAOImplTest" name="testDelete" time="0.382" />
  <testcase classname="com.iucosoft.internshipappfx.dao.impl.InternshipProgramDAOImplTest" name="testUpdate" time="0.391" />
  <system-out><![CDATA[CREATE DATABASE  IF NOT EXISTS `practicatest` /*!40100 DEFAULT CHARACTER SET utf8mb3 */ /*!80016 DEFAULT ENCRYPTION='N' */

USE `practicatest`

-- MySQL dump 10.13  Distrib 8.0.34, for Win64 (x86_64)
--
-- Host: localhost    Database: practica
-- ------------------------------------------------------
-- Server version	8.0.34
/*!40101 SET @OLD_CHARACTER_SET_CLIENT=@@CHARACTER_SET_CLIENT */

/*!40101 SET @OLD_CHARACTER_SET_RESULTS=@@CHARACTER_SET_RESULTS */

/*!40101 SET @OLD_COLLATION_CONNECTION=@@COLLATION_CONNECTION */

/*!50503 SET NAMES utf8 */

/*!40103 SET @OLD_TIME_ZONE=@@TIME_ZONE */

/*!40103 SET TIME_ZONE='+00:00' */

/*!40014 SET @OLD_UNIQUE_CHECKS=@@UNIQUE_CHECKS, UNIQUE_CHECKS=0 */

/*!40014 SET @OLD_FOREIGN_KEY_CHECKS=@@FOREIGN_KEY_CHECKS, FOREIGN_KEY_CHECKS=0 */

/*!40101 SET @OLD_SQL_MODE=@@SQL_MODE, SQL_MODE='NO_AUTO_VALUE_ON_ZERO' */

/*!40111 SET @OLD_SQL_NOTES=@@SQL_NOTES, SQL_NOTES=0 */

--
-- Table structure for table `applicants`
--
DROP TABLE IF EXISTS `applicants`

/*!40101 SET @saved_cs_client     = @@character_set_client */

/*!50503 SET character_set_client = utf8mb4 */

CREATE TABLE `applicants` (
  `id` int NOT NULL AUTO_INCREMENT,
  `name` varchar(45) NOT NULL,
  `surname` varchar(45) NOT NULL,
  `age` int NOT NULL,
  `a_status` varchar(45) NOT NULL,
  `domain` varchar(45) NOT NULL,
  `cv` varchar(45) NOT NULL,
  `user_id` int NOT NULL,
  `email` varchar(45) NOT NULL,
  `phone_number` varchar(45) NOT NULL,
  PRIMARY KEY (`id`),
  KEY `fk_applicant_user_idx` (`user_id`),
  CONSTRAINT `fk_applicant_user` FOREIGN KEY (`user_id`) REFERENCES `users` (`id`)
) ENGINE=InnoDB AUTO_INCREMENT=6 DEFAULT CHARSET=utf8mb4 COLLATE=utf8mb4_0900_ai_ci

/*!40101 SET character_set_client = @saved_cs_client */

--
-- Table structure for table `applications`
--
DROP TABLE IF EXISTS `applications`

/*!40101 SET @saved_cs_client     = @@character_set_client */

/*!50503 SET character_set_client = utf8mb4 */

CREATE TABLE `applications` (
  `id` int NOT NULL AUTO_INCREMENT,
  `applicant_id` int NOT NULL,
  `programme_id` int NOT NULL,
  `application_date` date NOT NULL,
  `cv` varchar(45) NOT NULL,
  `phone_number` varchar(45) NOT NULL,
  `email` varchar(45) NOT NULL,
  `institution` varchar(45) DEFAULT NULL,
  PRIMARY KEY (`id`),
  KEY `fk_application_applicant_idx` (`applicant_id`),
  KEY `fk_application_programme_idx` (`programme_id`),
  CONSTRAINT `fk_application_applicant` FOREIGN KEY (`applicant_id`) REFERENCES `applicants` (`id`),
  CONSTRAINT `fk_application_programme` FOREIGN KEY (`programme_id`) REFERENCES `programmes` (`id`)
) ENGINE=InnoDB DEFAULT CHARSET=utf8mb4 COLLATE=utf8mb4_0900_ai_ci

/*!40101 SET character_set_client = @saved_cs_client */

--
-- Table structure for table `companies`
--
DROP TABLE IF EXISTS `companies`

/*!40101 SET @saved_cs_client     = @@character_set_client */

/*!50503 SET character_set_client = utf8mb4 */

CREATE TABLE `companies` (
  `id` int NOT NULL AUTO_INCREMENT,
  `title` varchar(45) NOT NULL,
  `domain` varchar(45) NOT NULL,
  `about` mediumtext NOT NULL,
  `phone_number` varchar(45) NOT NULL,
  `email` varchar(45) NOT NULL,
  `img_path` varchar(80) DEFAULT NULL,
  PRIMARY KEY (`id`),
  UNIQUE KEY `title_UNIQUE` (`title`)
) ENGINE=InnoDB AUTO_INCREMENT=20 DEFAULT CHARSET=utf8mb4 COLLATE=utf8mb4_0900_ai_ci

/*!40101 SET character_set_client = @saved_cs_client */

--
-- Table structure for table `programmes`
--
DROP TABLE IF EXISTS `programmes`

/*!40101 SET @saved_cs_client     = @@character_set_client */

/*!50503 SET character_set_client = utf8mb4 */

CREATE TABLE `programmes` (
  `id` int NOT NULL AUTO_INCREMENT,
  `title` varchar(45) NOT NULL,
  `domain` varchar(45) NOT NULL,
  `start_data` date NOT NULL,
  `duration` varchar(45) NOT NULL,
  `company_id` int NOT NULL,
  `duties` mediumtext NOT NULL,
  `qualifications` mediumtext NOT NULL,
  `benefits` mediumtext NOT NULL,
  `location` varchar(80) NOT NULL,
  `paid` tinyint NOT NULL,
  PRIMARY KEY (`id`),
  KEY `fk_programme_company_idx` (`company_id`),
  CONSTRAINT `fk_programme_company` FOREIGN KEY (`company_id`) REFERENCES `companies` (`id`)
) ENGINE=InnoDB DEFAULT CHARSET=utf8mb4 COLLATE=utf8mb4_0900_ai_ci

/*!40101 SET character_set_client = @saved_cs_client */

--
-- Table structure for table `recruiters`
--
DROP TABLE IF EXISTS `recruiters`

/*!40101 SET @saved_cs_client     = @@character_set_client */

/*!50503 SET character_set_client = utf8mb4 */

CREATE TABLE `recruiters` (
  `id` int NOT NULL AUTO_INCREMENT,
  `name` varchar(45) NOT NULL,
  `surname` varchar(45) NOT NULL,
  `user_id` int NOT NULL,
  `company_id` int NOT NULL,
  `email` varchar(45) NOT NULL,
  PRIMARY KEY (`id`),
  KEY `fk_recruiter_user_idx` (`user_id`),
  KEY `fk_recruiter_company_idx` (`company_id`),
  CONSTRAINT `fk_recruiter_company` FOREIGN KEY (`company_id`) REFERENCES `companies` (`id`),
  CONSTRAINT `fk_recruiter_user` FOREIGN KEY (`user_id`) REFERENCES `users` (`id`)
) ENGINE=InnoDB AUTO_INCREMENT=16 DEFAULT CHARSET=utf8mb4 COLLATE=utf8mb4_0900_ai_ci

/*!40101 SET character_set_client = @saved_cs_client */

--
-- Table structure for table `users`
--
DROP TABLE IF EXISTS `users`

/*!40101 SET @saved_cs_client     = @@character_set_client */

/*!50503 SET character_set_client = utf8mb4 */

CREATE TABLE `users` (
  `id` int NOT NULL AUTO_INCREMENT,
  `username` varchar(45) NOT NULL,
  `password` varchar(45) NOT NULL,
  `register_date` date NOT NULL,
  `role` varchar(45) NOT NULL,
  PRIMARY KEY (`id`),
  UNIQUE KEY `username_UNIQUE` (`username`)
) ENGINE=InnoDB AUTO_INCREMENT=23 DEFAULT CHARSET=utf8mb4 COLLATE=utf8mb4_0900_ai_ci

/*!40101 SET character_set_client = @saved_cs_client */

/*!40103 SET TIME_ZONE=@OLD_TIME_ZONE */

/*!40101 SET SQL_MODE=@OLD_SQL_MODE */

/*!40014 SET FOREIGN_KEY_CHECKS=@OLD_FOREIGN_KEY_CHECKS */

/*!40014 SET UNIQUE_CHECKS=@OLD_UNIQUE_CHECKS */

/*!40101 SET CHARACTER_SET_CLIENT=@OLD_CHARACTER_SET_CLIENT */

/*!40101 SET CHARACTER_SET_RESULTS=@OLD_CHARACTER_SET_RESULTS */

/*!40101 SET COLLATION_CONNECTION=@OLD_COLLATION_CONNECTION */

/*!40111 SET SQL_NOTES=@OLD_SQL_NOTES */

-- Dump completed on 2023-10-13 16:24:46
INSERT INTO practicatest.`users` (id, username, password, register_date, role) VALUES ('1', 'munkatea', 'pass1', '2008-7-04', 'ADMIN')

INSERT INTO practicatest.`users` (id, username, password, register_date, role) VALUES ('2', 'bradpitt', 'pass2', '2020-4-14', 'RECRUITER')

INSERT INTO practicatest.`users` (id, username, password, register_date, role) VALUES ('3', 'qtarantino', 'pass3', '2018-7-03', 'RECRUITER')

INSERT INTO practicatest.`users` (id, username, password, register_date, role) VALUES ('4', 'enidelcu', 'pass4', '2021-12-02', 'APPLICANT')

INSERT INTO practicatest.`users` (id, username, password, register_date, role) VALUES ('5', 'ludmila', 'pass5', '2010-1-31', 'APPLICANT')

INSERT INTO practicatest.`users` (id, username, password, register_date, role) VALUES ('6', 'gnelli', 'pass6', '2017-10-15', 'APPLICANT')

INSERT INTO practicatest.`users` (id, username, password, register_date, role) VALUES ('7', 'iuco', 'pass7', '2023-1-01', 'RECRUITER')

INSERT INTO practicatest.`users` (id, username, password, register_date, role) VALUES ('8', 'vbostan', 'pass8', '2019-4-13', 'RECRUITER')

INSERT INTO practicatest.`users` (id, username, password, register_date, role) VALUES ('9', 'hlanda', 'pass9', '2020-3-11', 'RECRUITER')

INSERT INTO practicatest.`users` (id, username, password, register_date, role) VALUES ('10', 'oppenheimer', 'pass10', '2013-3-27', 'APPLICANT')

INSERT INTO practicatest.`users` (id, username, password, register_date, role) VALUES ('11', 'holmes', 'pass11', '2009-5-31', 'APPLICANT')

INSERT INTO practicatest.`users` (id, username, password, register_date, role) VALUES ('12', 'rotaru', 'pass12', '2009-3-31', 'APPLICANT')

INSERT INTO practicatest.`users` (id, username, password, register_date, role) VALUES ('13', 'clima', 'pass13', '2009-7-31', 'RECRUITER')

INSERT INTO practicatest.`companies` (id, title, domain, about, phone_number, email, img_path) VALUES ('1', 'IUCOSOFT', 'IT', 'We work in JAVA', '060111111', 'email@iucosoft.com', 'img1.jpg')

INSERT INTO practicatest.`companies` (id, title, domain, about, phone_number, email, img_path) VALUES ('2', 'ORATORICA', 'EDUCATION', 'Courses for learning new languages', '060222222', 'oratorica@gmail.com', 'img2.jpg')

INSERT INTO practicatest.`companies` (id, title, domain, about, phone_number, email, img_path) VALUES ('3', 'DECOR', 'DESIGN', 'Design for posters and wallpapers', '060333333', 'mail@decor.md', 'img3.jpg')

INSERT INTO practicatest.`companies` (id, title, domain, about, phone_number, email, img_path) VALUES ('4', 'TKD', 'SPORT_BEAUTY_WELLNESS', 'Taekwondo sport club', '060444444', 'sport@tkd.com', 'img4.jpg')

INSERT INTO practicatest.`companies` (id, title, domain, about, phone_number, email, img_path) VALUES ('5', 'Andy\'s Pizza', 'FOOD', 'Y\'all know what does our company =-)', '060555555', 'andys.pizza@gmail.com', 'img5.jpg')

INSERT INTO practicatest.`companies` (id, title, domain, about, phone_number, email, img_path) VALUES ('6', 'Climatehnic', 'ENGINEERING', 'Good company', '079783222', 'climatehnic@gmail.com', 'img6.jpg')

INSERT INTO practicatest.`applicants` (id, name, surname, age, a_status, domain, cv, user_id, email, phone_number) VALUES ('1', 'Elena', 'Nidelcu', '19', 'STUDENT', 'IT', 'cv1.pdf', '4', 'elena.nidelcu@isa.utm.md', '060123456')

INSERT INTO practicatest.`applicants` (id, name, surname, age, a_status, domain, cv, user_id, email, phone_number) VALUES ('2', 'Ludmila', 'Friptu', '20', 'WORKING', 'EDUCATION', 'cv2.pdf', '5', 'friptu@gmail.com', '060234567')

INSERT INTO practicatest.`applicants` (id, name, surname, age, a_status, domain, cv, user_id, email, phone_number) VALUES ('3', 'Nelli', 'Garbuz', '18', 'STUDENT', 'DESIGN', 'cv3.pdf', '6', 'nelly@dip.utm.md', '060345678')

INSERT INTO practicatest.`applicants` (id, name, surname, age, a_status, domain, cv, user_id, email, phone_number) VALUES ('4', 'Robert', 'Oppenheimer', '40', 'WORKING', 'SPORT_BEAUTY_WELLNESS', 'cv4.pdf', '10', 'r.oppy@bomb.com', '060456789')

INSERT INTO practicatest.`applicants` (id, name, surname, age, a_status, domain, cv, user_id, email, phone_number) VALUES ('5', 'Sherlock', 'Holmes', '30', 'UNEMPLOYED', 'FOOD', 'cv5.pdf', '11', 'holmes@gmail.com', '060567890')

INSERT INTO practicatest.`applicants` (id, name, surname, age, a_status, domain, cv, user_id, email, phone_number) VALUES ('6', 'Rotaru', 'Dimitrie', '50', 'UNEMPLOYED', 'FOOD', 'cv6.pdf', '12', 'rotaru@gmail.com', '060567870')

INSERT INTO practicatest.`recruiters` (id, name, surname, user_id, company_id, email) VALUES ('1', 'Brad', 'Pitt', '2', '4', 'brad.pitt@tkd.md')

INSERT INTO practicatest.`recruiters` (id, name, surname, user_id, company_id, email) VALUES ('2', 'Quentin', 'Tarantino', '3', '5', 'quentin.tarantino@andis.md')

INSERT INTO practicatest.`recruiters` (id, name, surname, user_id, company_id, email) VALUES ('3', 'Iurie', 'Coropceanu', '7', '1', 'iurie.coropceanu@iucosoft.com')

INSERT INTO practicatest.`recruiters` (id, name, surname, user_id, company_id, email) VALUES ('4', 'Viorel', 'Bostan', '8', '2', 'viorel.bostan@oratorica.com')

INSERT INTO practicatest.`recruiters` (id, name, surname, user_id, company_id, email) VALUES ('5', 'Hans', 'Landa', '9', '3', 'hans.landa@decor.md')

INSERT INTO practicatest.`programmes` (id, title, domain, start_data, duration, company_id, duties, qualifications, benefits, location, paid) VALUES ('1', 'JAVA Developer', 'IT', '2020-3-05', '3 months', '1', 'Develop desktop apps', 'Know JAVA well', 'Work remotely', 'ONLINE', '0')

INSERT INTO practicatest.`programmes` (id, title, domain, start_data, duration, company_id, duties, qualifications, benefits, location, paid) VALUES ('2', 'English teacher', 'EDUCATION', '2016-7-09', '2 months', '2', 'Teach children', 'C1 in English', 'Hiring after internship', 'Chisinau', '0')

INSERT INTO practicatest.`programmes` (id, title, domain, start_data, duration, company_id, duties, qualifications, benefits, location, paid) VALUES ('3', 'Designer', 'DESIGN', '2023-5-25', '6 months', '3', 'Design personalised posters', 'Studii la UTM', 'Working with us', 'Chisinau', '1')

INSERT INTO practicatest.`programmes` (id, title, domain, start_data, duration, company_id, duties, qualifications, benefits, location, paid) VALUES ('4', 'Coach', 'SPORT_BEAUTY_WELLNESS', '2022-8-27', '4 months', '4', 'Coach people', 'Maestru al Sportului', 'No benefits', 'Balti', '1')

INSERT INTO practicatest.`programmes` (id, title, domain, start_data, duration, company_id, duties, qualifications, benefits, location, paid) VALUES ('5', 'Cook', 'FOOD', '2021-2-14', '5 weeks', '5', 'Boil eggs', 'No qualifications', 'Eat eggs', 'Cantemir', '0')

INSERT INTO practicatest.`programmes` (id, title, domain, start_data, duration, company_id, duties, qualifications, benefits, location, paid) VALUES ('6', 'Crazy', 'DESIGN', '2021-2-14', '3 weeks', '5', 'Do crazy stuff', 'No qualifications', 'Do crazy stuff', 'Causeni', '0')

INSERT INTO practicatest.`applications` (id, applicant_id, programme_id, application_date, cv, phone_number, email) VALUES ('1', '1', '1', '2023-10-10', 'cv1.pdf', '060123456', 'elena.nidelcu@isa.utm.md')

INSERT INTO practicatest.`applications` (id, applicant_id, programme_id, application_date, cv, phone_number, email) VALUES ('2', '2', '2', '2023-10-11', 'cv2.pdf', '060234567', 'friptu@gmail.com')

INSERT INTO practicatest.`applications` (id, applicant_id, programme_id, application_date, cv, phone_number, email) VALUES ('3', '3', '3', '2023-10-12', 'cv3.pdf', '060345678', 'nelly@dip.utm.md')

INSERT INTO practicatest.`applications` (id, applicant_id, programme_id, application_date, cv, phone_number, email) VALUES ('4', '4', '4', '2023-10-13', 'cv4.pdf', '060456789', 'r.oppy@bomb.com')

INSERT INTO practicatest.`applications` (id, applicant_id, programme_id, application_date, cv, phone_number, email) VALUES ('5', '5', '5', '2023-10-14', 'cv5.pdf', '060567890', 'holmes@gmail.com')

Tabelul s-a creat!
findAllByDomain
CREATE DATABASE  IF NOT EXISTS `practicatest` /*!40100 DEFAULT CHARACTER SET utf8mb3 */ /*!80016 DEFAULT ENCRYPTION='N' */

USE `practicatest`

-- MySQL dump 10.13  Distrib 8.0.34, for Win64 (x86_64)
--
-- Host: localhost    Database: practica
-- ------------------------------------------------------
-- Server version	8.0.34
/*!40101 SET @OLD_CHARACTER_SET_CLIENT=@@CHARACTER_SET_CLIENT */

/*!40101 SET @OLD_CHARACTER_SET_RESULTS=@@CHARACTER_SET_RESULTS */

/*!40101 SET @OLD_COLLATION_CONNECTION=@@COLLATION_CONNECTION */

/*!50503 SET NAMES utf8 */

/*!40103 SET @OLD_TIME_ZONE=@@TIME_ZONE */

/*!40103 SET TIME_ZONE='+00:00' */

/*!40014 SET @OLD_UNIQUE_CHECKS=@@UNIQUE_CHECKS, UNIQUE_CHECKS=0 */

/*!40014 SET @OLD_FOREIGN_KEY_CHECKS=@@FOREIGN_KEY_CHECKS, FOREIGN_KEY_CHECKS=0 */

/*!40101 SET @OLD_SQL_MODE=@@SQL_MODE, SQL_MODE='NO_AUTO_VALUE_ON_ZERO' */

/*!40111 SET @OLD_SQL_NOTES=@@SQL_NOTES, SQL_NOTES=0 */

--
-- Table structure for table `applicants`
--
DROP TABLE IF EXISTS `applicants`

/*!40101 SET @saved_cs_client     = @@character_set_client */

/*!50503 SET character_set_client = utf8mb4 */

CREATE TABLE `applicants` (
  `id` int NOT NULL AUTO_INCREMENT,
  `name` varchar(45) NOT NULL,
  `surname` varchar(45) NOT NULL,
  `age` int NOT NULL,
  `a_status` varchar(45) NOT NULL,
  `domain` varchar(45) NOT NULL,
  `cv` varchar(45) NOT NULL,
  `user_id` int NOT NULL,
  `email` varchar(45) NOT NULL,
  `phone_number` varchar(45) NOT NULL,
  PRIMARY KEY (`id`),
  KEY `fk_applicant_user_idx` (`user_id`),
  CONSTRAINT `fk_applicant_user` FOREIGN KEY (`user_id`) REFERENCES `users` (`id`)
) ENGINE=InnoDB AUTO_INCREMENT=6 DEFAULT CHARSET=utf8mb4 COLLATE=utf8mb4_0900_ai_ci

/*!40101 SET character_set_client = @saved_cs_client */

--
-- Table structure for table `applications`
--
DROP TABLE IF EXISTS `applications`

/*!40101 SET @saved_cs_client     = @@character_set_client */

/*!50503 SET character_set_client = utf8mb4 */

CREATE TABLE `applications` (
  `id` int NOT NULL AUTO_INCREMENT,
  `applicant_id` int NOT NULL,
  `programme_id` int NOT NULL,
  `application_date` date NOT NULL,
  `cv` varchar(45) NOT NULL,
  `phone_number` varchar(45) NOT NULL,
  `email` varchar(45) NOT NULL,
  `institution` varchar(45) DEFAULT NULL,
  PRIMARY KEY (`id`),
  KEY `fk_application_applicant_idx` (`applicant_id`),
  KEY `fk_application_programme_idx` (`programme_id`),
  CONSTRAINT `fk_application_applicant` FOREIGN KEY (`applicant_id`) REFERENCES `applicants` (`id`),
  CONSTRAINT `fk_application_programme` FOREIGN KEY (`programme_id`) REFERENCES `programmes` (`id`)
) ENGINE=InnoDB DEFAULT CHARSET=utf8mb4 COLLATE=utf8mb4_0900_ai_ci

/*!40101 SET character_set_client = @saved_cs_client */

--
-- Table structure for table `companies`
--
DROP TABLE IF EXISTS `companies`

/*!40101 SET @saved_cs_client     = @@character_set_client */

/*!50503 SET character_set_client = utf8mb4 */

CREATE TABLE `companies` (
  `id` int NOT NULL AUTO_INCREMENT,
  `title` varchar(45) NOT NULL,
  `domain` varchar(45) NOT NULL,
  `about` mediumtext NOT NULL,
  `phone_number` varchar(45) NOT NULL,
  `email` varchar(45) NOT NULL,
  `img_path` varchar(80) DEFAULT NULL,
  PRIMARY KEY (`id`),
  UNIQUE KEY `title_UNIQUE` (`title`)
) ENGINE=InnoDB AUTO_INCREMENT=20 DEFAULT CHARSET=utf8mb4 COLLATE=utf8mb4_0900_ai_ci

/*!40101 SET character_set_client = @saved_cs_client */

--
-- Table structure for table `programmes`
--
DROP TABLE IF EXISTS `programmes`

/*!40101 SET @saved_cs_client     = @@character_set_client */

/*!50503 SET character_set_client = utf8mb4 */

CREATE TABLE `programmes` (
  `id` int NOT NULL AUTO_INCREMENT,
  `title` varchar(45) NOT NULL,
  `domain` varchar(45) NOT NULL,
  `start_data` date NOT NULL,
  `duration` varchar(45) NOT NULL,
  `company_id` int NOT NULL,
  `duties` mediumtext NOT NULL,
  `qualifications` mediumtext NOT NULL,
  `benefits` mediumtext NOT NULL,
  `location` varchar(80) NOT NULL,
  `paid` tinyint NOT NULL,
  PRIMARY KEY (`id`),
  KEY `fk_programme_company_idx` (`company_id`),
  CONSTRAINT `fk_programme_company` FOREIGN KEY (`company_id`) REFERENCES `companies` (`id`)
) ENGINE=InnoDB DEFAULT CHARSET=utf8mb4 COLLATE=utf8mb4_0900_ai_ci

/*!40101 SET character_set_client = @saved_cs_client */

--
-- Table structure for table `recruiters`
--
DROP TABLE IF EXISTS `recruiters`

/*!40101 SET @saved_cs_client     = @@character_set_client */

/*!50503 SET character_set_client = utf8mb4 */

CREATE TABLE `recruiters` (
  `id` int NOT NULL AUTO_INCREMENT,
  `name` varchar(45) NOT NULL,
  `surname` varchar(45) NOT NULL,
  `user_id` int NOT NULL,
  `company_id` int NOT NULL,
  `email` varchar(45) NOT NULL,
  PRIMARY KEY (`id`),
  KEY `fk_recruiter_user_idx` (`user_id`),
  KEY `fk_recruiter_company_idx` (`company_id`),
  CONSTRAINT `fk_recruiter_company` FOREIGN KEY (`company_id`) REFERENCES `companies` (`id`),
  CONSTRAINT `fk_recruiter_user` FOREIGN KEY (`user_id`) REFERENCES `users` (`id`)
) ENGINE=InnoDB AUTO_INCREMENT=16 DEFAULT CHARSET=utf8mb4 COLLATE=utf8mb4_0900_ai_ci

/*!40101 SET character_set_client = @saved_cs_client */

--
-- Table structure for table `users`
--
DROP TABLE IF EXISTS `users`

/*!40101 SET @saved_cs_client     = @@character_set_client */

/*!50503 SET character_set_client = utf8mb4 */

CREATE TABLE `users` (
  `id` int NOT NULL AUTO_INCREMENT,
  `username` varchar(45) NOT NULL,
  `password` varchar(45) NOT NULL,
  `register_date` date NOT NULL,
  `role` varchar(45) NOT NULL,
  PRIMARY KEY (`id`),
  UNIQUE KEY `username_UNIQUE` (`username`)
) ENGINE=InnoDB AUTO_INCREMENT=23 DEFAULT CHARSET=utf8mb4 COLLATE=utf8mb4_0900_ai_ci

/*!40101 SET character_set_client = @saved_cs_client */

/*!40103 SET TIME_ZONE=@OLD_TIME_ZONE */

/*!40101 SET SQL_MODE=@OLD_SQL_MODE */

/*!40014 SET FOREIGN_KEY_CHECKS=@OLD_FOREIGN_KEY_CHECKS */

/*!40014 SET UNIQUE_CHECKS=@OLD_UNIQUE_CHECKS */

/*!40101 SET CHARACTER_SET_CLIENT=@OLD_CHARACTER_SET_CLIENT */

/*!40101 SET CHARACTER_SET_RESULTS=@OLD_CHARACTER_SET_RESULTS */

/*!40101 SET COLLATION_CONNECTION=@OLD_COLLATION_CONNECTION */

/*!40111 SET SQL_NOTES=@OLD_SQL_NOTES */

-- Dump completed on 2023-10-13 16:24:46
INSERT INTO practicatest.`users` (id, username, password, register_date, role) VALUES ('1', 'munkatea', 'pass1', '2008-7-04', 'ADMIN')

INSERT INTO practicatest.`users` (id, username, password, register_date, role) VALUES ('2', 'bradpitt', 'pass2', '2020-4-14', 'RECRUITER')

INSERT INTO practicatest.`users` (id, username, password, register_date, role) VALUES ('3', 'qtarantino', 'pass3', '2018-7-03', 'RECRUITER')

INSERT INTO practicatest.`users` (id, username, password, register_date, role) VALUES ('4', 'enidelcu', 'pass4', '2021-12-02', 'APPLICANT')

INSERT INTO practicatest.`users` (id, username, password, register_date, role) VALUES ('5', 'ludmila', 'pass5', '2010-1-31', 'APPLICANT')

INSERT INTO practicatest.`users` (id, username, password, register_date, role) VALUES ('6', 'gnelli', 'pass6', '2017-10-15', 'APPLICANT')

INSERT INTO practicatest.`users` (id, username, password, register_date, role) VALUES ('7', 'iuco', 'pass7', '2023-1-01', 'RECRUITER')

INSERT INTO practicatest.`users` (id, username, password, register_date, role) VALUES ('8', 'vbostan', 'pass8', '2019-4-13', 'RECRUITER')

INSERT INTO practicatest.`users` (id, username, password, register_date, role) VALUES ('9', 'hlanda', 'pass9', '2020-3-11', 'RECRUITER')

INSERT INTO practicatest.`users` (id, username, password, register_date, role) VALUES ('10', 'oppenheimer', 'pass10', '2013-3-27', 'APPLICANT')

INSERT INTO practicatest.`users` (id, username, password, register_date, role) VALUES ('11', 'holmes', 'pass11', '2009-5-31', 'APPLICANT')

INSERT INTO practicatest.`users` (id, username, password, register_date, role) VALUES ('12', 'rotaru', 'pass12', '2009-3-31', 'APPLICANT')

INSERT INTO practicatest.`users` (id, username, password, register_date, role) VALUES ('13', 'clima', 'pass13', '2009-7-31', 'RECRUITER')

INSERT INTO practicatest.`companies` (id, title, domain, about, phone_number, email, img_path) VALUES ('1', 'IUCOSOFT', 'IT', 'We work in JAVA', '060111111', 'email@iucosoft.com', 'img1.jpg')

INSERT INTO practicatest.`companies` (id, title, domain, about, phone_number, email, img_path) VALUES ('2', 'ORATORICA', 'EDUCATION', 'Courses for learning new languages', '060222222', 'oratorica@gmail.com', 'img2.jpg')

INSERT INTO practicatest.`companies` (id, title, domain, about, phone_number, email, img_path) VALUES ('3', 'DECOR', 'DESIGN', 'Design for posters and wallpapers', '060333333', 'mail@decor.md', 'img3.jpg')

INSERT INTO practicatest.`companies` (id, title, domain, about, phone_number, email, img_path) VALUES ('4', 'TKD', 'SPORT_BEAUTY_WELLNESS', 'Taekwondo sport club', '060444444', 'sport@tkd.com', 'img4.jpg')

INSERT INTO practicatest.`companies` (id, title, domain, about, phone_number, email, img_path) VALUES ('5', 'Andy\'s Pizza', 'FOOD', 'Y\'all know what does our company =-)', '060555555', 'andys.pizza@gmail.com', 'img5.jpg')

INSERT INTO practicatest.`companies` (id, title, domain, about, phone_number, email, img_path) VALUES ('6', 'Climatehnic', 'ENGINEERING', 'Good company', '079783222', 'climatehnic@gmail.com', 'img6.jpg')

INSERT INTO practicatest.`applicants` (id, name, surname, age, a_status, domain, cv, user_id, email, phone_number) VALUES ('1', 'Elena', 'Nidelcu', '19', 'STUDENT', 'IT', 'cv1.pdf', '4', 'elena.nidelcu@isa.utm.md', '060123456')

INSERT INTO practicatest.`applicants` (id, name, surname, age, a_status, domain, cv, user_id, email, phone_number) VALUES ('2', 'Ludmila', 'Friptu', '20', 'WORKING', 'EDUCATION', 'cv2.pdf', '5', 'friptu@gmail.com', '060234567')

INSERT INTO practicatest.`applicants` (id, name, surname, age, a_status, domain, cv, user_id, email, phone_number) VALUES ('3', 'Nelli', 'Garbuz', '18', 'STUDENT', 'DESIGN', 'cv3.pdf', '6', 'nelly@dip.utm.md', '060345678')

INSERT INTO practicatest.`applicants` (id, name, surname, age, a_status, domain, cv, user_id, email, phone_number) VALUES ('4', 'Robert', 'Oppenheimer', '40', 'WORKING', 'SPORT_BEAUTY_WELLNESS', 'cv4.pdf', '10', 'r.oppy@bomb.com', '060456789')

INSERT INTO practicatest.`applicants` (id, name, surname, age, a_status, domain, cv, user_id, email, phone_number) VALUES ('5', 'Sherlock', 'Holmes', '30', 'UNEMPLOYED', 'FOOD', 'cv5.pdf', '11', 'holmes@gmail.com', '060567890')

INSERT INTO practicatest.`applicants` (id, name, surname, age, a_status, domain, cv, user_id, email, phone_number) VALUES ('6', 'Rotaru', 'Dimitrie', '50', 'UNEMPLOYED', 'FOOD', 'cv6.pdf', '12', 'rotaru@gmail.com', '060567870')

INSERT INTO practicatest.`recruiters` (id, name, surname, user_id, company_id, email) VALUES ('1', 'Brad', 'Pitt', '2', '4', 'brad.pitt@tkd.md')

INSERT INTO practicatest.`recruiters` (id, name, surname, user_id, company_id, email) VALUES ('2', 'Quentin', 'Tarantino', '3', '5', 'quentin.tarantino@andis.md')

INSERT INTO practicatest.`recruiters` (id, name, surname, user_id, company_id, email) VALUES ('3', 'Iurie', 'Coropceanu', '7', '1', 'iurie.coropceanu@iucosoft.com')

INSERT INTO practicatest.`recruiters` (id, name, surname, user_id, company_id, email) VALUES ('4', 'Viorel', 'Bostan', '8', '2', 'viorel.bostan@oratorica.com')

INSERT INTO practicatest.`recruiters` (id, name, surname, user_id, company_id, email) VALUES ('5', 'Hans', 'Landa', '9', '3', 'hans.landa@decor.md')

INSERT INTO practicatest.`programmes` (id, title, domain, start_data, duration, company_id, duties, qualifications, benefits, location, paid) VALUES ('1', 'JAVA Developer', 'IT', '2020-3-05', '3 months', '1', 'Develop desktop apps', 'Know JAVA well', 'Work remotely', 'ONLINE', '0')

INSERT INTO practicatest.`programmes` (id, title, domain, start_data, duration, company_id, duties, qualifications, benefits, location, paid) VALUES ('2', 'English teacher', 'EDUCATION', '2016-7-09', '2 months', '2', 'Teach children', 'C1 in English', 'Hiring after internship', 'Chisinau', '0')

INSERT INTO practicatest.`programmes` (id, title, domain, start_data, duration, company_id, duties, qualifications, benefits, location, paid) VALUES ('3', 'Designer', 'DESIGN', '2023-5-25', '6 months', '3', 'Design personalised posters', 'Studii la UTM', 'Working with us', 'Chisinau', '1')

INSERT INTO practicatest.`programmes` (id, title, domain, start_data, duration, company_id, duties, qualifications, benefits, location, paid) VALUES ('4', 'Coach', 'SPORT_BEAUTY_WELLNESS', '2022-8-27', '4 months', '4', 'Coach people', 'Maestru al Sportului', 'No benefits', 'Balti', '1')

INSERT INTO practicatest.`programmes` (id, title, domain, start_data, duration, company_id, duties, qualifications, benefits, location, paid) VALUES ('5', 'Cook', 'FOOD', '2021-2-14', '5 weeks', '5', 'Boil eggs', 'No qualifications', 'Eat eggs', 'Cantemir', '0')

INSERT INTO practicatest.`programmes` (id, title, domain, start_data, duration, company_id, duties, qualifications, benefits, location, paid) VALUES ('6', 'Crazy', 'DESIGN', '2021-2-14', '3 weeks', '5', 'Do crazy stuff', 'No qualifications', 'Do crazy stuff', 'Causeni', '0')

INSERT INTO practicatest.`applications` (id, applicant_id, programme_id, application_date, cv, phone_number, email) VALUES ('1', '1', '1', '2023-10-10', 'cv1.pdf', '060123456', 'elena.nidelcu@isa.utm.md')

INSERT INTO practicatest.`applications` (id, applicant_id, programme_id, application_date, cv, phone_number, email) VALUES ('2', '2', '2', '2023-10-11', 'cv2.pdf', '060234567', 'friptu@gmail.com')

INSERT INTO practicatest.`applications` (id, applicant_id, programme_id, application_date, cv, phone_number, email) VALUES ('3', '3', '3', '2023-10-12', 'cv3.pdf', '060345678', 'nelly@dip.utm.md')

INSERT INTO practicatest.`applications` (id, applicant_id, programme_id, application_date, cv, phone_number, email) VALUES ('4', '4', '4', '2023-10-13', 'cv4.pdf', '060456789', 'r.oppy@bomb.com')

INSERT INTO practicatest.`applications` (id, applicant_id, programme_id, application_date, cv, phone_number, email) VALUES ('5', '5', '5', '2023-10-14', 'cv5.pdf', '060567890', 'holmes@gmail.com')

Tabelul s-a creat!
findAll
CREATE DATABASE  IF NOT EXISTS `practicatest` /*!40100 DEFAULT CHARACTER SET utf8mb3 */ /*!80016 DEFAULT ENCRYPTION='N' */

USE `practicatest`

-- MySQL dump 10.13  Distrib 8.0.34, for Win64 (x86_64)
--
-- Host: localhost    Database: practica
-- ------------------------------------------------------
-- Server version	8.0.34
/*!40101 SET @OLD_CHARACTER_SET_CLIENT=@@CHARACTER_SET_CLIENT */

/*!40101 SET @OLD_CHARACTER_SET_RESULTS=@@CHARACTER_SET_RESULTS */

/*!40101 SET @OLD_COLLATION_CONNECTION=@@COLLATION_CONNECTION */

/*!50503 SET NAMES utf8 */

/*!40103 SET @OLD_TIME_ZONE=@@TIME_ZONE */

/*!40103 SET TIME_ZONE='+00:00' */

/*!40014 SET @OLD_UNIQUE_CHECKS=@@UNIQUE_CHECKS, UNIQUE_CHECKS=0 */

/*!40014 SET @OLD_FOREIGN_KEY_CHECKS=@@FOREIGN_KEY_CHECKS, FOREIGN_KEY_CHECKS=0 */

/*!40101 SET @OLD_SQL_MODE=@@SQL_MODE, SQL_MODE='NO_AUTO_VALUE_ON_ZERO' */

/*!40111 SET @OLD_SQL_NOTES=@@SQL_NOTES, SQL_NOTES=0 */

--
-- Table structure for table `applicants`
--
DROP TABLE IF EXISTS `applicants`

/*!40101 SET @saved_cs_client     = @@character_set_client */

/*!50503 SET character_set_client = utf8mb4 */

CREATE TABLE `applicants` (
  `id` int NOT NULL AUTO_INCREMENT,
  `name` varchar(45) NOT NULL,
  `surname` varchar(45) NOT NULL,
  `age` int NOT NULL,
  `a_status` varchar(45) NOT NULL,
  `domain` varchar(45) NOT NULL,
  `cv` varchar(45) NOT NULL,
  `user_id` int NOT NULL,
  `email` varchar(45) NOT NULL,
  `phone_number` varchar(45) NOT NULL,
  PRIMARY KEY (`id`),
  KEY `fk_applicant_user_idx` (`user_id`),
  CONSTRAINT `fk_applicant_user` FOREIGN KEY (`user_id`) REFERENCES `users` (`id`)
) ENGINE=InnoDB AUTO_INCREMENT=6 DEFAULT CHARSET=utf8mb4 COLLATE=utf8mb4_0900_ai_ci

/*!40101 SET character_set_client = @saved_cs_client */

--
-- Table structure for table `applications`
--
DROP TABLE IF EXISTS `applications`

/*!40101 SET @saved_cs_client     = @@character_set_client */

/*!50503 SET character_set_client = utf8mb4 */

CREATE TABLE `applications` (
  `id` int NOT NULL AUTO_INCREMENT,
  `applicant_id` int NOT NULL,
  `programme_id` int NOT NULL,
  `application_date` date NOT NULL,
  `cv` varchar(45) NOT NULL,
  `phone_number` varchar(45) NOT NULL,
  `email` varchar(45) NOT NULL,
  `institution` varchar(45) DEFAULT NULL,
  PRIMARY KEY (`id`),
  KEY `fk_application_applicant_idx` (`applicant_id`),
  KEY `fk_application_programme_idx` (`programme_id`),
  CONSTRAINT `fk_application_applicant` FOREIGN KEY (`applicant_id`) REFERENCES `applicants` (`id`),
  CONSTRAINT `fk_application_programme` FOREIGN KEY (`programme_id`) REFERENCES `programmes` (`id`)
) ENGINE=InnoDB DEFAULT CHARSET=utf8mb4 COLLATE=utf8mb4_0900_ai_ci

/*!40101 SET character_set_client = @saved_cs_client */

--
-- Table structure for table `companies`
--
DROP TABLE IF EXISTS `companies`

/*!40101 SET @saved_cs_client     = @@character_set_client */

/*!50503 SET character_set_client = utf8mb4 */

CREATE TABLE `companies` (
  `id` int NOT NULL AUTO_INCREMENT,
  `title` varchar(45) NOT NULL,
  `domain` varchar(45) NOT NULL,
  `about` mediumtext NOT NULL,
  `phone_number` varchar(45) NOT NULL,
  `email` varchar(45) NOT NULL,
  `img_path` varchar(80) DEFAULT NULL,
  PRIMARY KEY (`id`),
  UNIQUE KEY `title_UNIQUE` (`title`)
) ENGINE=InnoDB AUTO_INCREMENT=20 DEFAULT CHARSET=utf8mb4 COLLATE=utf8mb4_0900_ai_ci

/*!40101 SET character_set_client = @saved_cs_client */

--
-- Table structure for table `programmes`
--
DROP TABLE IF EXISTS `programmes`

/*!40101 SET @saved_cs_client     = @@character_set_client */

/*!50503 SET character_set_client = utf8mb4 */

CREATE TABLE `programmes` (
  `id` int NOT NULL AUTO_INCREMENT,
  `title` varchar(45) NOT NULL,
  `domain` varchar(45) NOT NULL,
  `start_data` date NOT NULL,
  `duration` varchar(45) NOT NULL,
  `company_id` int NOT NULL,
  `duties` mediumtext NOT NULL,
  `qualifications` mediumtext NOT NULL,
  `benefits` mediumtext NOT NULL,
  `location` varchar(80) NOT NULL,
  `paid` tinyint NOT NULL,
  PRIMARY KEY (`id`),
  KEY `fk_programme_company_idx` (`company_id`),
  CONSTRAINT `fk_programme_company` FOREIGN KEY (`company_id`) REFERENCES `companies` (`id`)
) ENGINE=InnoDB DEFAULT CHARSET=utf8mb4 COLLATE=utf8mb4_0900_ai_ci

/*!40101 SET character_set_client = @saved_cs_client */

--
-- Table structure for table `recruiters`
--
DROP TABLE IF EXISTS `recruiters`

/*!40101 SET @saved_cs_client     = @@character_set_client */

/*!50503 SET character_set_client = utf8mb4 */

CREATE TABLE `recruiters` (
  `id` int NOT NULL AUTO_INCREMENT,
  `name` varchar(45) NOT NULL,
  `surname` varchar(45) NOT NULL,
  `user_id` int NOT NULL,
  `company_id` int NOT NULL,
  `email` varchar(45) NOT NULL,
  PRIMARY KEY (`id`),
  KEY `fk_recruiter_user_idx` (`user_id`),
  KEY `fk_recruiter_company_idx` (`company_id`),
  CONSTRAINT `fk_recruiter_company` FOREIGN KEY (`company_id`) REFERENCES `companies` (`id`),
  CONSTRAINT `fk_recruiter_user` FOREIGN KEY (`user_id`) REFERENCES `users` (`id`)
) ENGINE=InnoDB AUTO_INCREMENT=16 DEFAULT CHARSET=utf8mb4 COLLATE=utf8mb4_0900_ai_ci

/*!40101 SET character_set_client = @saved_cs_client */

--
-- Table structure for table `users`
--
DROP TABLE IF EXISTS `users`

/*!40101 SET @saved_cs_client     = @@character_set_client */

/*!50503 SET character_set_client = utf8mb4 */

CREATE TABLE `users` (
  `id` int NOT NULL AUTO_INCREMENT,
  `username` varchar(45) NOT NULL,
  `password` varchar(45) NOT NULL,
  `register_date` date NOT NULL,
  `role` varchar(45) NOT NULL,
  PRIMARY KEY (`id`),
  UNIQUE KEY `username_UNIQUE` (`username`)
) ENGINE=InnoDB AUTO_INCREMENT=23 DEFAULT CHARSET=utf8mb4 COLLATE=utf8mb4_0900_ai_ci

/*!40101 SET character_set_client = @saved_cs_client */

/*!40103 SET TIME_ZONE=@OLD_TIME_ZONE */

/*!40101 SET SQL_MODE=@OLD_SQL_MODE */

/*!40014 SET FOREIGN_KEY_CHECKS=@OLD_FOREIGN_KEY_CHECKS */

/*!40014 SET UNIQUE_CHECKS=@OLD_UNIQUE_CHECKS */

/*!40101 SET CHARACTER_SET_CLIENT=@OLD_CHARACTER_SET_CLIENT */

/*!40101 SET CHARACTER_SET_RESULTS=@OLD_CHARACTER_SET_RESULTS */

/*!40101 SET COLLATION_CONNECTION=@OLD_COLLATION_CONNECTION */

/*!40111 SET SQL_NOTES=@OLD_SQL_NOTES */

-- Dump completed on 2023-10-13 16:24:46
INSERT INTO practicatest.`users` (id, username, password, register_date, role) VALUES ('1', 'munkatea', 'pass1', '2008-7-04', 'ADMIN')

INSERT INTO practicatest.`users` (id, username, password, register_date, role) VALUES ('2', 'bradpitt', 'pass2', '2020-4-14', 'RECRUITER')

INSERT INTO practicatest.`users` (id, username, password, register_date, role) VALUES ('3', 'qtarantino', 'pass3', '2018-7-03', 'RECRUITER')

INSERT INTO practicatest.`users` (id, username, password, register_date, role) VALUES ('4', 'enidelcu', 'pass4', '2021-12-02', 'APPLICANT')

INSERT INTO practicatest.`users` (id, username, password, register_date, role) VALUES ('5', 'ludmila', 'pass5', '2010-1-31', 'APPLICANT')

INSERT INTO practicatest.`users` (id, username, password, register_date, role) VALUES ('6', 'gnelli', 'pass6', '2017-10-15', 'APPLICANT')

INSERT INTO practicatest.`users` (id, username, password, register_date, role) VALUES ('7', 'iuco', 'pass7', '2023-1-01', 'RECRUITER')

INSERT INTO practicatest.`users` (id, username, password, register_date, role) VALUES ('8', 'vbostan', 'pass8', '2019-4-13', 'RECRUITER')

INSERT INTO practicatest.`users` (id, username, password, register_date, role) VALUES ('9', 'hlanda', 'pass9', '2020-3-11', 'RECRUITER')

INSERT INTO practicatest.`users` (id, username, password, register_date, role) VALUES ('10', 'oppenheimer', 'pass10', '2013-3-27', 'APPLICANT')

INSERT INTO practicatest.`users` (id, username, password, register_date, role) VALUES ('11', 'holmes', 'pass11', '2009-5-31', 'APPLICANT')

INSERT INTO practicatest.`users` (id, username, password, register_date, role) VALUES ('12', 'rotaru', 'pass12', '2009-3-31', 'APPLICANT')

INSERT INTO practicatest.`users` (id, username, password, register_date, role) VALUES ('13', 'clima', 'pass13', '2009-7-31', 'RECRUITER')

INSERT INTO practicatest.`companies` (id, title, domain, about, phone_number, email, img_path) VALUES ('1', 'IUCOSOFT', 'IT', 'We work in JAVA', '060111111', 'email@iucosoft.com', 'img1.jpg')

INSERT INTO practicatest.`companies` (id, title, domain, about, phone_number, email, img_path) VALUES ('2', 'ORATORICA', 'EDUCATION', 'Courses for learning new languages', '060222222', 'oratorica@gmail.com', 'img2.jpg')

INSERT INTO practicatest.`companies` (id, title, domain, about, phone_number, email, img_path) VALUES ('3', 'DECOR', 'DESIGN', 'Design for posters and wallpapers', '060333333', 'mail@decor.md', 'img3.jpg')

INSERT INTO practicatest.`companies` (id, title, domain, about, phone_number, email, img_path) VALUES ('4', 'TKD', 'SPORT_BEAUTY_WELLNESS', 'Taekwondo sport club', '060444444', 'sport@tkd.com', 'img4.jpg')

INSERT INTO practicatest.`companies` (id, title, domain, about, phone_number, email, img_path) VALUES ('5', 'Andy\'s Pizza', 'FOOD', 'Y\'all know what does our company =-)', '060555555', 'andys.pizza@gmail.com', 'img5.jpg')

INSERT INTO practicatest.`companies` (id, title, domain, about, phone_number, email, img_path) VALUES ('6', 'Climatehnic', 'ENGINEERING', 'Good company', '079783222', 'climatehnic@gmail.com', 'img6.jpg')

INSERT INTO practicatest.`applicants` (id, name, surname, age, a_status, domain, cv, user_id, email, phone_number) VALUES ('1', 'Elena', 'Nidelcu', '19', 'STUDENT', 'IT', 'cv1.pdf', '4', 'elena.nidelcu@isa.utm.md', '060123456')

INSERT INTO practicatest.`applicants` (id, name, surname, age, a_status, domain, cv, user_id, email, phone_number) VALUES ('2', 'Ludmila', 'Friptu', '20', 'WORKING', 'EDUCATION', 'cv2.pdf', '5', 'friptu@gmail.com', '060234567')

INSERT INTO practicatest.`applicants` (id, name, surname, age, a_status, domain, cv, user_id, email, phone_number) VALUES ('3', 'Nelli', 'Garbuz', '18', 'STUDENT', 'DESIGN', 'cv3.pdf', '6', 'nelly@dip.utm.md', '060345678')

INSERT INTO practicatest.`applicants` (id, name, surname, age, a_status, domain, cv, user_id, email, phone_number) VALUES ('4', 'Robert', 'Oppenheimer', '40', 'WORKING', 'SPORT_BEAUTY_WELLNESS', 'cv4.pdf', '10', 'r.oppy@bomb.com', '060456789')

INSERT INTO practicatest.`applicants` (id, name, surname, age, a_status, domain, cv, user_id, email, phone_number) VALUES ('5', 'Sherlock', 'Holmes', '30', 'UNEMPLOYED', 'FOOD', 'cv5.pdf', '11', 'holmes@gmail.com', '060567890')

INSERT INTO practicatest.`applicants` (id, name, surname, age, a_status, domain, cv, user_id, email, phone_number) VALUES ('6', 'Rotaru', 'Dimitrie', '50', 'UNEMPLOYED', 'FOOD', 'cv6.pdf', '12', 'rotaru@gmail.com', '060567870')

INSERT INTO practicatest.`recruiters` (id, name, surname, user_id, company_id, email) VALUES ('1', 'Brad', 'Pitt', '2', '4', 'brad.pitt@tkd.md')

INSERT INTO practicatest.`recruiters` (id, name, surname, user_id, company_id, email) VALUES ('2', 'Quentin', 'Tarantino', '3', '5', 'quentin.tarantino@andis.md')

INSERT INTO practicatest.`recruiters` (id, name, surname, user_id, company_id, email) VALUES ('3', 'Iurie', 'Coropceanu', '7', '1', 'iurie.coropceanu@iucosoft.com')

INSERT INTO practicatest.`recruiters` (id, name, surname, user_id, company_id, email) VALUES ('4', 'Viorel', 'Bostan', '8', '2', 'viorel.bostan@oratorica.com')

INSERT INTO practicatest.`recruiters` (id, name, surname, user_id, company_id, email) VALUES ('5', 'Hans', 'Landa', '9', '3', 'hans.landa@decor.md')

INSERT INTO practicatest.`programmes` (id, title, domain, start_data, duration, company_id, duties, qualifications, benefits, location, paid) VALUES ('1', 'JAVA Developer', 'IT', '2020-3-05', '3 months', '1', 'Develop desktop apps', 'Know JAVA well', 'Work remotely', 'ONLINE', '0')

INSERT INTO practicatest.`programmes` (id, title, domain, start_data, duration, company_id, duties, qualifications, benefits, location, paid) VALUES ('2', 'English teacher', 'EDUCATION', '2016-7-09', '2 months', '2', 'Teach children', 'C1 in English', 'Hiring after internship', 'Chisinau', '0')

INSERT INTO practicatest.`programmes` (id, title, domain, start_data, duration, company_id, duties, qualifications, benefits, location, paid) VALUES ('3', 'Designer', 'DESIGN', '2023-5-25', '6 months', '3', 'Design personalised posters', 'Studii la UTM', 'Working with us', 'Chisinau', '1')

INSERT INTO practicatest.`programmes` (id, title, domain, start_data, duration, company_id, duties, qualifications, benefits, location, paid) VALUES ('4', 'Coach', 'SPORT_BEAUTY_WELLNESS', '2022-8-27', '4 months', '4', 'Coach people', 'Maestru al Sportului', 'No benefits', 'Balti', '1')

INSERT INTO practicatest.`programmes` (id, title, domain, start_data, duration, company_id, duties, qualifications, benefits, location, paid) VALUES ('5', 'Cook', 'FOOD', '2021-2-14', '5 weeks', '5', 'Boil eggs', 'No qualifications', 'Eat eggs', 'Cantemir', '0')

INSERT INTO practicatest.`programmes` (id, title, domain, start_data, duration, company_id, duties, qualifications, benefits, location, paid) VALUES ('6', 'Crazy', 'DESIGN', '2021-2-14', '3 weeks', '5', 'Do crazy stuff', 'No qualifications', 'Do crazy stuff', 'Causeni', '0')

INSERT INTO practicatest.`applications` (id, applicant_id, programme_id, application_date, cv, phone_number, email) VALUES ('1', '1', '1', '2023-10-10', 'cv1.pdf', '060123456', 'elena.nidelcu@isa.utm.md')

INSERT INTO practicatest.`applications` (id, applicant_id, programme_id, application_date, cv, phone_number, email) VALUES ('2', '2', '2', '2023-10-11', 'cv2.pdf', '060234567', 'friptu@gmail.com')

INSERT INTO practicatest.`applications` (id, applicant_id, programme_id, application_date, cv, phone_number, email) VALUES ('3', '3', '3', '2023-10-12', 'cv3.pdf', '060345678', 'nelly@dip.utm.md')

INSERT INTO practicatest.`applications` (id, applicant_id, programme_id, application_date, cv, phone_number, email) VALUES ('4', '4', '4', '2023-10-13', 'cv4.pdf', '060456789', 'r.oppy@bomb.com')

INSERT INTO practicatest.`applications` (id, applicant_id, programme_id, application_date, cv, phone_number, email) VALUES ('5', '5', '5', '2023-10-14', 'cv5.pdf', '060567890', 'holmes@gmail.com')

Tabelul s-a creat!
save
CREATE DATABASE  IF NOT EXISTS `practicatest` /*!40100 DEFAULT CHARACTER SET utf8mb3 */ /*!80016 DEFAULT ENCRYPTION='N' */

USE `practicatest`

-- MySQL dump 10.13  Distrib 8.0.34, for Win64 (x86_64)
--
-- Host: localhost    Database: practica
-- ------------------------------------------------------
-- Server version	8.0.34
/*!40101 SET @OLD_CHARACTER_SET_CLIENT=@@CHARACTER_SET_CLIENT */

/*!40101 SET @OLD_CHARACTER_SET_RESULTS=@@CHARACTER_SET_RESULTS */

/*!40101 SET @OLD_COLLATION_CONNECTION=@@COLLATION_CONNECTION */

/*!50503 SET NAMES utf8 */

/*!40103 SET @OLD_TIME_ZONE=@@TIME_ZONE */

/*!40103 SET TIME_ZONE='+00:00' */

/*!40014 SET @OLD_UNIQUE_CHECKS=@@UNIQUE_CHECKS, UNIQUE_CHECKS=0 */

/*!40014 SET @OLD_FOREIGN_KEY_CHECKS=@@FOREIGN_KEY_CHECKS, FOREIGN_KEY_CHECKS=0 */

/*!40101 SET @OLD_SQL_MODE=@@SQL_MODE, SQL_MODE='NO_AUTO_VALUE_ON_ZERO' */

/*!40111 SET @OLD_SQL_NOTES=@@SQL_NOTES, SQL_NOTES=0 */

--
-- Table structure for table `applicants`
--
DROP TABLE IF EXISTS `applicants`

/*!40101 SET @saved_cs_client     = @@character_set_client */

/*!50503 SET character_set_client = utf8mb4 */

CREATE TABLE `applicants` (
  `id` int NOT NULL AUTO_INCREMENT,
  `name` varchar(45) NOT NULL,
  `surname` varchar(45) NOT NULL,
  `age` int NOT NULL,
  `a_status` varchar(45) NOT NULL,
  `domain` varchar(45) NOT NULL,
  `cv` varchar(45) NOT NULL,
  `user_id` int NOT NULL,
  `email` varchar(45) NOT NULL,
  `phone_number` varchar(45) NOT NULL,
  PRIMARY KEY (`id`),
  KEY `fk_applicant_user_idx` (`user_id`),
  CONSTRAINT `fk_applicant_user` FOREIGN KEY (`user_id`) REFERENCES `users` (`id`)
) ENGINE=InnoDB AUTO_INCREMENT=6 DEFAULT CHARSET=utf8mb4 COLLATE=utf8mb4_0900_ai_ci

/*!40101 SET character_set_client = @saved_cs_client */

--
-- Table structure for table `applications`
--
DROP TABLE IF EXISTS `applications`

/*!40101 SET @saved_cs_client     = @@character_set_client */

/*!50503 SET character_set_client = utf8mb4 */

CREATE TABLE `applications` (
  `id` int NOT NULL AUTO_INCREMENT,
  `applicant_id` int NOT NULL,
  `programme_id` int NOT NULL,
  `application_date` date NOT NULL,
  `cv` varchar(45) NOT NULL,
  `phone_number` varchar(45) NOT NULL,
  `email` varchar(45) NOT NULL,
  `institution` varchar(45) DEFAULT NULL,
  PRIMARY KEY (`id`),
  KEY `fk_application_applicant_idx` (`applicant_id`),
  KEY `fk_application_programme_idx` (`programme_id`),
  CONSTRAINT `fk_application_applicant` FOREIGN KEY (`applicant_id`) REFERENCES `applicants` (`id`),
  CONSTRAINT `fk_application_programme` FOREIGN KEY (`programme_id`) REFERENCES `programmes` (`id`)
) ENGINE=InnoDB DEFAULT CHARSET=utf8mb4 COLLATE=utf8mb4_0900_ai_ci

/*!40101 SET character_set_client = @saved_cs_client */

--
-- Table structure for table `companies`
--
DROP TABLE IF EXISTS `companies`

/*!40101 SET @saved_cs_client     = @@character_set_client */

/*!50503 SET character_set_client = utf8mb4 */

CREATE TABLE `companies` (
  `id` int NOT NULL AUTO_INCREMENT,
  `title` varchar(45) NOT NULL,
  `domain` varchar(45) NOT NULL,
  `about` mediumtext NOT NULL,
  `phone_number` varchar(45) NOT NULL,
  `email` varchar(45) NOT NULL,
  `img_path` varchar(80) DEFAULT NULL,
  PRIMARY KEY (`id`),
  UNIQUE KEY `title_UNIQUE` (`title`)
) ENGINE=InnoDB AUTO_INCREMENT=20 DEFAULT CHARSET=utf8mb4 COLLATE=utf8mb4_0900_ai_ci

/*!40101 SET character_set_client = @saved_cs_client */

--
-- Table structure for table `programmes`
--
DROP TABLE IF EXISTS `programmes`

/*!40101 SET @saved_cs_client     = @@character_set_client */

/*!50503 SET character_set_client = utf8mb4 */

CREATE TABLE `programmes` (
  `id` int NOT NULL AUTO_INCREMENT,
  `title` varchar(45) NOT NULL,
  `domain` varchar(45) NOT NULL,
  `start_data` date NOT NULL,
  `duration` varchar(45) NOT NULL,
  `company_id` int NOT NULL,
  `duties` mediumtext NOT NULL,
  `qualifications` mediumtext NOT NULL,
  `benefits` mediumtext NOT NULL,
  `location` varchar(80) NOT NULL,
  `paid` tinyint NOT NULL,
  PRIMARY KEY (`id`),
  KEY `fk_programme_company_idx` (`company_id`),
  CONSTRAINT `fk_programme_company` FOREIGN KEY (`company_id`) REFERENCES `companies` (`id`)
) ENGINE=InnoDB DEFAULT CHARSET=utf8mb4 COLLATE=utf8mb4_0900_ai_ci

/*!40101 SET character_set_client = @saved_cs_client */

--
-- Table structure for table `recruiters`
--
DROP TABLE IF EXISTS `recruiters`

/*!40101 SET @saved_cs_client     = @@character_set_client */

/*!50503 SET character_set_client = utf8mb4 */

CREATE TABLE `recruiters` (
  `id` int NOT NULL AUTO_INCREMENT,
  `name` varchar(45) NOT NULL,
  `surname` varchar(45) NOT NULL,
  `user_id` int NOT NULL,
  `company_id` int NOT NULL,
  `email` varchar(45) NOT NULL,
  PRIMARY KEY (`id`),
  KEY `fk_recruiter_user_idx` (`user_id`),
  KEY `fk_recruiter_company_idx` (`company_id`),
  CONSTRAINT `fk_recruiter_company` FOREIGN KEY (`company_id`) REFERENCES `companies` (`id`),
  CONSTRAINT `fk_recruiter_user` FOREIGN KEY (`user_id`) REFERENCES `users` (`id`)
) ENGINE=InnoDB AUTO_INCREMENT=16 DEFAULT CHARSET=utf8mb4 COLLATE=utf8mb4_0900_ai_ci

/*!40101 SET character_set_client = @saved_cs_client */

--
-- Table structure for table `users`
--
DROP TABLE IF EXISTS `users`

/*!40101 SET @saved_cs_client     = @@character_set_client */

/*!50503 SET character_set_client = utf8mb4 */

CREATE TABLE `users` (
  `id` int NOT NULL AUTO_INCREMENT,
  `username` varchar(45) NOT NULL,
  `password` varchar(45) NOT NULL,
  `register_date` date NOT NULL,
  `role` varchar(45) NOT NULL,
  PRIMARY KEY (`id`),
  UNIQUE KEY `username_UNIQUE` (`username`)
) ENGINE=InnoDB AUTO_INCREMENT=23 DEFAULT CHARSET=utf8mb4 COLLATE=utf8mb4_0900_ai_ci

/*!40101 SET character_set_client = @saved_cs_client */

/*!40103 SET TIME_ZONE=@OLD_TIME_ZONE */

/*!40101 SET SQL_MODE=@OLD_SQL_MODE */

/*!40014 SET FOREIGN_KEY_CHECKS=@OLD_FOREIGN_KEY_CHECKS */

/*!40014 SET UNIQUE_CHECKS=@OLD_UNIQUE_CHECKS */

/*!40101 SET CHARACTER_SET_CLIENT=@OLD_CHARACTER_SET_CLIENT */

/*!40101 SET CHARACTER_SET_RESULTS=@OLD_CHARACTER_SET_RESULTS */

/*!40101 SET COLLATION_CONNECTION=@OLD_COLLATION_CONNECTION */

/*!40111 SET SQL_NOTES=@OLD_SQL_NOTES */

-- Dump completed on 2023-10-13 16:24:46
INSERT INTO practicatest.`users` (id, username, password, register_date, role) VALUES ('1', 'munkatea', 'pass1', '2008-7-04', 'ADMIN')

INSERT INTO practicatest.`users` (id, username, password, register_date, role) VALUES ('2', 'bradpitt', 'pass2', '2020-4-14', 'RECRUITER')

INSERT INTO practicatest.`users` (id, username, password, register_date, role) VALUES ('3', 'qtarantino', 'pass3', '2018-7-03', 'RECRUITER')

INSERT INTO practicatest.`users` (id, username, password, register_date, role) VALUES ('4', 'enidelcu', 'pass4', '2021-12-02', 'APPLICANT')

INSERT INTO practicatest.`users` (id, username, password, register_date, role) VALUES ('5', 'ludmila', 'pass5', '2010-1-31', 'APPLICANT')

INSERT INTO practicatest.`users` (id, username, password, register_date, role) VALUES ('6', 'gnelli', 'pass6', '2017-10-15', 'APPLICANT')

INSERT INTO practicatest.`users` (id, username, password, register_date, role) VALUES ('7', 'iuco', 'pass7', '2023-1-01', 'RECRUITER')

INSERT INTO practicatest.`users` (id, username, password, register_date, role) VALUES ('8', 'vbostan', 'pass8', '2019-4-13', 'RECRUITER')

INSERT INTO practicatest.`users` (id, username, password, register_date, role) VALUES ('9', 'hlanda', 'pass9', '2020-3-11', 'RECRUITER')

INSERT INTO practicatest.`users` (id, username, password, register_date, role) VALUES ('10', 'oppenheimer', 'pass10', '2013-3-27', 'APPLICANT')

INSERT INTO practicatest.`users` (id, username, password, register_date, role) VALUES ('11', 'holmes', 'pass11', '2009-5-31', 'APPLICANT')

INSERT INTO practicatest.`users` (id, username, password, register_date, role) VALUES ('12', 'rotaru', 'pass12', '2009-3-31', 'APPLICANT')

INSERT INTO practicatest.`users` (id, username, password, register_date, role) VALUES ('13', 'clima', 'pass13', '2009-7-31', 'RECRUITER')

INSERT INTO practicatest.`companies` (id, title, domain, about, phone_number, email, img_path) VALUES ('1', 'IUCOSOFT', 'IT', 'We work in JAVA', '060111111', 'email@iucosoft.com', 'img1.jpg')

INSERT INTO practicatest.`companies` (id, title, domain, about, phone_number, email, img_path) VALUES ('2', 'ORATORICA', 'EDUCATION', 'Courses for learning new languages', '060222222', 'oratorica@gmail.com', 'img2.jpg')

INSERT INTO practicatest.`companies` (id, title, domain, about, phone_number, email, img_path) VALUES ('3', 'DECOR', 'DESIGN', 'Design for posters and wallpapers', '060333333', 'mail@decor.md', 'img3.jpg')

INSERT INTO practicatest.`companies` (id, title, domain, about, phone_number, email, img_path) VALUES ('4', 'TKD', 'SPORT_BEAUTY_WELLNESS', 'Taekwondo sport club', '060444444', 'sport@tkd.com', 'img4.jpg')

INSERT INTO practicatest.`companies` (id, title, domain, about, phone_number, email, img_path) VALUES ('5', 'Andy\'s Pizza', 'FOOD', 'Y\'all know what does our company =-)', '060555555', 'andys.pizza@gmail.com', 'img5.jpg')

INSERT INTO practicatest.`companies` (id, title, domain, about, phone_number, email, img_path) VALUES ('6', 'Climatehnic', 'ENGINEERING', 'Good company', '079783222', 'climatehnic@gmail.com', 'img6.jpg')

INSERT INTO practicatest.`applicants` (id, name, surname, age, a_status, domain, cv, user_id, email, phone_number) VALUES ('1', 'Elena', 'Nidelcu', '19', 'STUDENT', 'IT', 'cv1.pdf', '4', 'elena.nidelcu@isa.utm.md', '060123456')

INSERT INTO practicatest.`applicants` (id, name, surname, age, a_status, domain, cv, user_id, email, phone_number) VALUES ('2', 'Ludmila', 'Friptu', '20', 'WORKING', 'EDUCATION', 'cv2.pdf', '5', 'friptu@gmail.com', '060234567')

INSERT INTO practicatest.`applicants` (id, name, surname, age, a_status, domain, cv, user_id, email, phone_number) VALUES ('3', 'Nelli', 'Garbuz', '18', 'STUDENT', 'DESIGN', 'cv3.pdf', '6', 'nelly@dip.utm.md', '060345678')

INSERT INTO practicatest.`applicants` (id, name, surname, age, a_status, domain, cv, user_id, email, phone_number) VALUES ('4', 'Robert', 'Oppenheimer', '40', 'WORKING', 'SPORT_BEAUTY_WELLNESS', 'cv4.pdf', '10', 'r.oppy@bomb.com', '060456789')

INSERT INTO practicatest.`applicants` (id, name, surname, age, a_status, domain, cv, user_id, email, phone_number) VALUES ('5', 'Sherlock', 'Holmes', '30', 'UNEMPLOYED', 'FOOD', 'cv5.pdf', '11', 'holmes@gmail.com', '060567890')

INSERT INTO practicatest.`applicants` (id, name, surname, age, a_status, domain, cv, user_id, email, phone_number) VALUES ('6', 'Rotaru', 'Dimitrie', '50', 'UNEMPLOYED', 'FOOD', 'cv6.pdf', '12', 'rotaru@gmail.com', '060567870')

INSERT INTO practicatest.`recruiters` (id, name, surname, user_id, company_id, email) VALUES ('1', 'Brad', 'Pitt', '2', '4', 'brad.pitt@tkd.md')

INSERT INTO practicatest.`recruiters` (id, name, surname, user_id, company_id, email) VALUES ('2', 'Quentin', 'Tarantino', '3', '5', 'quentin.tarantino@andis.md')

INSERT INTO practicatest.`recruiters` (id, name, surname, user_id, company_id, email) VALUES ('3', 'Iurie', 'Coropceanu', '7', '1', 'iurie.coropceanu@iucosoft.com')

INSERT INTO practicatest.`recruiters` (id, name, surname, user_id, company_id, email) VALUES ('4', 'Viorel', 'Bostan', '8', '2', 'viorel.bostan@oratorica.com')

INSERT INTO practicatest.`recruiters` (id, name, surname, user_id, company_id, email) VALUES ('5', 'Hans', 'Landa', '9', '3', 'hans.landa@decor.md')

INSERT INTO practicatest.`programmes` (id, title, domain, start_data, duration, company_id, duties, qualifications, benefits, location, paid) VALUES ('1', 'JAVA Developer', 'IT', '2020-3-05', '3 months', '1', 'Develop desktop apps', 'Know JAVA well', 'Work remotely', 'ONLINE', '0')

INSERT INTO practicatest.`programmes` (id, title, domain, start_data, duration, company_id, duties, qualifications, benefits, location, paid) VALUES ('2', 'English teacher', 'EDUCATION', '2016-7-09', '2 months', '2', 'Teach children', 'C1 in English', 'Hiring after internship', 'Chisinau', '0')

INSERT INTO practicatest.`programmes` (id, title, domain, start_data, duration, company_id, duties, qualifications, benefits, location, paid) VALUES ('3', 'Designer', 'DESIGN', '2023-5-25', '6 months', '3', 'Design personalised posters', 'Studii la UTM', 'Working with us', 'Chisinau', '1')

INSERT INTO practicatest.`programmes` (id, title, domain, start_data, duration, company_id, duties, qualifications, benefits, location, paid) VALUES ('4', 'Coach', 'SPORT_BEAUTY_WELLNESS', '2022-8-27', '4 months', '4', 'Coach people', 'Maestru al Sportului', 'No benefits', 'Balti', '1')

INSERT INTO practicatest.`programmes` (id, title, domain, start_data, duration, company_id, duties, qualifications, benefits, location, paid) VALUES ('5', 'Cook', 'FOOD', '2021-2-14', '5 weeks', '5', 'Boil eggs', 'No qualifications', 'Eat eggs', 'Cantemir', '0')

INSERT INTO practicatest.`programmes` (id, title, domain, start_data, duration, company_id, duties, qualifications, benefits, location, paid) VALUES ('6', 'Crazy', 'DESIGN', '2021-2-14', '3 weeks', '5', 'Do crazy stuff', 'No qualifications', 'Do crazy stuff', 'Causeni', '0')

INSERT INTO practicatest.`applications` (id, applicant_id, programme_id, application_date, cv, phone_number, email) VALUES ('1', '1', '1', '2023-10-10', 'cv1.pdf', '060123456', 'elena.nidelcu@isa.utm.md')

INSERT INTO practicatest.`applications` (id, applicant_id, programme_id, application_date, cv, phone_number, email) VALUES ('2', '2', '2', '2023-10-11', 'cv2.pdf', '060234567', 'friptu@gmail.com')

INSERT INTO practicatest.`applications` (id, applicant_id, programme_id, application_date, cv, phone_number, email) VALUES ('3', '3', '3', '2023-10-12', 'cv3.pdf', '060345678', 'nelly@dip.utm.md')

INSERT INTO practicatest.`applications` (id, applicant_id, programme_id, application_date, cv, phone_number, email) VALUES ('4', '4', '4', '2023-10-13', 'cv4.pdf', '060456789', 'r.oppy@bomb.com')

INSERT INTO practicatest.`applications` (id, applicant_id, programme_id, application_date, cv, phone_number, email) VALUES ('5', '5', '5', '2023-10-14', 'cv5.pdf', '060567890', 'holmes@gmail.com')

Tabelul s-a creat!
findById
CREATE DATABASE  IF NOT EXISTS `practicatest` /*!40100 DEFAULT CHARACTER SET utf8mb3 */ /*!80016 DEFAULT ENCRYPTION='N' */

USE `practicatest`

-- MySQL dump 10.13  Distrib 8.0.34, for Win64 (x86_64)
--
-- Host: localhost    Database: practica
-- ------------------------------------------------------
-- Server version	8.0.34
/*!40101 SET @OLD_CHARACTER_SET_CLIENT=@@CHARACTER_SET_CLIENT */

/*!40101 SET @OLD_CHARACTER_SET_RESULTS=@@CHARACTER_SET_RESULTS */

/*!40101 SET @OLD_COLLATION_CONNECTION=@@COLLATION_CONNECTION */

/*!50503 SET NAMES utf8 */

/*!40103 SET @OLD_TIME_ZONE=@@TIME_ZONE */

/*!40103 SET TIME_ZONE='+00:00' */

/*!40014 SET @OLD_UNIQUE_CHECKS=@@UNIQUE_CHECKS, UNIQUE_CHECKS=0 */

/*!40014 SET @OLD_FOREIGN_KEY_CHECKS=@@FOREIGN_KEY_CHECKS, FOREIGN_KEY_CHECKS=0 */

/*!40101 SET @OLD_SQL_MODE=@@SQL_MODE, SQL_MODE='NO_AUTO_VALUE_ON_ZERO' */

/*!40111 SET @OLD_SQL_NOTES=@@SQL_NOTES, SQL_NOTES=0 */

--
-- Table structure for table `applicants`
--
DROP TABLE IF EXISTS `applicants`

/*!40101 SET @saved_cs_client     = @@character_set_client */

/*!50503 SET character_set_client = utf8mb4 */

CREATE TABLE `applicants` (
  `id` int NOT NULL AUTO_INCREMENT,
  `name` varchar(45) NOT NULL,
  `surname` varchar(45) NOT NULL,
  `age` int NOT NULL,
  `a_status` varchar(45) NOT NULL,
  `domain` varchar(45) NOT NULL,
  `cv` varchar(45) NOT NULL,
  `user_id` int NOT NULL,
  `email` varchar(45) NOT NULL,
  `phone_number` varchar(45) NOT NULL,
  PRIMARY KEY (`id`),
  KEY `fk_applicant_user_idx` (`user_id`),
  CONSTRAINT `fk_applicant_user` FOREIGN KEY (`user_id`) REFERENCES `users` (`id`)
) ENGINE=InnoDB AUTO_INCREMENT=6 DEFAULT CHARSET=utf8mb4 COLLATE=utf8mb4_0900_ai_ci

/*!40101 SET character_set_client = @saved_cs_client */

--
-- Table structure for table `applications`
--
DROP TABLE IF EXISTS `applications`

/*!40101 SET @saved_cs_client     = @@character_set_client */

/*!50503 SET character_set_client = utf8mb4 */

CREATE TABLE `applications` (
  `id` int NOT NULL AUTO_INCREMENT,
  `applicant_id` int NOT NULL,
  `programme_id` int NOT NULL,
  `application_date` date NOT NULL,
  `cv` varchar(45) NOT NULL,
  `phone_number` varchar(45) NOT NULL,
  `email` varchar(45) NOT NULL,
  `institution` varchar(45) DEFAULT NULL,
  PRIMARY KEY (`id`),
  KEY `fk_application_applicant_idx` (`applicant_id`),
  KEY `fk_application_programme_idx` (`programme_id`),
  CONSTRAINT `fk_application_applicant` FOREIGN KEY (`applicant_id`) REFERENCES `applicants` (`id`),
  CONSTRAINT `fk_application_programme` FOREIGN KEY (`programme_id`) REFERENCES `programmes` (`id`)
) ENGINE=InnoDB DEFAULT CHARSET=utf8mb4 COLLATE=utf8mb4_0900_ai_ci

/*!40101 SET character_set_client = @saved_cs_client */

--
-- Table structure for table `companies`
--
DROP TABLE IF EXISTS `companies`

/*!40101 SET @saved_cs_client     = @@character_set_client */

/*!50503 SET character_set_client = utf8mb4 */

CREATE TABLE `companies` (
  `id` int NOT NULL AUTO_INCREMENT,
  `title` varchar(45) NOT NULL,
  `domain` varchar(45) NOT NULL,
  `about` mediumtext NOT NULL,
  `phone_number` varchar(45) NOT NULL,
  `email` varchar(45) NOT NULL,
  `img_path` varchar(80) DEFAULT NULL,
  PRIMARY KEY (`id`),
  UNIQUE KEY `title_UNIQUE` (`title`)
) ENGINE=InnoDB AUTO_INCREMENT=20 DEFAULT CHARSET=utf8mb4 COLLATE=utf8mb4_0900_ai_ci

/*!40101 SET character_set_client = @saved_cs_client */

--
-- Table structure for table `programmes`
--
DROP TABLE IF EXISTS `programmes`

/*!40101 SET @saved_cs_client     = @@character_set_client */

/*!50503 SET character_set_client = utf8mb4 */

CREATE TABLE `programmes` (
  `id` int NOT NULL AUTO_INCREMENT,
  `title` varchar(45) NOT NULL,
  `domain` varchar(45) NOT NULL,
  `start_data` date NOT NULL,
  `duration` varchar(45) NOT NULL,
  `company_id` int NOT NULL,
  `duties` mediumtext NOT NULL,
  `qualifications` mediumtext NOT NULL,
  `benefits` mediumtext NOT NULL,
  `location` varchar(80) NOT NULL,
  `paid` tinyint NOT NULL,
  PRIMARY KEY (`id`),
  KEY `fk_programme_company_idx` (`company_id`),
  CONSTRAINT `fk_programme_company` FOREIGN KEY (`company_id`) REFERENCES `companies` (`id`)
) ENGINE=InnoDB DEFAULT CHARSET=utf8mb4 COLLATE=utf8mb4_0900_ai_ci

/*!40101 SET character_set_client = @saved_cs_client */

--
-- Table structure for table `recruiters`
--
DROP TABLE IF EXISTS `recruiters`

/*!40101 SET @saved_cs_client     = @@character_set_client */

/*!50503 SET character_set_client = utf8mb4 */

CREATE TABLE `recruiters` (
  `id` int NOT NULL AUTO_INCREMENT,
  `name` varchar(45) NOT NULL,
  `surname` varchar(45) NOT NULL,
  `user_id` int NOT NULL,
  `company_id` int NOT NULL,
  `email` varchar(45) NOT NULL,
  PRIMARY KEY (`id`),
  KEY `fk_recruiter_user_idx` (`user_id`),
  KEY `fk_recruiter_company_idx` (`company_id`),
  CONSTRAINT `fk_recruiter_company` FOREIGN KEY (`company_id`) REFERENCES `companies` (`id`),
  CONSTRAINT `fk_recruiter_user` FOREIGN KEY (`user_id`) REFERENCES `users` (`id`)
) ENGINE=InnoDB AUTO_INCREMENT=16 DEFAULT CHARSET=utf8mb4 COLLATE=utf8mb4_0900_ai_ci

/*!40101 SET character_set_client = @saved_cs_client */

--
-- Table structure for table `users`
--
DROP TABLE IF EXISTS `users`

/*!40101 SET @saved_cs_client     = @@character_set_client */

/*!50503 SET character_set_client = utf8mb4 */

CREATE TABLE `users` (
  `id` int NOT NULL AUTO_INCREMENT,
  `username` varchar(45) NOT NULL,
  `password` varchar(45) NOT NULL,
  `register_date` date NOT NULL,
  `role` varchar(45) NOT NULL,
  PRIMARY KEY (`id`),
  UNIQUE KEY `username_UNIQUE` (`username`)
) ENGINE=InnoDB AUTO_INCREMENT=23 DEFAULT CHARSET=utf8mb4 COLLATE=utf8mb4_0900_ai_ci

/*!40101 SET character_set_client = @saved_cs_client */

/*!40103 SET TIME_ZONE=@OLD_TIME_ZONE */

/*!40101 SET SQL_MODE=@OLD_SQL_MODE */

/*!40014 SET FOREIGN_KEY_CHECKS=@OLD_FOREIGN_KEY_CHECKS */

/*!40014 SET UNIQUE_CHECKS=@OLD_UNIQUE_CHECKS */

/*!40101 SET CHARACTER_SET_CLIENT=@OLD_CHARACTER_SET_CLIENT */

/*!40101 SET CHARACTER_SET_RESULTS=@OLD_CHARACTER_SET_RESULTS */

/*!40101 SET COLLATION_CONNECTION=@OLD_COLLATION_CONNECTION */

/*!40111 SET SQL_NOTES=@OLD_SQL_NOTES */

-- Dump completed on 2023-10-13 16:24:46
INSERT INTO practicatest.`users` (id, username, password, register_date, role) VALUES ('1', 'munkatea', 'pass1', '2008-7-04', 'ADMIN')

INSERT INTO practicatest.`users` (id, username, password, register_date, role) VALUES ('2', 'bradpitt', 'pass2', '2020-4-14', 'RECRUITER')

INSERT INTO practicatest.`users` (id, username, password, register_date, role) VALUES ('3', 'qtarantino', 'pass3', '2018-7-03', 'RECRUITER')

INSERT INTO practicatest.`users` (id, username, password, register_date, role) VALUES ('4', 'enidelcu', 'pass4', '2021-12-02', 'APPLICANT')

INSERT INTO practicatest.`users` (id, username, password, register_date, role) VALUES ('5', 'ludmila', 'pass5', '2010-1-31', 'APPLICANT')

INSERT INTO practicatest.`users` (id, username, password, register_date, role) VALUES ('6', 'gnelli', 'pass6', '2017-10-15', 'APPLICANT')

INSERT INTO practicatest.`users` (id, username, password, register_date, role) VALUES ('7', 'iuco', 'pass7', '2023-1-01', 'RECRUITER')

INSERT INTO practicatest.`users` (id, username, password, register_date, role) VALUES ('8', 'vbostan', 'pass8', '2019-4-13', 'RECRUITER')

INSERT INTO practicatest.`users` (id, username, password, register_date, role) VALUES ('9', 'hlanda', 'pass9', '2020-3-11', 'RECRUITER')

INSERT INTO practicatest.`users` (id, username, password, register_date, role) VALUES ('10', 'oppenheimer', 'pass10', '2013-3-27', 'APPLICANT')

INSERT INTO practicatest.`users` (id, username, password, register_date, role) VALUES ('11', 'holmes', 'pass11', '2009-5-31', 'APPLICANT')

INSERT INTO practicatest.`users` (id, username, password, register_date, role) VALUES ('12', 'rotaru', 'pass12', '2009-3-31', 'APPLICANT')

INSERT INTO practicatest.`users` (id, username, password, register_date, role) VALUES ('13', 'clima', 'pass13', '2009-7-31', 'RECRUITER')

INSERT INTO practicatest.`companies` (id, title, domain, about, phone_number, email, img_path) VALUES ('1', 'IUCOSOFT', 'IT', 'We work in JAVA', '060111111', 'email@iucosoft.com', 'img1.jpg')

INSERT INTO practicatest.`companies` (id, title, domain, about, phone_number, email, img_path) VALUES ('2', 'ORATORICA', 'EDUCATION', 'Courses for learning new languages', '060222222', 'oratorica@gmail.com', 'img2.jpg')

INSERT INTO practicatest.`companies` (id, title, domain, about, phone_number, email, img_path) VALUES ('3', 'DECOR', 'DESIGN', 'Design for posters and wallpapers', '060333333', 'mail@decor.md', 'img3.jpg')

INSERT INTO practicatest.`companies` (id, title, domain, about, phone_number, email, img_path) VALUES ('4', 'TKD', 'SPORT_BEAUTY_WELLNESS', 'Taekwondo sport club', '060444444', 'sport@tkd.com', 'img4.jpg')

INSERT INTO practicatest.`companies` (id, title, domain, about, phone_number, email, img_path) VALUES ('5', 'Andy\'s Pizza', 'FOOD', 'Y\'all know what does our company =-)', '060555555', 'andys.pizza@gmail.com', 'img5.jpg')

INSERT INTO practicatest.`companies` (id, title, domain, about, phone_number, email, img_path) VALUES ('6', 'Climatehnic', 'ENGINEERING', 'Good company', '079783222', 'climatehnic@gmail.com', 'img6.jpg')

INSERT INTO practicatest.`applicants` (id, name, surname, age, a_status, domain, cv, user_id, email, phone_number) VALUES ('1', 'Elena', 'Nidelcu', '19', 'STUDENT', 'IT', 'cv1.pdf', '4', 'elena.nidelcu@isa.utm.md', '060123456')

INSERT INTO practicatest.`applicants` (id, name, surname, age, a_status, domain, cv, user_id, email, phone_number) VALUES ('2', 'Ludmila', 'Friptu', '20', 'WORKING', 'EDUCATION', 'cv2.pdf', '5', 'friptu@gmail.com', '060234567')

INSERT INTO practicatest.`applicants` (id, name, surname, age, a_status, domain, cv, user_id, email, phone_number) VALUES ('3', 'Nelli', 'Garbuz', '18', 'STUDENT', 'DESIGN', 'cv3.pdf', '6', 'nelly@dip.utm.md', '060345678')

INSERT INTO practicatest.`applicants` (id, name, surname, age, a_status, domain, cv, user_id, email, phone_number) VALUES ('4', 'Robert', 'Oppenheimer', '40', 'WORKING', 'SPORT_BEAUTY_WELLNESS', 'cv4.pdf', '10', 'r.oppy@bomb.com', '060456789')

INSERT INTO practicatest.`applicants` (id, name, surname, age, a_status, domain, cv, user_id, email, phone_number) VALUES ('5', 'Sherlock', 'Holmes', '30', 'UNEMPLOYED', 'FOOD', 'cv5.pdf', '11', 'holmes@gmail.com', '060567890')

INSERT INTO practicatest.`applicants` (id, name, surname, age, a_status, domain, cv, user_id, email, phone_number) VALUES ('6', 'Rotaru', 'Dimitrie', '50', 'UNEMPLOYED', 'FOOD', 'cv6.pdf', '12', 'rotaru@gmail.com', '060567870')

INSERT INTO practicatest.`recruiters` (id, name, surname, user_id, company_id, email) VALUES ('1', 'Brad', 'Pitt', '2', '4', 'brad.pitt@tkd.md')

INSERT INTO practicatest.`recruiters` (id, name, surname, user_id, company_id, email) VALUES ('2', 'Quentin', 'Tarantino', '3', '5', 'quentin.tarantino@andis.md')

INSERT INTO practicatest.`recruiters` (id, name, surname, user_id, company_id, email) VALUES ('3', 'Iurie', 'Coropceanu', '7', '1', 'iurie.coropceanu@iucosoft.com')

INSERT INTO practicatest.`recruiters` (id, name, surname, user_id, company_id, email) VALUES ('4', 'Viorel', 'Bostan', '8', '2', 'viorel.bostan@oratorica.com')

INSERT INTO practicatest.`recruiters` (id, name, surname, user_id, company_id, email) VALUES ('5', 'Hans', 'Landa', '9', '3', 'hans.landa@decor.md')

INSERT INTO practicatest.`programmes` (id, title, domain, start_data, duration, company_id, duties, qualifications, benefits, location, paid) VALUES ('1', 'JAVA Developer', 'IT', '2020-3-05', '3 months', '1', 'Develop desktop apps', 'Know JAVA well', 'Work remotely', 'ONLINE', '0')

INSERT INTO practicatest.`programmes` (id, title, domain, start_data, duration, company_id, duties, qualifications, benefits, location, paid) VALUES ('2', 'English teacher', 'EDUCATION', '2016-7-09', '2 months', '2', 'Teach children', 'C1 in English', 'Hiring after internship', 'Chisinau', '0')

INSERT INTO practicatest.`programmes` (id, title, domain, start_data, duration, company_id, duties, qualifications, benefits, location, paid) VALUES ('3', 'Designer', 'DESIGN', '2023-5-25', '6 months', '3', 'Design personalised posters', 'Studii la UTM', 'Working with us', 'Chisinau', '1')

INSERT INTO practicatest.`programmes` (id, title, domain, start_data, duration, company_id, duties, qualifications, benefits, location, paid) VALUES ('4', 'Coach', 'SPORT_BEAUTY_WELLNESS', '2022-8-27', '4 months', '4', 'Coach people', 'Maestru al Sportului', 'No benefits', 'Balti', '1')

INSERT INTO practicatest.`programmes` (id, title, domain, start_data, duration, company_id, duties, qualifications, benefits, location, paid) VALUES ('5', 'Cook', 'FOOD', '2021-2-14', '5 weeks', '5', 'Boil eggs', 'No qualifications', 'Eat eggs', 'Cantemir', '0')

INSERT INTO practicatest.`programmes` (id, title, domain, start_data, duration, company_id, duties, qualifications, benefits, location, paid) VALUES ('6', 'Crazy', 'DESIGN', '2021-2-14', '3 weeks', '5', 'Do crazy stuff', 'No qualifications', 'Do crazy stuff', 'Causeni', '0')

INSERT INTO practicatest.`applications` (id, applicant_id, programme_id, application_date, cv, phone_number, email) VALUES ('1', '1', '1', '2023-10-10', 'cv1.pdf', '060123456', 'elena.nidelcu@isa.utm.md')

INSERT INTO practicatest.`applications` (id, applicant_id, programme_id, application_date, cv, phone_number, email) VALUES ('2', '2', '2', '2023-10-11', 'cv2.pdf', '060234567', 'friptu@gmail.com')

INSERT INTO practicatest.`applications` (id, applicant_id, programme_id, application_date, cv, phone_number, email) VALUES ('3', '3', '3', '2023-10-12', 'cv3.pdf', '060345678', 'nelly@dip.utm.md')

INSERT INTO practicatest.`applications` (id, applicant_id, programme_id, application_date, cv, phone_number, email) VALUES ('4', '4', '4', '2023-10-13', 'cv4.pdf', '060456789', 'r.oppy@bomb.com')

INSERT INTO practicatest.`applications` (id, applicant_id, programme_id, application_date, cv, phone_number, email) VALUES ('5', '5', '5', '2023-10-14', 'cv5.pdf', '060567890', 'holmes@gmail.com')

Tabelul s-a creat!
findAllByCompanyId
CREATE DATABASE  IF NOT EXISTS `practicatest` /*!40100 DEFAULT CHARACTER SET utf8mb3 */ /*!80016 DEFAULT ENCRYPTION='N' */

USE `practicatest`

-- MySQL dump 10.13  Distrib 8.0.34, for Win64 (x86_64)
--
-- Host: localhost    Database: practica
-- ------------------------------------------------------
-- Server version	8.0.34
/*!40101 SET @OLD_CHARACTER_SET_CLIENT=@@CHARACTER_SET_CLIENT */

/*!40101 SET @OLD_CHARACTER_SET_RESULTS=@@CHARACTER_SET_RESULTS */

/*!40101 SET @OLD_COLLATION_CONNECTION=@@COLLATION_CONNECTION */

/*!50503 SET NAMES utf8 */

/*!40103 SET @OLD_TIME_ZONE=@@TIME_ZONE */

/*!40103 SET TIME_ZONE='+00:00' */

/*!40014 SET @OLD_UNIQUE_CHECKS=@@UNIQUE_CHECKS, UNIQUE_CHECKS=0 */

/*!40014 SET @OLD_FOREIGN_KEY_CHECKS=@@FOREIGN_KEY_CHECKS, FOREIGN_KEY_CHECKS=0 */

/*!40101 SET @OLD_SQL_MODE=@@SQL_MODE, SQL_MODE='NO_AUTO_VALUE_ON_ZERO' */

/*!40111 SET @OLD_SQL_NOTES=@@SQL_NOTES, SQL_NOTES=0 */

--
-- Table structure for table `applicants`
--
DROP TABLE IF EXISTS `applicants`

/*!40101 SET @saved_cs_client     = @@character_set_client */

/*!50503 SET character_set_client = utf8mb4 */

CREATE TABLE `applicants` (
  `id` int NOT NULL AUTO_INCREMENT,
  `name` varchar(45) NOT NULL,
  `surname` varchar(45) NOT NULL,
  `age` int NOT NULL,
  `a_status` varchar(45) NOT NULL,
  `domain` varchar(45) NOT NULL,
  `cv` varchar(45) NOT NULL,
  `user_id` int NOT NULL,
  `email` varchar(45) NOT NULL,
  `phone_number` varchar(45) NOT NULL,
  PRIMARY KEY (`id`),
  KEY `fk_applicant_user_idx` (`user_id`),
  CONSTRAINT `fk_applicant_user` FOREIGN KEY (`user_id`) REFERENCES `users` (`id`)
) ENGINE=InnoDB AUTO_INCREMENT=6 DEFAULT CHARSET=utf8mb4 COLLATE=utf8mb4_0900_ai_ci

/*!40101 SET character_set_client = @saved_cs_client */

--
-- Table structure for table `applications`
--
DROP TABLE IF EXISTS `applications`

/*!40101 SET @saved_cs_client     = @@character_set_client */

/*!50503 SET character_set_client = utf8mb4 */

CREATE TABLE `applications` (
  `id` int NOT NULL AUTO_INCREMENT,
  `applicant_id` int NOT NULL,
  `programme_id` int NOT NULL,
  `application_date` date NOT NULL,
  `cv` varchar(45) NOT NULL,
  `phone_number` varchar(45) NOT NULL,
  `email` varchar(45) NOT NULL,
  `institution` varchar(45) DEFAULT NULL,
  PRIMARY KEY (`id`),
  KEY `fk_application_applicant_idx` (`applicant_id`),
  KEY `fk_application_programme_idx` (`programme_id`),
  CONSTRAINT `fk_application_applicant` FOREIGN KEY (`applicant_id`) REFERENCES `applicants` (`id`),
  CONSTRAINT `fk_application_programme` FOREIGN KEY (`programme_id`) REFERENCES `programmes` (`id`)
) ENGINE=InnoDB DEFAULT CHARSET=utf8mb4 COLLATE=utf8mb4_0900_ai_ci

/*!40101 SET character_set_client = @saved_cs_client */

--
-- Table structure for table `companies`
--
DROP TABLE IF EXISTS `companies`

/*!40101 SET @saved_cs_client     = @@character_set_client */

/*!50503 SET character_set_client = utf8mb4 */

CREATE TABLE `companies` (
  `id` int NOT NULL AUTO_INCREMENT,
  `title` varchar(45) NOT NULL,
  `domain` varchar(45) NOT NULL,
  `about` mediumtext NOT NULL,
  `phone_number` varchar(45) NOT NULL,
  `email` varchar(45) NOT NULL,
  `img_path` varchar(80) DEFAULT NULL,
  PRIMARY KEY (`id`),
  UNIQUE KEY `title_UNIQUE` (`title`)
) ENGINE=InnoDB AUTO_INCREMENT=20 DEFAULT CHARSET=utf8mb4 COLLATE=utf8mb4_0900_ai_ci

/*!40101 SET character_set_client = @saved_cs_client */

--
-- Table structure for table `programmes`
--
DROP TABLE IF EXISTS `programmes`

/*!40101 SET @saved_cs_client     = @@character_set_client */

/*!50503 SET character_set_client = utf8mb4 */

CREATE TABLE `programmes` (
  `id` int NOT NULL AUTO_INCREMENT,
  `title` varchar(45) NOT NULL,
  `domain` varchar(45) NOT NULL,
  `start_data` date NOT NULL,
  `duration` varchar(45) NOT NULL,
  `company_id` int NOT NULL,
  `duties` mediumtext NOT NULL,
  `qualifications` mediumtext NOT NULL,
  `benefits` mediumtext NOT NULL,
  `location` varchar(80) NOT NULL,
  `paid` tinyint NOT NULL,
  PRIMARY KEY (`id`),
  KEY `fk_programme_company_idx` (`company_id`),
  CONSTRAINT `fk_programme_company` FOREIGN KEY (`company_id`) REFERENCES `companies` (`id`)
) ENGINE=InnoDB DEFAULT CHARSET=utf8mb4 COLLATE=utf8mb4_0900_ai_ci

/*!40101 SET character_set_client = @saved_cs_client */

--
-- Table structure for table `recruiters`
--
DROP TABLE IF EXISTS `recruiters`

/*!40101 SET @saved_cs_client     = @@character_set_client */

/*!50503 SET character_set_client = utf8mb4 */

CREATE TABLE `recruiters` (
  `id` int NOT NULL AUTO_INCREMENT,
  `name` varchar(45) NOT NULL,
  `surname` varchar(45) NOT NULL,
  `user_id` int NOT NULL,
  `company_id` int NOT NULL,
  `email` varchar(45) NOT NULL,
  PRIMARY KEY (`id`),
  KEY `fk_recruiter_user_idx` (`user_id`),
  KEY `fk_recruiter_company_idx` (`company_id`),
  CONSTRAINT `fk_recruiter_company` FOREIGN KEY (`company_id`) REFERENCES `companies` (`id`),
  CONSTRAINT `fk_recruiter_user` FOREIGN KEY (`user_id`) REFERENCES `users` (`id`)
) ENGINE=InnoDB AUTO_INCREMENT=16 DEFAULT CHARSET=utf8mb4 COLLATE=utf8mb4_0900_ai_ci

/*!40101 SET character_set_client = @saved_cs_client */

--
-- Table structure for table `users`
--
DROP TABLE IF EXISTS `users`

/*!40101 SET @saved_cs_client     = @@character_set_client */

/*!50503 SET character_set_client = utf8mb4 */

CREATE TABLE `users` (
  `id` int NOT NULL AUTO_INCREMENT,
  `username` varchar(45) NOT NULL,
  `password` varchar(45) NOT NULL,
  `register_date` date NOT NULL,
  `role` varchar(45) NOT NULL,
  PRIMARY KEY (`id`),
  UNIQUE KEY `username_UNIQUE` (`username`)
) ENGINE=InnoDB AUTO_INCREMENT=23 DEFAULT CHARSET=utf8mb4 COLLATE=utf8mb4_0900_ai_ci

/*!40101 SET character_set_client = @saved_cs_client */

/*!40103 SET TIME_ZONE=@OLD_TIME_ZONE */

/*!40101 SET SQL_MODE=@OLD_SQL_MODE */

/*!40014 SET FOREIGN_KEY_CHECKS=@OLD_FOREIGN_KEY_CHECKS */

/*!40014 SET UNIQUE_CHECKS=@OLD_UNIQUE_CHECKS */

/*!40101 SET CHARACTER_SET_CLIENT=@OLD_CHARACTER_SET_CLIENT */

/*!40101 SET CHARACTER_SET_RESULTS=@OLD_CHARACTER_SET_RESULTS */

/*!40101 SET COLLATION_CONNECTION=@OLD_COLLATION_CONNECTION */

/*!40111 SET SQL_NOTES=@OLD_SQL_NOTES */

-- Dump completed on 2023-10-13 16:24:46
INSERT INTO practicatest.`users` (id, username, password, register_date, role) VALUES ('1', 'munkatea', 'pass1', '2008-7-04', 'ADMIN')

INSERT INTO practicatest.`users` (id, username, password, register_date, role) VALUES ('2', 'bradpitt', 'pass2', '2020-4-14', 'RECRUITER')

INSERT INTO practicatest.`users` (id, username, password, register_date, role) VALUES ('3', 'qtarantino', 'pass3', '2018-7-03', 'RECRUITER')

INSERT INTO practicatest.`users` (id, username, password, register_date, role) VALUES ('4', 'enidelcu', 'pass4', '2021-12-02', 'APPLICANT')

INSERT INTO practicatest.`users` (id, username, password, register_date, role) VALUES ('5', 'ludmila', 'pass5', '2010-1-31', 'APPLICANT')

INSERT INTO practicatest.`users` (id, username, password, register_date, role) VALUES ('6', 'gnelli', 'pass6', '2017-10-15', 'APPLICANT')

INSERT INTO practicatest.`users` (id, username, password, register_date, role) VALUES ('7', 'iuco', 'pass7', '2023-1-01', 'RECRUITER')

INSERT INTO practicatest.`users` (id, username, password, register_date, role) VALUES ('8', 'vbostan', 'pass8', '2019-4-13', 'RECRUITER')

INSERT INTO practicatest.`users` (id, username, password, register_date, role) VALUES ('9', 'hlanda', 'pass9', '2020-3-11', 'RECRUITER')

INSERT INTO practicatest.`users` (id, username, password, register_date, role) VALUES ('10', 'oppenheimer', 'pass10', '2013-3-27', 'APPLICANT')

INSERT INTO practicatest.`users` (id, username, password, register_date, role) VALUES ('11', 'holmes', 'pass11', '2009-5-31', 'APPLICANT')

INSERT INTO practicatest.`users` (id, username, password, register_date, role) VALUES ('12', 'rotaru', 'pass12', '2009-3-31', 'APPLICANT')

INSERT INTO practicatest.`users` (id, username, password, register_date, role) VALUES ('13', 'clima', 'pass13', '2009-7-31', 'RECRUITER')

INSERT INTO practicatest.`companies` (id, title, domain, about, phone_number, email, img_path) VALUES ('1', 'IUCOSOFT', 'IT', 'We work in JAVA', '060111111', 'email@iucosoft.com', 'img1.jpg')

INSERT INTO practicatest.`companies` (id, title, domain, about, phone_number, email, img_path) VALUES ('2', 'ORATORICA', 'EDUCATION', 'Courses for learning new languages', '060222222', 'oratorica@gmail.com', 'img2.jpg')

INSERT INTO practicatest.`companies` (id, title, domain, about, phone_number, email, img_path) VALUES ('3', 'DECOR', 'DESIGN', 'Design for posters and wallpapers', '060333333', 'mail@decor.md', 'img3.jpg')

INSERT INTO practicatest.`companies` (id, title, domain, about, phone_number, email, img_path) VALUES ('4', 'TKD', 'SPORT_BEAUTY_WELLNESS', 'Taekwondo sport club', '060444444', 'sport@tkd.com', 'img4.jpg')

INSERT INTO practicatest.`companies` (id, title, domain, about, phone_number, email, img_path) VALUES ('5', 'Andy\'s Pizza', 'FOOD', 'Y\'all know what does our company =-)', '060555555', 'andys.pizza@gmail.com', 'img5.jpg')

INSERT INTO practicatest.`companies` (id, title, domain, about, phone_number, email, img_path) VALUES ('6', 'Climatehnic', 'ENGINEERING', 'Good company', '079783222', 'climatehnic@gmail.com', 'img6.jpg')

INSERT INTO practicatest.`applicants` (id, name, surname, age, a_status, domain, cv, user_id, email, phone_number) VALUES ('1', 'Elena', 'Nidelcu', '19', 'STUDENT', 'IT', 'cv1.pdf', '4', 'elena.nidelcu@isa.utm.md', '060123456')

INSERT INTO practicatest.`applicants` (id, name, surname, age, a_status, domain, cv, user_id, email, phone_number) VALUES ('2', 'Ludmila', 'Friptu', '20', 'WORKING', 'EDUCATION', 'cv2.pdf', '5', 'friptu@gmail.com', '060234567')

INSERT INTO practicatest.`applicants` (id, name, surname, age, a_status, domain, cv, user_id, email, phone_number) VALUES ('3', 'Nelli', 'Garbuz', '18', 'STUDENT', 'DESIGN', 'cv3.pdf', '6', 'nelly@dip.utm.md', '060345678')

INSERT INTO practicatest.`applicants` (id, name, surname, age, a_status, domain, cv, user_id, email, phone_number) VALUES ('4', 'Robert', 'Oppenheimer', '40', 'WORKING', 'SPORT_BEAUTY_WELLNESS', 'cv4.pdf', '10', 'r.oppy@bomb.com', '060456789')

INSERT INTO practicatest.`applicants` (id, name, surname, age, a_status, domain, cv, user_id, email, phone_number) VALUES ('5', 'Sherlock', 'Holmes', '30', 'UNEMPLOYED', 'FOOD', 'cv5.pdf', '11', 'holmes@gmail.com', '060567890')

INSERT INTO practicatest.`applicants` (id, name, surname, age, a_status, domain, cv, user_id, email, phone_number) VALUES ('6', 'Rotaru', 'Dimitrie', '50', 'UNEMPLOYED', 'FOOD', 'cv6.pdf', '12', 'rotaru@gmail.com', '060567870')

INSERT INTO practicatest.`recruiters` (id, name, surname, user_id, company_id, email) VALUES ('1', 'Brad', 'Pitt', '2', '4', 'brad.pitt@tkd.md')

INSERT INTO practicatest.`recruiters` (id, name, surname, user_id, company_id, email) VALUES ('2', 'Quentin', 'Tarantino', '3', '5', 'quentin.tarantino@andis.md')

INSERT INTO practicatest.`recruiters` (id, name, surname, user_id, company_id, email) VALUES ('3', 'Iurie', 'Coropceanu', '7', '1', 'iurie.coropceanu@iucosoft.com')

INSERT INTO practicatest.`recruiters` (id, name, surname, user_id, company_id, email) VALUES ('4', 'Viorel', 'Bostan', '8', '2', 'viorel.bostan@oratorica.com')

INSERT INTO practicatest.`recruiters` (id, name, surname, user_id, company_id, email) VALUES ('5', 'Hans', 'Landa', '9', '3', 'hans.landa@decor.md')

INSERT INTO practicatest.`programmes` (id, title, domain, start_data, duration, company_id, duties, qualifications, benefits, location, paid) VALUES ('1', 'JAVA Developer', 'IT', '2020-3-05', '3 months', '1', 'Develop desktop apps', 'Know JAVA well', 'Work remotely', 'ONLINE', '0')

INSERT INTO practicatest.`programmes` (id, title, domain, start_data, duration, company_id, duties, qualifications, benefits, location, paid) VALUES ('2', 'English teacher', 'EDUCATION', '2016-7-09', '2 months', '2', 'Teach children', 'C1 in English', 'Hiring after internship', 'Chisinau', '0')

INSERT INTO practicatest.`programmes` (id, title, domain, start_data, duration, company_id, duties, qualifications, benefits, location, paid) VALUES ('3', 'Designer', 'DESIGN', '2023-5-25', '6 months', '3', 'Design personalised posters', 'Studii la UTM', 'Working with us', 'Chisinau', '1')

INSERT INTO practicatest.`programmes` (id, title, domain, start_data, duration, company_id, duties, qualifications, benefits, location, paid) VALUES ('4', 'Coach', 'SPORT_BEAUTY_WELLNESS', '2022-8-27', '4 months', '4', 'Coach people', 'Maestru al Sportului', 'No benefits', 'Balti', '1')

INSERT INTO practicatest.`programmes` (id, title, domain, start_data, duration, company_id, duties, qualifications, benefits, location, paid) VALUES ('5', 'Cook', 'FOOD', '2021-2-14', '5 weeks', '5', 'Boil eggs', 'No qualifications', 'Eat eggs', 'Cantemir', '0')

INSERT INTO practicatest.`programmes` (id, title, domain, start_data, duration, company_id, duties, qualifications, benefits, location, paid) VALUES ('6', 'Crazy', 'DESIGN', '2021-2-14', '3 weeks', '5', 'Do crazy stuff', 'No qualifications', 'Do crazy stuff', 'Causeni', '0')

INSERT INTO practicatest.`applications` (id, applicant_id, programme_id, application_date, cv, phone_number, email) VALUES ('1', '1', '1', '2023-10-10', 'cv1.pdf', '060123456', 'elena.nidelcu@isa.utm.md')

INSERT INTO practicatest.`applications` (id, applicant_id, programme_id, application_date, cv, phone_number, email) VALUES ('2', '2', '2', '2023-10-11', 'cv2.pdf', '060234567', 'friptu@gmail.com')

INSERT INTO practicatest.`applications` (id, applicant_id, programme_id, application_date, cv, phone_number, email) VALUES ('3', '3', '3', '2023-10-12', 'cv3.pdf', '060345678', 'nelly@dip.utm.md')

INSERT INTO practicatest.`applications` (id, applicant_id, programme_id, application_date, cv, phone_number, email) VALUES ('4', '4', '4', '2023-10-13', 'cv4.pdf', '060456789', 'r.oppy@bomb.com')

INSERT INTO practicatest.`applications` (id, applicant_id, programme_id, application_date, cv, phone_number, email) VALUES ('5', '5', '5', '2023-10-14', 'cv5.pdf', '060567890', 'holmes@gmail.com')

Tabelul s-a creat!
delete
CREATE DATABASE  IF NOT EXISTS `practicatest` /*!40100 DEFAULT CHARACTER SET utf8mb3 */ /*!80016 DEFAULT ENCRYPTION='N' */

USE `practicatest`

-- MySQL dump 10.13  Distrib 8.0.34, for Win64 (x86_64)
--
-- Host: localhost    Database: practica
-- ------------------------------------------------------
-- Server version	8.0.34
/*!40101 SET @OLD_CHARACTER_SET_CLIENT=@@CHARACTER_SET_CLIENT */

/*!40101 SET @OLD_CHARACTER_SET_RESULTS=@@CHARACTER_SET_RESULTS */

/*!40101 SET @OLD_COLLATION_CONNECTION=@@COLLATION_CONNECTION */

/*!50503 SET NAMES utf8 */

/*!40103 SET @OLD_TIME_ZONE=@@TIME_ZONE */

/*!40103 SET TIME_ZONE='+00:00' */

/*!40014 SET @OLD_UNIQUE_CHECKS=@@UNIQUE_CHECKS, UNIQUE_CHECKS=0 */

/*!40014 SET @OLD_FOREIGN_KEY_CHECKS=@@FOREIGN_KEY_CHECKS, FOREIGN_KEY_CHECKS=0 */

/*!40101 SET @OLD_SQL_MODE=@@SQL_MODE, SQL_MODE='NO_AUTO_VALUE_ON_ZERO' */

/*!40111 SET @OLD_SQL_NOTES=@@SQL_NOTES, SQL_NOTES=0 */

--
-- Table structure for table `applicants`
--
DROP TABLE IF EXISTS `applicants`

/*!40101 SET @saved_cs_client     = @@character_set_client */

/*!50503 SET character_set_client = utf8mb4 */

CREATE TABLE `applicants` (
  `id` int NOT NULL AUTO_INCREMENT,
  `name` varchar(45) NOT NULL,
  `surname` varchar(45) NOT NULL,
  `age` int NOT NULL,
  `a_status` varchar(45) NOT NULL,
  `domain` varchar(45) NOT NULL,
  `cv` varchar(45) NOT NULL,
  `user_id` int NOT NULL,
  `email` varchar(45) NOT NULL,
  `phone_number` varchar(45) NOT NULL,
  PRIMARY KEY (`id`),
  KEY `fk_applicant_user_idx` (`user_id`),
  CONSTRAINT `fk_applicant_user` FOREIGN KEY (`user_id`) REFERENCES `users` (`id`)
) ENGINE=InnoDB AUTO_INCREMENT=6 DEFAULT CHARSET=utf8mb4 COLLATE=utf8mb4_0900_ai_ci

/*!40101 SET character_set_client = @saved_cs_client */

--
-- Table structure for table `applications`
--
DROP TABLE IF EXISTS `applications`

/*!40101 SET @saved_cs_client     = @@character_set_client */

/*!50503 SET character_set_client = utf8mb4 */

CREATE TABLE `applications` (
  `id` int NOT NULL AUTO_INCREMENT,
  `applicant_id` int NOT NULL,
  `programme_id` int NOT NULL,
  `application_date` date NOT NULL,
  `cv` varchar(45) NOT NULL,
  `phone_number` varchar(45) NOT NULL,
  `email` varchar(45) NOT NULL,
  `institution` varchar(45) DEFAULT NULL,
  PRIMARY KEY (`id`),
  KEY `fk_application_applicant_idx` (`applicant_id`),
  KEY `fk_application_programme_idx` (`programme_id`),
  CONSTRAINT `fk_application_applicant` FOREIGN KEY (`applicant_id`) REFERENCES `applicants` (`id`),
  CONSTRAINT `fk_application_programme` FOREIGN KEY (`programme_id`) REFERENCES `programmes` (`id`)
) ENGINE=InnoDB DEFAULT CHARSET=utf8mb4 COLLATE=utf8mb4_0900_ai_ci

/*!40101 SET character_set_client = @saved_cs_client */

--
-- Table structure for table `companies`
--
DROP TABLE IF EXISTS `companies`

/*!40101 SET @saved_cs_client     = @@character_set_client */

/*!50503 SET character_set_client = utf8mb4 */

CREATE TABLE `companies` (
  `id` int NOT NULL AUTO_INCREMENT,
  `title` varchar(45) NOT NULL,
  `domain` varchar(45) NOT NULL,
  `about` mediumtext NOT NULL,
  `phone_number` varchar(45) NOT NULL,
  `email` varchar(45) NOT NULL,
  `img_path` varchar(80) DEFAULT NULL,
  PRIMARY KEY (`id`),
  UNIQUE KEY `title_UNIQUE` (`title`)
) ENGINE=InnoDB AUTO_INCREMENT=20 DEFAULT CHARSET=utf8mb4 COLLATE=utf8mb4_0900_ai_ci

/*!40101 SET character_set_client = @saved_cs_client */

--
-- Table structure for table `programmes`
--
DROP TABLE IF EXISTS `programmes`

/*!40101 SET @saved_cs_client     = @@character_set_client */

/*!50503 SET character_set_client = utf8mb4 */

CREATE TABLE `programmes` (
  `id` int NOT NULL AUTO_INCREMENT,
  `title` varchar(45) NOT NULL,
  `domain` varchar(45) NOT NULL,
  `start_data` date NOT NULL,
  `duration` varchar(45) NOT NULL,
  `company_id` int NOT NULL,
  `duties` mediumtext NOT NULL,
  `qualifications` mediumtext NOT NULL,
  `benefits` mediumtext NOT NULL,
  `location` varchar(80) NOT NULL,
  `paid` tinyint NOT NULL,
  PRIMARY KEY (`id`),
  KEY `fk_programme_company_idx` (`company_id`),
  CONSTRAINT `fk_programme_company` FOREIGN KEY (`company_id`) REFERENCES `companies` (`id`)
) ENGINE=InnoDB DEFAULT CHARSET=utf8mb4 COLLATE=utf8mb4_0900_ai_ci

/*!40101 SET character_set_client = @saved_cs_client */

--
-- Table structure for table `recruiters`
--
DROP TABLE IF EXISTS `recruiters`

/*!40101 SET @saved_cs_client     = @@character_set_client */

/*!50503 SET character_set_client = utf8mb4 */

CREATE TABLE `recruiters` (
  `id` int NOT NULL AUTO_INCREMENT,
  `name` varchar(45) NOT NULL,
  `surname` varchar(45) NOT NULL,
  `user_id` int NOT NULL,
  `company_id` int NOT NULL,
  `email` varchar(45) NOT NULL,
  PRIMARY KEY (`id`),
  KEY `fk_recruiter_user_idx` (`user_id`),
  KEY `fk_recruiter_company_idx` (`company_id`),
  CONSTRAINT `fk_recruiter_company` FOREIGN KEY (`company_id`) REFERENCES `companies` (`id`),
  CONSTRAINT `fk_recruiter_user` FOREIGN KEY (`user_id`) REFERENCES `users` (`id`)
) ENGINE=InnoDB AUTO_INCREMENT=16 DEFAULT CHARSET=utf8mb4 COLLATE=utf8mb4_0900_ai_ci

/*!40101 SET character_set_client = @saved_cs_client */

--
-- Table structure for table `users`
--
DROP TABLE IF EXISTS `users`

/*!40101 SET @saved_cs_client     = @@character_set_client */

/*!50503 SET character_set_client = utf8mb4 */

CREATE TABLE `users` (
  `id` int NOT NULL AUTO_INCREMENT,
  `username` varchar(45) NOT NULL,
  `password` varchar(45) NOT NULL,
  `register_date` date NOT NULL,
  `role` varchar(45) NOT NULL,
  PRIMARY KEY (`id`),
  UNIQUE KEY `username_UNIQUE` (`username`)
) ENGINE=InnoDB AUTO_INCREMENT=23 DEFAULT CHARSET=utf8mb4 COLLATE=utf8mb4_0900_ai_ci

/*!40101 SET character_set_client = @saved_cs_client */

/*!40103 SET TIME_ZONE=@OLD_TIME_ZONE */

/*!40101 SET SQL_MODE=@OLD_SQL_MODE */

/*!40014 SET FOREIGN_KEY_CHECKS=@OLD_FOREIGN_KEY_CHECKS */

/*!40014 SET UNIQUE_CHECKS=@OLD_UNIQUE_CHECKS */

/*!40101 SET CHARACTER_SET_CLIENT=@OLD_CHARACTER_SET_CLIENT */

/*!40101 SET CHARACTER_SET_RESULTS=@OLD_CHARACTER_SET_RESULTS */

/*!40101 SET COLLATION_CONNECTION=@OLD_COLLATION_CONNECTION */

/*!40111 SET SQL_NOTES=@OLD_SQL_NOTES */

-- Dump completed on 2023-10-13 16:24:46
INSERT INTO practicatest.`users` (id, username, password, register_date, role) VALUES ('1', 'munkatea', 'pass1', '2008-7-04', 'ADMIN')

INSERT INTO practicatest.`users` (id, username, password, register_date, role) VALUES ('2', 'bradpitt', 'pass2', '2020-4-14', 'RECRUITER')

INSERT INTO practicatest.`users` (id, username, password, register_date, role) VALUES ('3', 'qtarantino', 'pass3', '2018-7-03', 'RECRUITER')

INSERT INTO practicatest.`users` (id, username, password, register_date, role) VALUES ('4', 'enidelcu', 'pass4', '2021-12-02', 'APPLICANT')

INSERT INTO practicatest.`users` (id, username, password, register_date, role) VALUES ('5', 'ludmila', 'pass5', '2010-1-31', 'APPLICANT')

INSERT INTO practicatest.`users` (id, username, password, register_date, role) VALUES ('6', 'gnelli', 'pass6', '2017-10-15', 'APPLICANT')

INSERT INTO practicatest.`users` (id, username, password, register_date, role) VALUES ('7', 'iuco', 'pass7', '2023-1-01', 'RECRUITER')

INSERT INTO practicatest.`users` (id, username, password, register_date, role) VALUES ('8', 'vbostan', 'pass8', '2019-4-13', 'RECRUITER')

INSERT INTO practicatest.`users` (id, username, password, register_date, role) VALUES ('9', 'hlanda', 'pass9', '2020-3-11', 'RECRUITER')

INSERT INTO practicatest.`users` (id, username, password, register_date, role) VALUES ('10', 'oppenheimer', 'pass10', '2013-3-27', 'APPLICANT')

INSERT INTO practicatest.`users` (id, username, password, register_date, role) VALUES ('11', 'holmes', 'pass11', '2009-5-31', 'APPLICANT')

INSERT INTO practicatest.`users` (id, username, password, register_date, role) VALUES ('12', 'rotaru', 'pass12', '2009-3-31', 'APPLICANT')

INSERT INTO practicatest.`users` (id, username, password, register_date, role) VALUES ('13', 'clima', 'pass13', '2009-7-31', 'RECRUITER')

INSERT INTO practicatest.`companies` (id, title, domain, about, phone_number, email, img_path) VALUES ('1', 'IUCOSOFT', 'IT', 'We work in JAVA', '060111111', 'email@iucosoft.com', 'img1.jpg')

INSERT INTO practicatest.`companies` (id, title, domain, about, phone_number, email, img_path) VALUES ('2', 'ORATORICA', 'EDUCATION', 'Courses for learning new languages', '060222222', 'oratorica@gmail.com', 'img2.jpg')

INSERT INTO practicatest.`companies` (id, title, domain, about, phone_number, email, img_path) VALUES ('3', 'DECOR', 'DESIGN', 'Design for posters and wallpapers', '060333333', 'mail@decor.md', 'img3.jpg')

INSERT INTO practicatest.`companies` (id, title, domain, about, phone_number, email, img_path) VALUES ('4', 'TKD', 'SPORT_BEAUTY_WELLNESS', 'Taekwondo sport club', '060444444', 'sport@tkd.com', 'img4.jpg')

INSERT INTO practicatest.`companies` (id, title, domain, about, phone_number, email, img_path) VALUES ('5', 'Andy\'s Pizza', 'FOOD', 'Y\'all know what does our company =-)', '060555555', 'andys.pizza@gmail.com', 'img5.jpg')

INSERT INTO practicatest.`companies` (id, title, domain, about, phone_number, email, img_path) VALUES ('6', 'Climatehnic', 'ENGINEERING', 'Good company', '079783222', 'climatehnic@gmail.com', 'img6.jpg')

INSERT INTO practicatest.`applicants` (id, name, surname, age, a_status, domain, cv, user_id, email, phone_number) VALUES ('1', 'Elena', 'Nidelcu', '19', 'STUDENT', 'IT', 'cv1.pdf', '4', 'elena.nidelcu@isa.utm.md', '060123456')

INSERT INTO practicatest.`applicants` (id, name, surname, age, a_status, domain, cv, user_id, email, phone_number) VALUES ('2', 'Ludmila', 'Friptu', '20', 'WORKING', 'EDUCATION', 'cv2.pdf', '5', 'friptu@gmail.com', '060234567')

INSERT INTO practicatest.`applicants` (id, name, surname, age, a_status, domain, cv, user_id, email, phone_number) VALUES ('3', 'Nelli', 'Garbuz', '18', 'STUDENT', 'DESIGN', 'cv3.pdf', '6', 'nelly@dip.utm.md', '060345678')

INSERT INTO practicatest.`applicants` (id, name, surname, age, a_status, domain, cv, user_id, email, phone_number) VALUES ('4', 'Robert', 'Oppenheimer', '40', 'WORKING', 'SPORT_BEAUTY_WELLNESS', 'cv4.pdf', '10', 'r.oppy@bomb.com', '060456789')

INSERT INTO practicatest.`applicants` (id, name, surname, age, a_status, domain, cv, user_id, email, phone_number) VALUES ('5', 'Sherlock', 'Holmes', '30', 'UNEMPLOYED', 'FOOD', 'cv5.pdf', '11', 'holmes@gmail.com', '060567890')

INSERT INTO practicatest.`applicants` (id, name, surname, age, a_status, domain, cv, user_id, email, phone_number) VALUES ('6', 'Rotaru', 'Dimitrie', '50', 'UNEMPLOYED', 'FOOD', 'cv6.pdf', '12', 'rotaru@gmail.com', '060567870')

INSERT INTO practicatest.`recruiters` (id, name, surname, user_id, company_id, email) VALUES ('1', 'Brad', 'Pitt', '2', '4', 'brad.pitt@tkd.md')

INSERT INTO practicatest.`recruiters` (id, name, surname, user_id, company_id, email) VALUES ('2', 'Quentin', 'Tarantino', '3', '5', 'quentin.tarantino@andis.md')

INSERT INTO practicatest.`recruiters` (id, name, surname, user_id, company_id, email) VALUES ('3', 'Iurie', 'Coropceanu', '7', '1', 'iurie.coropceanu@iucosoft.com')

INSERT INTO practicatest.`recruiters` (id, name, surname, user_id, company_id, email) VALUES ('4', 'Viorel', 'Bostan', '8', '2', 'viorel.bostan@oratorica.com')

INSERT INTO practicatest.`recruiters` (id, name, surname, user_id, company_id, email) VALUES ('5', 'Hans', 'Landa', '9', '3', 'hans.landa@decor.md')

INSERT INTO practicatest.`programmes` (id, title, domain, start_data, duration, company_id, duties, qualifications, benefits, location, paid) VALUES ('1', 'JAVA Developer', 'IT', '2020-3-05', '3 months', '1', 'Develop desktop apps', 'Know JAVA well', 'Work remotely', 'ONLINE', '0')

INSERT INTO practicatest.`programmes` (id, title, domain, start_data, duration, company_id, duties, qualifications, benefits, location, paid) VALUES ('2', 'English teacher', 'EDUCATION', '2016-7-09', '2 months', '2', 'Teach children', 'C1 in English', 'Hiring after internship', 'Chisinau', '0')

INSERT INTO practicatest.`programmes` (id, title, domain, start_data, duration, company_id, duties, qualifications, benefits, location, paid) VALUES ('3', 'Designer', 'DESIGN', '2023-5-25', '6 months', '3', 'Design personalised posters', 'Studii la UTM', 'Working with us', 'Chisinau', '1')

INSERT INTO practicatest.`programmes` (id, title, domain, start_data, duration, company_id, duties, qualifications, benefits, location, paid) VALUES ('4', 'Coach', 'SPORT_BEAUTY_WELLNESS', '2022-8-27', '4 months', '4', 'Coach people', 'Maestru al Sportului', 'No benefits', 'Balti', '1')

INSERT INTO practicatest.`programmes` (id, title, domain, start_data, duration, company_id, duties, qualifications, benefits, location, paid) VALUES ('5', 'Cook', 'FOOD', '2021-2-14', '5 weeks', '5', 'Boil eggs', 'No qualifications', 'Eat eggs', 'Cantemir', '0')

INSERT INTO practicatest.`programmes` (id, title, domain, start_data, duration, company_id, duties, qualifications, benefits, location, paid) VALUES ('6', 'Crazy', 'DESIGN', '2021-2-14', '3 weeks', '5', 'Do crazy stuff', 'No qualifications', 'Do crazy stuff', 'Causeni', '0')

INSERT INTO practicatest.`applications` (id, applicant_id, programme_id, application_date, cv, phone_number, email) VALUES ('1', '1', '1', '2023-10-10', 'cv1.pdf', '060123456', 'elena.nidelcu@isa.utm.md')

INSERT INTO practicatest.`applications` (id, applicant_id, programme_id, application_date, cv, phone_number, email) VALUES ('2', '2', '2', '2023-10-11', 'cv2.pdf', '060234567', 'friptu@gmail.com')

INSERT INTO practicatest.`applications` (id, applicant_id, programme_id, application_date, cv, phone_number, email) VALUES ('3', '3', '3', '2023-10-12', 'cv3.pdf', '060345678', 'nelly@dip.utm.md')

INSERT INTO practicatest.`applications` (id, applicant_id, programme_id, application_date, cv, phone_number, email) VALUES ('4', '4', '4', '2023-10-13', 'cv4.pdf', '060456789', 'r.oppy@bomb.com')

INSERT INTO practicatest.`applications` (id, applicant_id, programme_id, application_date, cv, phone_number, email) VALUES ('5', '5', '5', '2023-10-14', 'cv5.pdf', '060567890', 'holmes@gmail.com')

Tabelul s-a creat!
update
]]></system-out>
  <system-err><![CDATA[Oct 17, 2023 7:17:10 PM com.iucosoft.internshipappfx.db.DataSource openConnection
INFO: Conectat cu succes la BD
Oct 17, 2023 7:17:10 PM com.iucosoft.internshipappfx.db.DataSource openConnection
INFO: Conectat cu succes la BD
Oct 17, 2023 7:17:10 PM com.iucosoft.internshipappfx.db.DataSource openConnection
INFO: Conectat cu succes la BD
Oct 17, 2023 7:17:10 PM com.iucosoft.internshipappfx.db.DataSource openConnection
INFO: Conectat cu succes la BD
Oct 17, 2023 7:17:11 PM com.iucosoft.internshipappfx.db.DataSource openConnection
INFO: Conectat cu succes la BD
Oct 17, 2023 7:17:11 PM com.iucosoft.internshipappfx.db.DataSource openConnection
INFO: Conectat cu succes la BD
Oct 17, 2023 7:17:11 PM com.iucosoft.internshipappfx.db.DataSource openConnection
INFO: Conectat cu succes la BD
Oct 17, 2023 7:17:11 PM com.iucosoft.internshipappfx.db.DataSource openConnection
INFO: Conectat cu succes la BD
Oct 17, 2023 7:17:12 PM com.iucosoft.internshipappfx.db.DataSource openConnection
INFO: Conectat cu succes la BD
Oct 17, 2023 7:17:12 PM com.iucosoft.internshipappfx.db.DataSource openConnection
INFO: Conectat cu succes la BD
Oct 17, 2023 7:17:12 PM com.iucosoft.internshipappfx.db.DataSource openConnection
INFO: Conectat cu succes la BD
Oct 17, 2023 7:17:12 PM com.iucosoft.internshipappfx.db.DataSource openConnection
INFO: Conectat cu succes la BD
Oct 17, 2023 7:17:12 PM com.iucosoft.internshipappfx.db.DataSource openConnection
INFO: Conectat cu succes la BD
Oct 17, 2023 7:17:12 PM com.iucosoft.internshipappfx.db.DataSource openConnection
INFO: Conectat cu succes la BD
Oct 17, 2023 7:17:12 PM com.iucosoft.internshipappfx.db.DataSource openConnection
INFO: Conectat cu succes la BD
Oct 17, 2023 7:17:12 PM com.iucosoft.internshipappfx.db.DataSource openConnection
INFO: Conectat cu succes la BD
Oct 17, 2023 7:17:13 PM com.iucosoft.internshipappfx.db.DataSource openConnection
INFO: Conectat cu succes la BD
]]></system-err>
</testsuite>
